[2023-10-30T01:02:01.193+0000] {taskinstance.py:1159} INFO - Dependencies all met for dep_context=non-requeueable deps ti=<TaskInstance: asteroides-etl-dag.asteroides-etl-task scheduled__2023-06-24T00:00:00+00:00 [queued]>
[2023-10-30T01:02:01.213+0000] {taskinstance.py:1159} INFO - Dependencies all met for dep_context=requeueable deps ti=<TaskInstance: asteroides-etl-dag.asteroides-etl-task scheduled__2023-06-24T00:00:00+00:00 [queued]>
[2023-10-30T01:02:01.214+0000] {taskinstance.py:1361} INFO - Starting attempt 1 of 5
[2023-10-30T01:02:01.249+0000] {taskinstance.py:1382} INFO - Executing <Task(BashOperator): asteroides-etl-task> on 2023-06-24 00:00:00+00:00
[2023-10-30T01:02:01.265+0000] {standard_task_runner.py:57} INFO - Started process 1441 to run task
[2023-10-30T01:02:01.275+0000] {standard_task_runner.py:84} INFO - Running: ['***', 'tasks', 'run', 'asteroides-etl-dag', 'asteroides-etl-task', 'scheduled__2023-06-24T00:00:00+00:00', '--job-id', '27', '--raw', '--subdir', 'DAGS_FOLDER/asteroides-etl_dag.py', '--cfg-path', '/tmp/tmpr309mab1']
[2023-10-30T01:02:01.278+0000] {standard_task_runner.py:85} INFO - Job 27: Subtask asteroides-etl-task
[2023-10-30T01:02:01.384+0000] {task_command.py:416} INFO - Running <TaskInstance: asteroides-etl-dag.asteroides-etl-task scheduled__2023-06-24T00:00:00+00:00 [running]> on host ac9f9bef16c9
[2023-10-30T01:02:01.593+0000] {taskinstance.py:1662} INFO - Exporting env vars: AIRFLOW_CTX_DAG_OWNER='Norman Ruiz' AIRFLOW_CTX_DAG_ID='asteroides-etl-dag' AIRFLOW_CTX_TASK_ID='asteroides-etl-task' AIRFLOW_CTX_EXECUTION_DATE='2023-06-24T00:00:00+00:00' AIRFLOW_CTX_TRY_NUMBER='1' AIRFLOW_CTX_DAG_RUN_ID='scheduled__2023-06-24T00:00:00+00:00'
[2023-10-30T01:02:01.596+0000] {subprocess.py:63} INFO - Tmp dir root location: /tmp
[2023-10-30T01:02:01.599+0000] {subprocess.py:75} INFO - Running command: ['/bin/bash', '-c', 'echo ya casi lo tengo!!!!']
[2023-10-30T01:02:01.638+0000] {subprocess.py:86} INFO - Output:
[2023-10-30T01:02:01.643+0000] {subprocess.py:93} INFO - ya casi lo tengo!!!!
[2023-10-30T01:02:01.647+0000] {subprocess.py:97} INFO - Command exited with return code 0
[2023-10-30T01:02:01.706+0000] {taskinstance.py:1400} INFO - Marking task as SUCCESS. dag_id=asteroides-etl-dag, task_id=asteroides-etl-task, execution_date=20230624T000000, start_date=20231030T010201, end_date=20231030T010201
[2023-10-30T01:02:01.779+0000] {local_task_job_runner.py:228} INFO - Task exited with return code 0
[2023-10-30T01:02:01.811+0000] {taskinstance.py:2778} INFO - 0 downstream tasks scheduled from follow-on schedule check
[2023-10-30T15:11:08.266+0000] {taskinstance.py:1159} INFO - Dependencies all met for dep_context=non-requeueable deps ti=<TaskInstance: asteroides-etl-dag.asteroides-etl-task scheduled__2023-06-24T00:00:00+00:00 [queued]>
[2023-10-30T15:11:08.281+0000] {taskinstance.py:1159} INFO - Dependencies all met for dep_context=requeueable deps ti=<TaskInstance: asteroides-etl-dag.asteroides-etl-task scheduled__2023-06-24T00:00:00+00:00 [queued]>
[2023-10-30T15:11:08.282+0000] {taskinstance.py:1361} INFO - Starting attempt 1 of 5
[2023-10-30T15:11:08.303+0000] {taskinstance.py:1382} INFO - Executing <Task(BashOperator): asteroides-etl-task> on 2023-06-24 00:00:00+00:00
[2023-10-30T15:11:08.313+0000] {standard_task_runner.py:57} INFO - Started process 1193 to run task
[2023-10-30T15:11:08.320+0000] {standard_task_runner.py:84} INFO - Running: ['***', 'tasks', 'run', 'asteroides-etl-dag', 'asteroides-etl-task', 'scheduled__2023-06-24T00:00:00+00:00', '--job-id', '91', '--raw', '--subdir', 'DAGS_FOLDER/asteroides-etl_dag.py', '--cfg-path', '/tmp/tmpxpes5fg4']
[2023-10-30T15:11:08.324+0000] {standard_task_runner.py:85} INFO - Job 91: Subtask asteroides-etl-task
[2023-10-30T15:11:08.412+0000] {task_command.py:416} INFO - Running <TaskInstance: asteroides-etl-dag.asteroides-etl-task scheduled__2023-06-24T00:00:00+00:00 [running]> on host d87e86d3d093
[2023-10-30T15:11:08.535+0000] {taskinstance.py:1662} INFO - Exporting env vars: AIRFLOW_CTX_DAG_OWNER='Norman Ruiz' AIRFLOW_CTX_DAG_ID='asteroides-etl-dag' AIRFLOW_CTX_TASK_ID='asteroides-etl-task' AIRFLOW_CTX_EXECUTION_DATE='2023-06-24T00:00:00+00:00' AIRFLOW_CTX_TRY_NUMBER='1' AIRFLOW_CTX_DAG_RUN_ID='scheduled__2023-06-24T00:00:00+00:00'
[2023-10-30T15:11:08.538+0000] {subprocess.py:63} INFO - Tmp dir root location: /tmp
[2023-10-30T15:11:08.539+0000] {subprocess.py:75} INFO - Running command: ['/bin/bash', '-c', 'docker run -it asteroides-etl']
[2023-10-30T15:11:08.559+0000] {subprocess.py:86} INFO - Output:
[2023-10-30T15:11:08.587+0000] {subprocess.py:93} INFO - the input device is not a TTY
[2023-10-30T15:11:08.591+0000] {subprocess.py:97} INFO - Command exited with return code 1
[2023-10-30T15:11:08.612+0000] {taskinstance.py:1937} ERROR - Task failed with exception
Traceback (most recent call last):
  File "/home/airflow/.local/lib/python3.8/site-packages/airflow/operators/bash.py", line 210, in execute
    raise AirflowException(
airflow.exceptions.AirflowException: Bash command failed. The command returned a non-zero exit code 1.
[2023-10-30T15:11:08.618+0000] {taskinstance.py:1400} INFO - Marking task as UP_FOR_RETRY. dag_id=asteroides-etl-dag, task_id=asteroides-etl-task, execution_date=20230624T000000, start_date=20231030T151108, end_date=20231030T151108
[2023-10-30T15:11:08.636+0000] {standard_task_runner.py:104} ERROR - Failed to execute job 91 for task asteroides-etl-task (Bash command failed. The command returned a non-zero exit code 1.; 1193)
[2023-10-30T15:11:08.694+0000] {local_task_job_runner.py:228} INFO - Task exited with return code 1
[2023-10-30T15:11:08.731+0000] {taskinstance.py:2778} INFO - 0 downstream tasks scheduled from follow-on schedule check
[2023-10-30T19:25:18.546+0000] {taskinstance.py:1159} INFO - Dependencies all met for dep_context=non-requeueable deps ti=<TaskInstance: asteroides-etl-dag.asteroides-etl-task scheduled__2023-06-24T00:00:00+00:00 [queued]>
[2023-10-30T19:25:18.560+0000] {taskinstance.py:1159} INFO - Dependencies all met for dep_context=requeueable deps ti=<TaskInstance: asteroides-etl-dag.asteroides-etl-task scheduled__2023-06-24T00:00:00+00:00 [queued]>
[2023-10-30T19:25:18.561+0000] {taskinstance.py:1361} INFO - Starting attempt 1 of 5
[2023-10-30T19:25:18.582+0000] {taskinstance.py:1382} INFO - Executing <Task(BashOperator): asteroides-etl-task> on 2023-06-24 00:00:00+00:00
[2023-10-30T19:25:18.590+0000] {standard_task_runner.py:57} INFO - Started process 8363 to run task
[2023-10-30T19:25:18.595+0000] {standard_task_runner.py:84} INFO - Running: ['***', 'tasks', 'run', 'asteroides-etl-dag', 'asteroides-etl-task', 'scheduled__2023-06-24T00:00:00+00:00', '--job-id', '845', '--raw', '--subdir', 'DAGS_FOLDER/asteroides-etl_dag.py', '--cfg-path', '/tmp/tmpd1tr52gi']
[2023-10-30T19:25:18.597+0000] {standard_task_runner.py:85} INFO - Job 845: Subtask asteroides-etl-task
[2023-10-30T19:25:18.659+0000] {task_command.py:416} INFO - Running <TaskInstance: asteroides-etl-dag.asteroides-etl-task scheduled__2023-06-24T00:00:00+00:00 [running]> on host d87e86d3d093
[2023-10-30T19:25:18.760+0000] {taskinstance.py:1662} INFO - Exporting env vars: AIRFLOW_CTX_DAG_OWNER='Norman Ruiz' AIRFLOW_CTX_DAG_ID='asteroides-etl-dag' AIRFLOW_CTX_TASK_ID='asteroides-etl-task' AIRFLOW_CTX_EXECUTION_DATE='2023-06-24T00:00:00+00:00' AIRFLOW_CTX_TRY_NUMBER='1' AIRFLOW_CTX_DAG_RUN_ID='scheduled__2023-06-24T00:00:00+00:00'
[2023-10-30T19:25:18.762+0000] {subprocess.py:63} INFO - Tmp dir root location: /tmp
[2023-10-30T19:25:18.763+0000] {subprocess.py:75} INFO - Running command: ['/bin/bash', '-c', 'echo "Corrio !!!!"']
[2023-10-30T19:25:18.778+0000] {subprocess.py:86} INFO - Output:
[2023-10-30T19:25:18.781+0000] {subprocess.py:93} INFO - Corrio !!!!
[2023-10-30T19:25:18.782+0000] {subprocess.py:97} INFO - Command exited with return code 0
[2023-10-30T19:25:18.813+0000] {taskinstance.py:1400} INFO - Marking task as SUCCESS. dag_id=asteroides-etl-dag, task_id=asteroides-etl-task, execution_date=20230624T000000, start_date=20231030T192518, end_date=20231030T192518
[2023-10-30T19:25:18.848+0000] {local_task_job_runner.py:228} INFO - Task exited with return code 0
[2023-10-30T19:25:18.868+0000] {taskinstance.py:2778} INFO - 0 downstream tasks scheduled from follow-on schedule check
[2023-10-30T19:25:58.900+0000] {taskinstance.py:1159} INFO - Dependencies all met for dep_context=non-requeueable deps ti=<TaskInstance: asteroides-etl-dag.asteroides-etl-task scheduled__2023-06-24T00:00:00+00:00 [queued]>
[2023-10-30T19:25:58.919+0000] {taskinstance.py:1159} INFO - Dependencies all met for dep_context=requeueable deps ti=<TaskInstance: asteroides-etl-dag.asteroides-etl-task scheduled__2023-06-24T00:00:00+00:00 [queued]>
[2023-10-30T19:25:58.920+0000] {taskinstance.py:1361} INFO - Starting attempt 1 of 5
[2023-10-30T19:25:59.002+0000] {taskinstance.py:1382} INFO - Executing <Task(BashOperator): asteroides-etl-task> on 2023-06-24 00:00:00+00:00
[2023-10-30T19:25:59.016+0000] {standard_task_runner.py:57} INFO - Started process 8522 to run task
[2023-10-30T19:25:59.024+0000] {standard_task_runner.py:84} INFO - Running: ['***', 'tasks', 'run', 'asteroides-etl-dag', 'asteroides-etl-task', 'scheduled__2023-06-24T00:00:00+00:00', '--job-id', '895', '--raw', '--subdir', 'DAGS_FOLDER/asteroides-etl_dag.py', '--cfg-path', '/tmp/tmp6gl9wv7g']
[2023-10-30T19:25:59.026+0000] {standard_task_runner.py:85} INFO - Job 895: Subtask asteroides-etl-task
[2023-10-30T19:25:59.127+0000] {task_command.py:416} INFO - Running <TaskInstance: asteroides-etl-dag.asteroides-etl-task scheduled__2023-06-24T00:00:00+00:00 [running]> on host d87e86d3d093
[2023-10-30T19:25:59.285+0000] {taskinstance.py:1662} INFO - Exporting env vars: AIRFLOW_CTX_DAG_OWNER='Norman Ruiz' AIRFLOW_CTX_DAG_ID='asteroides-etl-dag' AIRFLOW_CTX_TASK_ID='asteroides-etl-task' AIRFLOW_CTX_EXECUTION_DATE='2023-06-24T00:00:00+00:00' AIRFLOW_CTX_TRY_NUMBER='1' AIRFLOW_CTX_DAG_RUN_ID='scheduled__2023-06-24T00:00:00+00:00'
[2023-10-30T19:25:59.288+0000] {subprocess.py:63} INFO - Tmp dir root location: /tmp
[2023-10-30T19:25:59.289+0000] {subprocess.py:75} INFO - Running command: ['/bin/bash', '-c', 'echo "Corrio !!!!"']
[2023-10-30T19:25:59.310+0000] {subprocess.py:86} INFO - Output:
[2023-10-30T19:25:59.314+0000] {subprocess.py:93} INFO - Corrio !!!!
[2023-10-30T19:25:59.314+0000] {subprocess.py:97} INFO - Command exited with return code 0
[2023-10-30T19:25:59.351+0000] {taskinstance.py:1400} INFO - Marking task as SUCCESS. dag_id=asteroides-etl-dag, task_id=asteroides-etl-task, execution_date=20230624T000000, start_date=20231030T192558, end_date=20231030T192559
[2023-10-30T19:25:59.398+0000] {local_task_job_runner.py:228} INFO - Task exited with return code 0
[2023-10-30T19:25:59.427+0000] {taskinstance.py:2778} INFO - 0 downstream tasks scheduled from follow-on schedule check
