[2023-10-30T15:17:13.033+0000] {taskinstance.py:1159} INFO - Dependencies all met for dep_context=non-requeueable deps ti=<TaskInstance: asteroides-etl-dag.asteroides-etl-task scheduled__2023-06-24T00:00:00+00:00 [queued]>
[2023-10-30T15:17:13.051+0000] {taskinstance.py:1159} INFO - Dependencies all met for dep_context=requeueable deps ti=<TaskInstance: asteroides-etl-dag.asteroides-etl-task scheduled__2023-06-24T00:00:00+00:00 [queued]>
[2023-10-30T15:17:13.053+0000] {taskinstance.py:1361} INFO - Starting attempt 4 of 5
[2023-10-30T15:17:13.087+0000] {taskinstance.py:1382} INFO - Executing <Task(BashOperator): asteroides-etl-task> on 2023-06-24 00:00:00+00:00
[2023-10-30T15:17:13.097+0000] {standard_task_runner.py:57} INFO - Started process 1818 to run task
[2023-10-30T15:17:13.102+0000] {standard_task_runner.py:84} INFO - Running: ['***', 'tasks', 'run', 'asteroides-etl-dag', 'asteroides-etl-task', 'scheduled__2023-06-24T00:00:00+00:00', '--job-id', '139', '--raw', '--subdir', 'DAGS_FOLDER/asteroides-etl_dag.py', '--cfg-path', '/tmp/tmp_99_s193']
[2023-10-30T15:17:13.104+0000] {standard_task_runner.py:85} INFO - Job 139: Subtask asteroides-etl-task
[2023-10-30T15:17:13.215+0000] {task_command.py:416} INFO - Running <TaskInstance: asteroides-etl-dag.asteroides-etl-task scheduled__2023-06-24T00:00:00+00:00 [running]> on host d87e86d3d093
[2023-10-30T15:17:13.349+0000] {taskinstance.py:1662} INFO - Exporting env vars: AIRFLOW_CTX_DAG_OWNER='Norman Ruiz' AIRFLOW_CTX_DAG_ID='asteroides-etl-dag' AIRFLOW_CTX_TASK_ID='asteroides-etl-task' AIRFLOW_CTX_EXECUTION_DATE='2023-06-24T00:00:00+00:00' AIRFLOW_CTX_TRY_NUMBER='4' AIRFLOW_CTX_DAG_RUN_ID='scheduled__2023-06-24T00:00:00+00:00'
[2023-10-30T15:17:13.353+0000] {subprocess.py:63} INFO - Tmp dir root location: /tmp
[2023-10-30T15:17:13.355+0000] {subprocess.py:75} INFO - Running command: ['/bin/bash', '-c', 'docker run -it asteroides-etl']
[2023-10-30T15:17:13.378+0000] {subprocess.py:86} INFO - Output:
[2023-10-30T15:17:13.418+0000] {subprocess.py:93} INFO - the input device is not a TTY
[2023-10-30T15:17:13.421+0000] {subprocess.py:97} INFO - Command exited with return code 1
[2023-10-30T15:17:13.448+0000] {taskinstance.py:1937} ERROR - Task failed with exception
Traceback (most recent call last):
  File "/home/airflow/.local/lib/python3.8/site-packages/airflow/operators/bash.py", line 210, in execute
    raise AirflowException(
airflow.exceptions.AirflowException: Bash command failed. The command returned a non-zero exit code 1.
[2023-10-30T15:17:13.456+0000] {taskinstance.py:1400} INFO - Marking task as UP_FOR_RETRY. dag_id=asteroides-etl-dag, task_id=asteroides-etl-task, execution_date=20230624T000000, start_date=20231030T151713, end_date=20231030T151713
[2023-10-30T15:17:13.479+0000] {standard_task_runner.py:104} ERROR - Failed to execute job 139 for task asteroides-etl-task (Bash command failed. The command returned a non-zero exit code 1.; 1818)
[2023-10-30T15:17:13.523+0000] {local_task_job_runner.py:228} INFO - Task exited with return code 1
[2023-10-30T15:17:13.557+0000] {taskinstance.py:2778} INFO - 0 downstream tasks scheduled from follow-on schedule check
