[2023-10-30T01:02:01.440+0000] {taskinstance.py:1159} INFO - Dependencies all met for dep_context=non-requeueable deps ti=<TaskInstance: asteroides-etl-dag.asteroides-etl-task scheduled__2023-06-25T00:00:00+00:00 [queued]>
[2023-10-30T01:02:01.460+0000] {taskinstance.py:1159} INFO - Dependencies all met for dep_context=requeueable deps ti=<TaskInstance: asteroides-etl-dag.asteroides-etl-task scheduled__2023-06-25T00:00:00+00:00 [queued]>
[2023-10-30T01:02:01.461+0000] {taskinstance.py:1361} INFO - Starting attempt 1 of 5
[2023-10-30T01:02:01.530+0000] {taskinstance.py:1382} INFO - Executing <Task(BashOperator): asteroides-etl-task> on 2023-06-25 00:00:00+00:00
[2023-10-30T01:02:01.548+0000] {standard_task_runner.py:57} INFO - Started process 1444 to run task
[2023-10-30T01:02:01.559+0000] {standard_task_runner.py:84} INFO - Running: ['***', 'tasks', 'run', 'asteroides-etl-dag', 'asteroides-etl-task', 'scheduled__2023-06-25T00:00:00+00:00', '--job-id', '28', '--raw', '--subdir', 'DAGS_FOLDER/asteroides-etl_dag.py', '--cfg-path', '/tmp/tmpbrmcgz9u']
[2023-10-30T01:02:01.562+0000] {standard_task_runner.py:85} INFO - Job 28: Subtask asteroides-etl-task
[2023-10-30T01:02:01.703+0000] {task_command.py:416} INFO - Running <TaskInstance: asteroides-etl-dag.asteroides-etl-task scheduled__2023-06-25T00:00:00+00:00 [running]> on host ac9f9bef16c9
[2023-10-30T01:02:01.875+0000] {taskinstance.py:1662} INFO - Exporting env vars: AIRFLOW_CTX_DAG_OWNER='Norman Ruiz' AIRFLOW_CTX_DAG_ID='asteroides-etl-dag' AIRFLOW_CTX_TASK_ID='asteroides-etl-task' AIRFLOW_CTX_EXECUTION_DATE='2023-06-25T00:00:00+00:00' AIRFLOW_CTX_TRY_NUMBER='1' AIRFLOW_CTX_DAG_RUN_ID='scheduled__2023-06-25T00:00:00+00:00'
[2023-10-30T01:02:01.882+0000] {subprocess.py:63} INFO - Tmp dir root location: /tmp
[2023-10-30T01:02:01.885+0000] {subprocess.py:75} INFO - Running command: ['/bin/bash', '-c', 'echo ya casi lo tengo!!!!']
[2023-10-30T01:02:01.920+0000] {subprocess.py:86} INFO - Output:
[2023-10-30T01:02:01.923+0000] {subprocess.py:93} INFO - ya casi lo tengo!!!!
[2023-10-30T01:02:01.925+0000] {subprocess.py:97} INFO - Command exited with return code 0
[2023-10-30T01:02:02.001+0000] {taskinstance.py:1400} INFO - Marking task as SUCCESS. dag_id=asteroides-etl-dag, task_id=asteroides-etl-task, execution_date=20230625T000000, start_date=20231030T010201, end_date=20231030T010202
[2023-10-30T01:02:02.218+0000] {local_task_job_runner.py:228} INFO - Task exited with return code 0
[2023-10-30T01:02:02.260+0000] {taskinstance.py:2778} INFO - 0 downstream tasks scheduled from follow-on schedule check
[2023-10-30T15:11:08.555+0000] {taskinstance.py:1159} INFO - Dependencies all met for dep_context=non-requeueable deps ti=<TaskInstance: asteroides-etl-dag.asteroides-etl-task scheduled__2023-06-25T00:00:00+00:00 [queued]>
[2023-10-30T15:11:08.570+0000] {taskinstance.py:1159} INFO - Dependencies all met for dep_context=requeueable deps ti=<TaskInstance: asteroides-etl-dag.asteroides-etl-task scheduled__2023-06-25T00:00:00+00:00 [queued]>
[2023-10-30T15:11:08.571+0000] {taskinstance.py:1361} INFO - Starting attempt 1 of 5
[2023-10-30T15:11:08.591+0000] {taskinstance.py:1382} INFO - Executing <Task(BashOperator): asteroides-etl-task> on 2023-06-25 00:00:00+00:00
[2023-10-30T15:11:08.601+0000] {standard_task_runner.py:57} INFO - Started process 1204 to run task
[2023-10-30T15:11:08.607+0000] {standard_task_runner.py:84} INFO - Running: ['***', 'tasks', 'run', 'asteroides-etl-dag', 'asteroides-etl-task', 'scheduled__2023-06-25T00:00:00+00:00', '--job-id', '92', '--raw', '--subdir', 'DAGS_FOLDER/asteroides-etl_dag.py', '--cfg-path', '/tmp/tmpz42ytkcb']
[2023-10-30T15:11:08.608+0000] {standard_task_runner.py:85} INFO - Job 92: Subtask asteroides-etl-task
[2023-10-30T15:11:08.702+0000] {task_command.py:416} INFO - Running <TaskInstance: asteroides-etl-dag.asteroides-etl-task scheduled__2023-06-25T00:00:00+00:00 [running]> on host d87e86d3d093
[2023-10-30T15:11:08.860+0000] {taskinstance.py:1662} INFO - Exporting env vars: AIRFLOW_CTX_DAG_OWNER='Norman Ruiz' AIRFLOW_CTX_DAG_ID='asteroides-etl-dag' AIRFLOW_CTX_TASK_ID='asteroides-etl-task' AIRFLOW_CTX_EXECUTION_DATE='2023-06-25T00:00:00+00:00' AIRFLOW_CTX_TRY_NUMBER='1' AIRFLOW_CTX_DAG_RUN_ID='scheduled__2023-06-25T00:00:00+00:00'
[2023-10-30T15:11:08.864+0000] {subprocess.py:63} INFO - Tmp dir root location: /tmp
[2023-10-30T15:11:08.865+0000] {subprocess.py:75} INFO - Running command: ['/bin/bash', '-c', 'docker run -it asteroides-etl']
[2023-10-30T15:11:08.892+0000] {subprocess.py:86} INFO - Output:
[2023-10-30T15:11:08.931+0000] {subprocess.py:93} INFO - the input device is not a TTY
[2023-10-30T15:11:08.934+0000] {subprocess.py:97} INFO - Command exited with return code 1
[2023-10-30T15:11:08.951+0000] {taskinstance.py:1937} ERROR - Task failed with exception
Traceback (most recent call last):
  File "/home/airflow/.local/lib/python3.8/site-packages/airflow/operators/bash.py", line 210, in execute
    raise AirflowException(
airflow.exceptions.AirflowException: Bash command failed. The command returned a non-zero exit code 1.
[2023-10-30T15:11:08.960+0000] {taskinstance.py:1400} INFO - Marking task as UP_FOR_RETRY. dag_id=asteroides-etl-dag, task_id=asteroides-etl-task, execution_date=20230625T000000, start_date=20231030T151108, end_date=20231030T151108
[2023-10-30T15:11:08.981+0000] {standard_task_runner.py:104} ERROR - Failed to execute job 92 for task asteroides-etl-task (Bash command failed. The command returned a non-zero exit code 1.; 1204)
[2023-10-30T15:11:09.021+0000] {local_task_job_runner.py:228} INFO - Task exited with return code 1
[2023-10-30T15:11:09.050+0000] {taskinstance.py:2778} INFO - 0 downstream tasks scheduled from follow-on schedule check
[2023-10-30T19:25:20.933+0000] {taskinstance.py:1159} INFO - Dependencies all met for dep_context=non-requeueable deps ti=<TaskInstance: asteroides-etl-dag.asteroides-etl-task scheduled__2023-06-25T00:00:00+00:00 [queued]>
[2023-10-30T19:25:20.953+0000] {taskinstance.py:1159} INFO - Dependencies all met for dep_context=requeueable deps ti=<TaskInstance: asteroides-etl-dag.asteroides-etl-task scheduled__2023-06-25T00:00:00+00:00 [queued]>
[2023-10-30T19:25:20.954+0000] {taskinstance.py:1361} INFO - Starting attempt 1 of 5
[2023-10-30T19:25:20.983+0000] {taskinstance.py:1382} INFO - Executing <Task(BashOperator): asteroides-etl-task> on 2023-06-25 00:00:00+00:00
[2023-10-30T19:25:20.996+0000] {standard_task_runner.py:57} INFO - Started process 8369 to run task
[2023-10-30T19:25:21.002+0000] {standard_task_runner.py:84} INFO - Running: ['***', 'tasks', 'run', 'asteroides-etl-dag', 'asteroides-etl-task', 'scheduled__2023-06-25T00:00:00+00:00', '--job-id', '846', '--raw', '--subdir', 'DAGS_FOLDER/asteroides-etl_dag.py', '--cfg-path', '/tmp/tmp7lg4bxza']
[2023-10-30T19:25:21.005+0000] {standard_task_runner.py:85} INFO - Job 846: Subtask asteroides-etl-task
[2023-10-30T19:25:21.115+0000] {task_command.py:416} INFO - Running <TaskInstance: asteroides-etl-dag.asteroides-etl-task scheduled__2023-06-25T00:00:00+00:00 [running]> on host d87e86d3d093
[2023-10-30T19:25:21.314+0000] {taskinstance.py:1662} INFO - Exporting env vars: AIRFLOW_CTX_DAG_OWNER='Norman Ruiz' AIRFLOW_CTX_DAG_ID='asteroides-etl-dag' AIRFLOW_CTX_TASK_ID='asteroides-etl-task' AIRFLOW_CTX_EXECUTION_DATE='2023-06-25T00:00:00+00:00' AIRFLOW_CTX_TRY_NUMBER='1' AIRFLOW_CTX_DAG_RUN_ID='scheduled__2023-06-25T00:00:00+00:00'
[2023-10-30T19:25:21.318+0000] {subprocess.py:63} INFO - Tmp dir root location: /tmp
[2023-10-30T19:25:21.320+0000] {subprocess.py:75} INFO - Running command: ['/bin/bash', '-c', 'echo "Corrio !!!!"']
[2023-10-30T19:25:21.347+0000] {subprocess.py:86} INFO - Output:
[2023-10-30T19:25:21.353+0000] {subprocess.py:93} INFO - Corrio !!!!
[2023-10-30T19:25:21.355+0000] {subprocess.py:97} INFO - Command exited with return code 0
[2023-10-30T19:25:21.409+0000] {taskinstance.py:1400} INFO - Marking task as SUCCESS. dag_id=asteroides-etl-dag, task_id=asteroides-etl-task, execution_date=20230625T000000, start_date=20231030T192520, end_date=20231030T192521
[2023-10-30T19:25:21.499+0000] {local_task_job_runner.py:228} INFO - Task exited with return code 0
[2023-10-30T19:25:21.545+0000] {taskinstance.py:2778} INFO - 0 downstream tasks scheduled from follow-on schedule check
[2023-10-30T19:25:59.118+0000] {taskinstance.py:1159} INFO - Dependencies all met for dep_context=non-requeueable deps ti=<TaskInstance: asteroides-etl-dag.asteroides-etl-task scheduled__2023-06-25T00:00:00+00:00 [queued]>
[2023-10-30T19:25:59.138+0000] {taskinstance.py:1159} INFO - Dependencies all met for dep_context=requeueable deps ti=<TaskInstance: asteroides-etl-dag.asteroides-etl-task scheduled__2023-06-25T00:00:00+00:00 [queued]>
[2023-10-30T19:25:59.140+0000] {taskinstance.py:1361} INFO - Starting attempt 1 of 5
[2023-10-30T19:25:59.165+0000] {taskinstance.py:1382} INFO - Executing <Task(BashOperator): asteroides-etl-task> on 2023-06-25 00:00:00+00:00
[2023-10-30T19:25:59.177+0000] {standard_task_runner.py:57} INFO - Started process 8525 to run task
[2023-10-30T19:25:59.183+0000] {standard_task_runner.py:84} INFO - Running: ['***', 'tasks', 'run', 'asteroides-etl-dag', 'asteroides-etl-task', 'scheduled__2023-06-25T00:00:00+00:00', '--job-id', '896', '--raw', '--subdir', 'DAGS_FOLDER/asteroides-etl_dag.py', '--cfg-path', '/tmp/tmp31bvq1tz']
[2023-10-30T19:25:59.185+0000] {standard_task_runner.py:85} INFO - Job 896: Subtask asteroides-etl-task
[2023-10-30T19:25:59.261+0000] {task_command.py:416} INFO - Running <TaskInstance: asteroides-etl-dag.asteroides-etl-task scheduled__2023-06-25T00:00:00+00:00 [running]> on host d87e86d3d093
[2023-10-30T19:25:59.388+0000] {taskinstance.py:1662} INFO - Exporting env vars: AIRFLOW_CTX_DAG_OWNER='Norman Ruiz' AIRFLOW_CTX_DAG_ID='asteroides-etl-dag' AIRFLOW_CTX_TASK_ID='asteroides-etl-task' AIRFLOW_CTX_EXECUTION_DATE='2023-06-25T00:00:00+00:00' AIRFLOW_CTX_TRY_NUMBER='1' AIRFLOW_CTX_DAG_RUN_ID='scheduled__2023-06-25T00:00:00+00:00'
[2023-10-30T19:25:59.391+0000] {subprocess.py:63} INFO - Tmp dir root location: /tmp
[2023-10-30T19:25:59.392+0000] {subprocess.py:75} INFO - Running command: ['/bin/bash', '-c', 'echo "Corrio !!!!"']
[2023-10-30T19:25:59.413+0000] {subprocess.py:86} INFO - Output:
[2023-10-30T19:25:59.416+0000] {subprocess.py:93} INFO - Corrio !!!!
[2023-10-30T19:25:59.417+0000] {subprocess.py:97} INFO - Command exited with return code 0
[2023-10-30T19:25:59.456+0000] {taskinstance.py:1400} INFO - Marking task as SUCCESS. dag_id=asteroides-etl-dag, task_id=asteroides-etl-task, execution_date=20230625T000000, start_date=20231030T192559, end_date=20231030T192559
[2023-10-30T19:25:59.521+0000] {local_task_job_runner.py:228} INFO - Task exited with return code 0
[2023-10-30T19:25:59.544+0000] {taskinstance.py:2778} INFO - 0 downstream tasks scheduled from follow-on schedule check
