[2023-10-30T01:02:14.139+0000] {taskinstance.py:1159} INFO - Dependencies all met for dep_context=non-requeueable deps ti=<TaskInstance: asteroides-etl-dag.asteroides-etl-task scheduled__2023-07-19T00:00:00+00:00 [queued]>
[2023-10-30T01:02:14.154+0000] {taskinstance.py:1159} INFO - Dependencies all met for dep_context=requeueable deps ti=<TaskInstance: asteroides-etl-dag.asteroides-etl-task scheduled__2023-07-19T00:00:00+00:00 [queued]>
[2023-10-30T01:02:14.155+0000] {taskinstance.py:1361} INFO - Starting attempt 1 of 5
[2023-10-30T01:02:14.179+0000] {taskinstance.py:1382} INFO - Executing <Task(BashOperator): asteroides-etl-task> on 2023-07-19 00:00:00+00:00
[2023-10-30T01:02:14.188+0000] {standard_task_runner.py:57} INFO - Started process 1523 to run task
[2023-10-30T01:02:14.193+0000] {standard_task_runner.py:84} INFO - Running: ['***', 'tasks', 'run', 'asteroides-etl-dag', 'asteroides-etl-task', 'scheduled__2023-07-19T00:00:00+00:00', '--job-id', '52', '--raw', '--subdir', 'DAGS_FOLDER/asteroides-etl_dag.py', '--cfg-path', '/tmp/tmpqi7oigy4']
[2023-10-30T01:02:14.195+0000] {standard_task_runner.py:85} INFO - Job 52: Subtask asteroides-etl-task
[2023-10-30T01:02:14.260+0000] {task_command.py:416} INFO - Running <TaskInstance: asteroides-etl-dag.asteroides-etl-task scheduled__2023-07-19T00:00:00+00:00 [running]> on host ac9f9bef16c9
[2023-10-30T01:02:14.371+0000] {taskinstance.py:1662} INFO - Exporting env vars: AIRFLOW_CTX_DAG_OWNER='Norman Ruiz' AIRFLOW_CTX_DAG_ID='asteroides-etl-dag' AIRFLOW_CTX_TASK_ID='asteroides-etl-task' AIRFLOW_CTX_EXECUTION_DATE='2023-07-19T00:00:00+00:00' AIRFLOW_CTX_TRY_NUMBER='1' AIRFLOW_CTX_DAG_RUN_ID='scheduled__2023-07-19T00:00:00+00:00'
[2023-10-30T01:02:14.374+0000] {subprocess.py:63} INFO - Tmp dir root location: /tmp
[2023-10-30T01:02:14.375+0000] {subprocess.py:75} INFO - Running command: ['/bin/bash', '-c', 'echo ya casi lo tengo!!!!']
[2023-10-30T01:02:14.392+0000] {subprocess.py:86} INFO - Output:
[2023-10-30T01:02:14.395+0000] {subprocess.py:93} INFO - ya casi lo tengo!!!!
[2023-10-30T01:02:14.395+0000] {subprocess.py:97} INFO - Command exited with return code 0
[2023-10-30T01:02:14.429+0000] {taskinstance.py:1400} INFO - Marking task as SUCCESS. dag_id=asteroides-etl-dag, task_id=asteroides-etl-task, execution_date=20230719T000000, start_date=20231030T010214, end_date=20231030T010214
[2023-10-30T01:02:14.486+0000] {local_task_job_runner.py:228} INFO - Task exited with return code 0
[2023-10-30T01:02:14.508+0000] {taskinstance.py:2778} INFO - 0 downstream tasks scheduled from follow-on schedule check
[2023-10-30T15:27:32.078+0000] {taskinstance.py:1159} INFO - Dependencies all met for dep_context=non-requeueable deps ti=<TaskInstance: asteroides-etl-dag.asteroides-etl-task scheduled__2023-07-19T00:00:00+00:00 [queued]>
[2023-10-30T15:27:32.096+0000] {taskinstance.py:1159} INFO - Dependencies all met for dep_context=requeueable deps ti=<TaskInstance: asteroides-etl-dag.asteroides-etl-task scheduled__2023-07-19T00:00:00+00:00 [queued]>
[2023-10-30T15:27:32.096+0000] {taskinstance.py:1361} INFO - Starting attempt 1 of 5
[2023-10-30T15:27:32.169+0000] {taskinstance.py:1382} INFO - Executing <Task(BashOperator): asteroides-etl-task> on 2023-07-19 00:00:00+00:00
[2023-10-30T15:27:32.182+0000] {standard_task_runner.py:57} INFO - Started process 3163 to run task
[2023-10-30T15:27:32.187+0000] {standard_task_runner.py:84} INFO - Running: ['***', 'tasks', 'run', 'asteroides-etl-dag', 'asteroides-etl-task', 'scheduled__2023-07-19T00:00:00+00:00', '--job-id', '245', '--raw', '--subdir', 'DAGS_FOLDER/asteroides-etl_dag.py', '--cfg-path', '/tmp/tmpg8zm2rs_']
[2023-10-30T15:27:32.190+0000] {standard_task_runner.py:85} INFO - Job 245: Subtask asteroides-etl-task
[2023-10-30T15:27:32.290+0000] {task_command.py:416} INFO - Running <TaskInstance: asteroides-etl-dag.asteroides-etl-task scheduled__2023-07-19T00:00:00+00:00 [running]> on host d87e86d3d093
[2023-10-30T15:27:32.419+0000] {taskinstance.py:1662} INFO - Exporting env vars: AIRFLOW_CTX_DAG_OWNER='Norman Ruiz' AIRFLOW_CTX_DAG_ID='asteroides-etl-dag' AIRFLOW_CTX_TASK_ID='asteroides-etl-task' AIRFLOW_CTX_EXECUTION_DATE='2023-07-19T00:00:00+00:00' AIRFLOW_CTX_TRY_NUMBER='1' AIRFLOW_CTX_DAG_RUN_ID='scheduled__2023-07-19T00:00:00+00:00'
[2023-10-30T15:27:32.422+0000] {subprocess.py:63} INFO - Tmp dir root location: /tmp
[2023-10-30T15:27:32.425+0000] {subprocess.py:75} INFO - Running command: ['/bin/bash', '-c', 'docker run -i asteroides-etl']
[2023-10-30T15:27:32.447+0000] {subprocess.py:86} INFO - Output:
[2023-10-30T15:27:32.510+0000] {subprocess.py:93} INFO - docker: Cannot connect to the Docker daemon at unix:///var/run/docker.sock. Is the docker daemon running?.
[2023-10-30T15:27:32.512+0000] {subprocess.py:93} INFO - See 'docker run --help'.
[2023-10-30T15:27:32.514+0000] {subprocess.py:97} INFO - Command exited with return code 125
[2023-10-30T15:27:32.543+0000] {taskinstance.py:1937} ERROR - Task failed with exception
Traceback (most recent call last):
  File "/home/airflow/.local/lib/python3.8/site-packages/airflow/operators/bash.py", line 210, in execute
    raise AirflowException(
airflow.exceptions.AirflowException: Bash command failed. The command returned a non-zero exit code 125.
[2023-10-30T15:27:32.552+0000] {taskinstance.py:1400} INFO - Marking task as UP_FOR_RETRY. dag_id=asteroides-etl-dag, task_id=asteroides-etl-task, execution_date=20230719T000000, start_date=20231030T152732, end_date=20231030T152732
[2023-10-30T15:27:32.588+0000] {standard_task_runner.py:104} ERROR - Failed to execute job 245 for task asteroides-etl-task (Bash command failed. The command returned a non-zero exit code 125.; 3163)
[2023-10-30T15:27:32.652+0000] {local_task_job_runner.py:228} INFO - Task exited with return code 1
[2023-10-30T15:27:32.838+0000] {taskinstance.py:2778} INFO - 0 downstream tasks scheduled from follow-on schedule check
[2023-10-30T19:25:33.261+0000] {taskinstance.py:1159} INFO - Dependencies all met for dep_context=non-requeueable deps ti=<TaskInstance: asteroides-etl-dag.asteroides-etl-task scheduled__2023-07-19T00:00:00+00:00 [queued]>
[2023-10-30T19:25:33.279+0000] {taskinstance.py:1159} INFO - Dependencies all met for dep_context=requeueable deps ti=<TaskInstance: asteroides-etl-dag.asteroides-etl-task scheduled__2023-07-19T00:00:00+00:00 [queued]>
[2023-10-30T19:25:33.280+0000] {taskinstance.py:1361} INFO - Starting attempt 1 of 5
[2023-10-30T19:25:33.304+0000] {taskinstance.py:1382} INFO - Executing <Task(BashOperator): asteroides-etl-task> on 2023-07-19 00:00:00+00:00
[2023-10-30T19:25:33.313+0000] {standard_task_runner.py:57} INFO - Started process 8439 to run task
[2023-10-30T19:25:33.318+0000] {standard_task_runner.py:84} INFO - Running: ['***', 'tasks', 'run', 'asteroides-etl-dag', 'asteroides-etl-task', 'scheduled__2023-07-19T00:00:00+00:00', '--job-id', '870', '--raw', '--subdir', 'DAGS_FOLDER/asteroides-etl_dag.py', '--cfg-path', '/tmp/tmp1oz_2y1x']
[2023-10-30T19:25:33.319+0000] {standard_task_runner.py:85} INFO - Job 870: Subtask asteroides-etl-task
[2023-10-30T19:25:33.401+0000] {task_command.py:416} INFO - Running <TaskInstance: asteroides-etl-dag.asteroides-etl-task scheduled__2023-07-19T00:00:00+00:00 [running]> on host d87e86d3d093
[2023-10-30T19:25:33.537+0000] {taskinstance.py:1662} INFO - Exporting env vars: AIRFLOW_CTX_DAG_OWNER='Norman Ruiz' AIRFLOW_CTX_DAG_ID='asteroides-etl-dag' AIRFLOW_CTX_TASK_ID='asteroides-etl-task' AIRFLOW_CTX_EXECUTION_DATE='2023-07-19T00:00:00+00:00' AIRFLOW_CTX_TRY_NUMBER='1' AIRFLOW_CTX_DAG_RUN_ID='scheduled__2023-07-19T00:00:00+00:00'
[2023-10-30T19:25:33.539+0000] {subprocess.py:63} INFO - Tmp dir root location: /tmp
[2023-10-30T19:25:33.540+0000] {subprocess.py:75} INFO - Running command: ['/bin/bash', '-c', 'echo "Corrio !!!!"']
[2023-10-30T19:25:33.560+0000] {subprocess.py:86} INFO - Output:
[2023-10-30T19:25:33.563+0000] {subprocess.py:93} INFO - Corrio !!!!
[2023-10-30T19:25:33.564+0000] {subprocess.py:97} INFO - Command exited with return code 0
[2023-10-30T19:25:33.602+0000] {taskinstance.py:1400} INFO - Marking task as SUCCESS. dag_id=asteroides-etl-dag, task_id=asteroides-etl-task, execution_date=20230719T000000, start_date=20231030T192533, end_date=20231030T192533
[2023-10-30T19:25:33.651+0000] {local_task_job_runner.py:228} INFO - Task exited with return code 0
[2023-10-30T19:25:33.676+0000] {taskinstance.py:2778} INFO - 0 downstream tasks scheduled from follow-on schedule check
[2023-10-30T19:26:14.777+0000] {taskinstance.py:1159} INFO - Dependencies all met for dep_context=non-requeueable deps ti=<TaskInstance: asteroides-etl-dag.asteroides-etl-task scheduled__2023-07-19T00:00:00+00:00 [queued]>
[2023-10-30T19:26:14.793+0000] {taskinstance.py:1159} INFO - Dependencies all met for dep_context=requeueable deps ti=<TaskInstance: asteroides-etl-dag.asteroides-etl-task scheduled__2023-07-19T00:00:00+00:00 [queued]>
[2023-10-30T19:26:14.793+0000] {taskinstance.py:1361} INFO - Starting attempt 1 of 5
[2023-10-30T19:26:14.836+0000] {taskinstance.py:1382} INFO - Executing <Task(BashOperator): asteroides-etl-task> on 2023-07-19 00:00:00+00:00
[2023-10-30T19:26:14.845+0000] {standard_task_runner.py:57} INFO - Started process 8598 to run task
[2023-10-30T19:26:14.850+0000] {standard_task_runner.py:84} INFO - Running: ['***', 'tasks', 'run', 'asteroides-etl-dag', 'asteroides-etl-task', 'scheduled__2023-07-19T00:00:00+00:00', '--job-id', '920', '--raw', '--subdir', 'DAGS_FOLDER/asteroides-etl_dag.py', '--cfg-path', '/tmp/tmpdw_ibye7']
[2023-10-30T19:26:14.852+0000] {standard_task_runner.py:85} INFO - Job 920: Subtask asteroides-etl-task
[2023-10-30T19:26:14.922+0000] {task_command.py:416} INFO - Running <TaskInstance: asteroides-etl-dag.asteroides-etl-task scheduled__2023-07-19T00:00:00+00:00 [running]> on host d87e86d3d093
[2023-10-30T19:26:15.052+0000] {taskinstance.py:1662} INFO - Exporting env vars: AIRFLOW_CTX_DAG_OWNER='Norman Ruiz' AIRFLOW_CTX_DAG_ID='asteroides-etl-dag' AIRFLOW_CTX_TASK_ID='asteroides-etl-task' AIRFLOW_CTX_EXECUTION_DATE='2023-07-19T00:00:00+00:00' AIRFLOW_CTX_TRY_NUMBER='1' AIRFLOW_CTX_DAG_RUN_ID='scheduled__2023-07-19T00:00:00+00:00'
[2023-10-30T19:26:15.055+0000] {subprocess.py:63} INFO - Tmp dir root location: /tmp
[2023-10-30T19:26:15.057+0000] {subprocess.py:75} INFO - Running command: ['/bin/bash', '-c', 'echo "Corrio !!!!"']
[2023-10-30T19:26:15.078+0000] {subprocess.py:86} INFO - Output:
[2023-10-30T19:26:15.082+0000] {subprocess.py:93} INFO - Corrio !!!!
[2023-10-30T19:26:15.084+0000] {subprocess.py:97} INFO - Command exited with return code 0
[2023-10-30T19:26:15.138+0000] {taskinstance.py:1400} INFO - Marking task as SUCCESS. dag_id=asteroides-etl-dag, task_id=asteroides-etl-task, execution_date=20230719T000000, start_date=20231030T192614, end_date=20231030T192615
[2023-10-30T19:26:15.187+0000] {local_task_job_runner.py:228} INFO - Task exited with return code 0
[2023-10-30T19:26:15.288+0000] {taskinstance.py:2778} INFO - 0 downstream tasks scheduled from follow-on schedule check
