[2023-10-30T01:02:20.804+0000] {taskinstance.py:1159} INFO - Dependencies all met for dep_context=non-requeueable deps ti=<TaskInstance: asteroides-etl-dag.asteroides-etl-task scheduled__2023-07-31T00:00:00+00:00 [queued]>
[2023-10-30T01:02:20.825+0000] {taskinstance.py:1159} INFO - Dependencies all met for dep_context=requeueable deps ti=<TaskInstance: asteroides-etl-dag.asteroides-etl-task scheduled__2023-07-31T00:00:00+00:00 [queued]>
[2023-10-30T01:02:20.825+0000] {taskinstance.py:1361} INFO - Starting attempt 1 of 5
[2023-10-30T01:02:20.850+0000] {taskinstance.py:1382} INFO - Executing <Task(BashOperator): asteroides-etl-task> on 2023-07-31 00:00:00+00:00
[2023-10-30T01:02:20.865+0000] {standard_task_runner.py:57} INFO - Started process 1559 to run task
[2023-10-30T01:02:20.870+0000] {standard_task_runner.py:84} INFO - Running: ['***', 'tasks', 'run', 'asteroides-etl-dag', 'asteroides-etl-task', 'scheduled__2023-07-31T00:00:00+00:00', '--job-id', '64', '--raw', '--subdir', 'DAGS_FOLDER/asteroides-etl_dag.py', '--cfg-path', '/tmp/tmpsa1u_vp8']
[2023-10-30T01:02:20.873+0000] {standard_task_runner.py:85} INFO - Job 64: Subtask asteroides-etl-task
[2023-10-30T01:02:20.967+0000] {task_command.py:416} INFO - Running <TaskInstance: asteroides-etl-dag.asteroides-etl-task scheduled__2023-07-31T00:00:00+00:00 [running]> on host ac9f9bef16c9
[2023-10-30T01:02:21.100+0000] {taskinstance.py:1662} INFO - Exporting env vars: AIRFLOW_CTX_DAG_OWNER='Norman Ruiz' AIRFLOW_CTX_DAG_ID='asteroides-etl-dag' AIRFLOW_CTX_TASK_ID='asteroides-etl-task' AIRFLOW_CTX_EXECUTION_DATE='2023-07-31T00:00:00+00:00' AIRFLOW_CTX_TRY_NUMBER='1' AIRFLOW_CTX_DAG_RUN_ID='scheduled__2023-07-31T00:00:00+00:00'
[2023-10-30T01:02:21.103+0000] {subprocess.py:63} INFO - Tmp dir root location: /tmp
[2023-10-30T01:02:21.105+0000] {subprocess.py:75} INFO - Running command: ['/bin/bash', '-c', 'echo ya casi lo tengo!!!!']
[2023-10-30T01:02:21.127+0000] {subprocess.py:86} INFO - Output:
[2023-10-30T01:02:21.130+0000] {subprocess.py:93} INFO - ya casi lo tengo!!!!
[2023-10-30T01:02:21.131+0000] {subprocess.py:97} INFO - Command exited with return code 0
[2023-10-30T01:02:21.163+0000] {taskinstance.py:1400} INFO - Marking task as SUCCESS. dag_id=asteroides-etl-dag, task_id=asteroides-etl-task, execution_date=20230731T000000, start_date=20231030T010220, end_date=20231030T010221
[2023-10-30T01:02:21.210+0000] {local_task_job_runner.py:228} INFO - Task exited with return code 0
[2023-10-30T01:02:21.234+0000] {taskinstance.py:2778} INFO - 0 downstream tasks scheduled from follow-on schedule check
[2023-10-30T15:27:35.636+0000] {taskinstance.py:1159} INFO - Dependencies all met for dep_context=non-requeueable deps ti=<TaskInstance: asteroides-etl-dag.asteroides-etl-task scheduled__2023-07-31T00:00:00+00:00 [queued]>
[2023-10-30T15:27:35.652+0000] {taskinstance.py:1159} INFO - Dependencies all met for dep_context=requeueable deps ti=<TaskInstance: asteroides-etl-dag.asteroides-etl-task scheduled__2023-07-31T00:00:00+00:00 [queued]>
[2023-10-30T15:27:35.653+0000] {taskinstance.py:1361} INFO - Starting attempt 1 of 5
[2023-10-30T15:27:35.804+0000] {taskinstance.py:1382} INFO - Executing <Task(BashOperator): asteroides-etl-task> on 2023-07-31 00:00:00+00:00
[2023-10-30T15:27:35.812+0000] {standard_task_runner.py:57} INFO - Started process 3306 to run task
[2023-10-30T15:27:35.817+0000] {standard_task_runner.py:84} INFO - Running: ['***', 'tasks', 'run', 'asteroides-etl-dag', 'asteroides-etl-task', 'scheduled__2023-07-31T00:00:00+00:00', '--job-id', '257', '--raw', '--subdir', 'DAGS_FOLDER/asteroides-etl_dag.py', '--cfg-path', '/tmp/tmppwtp4nk7']
[2023-10-30T15:27:35.818+0000] {standard_task_runner.py:85} INFO - Job 257: Subtask asteroides-etl-task
[2023-10-30T15:27:35.882+0000] {task_command.py:416} INFO - Running <TaskInstance: asteroides-etl-dag.asteroides-etl-task scheduled__2023-07-31T00:00:00+00:00 [running]> on host d87e86d3d093
[2023-10-30T15:27:35.974+0000] {taskinstance.py:1662} INFO - Exporting env vars: AIRFLOW_CTX_DAG_OWNER='Norman Ruiz' AIRFLOW_CTX_DAG_ID='asteroides-etl-dag' AIRFLOW_CTX_TASK_ID='asteroides-etl-task' AIRFLOW_CTX_EXECUTION_DATE='2023-07-31T00:00:00+00:00' AIRFLOW_CTX_TRY_NUMBER='1' AIRFLOW_CTX_DAG_RUN_ID='scheduled__2023-07-31T00:00:00+00:00'
[2023-10-30T15:27:35.976+0000] {subprocess.py:63} INFO - Tmp dir root location: /tmp
[2023-10-30T15:27:35.977+0000] {subprocess.py:75} INFO - Running command: ['/bin/bash', '-c', 'docker run -i asteroides-etl']
[2023-10-30T15:27:35.992+0000] {subprocess.py:86} INFO - Output:
[2023-10-30T15:27:36.018+0000] {subprocess.py:93} INFO - docker: Cannot connect to the Docker daemon at unix:///var/run/docker.sock. Is the docker daemon running?.
[2023-10-30T15:27:36.019+0000] {subprocess.py:93} INFO - See 'docker run --help'.
[2023-10-30T15:27:36.020+0000] {subprocess.py:97} INFO - Command exited with return code 125
[2023-10-30T15:27:36.035+0000] {taskinstance.py:1937} ERROR - Task failed with exception
Traceback (most recent call last):
  File "/home/airflow/.local/lib/python3.8/site-packages/airflow/operators/bash.py", line 210, in execute
    raise AirflowException(
airflow.exceptions.AirflowException: Bash command failed. The command returned a non-zero exit code 125.
[2023-10-30T15:27:36.040+0000] {taskinstance.py:1400} INFO - Marking task as UP_FOR_RETRY. dag_id=asteroides-etl-dag, task_id=asteroides-etl-task, execution_date=20230731T000000, start_date=20231030T152735, end_date=20231030T152736
[2023-10-30T15:27:36.054+0000] {standard_task_runner.py:104} ERROR - Failed to execute job 257 for task asteroides-etl-task (Bash command failed. The command returned a non-zero exit code 125.; 3306)
[2023-10-30T15:27:36.070+0000] {local_task_job_runner.py:228} INFO - Task exited with return code 1
[2023-10-30T15:27:36.095+0000] {taskinstance.py:2778} INFO - 0 downstream tasks scheduled from follow-on schedule check
[2023-10-30T19:26:21.558+0000] {taskinstance.py:1159} INFO - Dependencies all met for dep_context=non-requeueable deps ti=<TaskInstance: asteroides-etl-dag.asteroides-etl-task scheduled__2023-07-31T00:00:00+00:00 [queued]>
[2023-10-30T19:26:21.577+0000] {taskinstance.py:1159} INFO - Dependencies all met for dep_context=requeueable deps ti=<TaskInstance: asteroides-etl-dag.asteroides-etl-task scheduled__2023-07-31T00:00:00+00:00 [queued]>
[2023-10-30T19:26:21.577+0000] {taskinstance.py:1361} INFO - Starting attempt 1 of 5
[2023-10-30T19:26:21.634+0000] {taskinstance.py:1382} INFO - Executing <Task(BashOperator): asteroides-etl-task> on 2023-07-31 00:00:00+00:00
[2023-10-30T19:26:21.643+0000] {standard_task_runner.py:57} INFO - Started process 8642 to run task
[2023-10-30T19:26:21.649+0000] {standard_task_runner.py:84} INFO - Running: ['***', 'tasks', 'run', 'asteroides-etl-dag', 'asteroides-etl-task', 'scheduled__2023-07-31T00:00:00+00:00', '--job-id', '932', '--raw', '--subdir', 'DAGS_FOLDER/asteroides-etl_dag.py', '--cfg-path', '/tmp/tmpvq5cdhlw']
[2023-10-30T19:26:21.651+0000] {standard_task_runner.py:85} INFO - Job 932: Subtask asteroides-etl-task
[2023-10-30T19:26:21.733+0000] {task_command.py:416} INFO - Running <TaskInstance: asteroides-etl-dag.asteroides-etl-task scheduled__2023-07-31T00:00:00+00:00 [running]> on host d87e86d3d093
[2023-10-30T19:26:21.888+0000] {taskinstance.py:1662} INFO - Exporting env vars: AIRFLOW_CTX_DAG_OWNER='Norman Ruiz' AIRFLOW_CTX_DAG_ID='asteroides-etl-dag' AIRFLOW_CTX_TASK_ID='asteroides-etl-task' AIRFLOW_CTX_EXECUTION_DATE='2023-07-31T00:00:00+00:00' AIRFLOW_CTX_TRY_NUMBER='1' AIRFLOW_CTX_DAG_RUN_ID='scheduled__2023-07-31T00:00:00+00:00'
[2023-10-30T19:26:21.891+0000] {subprocess.py:63} INFO - Tmp dir root location: /tmp
[2023-10-30T19:26:21.893+0000] {subprocess.py:75} INFO - Running command: ['/bin/bash', '-c', 'echo "Corrio !!!!"']
[2023-10-30T19:26:21.920+0000] {subprocess.py:86} INFO - Output:
[2023-10-30T19:26:21.924+0000] {subprocess.py:93} INFO - Corrio !!!!
[2023-10-30T19:26:21.925+0000] {subprocess.py:97} INFO - Command exited with return code 0
[2023-10-30T19:26:21.972+0000] {taskinstance.py:1400} INFO - Marking task as SUCCESS. dag_id=asteroides-etl-dag, task_id=asteroides-etl-task, execution_date=20230731T000000, start_date=20231030T192621, end_date=20231030T192621
[2023-10-30T19:26:22.023+0000] {local_task_job_runner.py:228} INFO - Task exited with return code 0
[2023-10-30T19:26:22.148+0000] {taskinstance.py:2778} INFO - 0 downstream tasks scheduled from follow-on schedule check
