[2023-10-30T01:02:17.984+0000] {taskinstance.py:1159} INFO - Dependencies all met for dep_context=non-requeueable deps ti=<TaskInstance: asteroides-etl-dag.asteroides-etl-task scheduled__2023-07-25T00:00:00+00:00 [queued]>
[2023-10-30T01:02:18.003+0000] {taskinstance.py:1159} INFO - Dependencies all met for dep_context=requeueable deps ti=<TaskInstance: asteroides-etl-dag.asteroides-etl-task scheduled__2023-07-25T00:00:00+00:00 [queued]>
[2023-10-30T01:02:18.005+0000] {taskinstance.py:1361} INFO - Starting attempt 1 of 5
[2023-10-30T01:02:18.030+0000] {taskinstance.py:1382} INFO - Executing <Task(BashOperator): asteroides-etl-task> on 2023-07-25 00:00:00+00:00
[2023-10-30T01:02:18.040+0000] {standard_task_runner.py:57} INFO - Started process 1541 to run task
[2023-10-30T01:02:18.045+0000] {standard_task_runner.py:84} INFO - Running: ['***', 'tasks', 'run', 'asteroides-etl-dag', 'asteroides-etl-task', 'scheduled__2023-07-25T00:00:00+00:00', '--job-id', '58', '--raw', '--subdir', 'DAGS_FOLDER/asteroides-etl_dag.py', '--cfg-path', '/tmp/tmprmg0me08']
[2023-10-30T01:02:18.048+0000] {standard_task_runner.py:85} INFO - Job 58: Subtask asteroides-etl-task
[2023-10-30T01:02:18.127+0000] {task_command.py:416} INFO - Running <TaskInstance: asteroides-etl-dag.asteroides-etl-task scheduled__2023-07-25T00:00:00+00:00 [running]> on host ac9f9bef16c9
[2023-10-30T01:02:18.270+0000] {taskinstance.py:1662} INFO - Exporting env vars: AIRFLOW_CTX_DAG_OWNER='Norman Ruiz' AIRFLOW_CTX_DAG_ID='asteroides-etl-dag' AIRFLOW_CTX_TASK_ID='asteroides-etl-task' AIRFLOW_CTX_EXECUTION_DATE='2023-07-25T00:00:00+00:00' AIRFLOW_CTX_TRY_NUMBER='1' AIRFLOW_CTX_DAG_RUN_ID='scheduled__2023-07-25T00:00:00+00:00'
[2023-10-30T01:02:18.272+0000] {subprocess.py:63} INFO - Tmp dir root location: /tmp
[2023-10-30T01:02:18.273+0000] {subprocess.py:75} INFO - Running command: ['/bin/bash', '-c', 'echo ya casi lo tengo!!!!']
[2023-10-30T01:02:18.292+0000] {subprocess.py:86} INFO - Output:
[2023-10-30T01:02:18.296+0000] {subprocess.py:93} INFO - ya casi lo tengo!!!!
[2023-10-30T01:02:18.296+0000] {subprocess.py:97} INFO - Command exited with return code 0
[2023-10-30T01:02:18.334+0000] {taskinstance.py:1400} INFO - Marking task as SUCCESS. dag_id=asteroides-etl-dag, task_id=asteroides-etl-task, execution_date=20230725T000000, start_date=20231030T010217, end_date=20231030T010218
[2023-10-30T01:02:18.379+0000] {local_task_job_runner.py:228} INFO - Task exited with return code 0
[2023-10-30T01:02:18.403+0000] {taskinstance.py:2778} INFO - 0 downstream tasks scheduled from follow-on schedule check
[2023-10-30T15:27:33.782+0000] {taskinstance.py:1159} INFO - Dependencies all met for dep_context=non-requeueable deps ti=<TaskInstance: asteroides-etl-dag.asteroides-etl-task scheduled__2023-07-25T00:00:00+00:00 [queued]>
[2023-10-30T15:27:33.800+0000] {taskinstance.py:1159} INFO - Dependencies all met for dep_context=requeueable deps ti=<TaskInstance: asteroides-etl-dag.asteroides-etl-task scheduled__2023-07-25T00:00:00+00:00 [queued]>
[2023-10-30T15:27:33.801+0000] {taskinstance.py:1361} INFO - Starting attempt 1 of 5
[2023-10-30T15:27:33.829+0000] {taskinstance.py:1382} INFO - Executing <Task(BashOperator): asteroides-etl-task> on 2023-07-25 00:00:00+00:00
[2023-10-30T15:27:33.839+0000] {standard_task_runner.py:57} INFO - Started process 3235 to run task
[2023-10-30T15:27:33.850+0000] {standard_task_runner.py:84} INFO - Running: ['***', 'tasks', 'run', 'asteroides-etl-dag', 'asteroides-etl-task', 'scheduled__2023-07-25T00:00:00+00:00', '--job-id', '251', '--raw', '--subdir', 'DAGS_FOLDER/asteroides-etl_dag.py', '--cfg-path', '/tmp/tmp6g4djurr']
[2023-10-30T15:27:33.854+0000] {standard_task_runner.py:85} INFO - Job 251: Subtask asteroides-etl-task
[2023-10-30T15:27:33.941+0000] {task_command.py:416} INFO - Running <TaskInstance: asteroides-etl-dag.asteroides-etl-task scheduled__2023-07-25T00:00:00+00:00 [running]> on host d87e86d3d093
[2023-10-30T15:27:34.077+0000] {taskinstance.py:1662} INFO - Exporting env vars: AIRFLOW_CTX_DAG_OWNER='Norman Ruiz' AIRFLOW_CTX_DAG_ID='asteroides-etl-dag' AIRFLOW_CTX_TASK_ID='asteroides-etl-task' AIRFLOW_CTX_EXECUTION_DATE='2023-07-25T00:00:00+00:00' AIRFLOW_CTX_TRY_NUMBER='1' AIRFLOW_CTX_DAG_RUN_ID='scheduled__2023-07-25T00:00:00+00:00'
[2023-10-30T15:27:34.082+0000] {subprocess.py:63} INFO - Tmp dir root location: /tmp
[2023-10-30T15:27:34.083+0000] {subprocess.py:75} INFO - Running command: ['/bin/bash', '-c', 'docker run -i asteroides-etl']
[2023-10-30T15:27:34.104+0000] {subprocess.py:86} INFO - Output:
[2023-10-30T15:27:34.143+0000] {subprocess.py:93} INFO - docker: Cannot connect to the Docker daemon at unix:///var/run/docker.sock. Is the docker daemon running?.
[2023-10-30T15:27:34.144+0000] {subprocess.py:93} INFO - See 'docker run --help'.
[2023-10-30T15:27:34.148+0000] {subprocess.py:97} INFO - Command exited with return code 125
[2023-10-30T15:27:34.165+0000] {taskinstance.py:1937} ERROR - Task failed with exception
Traceback (most recent call last):
  File "/home/airflow/.local/lib/python3.8/site-packages/airflow/operators/bash.py", line 210, in execute
    raise AirflowException(
airflow.exceptions.AirflowException: Bash command failed. The command returned a non-zero exit code 125.
[2023-10-30T15:27:34.172+0000] {taskinstance.py:1400} INFO - Marking task as UP_FOR_RETRY. dag_id=asteroides-etl-dag, task_id=asteroides-etl-task, execution_date=20230725T000000, start_date=20231030T152733, end_date=20231030T152734
[2023-10-30T15:27:34.194+0000] {standard_task_runner.py:104} ERROR - Failed to execute job 251 for task asteroides-etl-task (Bash command failed. The command returned a non-zero exit code 125.; 3235)
[2023-10-30T15:27:34.220+0000] {local_task_job_runner.py:228} INFO - Task exited with return code 1
[2023-10-30T15:27:34.251+0000] {taskinstance.py:2778} INFO - 0 downstream tasks scheduled from follow-on schedule check
[2023-10-30T19:26:18.413+0000] {taskinstance.py:1159} INFO - Dependencies all met for dep_context=non-requeueable deps ti=<TaskInstance: asteroides-etl-dag.asteroides-etl-task scheduled__2023-07-25T00:00:00+00:00 [queued]>
[2023-10-30T19:26:18.432+0000] {taskinstance.py:1159} INFO - Dependencies all met for dep_context=requeueable deps ti=<TaskInstance: asteroides-etl-dag.asteroides-etl-task scheduled__2023-07-25T00:00:00+00:00 [queued]>
[2023-10-30T19:26:18.434+0000] {taskinstance.py:1361} INFO - Starting attempt 1 of 5
[2023-10-30T19:26:18.461+0000] {taskinstance.py:1382} INFO - Executing <Task(BashOperator): asteroides-etl-task> on 2023-07-25 00:00:00+00:00
[2023-10-30T19:26:18.473+0000] {standard_task_runner.py:57} INFO - Started process 8624 to run task
[2023-10-30T19:26:18.484+0000] {standard_task_runner.py:84} INFO - Running: ['***', 'tasks', 'run', 'asteroides-etl-dag', 'asteroides-etl-task', 'scheduled__2023-07-25T00:00:00+00:00', '--job-id', '926', '--raw', '--subdir', 'DAGS_FOLDER/asteroides-etl_dag.py', '--cfg-path', '/tmp/tmpwdoifu7c']
[2023-10-30T19:26:18.490+0000] {standard_task_runner.py:85} INFO - Job 926: Subtask asteroides-etl-task
[2023-10-30T19:26:18.580+0000] {task_command.py:416} INFO - Running <TaskInstance: asteroides-etl-dag.asteroides-etl-task scheduled__2023-07-25T00:00:00+00:00 [running]> on host d87e86d3d093
[2023-10-30T19:26:18.741+0000] {taskinstance.py:1662} INFO - Exporting env vars: AIRFLOW_CTX_DAG_OWNER='Norman Ruiz' AIRFLOW_CTX_DAG_ID='asteroides-etl-dag' AIRFLOW_CTX_TASK_ID='asteroides-etl-task' AIRFLOW_CTX_EXECUTION_DATE='2023-07-25T00:00:00+00:00' AIRFLOW_CTX_TRY_NUMBER='1' AIRFLOW_CTX_DAG_RUN_ID='scheduled__2023-07-25T00:00:00+00:00'
[2023-10-30T19:26:18.744+0000] {subprocess.py:63} INFO - Tmp dir root location: /tmp
[2023-10-30T19:26:18.745+0000] {subprocess.py:75} INFO - Running command: ['/bin/bash', '-c', 'echo "Corrio !!!!"']
[2023-10-30T19:26:18.789+0000] {subprocess.py:86} INFO - Output:
[2023-10-30T19:26:18.791+0000] {subprocess.py:93} INFO - Corrio !!!!
[2023-10-30T19:26:18.793+0000] {subprocess.py:97} INFO - Command exited with return code 0
[2023-10-30T19:26:18.844+0000] {taskinstance.py:1400} INFO - Marking task as SUCCESS. dag_id=asteroides-etl-dag, task_id=asteroides-etl-task, execution_date=20230725T000000, start_date=20231030T192618, end_date=20231030T192618
[2023-10-30T19:26:18.896+0000] {local_task_job_runner.py:228} INFO - Task exited with return code 0
[2023-10-30T19:26:18.977+0000] {taskinstance.py:2778} INFO - 0 downstream tasks scheduled from follow-on schedule check
