[2023-10-30T01:02:02.566+0000] {taskinstance.py:1159} INFO - Dependencies all met for dep_context=non-requeueable deps ti=<TaskInstance: asteroides-etl-dag.asteroides-etl-task scheduled__2023-06-29T00:00:00+00:00 [queued]>
[2023-10-30T01:02:02.583+0000] {taskinstance.py:1159} INFO - Dependencies all met for dep_context=requeueable deps ti=<TaskInstance: asteroides-etl-dag.asteroides-etl-task scheduled__2023-06-29T00:00:00+00:00 [queued]>
[2023-10-30T01:02:02.584+0000] {taskinstance.py:1361} INFO - Starting attempt 1 of 5
[2023-10-30T01:02:02.606+0000] {taskinstance.py:1382} INFO - Executing <Task(BashOperator): asteroides-etl-task> on 2023-06-29 00:00:00+00:00
[2023-10-30T01:02:02.615+0000] {standard_task_runner.py:57} INFO - Started process 1454 to run task
[2023-10-30T01:02:02.619+0000] {standard_task_runner.py:84} INFO - Running: ['***', 'tasks', 'run', 'asteroides-etl-dag', 'asteroides-etl-task', 'scheduled__2023-06-29T00:00:00+00:00', '--job-id', '32', '--raw', '--subdir', 'DAGS_FOLDER/asteroides-etl_dag.py', '--cfg-path', '/tmp/tmph2qewn9m']
[2023-10-30T01:02:02.621+0000] {standard_task_runner.py:85} INFO - Job 32: Subtask asteroides-etl-task
[2023-10-30T01:02:02.690+0000] {task_command.py:416} INFO - Running <TaskInstance: asteroides-etl-dag.asteroides-etl-task scheduled__2023-06-29T00:00:00+00:00 [running]> on host ac9f9bef16c9
[2023-10-30T01:02:02.815+0000] {taskinstance.py:1662} INFO - Exporting env vars: AIRFLOW_CTX_DAG_OWNER='Norman Ruiz' AIRFLOW_CTX_DAG_ID='asteroides-etl-dag' AIRFLOW_CTX_TASK_ID='asteroides-etl-task' AIRFLOW_CTX_EXECUTION_DATE='2023-06-29T00:00:00+00:00' AIRFLOW_CTX_TRY_NUMBER='1' AIRFLOW_CTX_DAG_RUN_ID='scheduled__2023-06-29T00:00:00+00:00'
[2023-10-30T01:02:02.817+0000] {subprocess.py:63} INFO - Tmp dir root location: /tmp
[2023-10-30T01:02:02.818+0000] {subprocess.py:75} INFO - Running command: ['/bin/bash', '-c', 'echo ya casi lo tengo!!!!']
[2023-10-30T01:02:02.835+0000] {subprocess.py:86} INFO - Output:
[2023-10-30T01:02:02.838+0000] {subprocess.py:93} INFO - ya casi lo tengo!!!!
[2023-10-30T01:02:02.839+0000] {subprocess.py:97} INFO - Command exited with return code 0
[2023-10-30T01:02:02.873+0000] {taskinstance.py:1400} INFO - Marking task as SUCCESS. dag_id=asteroides-etl-dag, task_id=asteroides-etl-task, execution_date=20230629T000000, start_date=20231030T010202, end_date=20231030T010202
[2023-10-30T01:02:02.912+0000] {local_task_job_runner.py:228} INFO - Task exited with return code 0
[2023-10-30T01:02:02.938+0000] {taskinstance.py:2778} INFO - 0 downstream tasks scheduled from follow-on schedule check
[2023-10-30T15:11:09.872+0000] {taskinstance.py:1159} INFO - Dependencies all met for dep_context=non-requeueable deps ti=<TaskInstance: asteroides-etl-dag.asteroides-etl-task scheduled__2023-06-29T00:00:00+00:00 [queued]>
[2023-10-30T15:11:09.886+0000] {taskinstance.py:1159} INFO - Dependencies all met for dep_context=requeueable deps ti=<TaskInstance: asteroides-etl-dag.asteroides-etl-task scheduled__2023-06-29T00:00:00+00:00 [queued]>
[2023-10-30T15:11:09.887+0000] {taskinstance.py:1361} INFO - Starting attempt 1 of 5
[2023-10-30T15:11:10.030+0000] {taskinstance.py:1382} INFO - Executing <Task(BashOperator): asteroides-etl-task> on 2023-06-29 00:00:00+00:00
[2023-10-30T15:11:10.039+0000] {standard_task_runner.py:57} INFO - Started process 1253 to run task
[2023-10-30T15:11:10.045+0000] {standard_task_runner.py:84} INFO - Running: ['***', 'tasks', 'run', 'asteroides-etl-dag', 'asteroides-etl-task', 'scheduled__2023-06-29T00:00:00+00:00', '--job-id', '96', '--raw', '--subdir', 'DAGS_FOLDER/asteroides-etl_dag.py', '--cfg-path', '/tmp/tmprfh1e4vx']
[2023-10-30T15:11:10.047+0000] {standard_task_runner.py:85} INFO - Job 96: Subtask asteroides-etl-task
[2023-10-30T15:11:10.126+0000] {task_command.py:416} INFO - Running <TaskInstance: asteroides-etl-dag.asteroides-etl-task scheduled__2023-06-29T00:00:00+00:00 [running]> on host d87e86d3d093
[2023-10-30T15:11:10.236+0000] {taskinstance.py:1662} INFO - Exporting env vars: AIRFLOW_CTX_DAG_OWNER='Norman Ruiz' AIRFLOW_CTX_DAG_ID='asteroides-etl-dag' AIRFLOW_CTX_TASK_ID='asteroides-etl-task' AIRFLOW_CTX_EXECUTION_DATE='2023-06-29T00:00:00+00:00' AIRFLOW_CTX_TRY_NUMBER='1' AIRFLOW_CTX_DAG_RUN_ID='scheduled__2023-06-29T00:00:00+00:00'
[2023-10-30T15:11:10.238+0000] {subprocess.py:63} INFO - Tmp dir root location: /tmp
[2023-10-30T15:11:10.240+0000] {subprocess.py:75} INFO - Running command: ['/bin/bash', '-c', 'docker run -it asteroides-etl']
[2023-10-30T15:11:10.257+0000] {subprocess.py:86} INFO - Output:
[2023-10-30T15:11:10.283+0000] {subprocess.py:93} INFO - the input device is not a TTY
[2023-10-30T15:11:10.285+0000] {subprocess.py:97} INFO - Command exited with return code 1
[2023-10-30T15:11:10.299+0000] {taskinstance.py:1937} ERROR - Task failed with exception
Traceback (most recent call last):
  File "/home/airflow/.local/lib/python3.8/site-packages/airflow/operators/bash.py", line 210, in execute
    raise AirflowException(
airflow.exceptions.AirflowException: Bash command failed. The command returned a non-zero exit code 1.
[2023-10-30T15:11:10.305+0000] {taskinstance.py:1400} INFO - Marking task as UP_FOR_RETRY. dag_id=asteroides-etl-dag, task_id=asteroides-etl-task, execution_date=20230629T000000, start_date=20231030T151109, end_date=20231030T151110
[2023-10-30T15:11:10.321+0000] {standard_task_runner.py:104} ERROR - Failed to execute job 96 for task asteroides-etl-task (Bash command failed. The command returned a non-zero exit code 1.; 1253)
[2023-10-30T15:11:10.337+0000] {local_task_job_runner.py:228} INFO - Task exited with return code 1
[2023-10-30T15:11:10.361+0000] {taskinstance.py:2778} INFO - 0 downstream tasks scheduled from follow-on schedule check
[2023-10-30T19:25:21.964+0000] {taskinstance.py:1159} INFO - Dependencies all met for dep_context=non-requeueable deps ti=<TaskInstance: asteroides-etl-dag.asteroides-etl-task scheduled__2023-06-29T00:00:00+00:00 [queued]>
[2023-10-30T19:25:21.979+0000] {taskinstance.py:1159} INFO - Dependencies all met for dep_context=requeueable deps ti=<TaskInstance: asteroides-etl-dag.asteroides-etl-task scheduled__2023-06-29T00:00:00+00:00 [queued]>
[2023-10-30T19:25:21.979+0000] {taskinstance.py:1361} INFO - Starting attempt 1 of 5
[2023-10-30T19:25:22.052+0000] {taskinstance.py:1382} INFO - Executing <Task(BashOperator): asteroides-etl-task> on 2023-06-29 00:00:00+00:00
[2023-10-30T19:25:22.068+0000] {standard_task_runner.py:57} INFO - Started process 8379 to run task
[2023-10-30T19:25:22.075+0000] {standard_task_runner.py:84} INFO - Running: ['***', 'tasks', 'run', 'asteroides-etl-dag', 'asteroides-etl-task', 'scheduled__2023-06-29T00:00:00+00:00', '--job-id', '850', '--raw', '--subdir', 'DAGS_FOLDER/asteroides-etl_dag.py', '--cfg-path', '/tmp/tmpl5pw90kk']
[2023-10-30T19:25:22.078+0000] {standard_task_runner.py:85} INFO - Job 850: Subtask asteroides-etl-task
[2023-10-30T19:25:22.175+0000] {task_command.py:416} INFO - Running <TaskInstance: asteroides-etl-dag.asteroides-etl-task scheduled__2023-06-29T00:00:00+00:00 [running]> on host d87e86d3d093
[2023-10-30T19:25:22.319+0000] {taskinstance.py:1662} INFO - Exporting env vars: AIRFLOW_CTX_DAG_OWNER='Norman Ruiz' AIRFLOW_CTX_DAG_ID='asteroides-etl-dag' AIRFLOW_CTX_TASK_ID='asteroides-etl-task' AIRFLOW_CTX_EXECUTION_DATE='2023-06-29T00:00:00+00:00' AIRFLOW_CTX_TRY_NUMBER='1' AIRFLOW_CTX_DAG_RUN_ID='scheduled__2023-06-29T00:00:00+00:00'
[2023-10-30T19:25:22.323+0000] {subprocess.py:63} INFO - Tmp dir root location: /tmp
[2023-10-30T19:25:22.324+0000] {subprocess.py:75} INFO - Running command: ['/bin/bash', '-c', 'echo "Corrio !!!!"']
[2023-10-30T19:25:22.344+0000] {subprocess.py:86} INFO - Output:
[2023-10-30T19:25:22.347+0000] {subprocess.py:93} INFO - Corrio !!!!
[2023-10-30T19:25:22.348+0000] {subprocess.py:97} INFO - Command exited with return code 0
[2023-10-30T19:25:22.382+0000] {taskinstance.py:1400} INFO - Marking task as SUCCESS. dag_id=asteroides-etl-dag, task_id=asteroides-etl-task, execution_date=20230629T000000, start_date=20231030T192521, end_date=20231030T192522
[2023-10-30T19:25:22.417+0000] {local_task_job_runner.py:228} INFO - Task exited with return code 0
[2023-10-30T19:25:22.452+0000] {taskinstance.py:2778} INFO - 0 downstream tasks scheduled from follow-on schedule check
[2023-10-30T19:26:02.315+0000] {taskinstance.py:1159} INFO - Dependencies all met for dep_context=non-requeueable deps ti=<TaskInstance: asteroides-etl-dag.asteroides-etl-task scheduled__2023-06-29T00:00:00+00:00 [queued]>
[2023-10-30T19:26:02.333+0000] {taskinstance.py:1159} INFO - Dependencies all met for dep_context=requeueable deps ti=<TaskInstance: asteroides-etl-dag.asteroides-etl-task scheduled__2023-06-29T00:00:00+00:00 [queued]>
[2023-10-30T19:26:02.334+0000] {taskinstance.py:1361} INFO - Starting attempt 1 of 5
[2023-10-30T19:26:02.371+0000] {taskinstance.py:1382} INFO - Executing <Task(BashOperator): asteroides-etl-task> on 2023-06-29 00:00:00+00:00
[2023-10-30T19:26:02.381+0000] {standard_task_runner.py:57} INFO - Started process 8537 to run task
[2023-10-30T19:26:02.388+0000] {standard_task_runner.py:84} INFO - Running: ['***', 'tasks', 'run', 'asteroides-etl-dag', 'asteroides-etl-task', 'scheduled__2023-06-29T00:00:00+00:00', '--job-id', '900', '--raw', '--subdir', 'DAGS_FOLDER/asteroides-etl_dag.py', '--cfg-path', '/tmp/tmpttr14h9k']
[2023-10-30T19:26:02.391+0000] {standard_task_runner.py:85} INFO - Job 900: Subtask asteroides-etl-task
[2023-10-30T19:26:02.488+0000] {task_command.py:416} INFO - Running <TaskInstance: asteroides-etl-dag.asteroides-etl-task scheduled__2023-06-29T00:00:00+00:00 [running]> on host d87e86d3d093
[2023-10-30T19:26:02.653+0000] {taskinstance.py:1662} INFO - Exporting env vars: AIRFLOW_CTX_DAG_OWNER='Norman Ruiz' AIRFLOW_CTX_DAG_ID='asteroides-etl-dag' AIRFLOW_CTX_TASK_ID='asteroides-etl-task' AIRFLOW_CTX_EXECUTION_DATE='2023-06-29T00:00:00+00:00' AIRFLOW_CTX_TRY_NUMBER='1' AIRFLOW_CTX_DAG_RUN_ID='scheduled__2023-06-29T00:00:00+00:00'
[2023-10-30T19:26:02.656+0000] {subprocess.py:63} INFO - Tmp dir root location: /tmp
[2023-10-30T19:26:02.658+0000] {subprocess.py:75} INFO - Running command: ['/bin/bash', '-c', 'echo "Corrio !!!!"']
[2023-10-30T19:26:02.686+0000] {subprocess.py:86} INFO - Output:
[2023-10-30T19:26:02.691+0000] {subprocess.py:93} INFO - Corrio !!!!
[2023-10-30T19:26:02.692+0000] {subprocess.py:97} INFO - Command exited with return code 0
[2023-10-30T19:26:02.759+0000] {taskinstance.py:1400} INFO - Marking task as SUCCESS. dag_id=asteroides-etl-dag, task_id=asteroides-etl-task, execution_date=20230629T000000, start_date=20231030T192602, end_date=20231030T192602
[2023-10-30T19:26:02.810+0000] {local_task_job_runner.py:228} INFO - Task exited with return code 0
[2023-10-30T19:26:02.948+0000] {taskinstance.py:2778} INFO - 0 downstream tasks scheduled from follow-on schedule check
