[2023-10-30T01:01:58.304+0000] {taskinstance.py:1159} INFO - Dependencies all met for dep_context=non-requeueable deps ti=<TaskInstance: asteroides-etl-dag.asteroides-etl-task scheduled__2023-06-21T00:00:00+00:00 [queued]>
[2023-10-30T01:01:58.322+0000] {taskinstance.py:1159} INFO - Dependencies all met for dep_context=requeueable deps ti=<TaskInstance: asteroides-etl-dag.asteroides-etl-task scheduled__2023-06-21T00:00:00+00:00 [queued]>
[2023-10-30T01:01:58.322+0000] {taskinstance.py:1361} INFO - Starting attempt 1 of 5
[2023-10-30T01:01:58.351+0000] {taskinstance.py:1382} INFO - Executing <Task(BashOperator): asteroides-etl-task> on 2023-06-21 00:00:00+00:00
[2023-10-30T01:01:58.361+0000] {standard_task_runner.py:57} INFO - Started process 1431 to run task
[2023-10-30T01:01:58.366+0000] {standard_task_runner.py:84} INFO - Running: ['***', 'tasks', 'run', 'asteroides-etl-dag', 'asteroides-etl-task', 'scheduled__2023-06-21T00:00:00+00:00', '--job-id', '24', '--raw', '--subdir', 'DAGS_FOLDER/asteroides-etl_dag.py', '--cfg-path', '/tmp/tmp5upgw4fw']
[2023-10-30T01:01:58.368+0000] {standard_task_runner.py:85} INFO - Job 24: Subtask asteroides-etl-task
[2023-10-30T01:01:58.445+0000] {task_command.py:416} INFO - Running <TaskInstance: asteroides-etl-dag.asteroides-etl-task scheduled__2023-06-21T00:00:00+00:00 [running]> on host ac9f9bef16c9
[2023-10-30T01:01:58.597+0000] {taskinstance.py:1662} INFO - Exporting env vars: AIRFLOW_CTX_DAG_OWNER='Norman Ruiz' AIRFLOW_CTX_DAG_ID='asteroides-etl-dag' AIRFLOW_CTX_TASK_ID='asteroides-etl-task' AIRFLOW_CTX_EXECUTION_DATE='2023-06-21T00:00:00+00:00' AIRFLOW_CTX_TRY_NUMBER='1' AIRFLOW_CTX_DAG_RUN_ID='scheduled__2023-06-21T00:00:00+00:00'
[2023-10-30T01:01:58.599+0000] {subprocess.py:63} INFO - Tmp dir root location: /tmp
[2023-10-30T01:01:58.601+0000] {subprocess.py:75} INFO - Running command: ['/bin/bash', '-c', 'echo ya casi lo tengo!!!!']
[2023-10-30T01:01:58.624+0000] {subprocess.py:86} INFO - Output:
[2023-10-30T01:01:58.627+0000] {subprocess.py:93} INFO - ya casi lo tengo!!!!
[2023-10-30T01:01:58.628+0000] {subprocess.py:97} INFO - Command exited with return code 0
[2023-10-30T01:01:58.667+0000] {taskinstance.py:1400} INFO - Marking task as SUCCESS. dag_id=asteroides-etl-dag, task_id=asteroides-etl-task, execution_date=20230621T000000, start_date=20231030T010158, end_date=20231030T010158
[2023-10-30T01:01:58.699+0000] {local_task_job_runner.py:228} INFO - Task exited with return code 0
[2023-10-30T01:01:58.722+0000] {taskinstance.py:2778} INFO - 0 downstream tasks scheduled from follow-on schedule check
[2023-10-30T15:11:07.411+0000] {taskinstance.py:1159} INFO - Dependencies all met for dep_context=non-requeueable deps ti=<TaskInstance: asteroides-etl-dag.asteroides-etl-task scheduled__2023-06-21T00:00:00+00:00 [queued]>
[2023-10-30T15:11:07.429+0000] {taskinstance.py:1159} INFO - Dependencies all met for dep_context=requeueable deps ti=<TaskInstance: asteroides-etl-dag.asteroides-etl-task scheduled__2023-06-21T00:00:00+00:00 [queued]>
[2023-10-30T15:11:07.430+0000] {taskinstance.py:1361} INFO - Starting attempt 1 of 5
[2023-10-30T15:11:07.469+0000] {taskinstance.py:1382} INFO - Executing <Task(BashOperator): asteroides-etl-task> on 2023-06-21 00:00:00+00:00
[2023-10-30T15:11:07.479+0000] {standard_task_runner.py:57} INFO - Started process 1153 to run task
[2023-10-30T15:11:07.485+0000] {standard_task_runner.py:84} INFO - Running: ['***', 'tasks', 'run', 'asteroides-etl-dag', 'asteroides-etl-task', 'scheduled__2023-06-21T00:00:00+00:00', '--job-id', '88', '--raw', '--subdir', 'DAGS_FOLDER/asteroides-etl_dag.py', '--cfg-path', '/tmp/tmpz5sqv4o4']
[2023-10-30T15:11:07.487+0000] {standard_task_runner.py:85} INFO - Job 88: Subtask asteroides-etl-task
[2023-10-30T15:11:07.578+0000] {task_command.py:416} INFO - Running <TaskInstance: asteroides-etl-dag.asteroides-etl-task scheduled__2023-06-21T00:00:00+00:00 [running]> on host d87e86d3d093
[2023-10-30T15:11:07.726+0000] {taskinstance.py:1662} INFO - Exporting env vars: AIRFLOW_CTX_DAG_OWNER='Norman Ruiz' AIRFLOW_CTX_DAG_ID='asteroides-etl-dag' AIRFLOW_CTX_TASK_ID='asteroides-etl-task' AIRFLOW_CTX_EXECUTION_DATE='2023-06-21T00:00:00+00:00' AIRFLOW_CTX_TRY_NUMBER='1' AIRFLOW_CTX_DAG_RUN_ID='scheduled__2023-06-21T00:00:00+00:00'
[2023-10-30T15:11:07.728+0000] {subprocess.py:63} INFO - Tmp dir root location: /tmp
[2023-10-30T15:11:07.731+0000] {subprocess.py:75} INFO - Running command: ['/bin/bash', '-c', 'docker run -it asteroides-etl']
[2023-10-30T15:11:07.758+0000] {subprocess.py:86} INFO - Output:
[2023-10-30T15:11:07.801+0000] {subprocess.py:93} INFO - the input device is not a TTY
[2023-10-30T15:11:07.805+0000] {subprocess.py:97} INFO - Command exited with return code 1
[2023-10-30T15:11:07.834+0000] {taskinstance.py:1937} ERROR - Task failed with exception
Traceback (most recent call last):
  File "/home/airflow/.local/lib/python3.8/site-packages/airflow/operators/bash.py", line 210, in execute
    raise AirflowException(
airflow.exceptions.AirflowException: Bash command failed. The command returned a non-zero exit code 1.
[2023-10-30T15:11:07.842+0000] {taskinstance.py:1400} INFO - Marking task as UP_FOR_RETRY. dag_id=asteroides-etl-dag, task_id=asteroides-etl-task, execution_date=20230621T000000, start_date=20231030T151107, end_date=20231030T151107
[2023-10-30T15:11:07.992+0000] {standard_task_runner.py:104} ERROR - Failed to execute job 88 for task asteroides-etl-task (Bash command failed. The command returned a non-zero exit code 1.; 1153)
[2023-10-30T15:11:08.021+0000] {local_task_job_runner.py:228} INFO - Task exited with return code 1
[2023-10-30T15:11:08.068+0000] {taskinstance.py:2778} INFO - 0 downstream tasks scheduled from follow-on schedule check
[2023-10-30T19:25:17.898+0000] {taskinstance.py:1159} INFO - Dependencies all met for dep_context=non-requeueable deps ti=<TaskInstance: asteroides-etl-dag.asteroides-etl-task scheduled__2023-06-21T00:00:00+00:00 [queued]>
[2023-10-30T19:25:17.912+0000] {taskinstance.py:1159} INFO - Dependencies all met for dep_context=requeueable deps ti=<TaskInstance: asteroides-etl-dag.asteroides-etl-task scheduled__2023-06-21T00:00:00+00:00 [queued]>
[2023-10-30T19:25:17.913+0000] {taskinstance.py:1361} INFO - Starting attempt 1 of 5
[2023-10-30T19:25:18.016+0000] {taskinstance.py:1382} INFO - Executing <Task(BashOperator): asteroides-etl-task> on 2023-06-21 00:00:00+00:00
[2023-10-30T19:25:18.028+0000] {standard_task_runner.py:57} INFO - Started process 8356 to run task
[2023-10-30T19:25:18.037+0000] {standard_task_runner.py:84} INFO - Running: ['***', 'tasks', 'run', 'asteroides-etl-dag', 'asteroides-etl-task', 'scheduled__2023-06-21T00:00:00+00:00', '--job-id', '842', '--raw', '--subdir', 'DAGS_FOLDER/asteroides-etl_dag.py', '--cfg-path', '/tmp/tmp2mhcr94l']
[2023-10-30T19:25:18.039+0000] {standard_task_runner.py:85} INFO - Job 842: Subtask asteroides-etl-task
[2023-10-30T19:25:18.120+0000] {task_command.py:416} INFO - Running <TaskInstance: asteroides-etl-dag.asteroides-etl-task scheduled__2023-06-21T00:00:00+00:00 [running]> on host d87e86d3d093
[2023-10-30T19:25:18.259+0000] {taskinstance.py:1662} INFO - Exporting env vars: AIRFLOW_CTX_DAG_OWNER='Norman Ruiz' AIRFLOW_CTX_DAG_ID='asteroides-etl-dag' AIRFLOW_CTX_TASK_ID='asteroides-etl-task' AIRFLOW_CTX_EXECUTION_DATE='2023-06-21T00:00:00+00:00' AIRFLOW_CTX_TRY_NUMBER='1' AIRFLOW_CTX_DAG_RUN_ID='scheduled__2023-06-21T00:00:00+00:00'
[2023-10-30T19:25:18.263+0000] {subprocess.py:63} INFO - Tmp dir root location: /tmp
[2023-10-30T19:25:18.264+0000] {subprocess.py:75} INFO - Running command: ['/bin/bash', '-c', 'echo "Corrio !!!!"']
[2023-10-30T19:25:18.283+0000] {subprocess.py:86} INFO - Output:
[2023-10-30T19:25:18.286+0000] {subprocess.py:93} INFO - Corrio !!!!
[2023-10-30T19:25:18.287+0000] {subprocess.py:97} INFO - Command exited with return code 0
[2023-10-30T19:25:18.322+0000] {taskinstance.py:1400} INFO - Marking task as SUCCESS. dag_id=asteroides-etl-dag, task_id=asteroides-etl-task, execution_date=20230621T000000, start_date=20231030T192517, end_date=20231030T192518
[2023-10-30T19:25:18.368+0000] {local_task_job_runner.py:228} INFO - Task exited with return code 0
[2023-10-30T19:25:18.395+0000] {taskinstance.py:2778} INFO - 0 downstream tasks scheduled from follow-on schedule check
[2023-10-30T19:25:56.119+0000] {taskinstance.py:1159} INFO - Dependencies all met for dep_context=non-requeueable deps ti=<TaskInstance: asteroides-etl-dag.asteroides-etl-task scheduled__2023-06-21T00:00:00+00:00 [queued]>
[2023-10-30T19:25:56.134+0000] {taskinstance.py:1159} INFO - Dependencies all met for dep_context=requeueable deps ti=<TaskInstance: asteroides-etl-dag.asteroides-etl-task scheduled__2023-06-21T00:00:00+00:00 [queued]>
[2023-10-30T19:25:56.134+0000] {taskinstance.py:1361} INFO - Starting attempt 1 of 5
[2023-10-30T19:25:56.155+0000] {taskinstance.py:1382} INFO - Executing <Task(BashOperator): asteroides-etl-task> on 2023-06-21 00:00:00+00:00
[2023-10-30T19:25:56.163+0000] {standard_task_runner.py:57} INFO - Started process 8511 to run task
[2023-10-30T19:25:56.169+0000] {standard_task_runner.py:84} INFO - Running: ['***', 'tasks', 'run', 'asteroides-etl-dag', 'asteroides-etl-task', 'scheduled__2023-06-21T00:00:00+00:00', '--job-id', '892', '--raw', '--subdir', 'DAGS_FOLDER/asteroides-etl_dag.py', '--cfg-path', '/tmp/tmpzuuh0kt3']
[2023-10-30T19:25:56.170+0000] {standard_task_runner.py:85} INFO - Job 892: Subtask asteroides-etl-task
[2023-10-30T19:25:56.240+0000] {task_command.py:416} INFO - Running <TaskInstance: asteroides-etl-dag.asteroides-etl-task scheduled__2023-06-21T00:00:00+00:00 [running]> on host d87e86d3d093
[2023-10-30T19:25:56.365+0000] {taskinstance.py:1662} INFO - Exporting env vars: AIRFLOW_CTX_DAG_OWNER='Norman Ruiz' AIRFLOW_CTX_DAG_ID='asteroides-etl-dag' AIRFLOW_CTX_TASK_ID='asteroides-etl-task' AIRFLOW_CTX_EXECUTION_DATE='2023-06-21T00:00:00+00:00' AIRFLOW_CTX_TRY_NUMBER='1' AIRFLOW_CTX_DAG_RUN_ID='scheduled__2023-06-21T00:00:00+00:00'
[2023-10-30T19:25:56.366+0000] {subprocess.py:63} INFO - Tmp dir root location: /tmp
[2023-10-30T19:25:56.368+0000] {subprocess.py:75} INFO - Running command: ['/bin/bash', '-c', 'echo "Corrio !!!!"']
[2023-10-30T19:25:56.391+0000] {subprocess.py:86} INFO - Output:
[2023-10-30T19:25:56.394+0000] {subprocess.py:93} INFO - Corrio !!!!
[2023-10-30T19:25:56.395+0000] {subprocess.py:97} INFO - Command exited with return code 0
[2023-10-30T19:25:56.427+0000] {taskinstance.py:1400} INFO - Marking task as SUCCESS. dag_id=asteroides-etl-dag, task_id=asteroides-etl-task, execution_date=20230621T000000, start_date=20231030T192556, end_date=20231030T192556
[2023-10-30T19:25:56.461+0000] {local_task_job_runner.py:228} INFO - Task exited with return code 0
[2023-10-30T19:25:56.483+0000] {taskinstance.py:2778} INFO - 0 downstream tasks scheduled from follow-on schedule check
