[2023-10-30T01:01:57.756+0000] {taskinstance.py:1159} INFO - Dependencies all met for dep_context=non-requeueable deps ti=<TaskInstance: asteroides-etl-dag.asteroides-etl-task scheduled__2023-06-19T00:00:00+00:00 [queued]>
[2023-10-30T01:01:57.779+0000] {taskinstance.py:1159} INFO - Dependencies all met for dep_context=requeueable deps ti=<TaskInstance: asteroides-etl-dag.asteroides-etl-task scheduled__2023-06-19T00:00:00+00:00 [queued]>
[2023-10-30T01:01:57.781+0000] {taskinstance.py:1361} INFO - Starting attempt 1 of 5
[2023-10-30T01:01:57.858+0000] {taskinstance.py:1382} INFO - Executing <Task(BashOperator): asteroides-etl-task> on 2023-06-19 00:00:00+00:00
[2023-10-30T01:01:57.870+0000] {standard_task_runner.py:57} INFO - Started process 1426 to run task
[2023-10-30T01:01:57.875+0000] {standard_task_runner.py:84} INFO - Running: ['***', 'tasks', 'run', 'asteroides-etl-dag', 'asteroides-etl-task', 'scheduled__2023-06-19T00:00:00+00:00', '--job-id', '22', '--raw', '--subdir', 'DAGS_FOLDER/asteroides-etl_dag.py', '--cfg-path', '/tmp/tmpwu7pickv']
[2023-10-30T01:01:57.877+0000] {standard_task_runner.py:85} INFO - Job 22: Subtask asteroides-etl-task
[2023-10-30T01:01:57.994+0000] {task_command.py:416} INFO - Running <TaskInstance: asteroides-etl-dag.asteroides-etl-task scheduled__2023-06-19T00:00:00+00:00 [running]> on host ac9f9bef16c9
[2023-10-30T01:01:58.183+0000] {taskinstance.py:1662} INFO - Exporting env vars: AIRFLOW_CTX_DAG_OWNER='Norman Ruiz' AIRFLOW_CTX_DAG_ID='asteroides-etl-dag' AIRFLOW_CTX_TASK_ID='asteroides-etl-task' AIRFLOW_CTX_EXECUTION_DATE='2023-06-19T00:00:00+00:00' AIRFLOW_CTX_TRY_NUMBER='1' AIRFLOW_CTX_DAG_RUN_ID='scheduled__2023-06-19T00:00:00+00:00'
[2023-10-30T01:01:58.187+0000] {subprocess.py:63} INFO - Tmp dir root location: /tmp
[2023-10-30T01:01:58.189+0000] {subprocess.py:75} INFO - Running command: ['/bin/bash', '-c', 'echo ya casi lo tengo!!!!']
[2023-10-30T01:01:58.215+0000] {subprocess.py:86} INFO - Output:
[2023-10-30T01:01:58.218+0000] {subprocess.py:93} INFO - ya casi lo tengo!!!!
[2023-10-30T01:01:58.219+0000] {subprocess.py:97} INFO - Command exited with return code 0
[2023-10-30T01:01:58.261+0000] {taskinstance.py:1400} INFO - Marking task as SUCCESS. dag_id=asteroides-etl-dag, task_id=asteroides-etl-task, execution_date=20230619T000000, start_date=20231030T010157, end_date=20231030T010158
[2023-10-30T01:01:58.304+0000] {local_task_job_runner.py:228} INFO - Task exited with return code 0
[2023-10-30T01:01:58.334+0000] {taskinstance.py:2778} INFO - 0 downstream tasks scheduled from follow-on schedule check
[2023-10-30T15:11:06.840+0000] {taskinstance.py:1159} INFO - Dependencies all met for dep_context=non-requeueable deps ti=<TaskInstance: asteroides-etl-dag.asteroides-etl-task scheduled__2023-06-19T00:00:00+00:00 [queued]>
[2023-10-30T15:11:06.861+0000] {taskinstance.py:1159} INFO - Dependencies all met for dep_context=requeueable deps ti=<TaskInstance: asteroides-etl-dag.asteroides-etl-task scheduled__2023-06-19T00:00:00+00:00 [queued]>
[2023-10-30T15:11:06.862+0000] {taskinstance.py:1361} INFO - Starting attempt 1 of 5
[2023-10-30T15:11:06.890+0000] {taskinstance.py:1382} INFO - Executing <Task(BashOperator): asteroides-etl-task> on 2023-06-19 00:00:00+00:00
[2023-10-30T15:11:06.900+0000] {standard_task_runner.py:57} INFO - Started process 1140 to run task
[2023-10-30T15:11:06.905+0000] {standard_task_runner.py:84} INFO - Running: ['***', 'tasks', 'run', 'asteroides-etl-dag', 'asteroides-etl-task', 'scheduled__2023-06-19T00:00:00+00:00', '--job-id', '86', '--raw', '--subdir', 'DAGS_FOLDER/asteroides-etl_dag.py', '--cfg-path', '/tmp/tmplrqdsynv']
[2023-10-30T15:11:06.907+0000] {standard_task_runner.py:85} INFO - Job 86: Subtask asteroides-etl-task
[2023-10-30T15:11:06.985+0000] {task_command.py:416} INFO - Running <TaskInstance: asteroides-etl-dag.asteroides-etl-task scheduled__2023-06-19T00:00:00+00:00 [running]> on host d87e86d3d093
[2023-10-30T15:11:07.160+0000] {taskinstance.py:1662} INFO - Exporting env vars: AIRFLOW_CTX_DAG_OWNER='Norman Ruiz' AIRFLOW_CTX_DAG_ID='asteroides-etl-dag' AIRFLOW_CTX_TASK_ID='asteroides-etl-task' AIRFLOW_CTX_EXECUTION_DATE='2023-06-19T00:00:00+00:00' AIRFLOW_CTX_TRY_NUMBER='1' AIRFLOW_CTX_DAG_RUN_ID='scheduled__2023-06-19T00:00:00+00:00'
[2023-10-30T15:11:07.170+0000] {subprocess.py:63} INFO - Tmp dir root location: /tmp
[2023-10-30T15:11:07.173+0000] {subprocess.py:75} INFO - Running command: ['/bin/bash', '-c', 'docker run -it asteroides-etl']
[2023-10-30T15:11:07.213+0000] {subprocess.py:86} INFO - Output:
[2023-10-30T15:11:07.254+0000] {subprocess.py:93} INFO - the input device is not a TTY
[2023-10-30T15:11:07.259+0000] {subprocess.py:97} INFO - Command exited with return code 1
[2023-10-30T15:11:07.284+0000] {taskinstance.py:1937} ERROR - Task failed with exception
Traceback (most recent call last):
  File "/home/airflow/.local/lib/python3.8/site-packages/airflow/operators/bash.py", line 210, in execute
    raise AirflowException(
airflow.exceptions.AirflowException: Bash command failed. The command returned a non-zero exit code 1.
[2023-10-30T15:11:07.294+0000] {taskinstance.py:1400} INFO - Marking task as UP_FOR_RETRY. dag_id=asteroides-etl-dag, task_id=asteroides-etl-task, execution_date=20230619T000000, start_date=20231030T151106, end_date=20231030T151107
[2023-10-30T15:11:07.318+0000] {standard_task_runner.py:104} ERROR - Failed to execute job 86 for task asteroides-etl-task (Bash command failed. The command returned a non-zero exit code 1.; 1140)
[2023-10-30T15:11:07.361+0000] {local_task_job_runner.py:228} INFO - Task exited with return code 1
[2023-10-30T15:11:07.398+0000] {taskinstance.py:2778} INFO - 0 downstream tasks scheduled from follow-on schedule check
[2023-10-30T19:25:17.432+0000] {taskinstance.py:1159} INFO - Dependencies all met for dep_context=non-requeueable deps ti=<TaskInstance: asteroides-etl-dag.asteroides-etl-task scheduled__2023-06-19T00:00:00+00:00 [queued]>
[2023-10-30T19:25:17.450+0000] {taskinstance.py:1159} INFO - Dependencies all met for dep_context=requeueable deps ti=<TaskInstance: asteroides-etl-dag.asteroides-etl-task scheduled__2023-06-19T00:00:00+00:00 [queued]>
[2023-10-30T19:25:17.451+0000] {taskinstance.py:1361} INFO - Starting attempt 1 of 5
[2023-10-30T19:25:17.478+0000] {taskinstance.py:1382} INFO - Executing <Task(BashOperator): asteroides-etl-task> on 2023-06-19 00:00:00+00:00
[2023-10-30T19:25:17.491+0000] {standard_task_runner.py:57} INFO - Started process 8349 to run task
[2023-10-30T19:25:17.497+0000] {standard_task_runner.py:84} INFO - Running: ['***', 'tasks', 'run', 'asteroides-etl-dag', 'asteroides-etl-task', 'scheduled__2023-06-19T00:00:00+00:00', '--job-id', '840', '--raw', '--subdir', 'DAGS_FOLDER/asteroides-etl_dag.py', '--cfg-path', '/tmp/tmpz1x7z628']
[2023-10-30T19:25:17.499+0000] {standard_task_runner.py:85} INFO - Job 840: Subtask asteroides-etl-task
[2023-10-30T19:25:17.600+0000] {task_command.py:416} INFO - Running <TaskInstance: asteroides-etl-dag.asteroides-etl-task scheduled__2023-06-19T00:00:00+00:00 [running]> on host d87e86d3d093
[2023-10-30T19:25:17.766+0000] {taskinstance.py:1662} INFO - Exporting env vars: AIRFLOW_CTX_DAG_OWNER='Norman Ruiz' AIRFLOW_CTX_DAG_ID='asteroides-etl-dag' AIRFLOW_CTX_TASK_ID='asteroides-etl-task' AIRFLOW_CTX_EXECUTION_DATE='2023-06-19T00:00:00+00:00' AIRFLOW_CTX_TRY_NUMBER='1' AIRFLOW_CTX_DAG_RUN_ID='scheduled__2023-06-19T00:00:00+00:00'
[2023-10-30T19:25:17.768+0000] {subprocess.py:63} INFO - Tmp dir root location: /tmp
[2023-10-30T19:25:17.769+0000] {subprocess.py:75} INFO - Running command: ['/bin/bash', '-c', 'echo "Corrio !!!!"']
[2023-10-30T19:25:17.795+0000] {subprocess.py:86} INFO - Output:
[2023-10-30T19:25:17.798+0000] {subprocess.py:93} INFO - Corrio !!!!
[2023-10-30T19:25:17.799+0000] {subprocess.py:97} INFO - Command exited with return code 0
[2023-10-30T19:25:17.858+0000] {taskinstance.py:1400} INFO - Marking task as SUCCESS. dag_id=asteroides-etl-dag, task_id=asteroides-etl-task, execution_date=20230619T000000, start_date=20231030T192517, end_date=20231030T192517
[2023-10-30T19:25:17.919+0000] {local_task_job_runner.py:228} INFO - Task exited with return code 0
[2023-10-30T19:25:18.020+0000] {taskinstance.py:2778} INFO - 0 downstream tasks scheduled from follow-on schedule check
[2023-10-30T19:25:55.707+0000] {taskinstance.py:1159} INFO - Dependencies all met for dep_context=non-requeueable deps ti=<TaskInstance: asteroides-etl-dag.asteroides-etl-task scheduled__2023-06-19T00:00:00+00:00 [queued]>
[2023-10-30T19:25:55.728+0000] {taskinstance.py:1159} INFO - Dependencies all met for dep_context=requeueable deps ti=<TaskInstance: asteroides-etl-dag.asteroides-etl-task scheduled__2023-06-19T00:00:00+00:00 [queued]>
[2023-10-30T19:25:55.730+0000] {taskinstance.py:1361} INFO - Starting attempt 1 of 5
[2023-10-30T19:25:55.758+0000] {taskinstance.py:1382} INFO - Executing <Task(BashOperator): asteroides-etl-task> on 2023-06-19 00:00:00+00:00
[2023-10-30T19:25:55.770+0000] {standard_task_runner.py:57} INFO - Started process 8507 to run task
[2023-10-30T19:25:55.776+0000] {standard_task_runner.py:84} INFO - Running: ['***', 'tasks', 'run', 'asteroides-etl-dag', 'asteroides-etl-task', 'scheduled__2023-06-19T00:00:00+00:00', '--job-id', '890', '--raw', '--subdir', 'DAGS_FOLDER/asteroides-etl_dag.py', '--cfg-path', '/tmp/tmpfywtqzo6']
[2023-10-30T19:25:55.778+0000] {standard_task_runner.py:85} INFO - Job 890: Subtask asteroides-etl-task
[2023-10-30T19:25:55.871+0000] {task_command.py:416} INFO - Running <TaskInstance: asteroides-etl-dag.asteroides-etl-task scheduled__2023-06-19T00:00:00+00:00 [running]> on host d87e86d3d093
[2023-10-30T19:25:56.027+0000] {taskinstance.py:1662} INFO - Exporting env vars: AIRFLOW_CTX_DAG_OWNER='Norman Ruiz' AIRFLOW_CTX_DAG_ID='asteroides-etl-dag' AIRFLOW_CTX_TASK_ID='asteroides-etl-task' AIRFLOW_CTX_EXECUTION_DATE='2023-06-19T00:00:00+00:00' AIRFLOW_CTX_TRY_NUMBER='1' AIRFLOW_CTX_DAG_RUN_ID='scheduled__2023-06-19T00:00:00+00:00'
[2023-10-30T19:25:56.029+0000] {subprocess.py:63} INFO - Tmp dir root location: /tmp
[2023-10-30T19:25:56.030+0000] {subprocess.py:75} INFO - Running command: ['/bin/bash', '-c', 'echo "Corrio !!!!"']
[2023-10-30T19:25:56.050+0000] {subprocess.py:86} INFO - Output:
[2023-10-30T19:25:56.053+0000] {subprocess.py:93} INFO - Corrio !!!!
[2023-10-30T19:25:56.054+0000] {subprocess.py:97} INFO - Command exited with return code 0
[2023-10-30T19:25:56.094+0000] {taskinstance.py:1400} INFO - Marking task as SUCCESS. dag_id=asteroides-etl-dag, task_id=asteroides-etl-task, execution_date=20230619T000000, start_date=20231030T192555, end_date=20231030T192556
[2023-10-30T19:25:56.152+0000] {local_task_job_runner.py:228} INFO - Task exited with return code 0
[2023-10-30T19:25:56.178+0000] {taskinstance.py:2778} INFO - 0 downstream tasks scheduled from follow-on schedule check
