[2023-10-30T01:02:06.972+0000] {taskinstance.py:1159} INFO - Dependencies all met for dep_context=non-requeueable deps ti=<TaskInstance: asteroides-etl-dag.asteroides-etl-task scheduled__2023-07-06T00:00:00+00:00 [queued]>
[2023-10-30T01:02:06.992+0000] {taskinstance.py:1159} INFO - Dependencies all met for dep_context=requeueable deps ti=<TaskInstance: asteroides-etl-dag.asteroides-etl-task scheduled__2023-07-06T00:00:00+00:00 [queued]>
[2023-10-30T01:02:06.993+0000] {taskinstance.py:1361} INFO - Starting attempt 1 of 5
[2023-10-30T01:02:07.019+0000] {taskinstance.py:1382} INFO - Executing <Task(BashOperator): asteroides-etl-task> on 2023-07-06 00:00:00+00:00
[2023-10-30T01:02:07.027+0000] {standard_task_runner.py:57} INFO - Started process 1484 to run task
[2023-10-30T01:02:07.032+0000] {standard_task_runner.py:84} INFO - Running: ['***', 'tasks', 'run', 'asteroides-etl-dag', 'asteroides-etl-task', 'scheduled__2023-07-06T00:00:00+00:00', '--job-id', '39', '--raw', '--subdir', 'DAGS_FOLDER/asteroides-etl_dag.py', '--cfg-path', '/tmp/tmprbf2xko0']
[2023-10-30T01:02:07.034+0000] {standard_task_runner.py:85} INFO - Job 39: Subtask asteroides-etl-task
[2023-10-30T01:02:07.106+0000] {task_command.py:416} INFO - Running <TaskInstance: asteroides-etl-dag.asteroides-etl-task scheduled__2023-07-06T00:00:00+00:00 [running]> on host ac9f9bef16c9
[2023-10-30T01:02:07.236+0000] {taskinstance.py:1662} INFO - Exporting env vars: AIRFLOW_CTX_DAG_OWNER='Norman Ruiz' AIRFLOW_CTX_DAG_ID='asteroides-etl-dag' AIRFLOW_CTX_TASK_ID='asteroides-etl-task' AIRFLOW_CTX_EXECUTION_DATE='2023-07-06T00:00:00+00:00' AIRFLOW_CTX_TRY_NUMBER='1' AIRFLOW_CTX_DAG_RUN_ID='scheduled__2023-07-06T00:00:00+00:00'
[2023-10-30T01:02:07.238+0000] {subprocess.py:63} INFO - Tmp dir root location: /tmp
[2023-10-30T01:02:07.240+0000] {subprocess.py:75} INFO - Running command: ['/bin/bash', '-c', 'echo ya casi lo tengo!!!!']
[2023-10-30T01:02:07.259+0000] {subprocess.py:86} INFO - Output:
[2023-10-30T01:02:07.263+0000] {subprocess.py:93} INFO - ya casi lo tengo!!!!
[2023-10-30T01:02:07.264+0000] {subprocess.py:97} INFO - Command exited with return code 0
[2023-10-30T01:02:07.302+0000] {taskinstance.py:1400} INFO - Marking task as SUCCESS. dag_id=asteroides-etl-dag, task_id=asteroides-etl-task, execution_date=20230706T000000, start_date=20231030T010206, end_date=20231030T010207
[2023-10-30T01:02:07.326+0000] {local_task_job_runner.py:228} INFO - Task exited with return code 0
[2023-10-30T01:02:07.349+0000] {taskinstance.py:2778} INFO - 0 downstream tasks scheduled from follow-on schedule check
[2023-10-30T15:19:21.161+0000] {taskinstance.py:1159} INFO - Dependencies all met for dep_context=non-requeueable deps ti=<TaskInstance: asteroides-etl-dag.asteroides-etl-task scheduled__2023-07-06T00:00:00+00:00 [queued]>
[2023-10-30T15:19:21.183+0000] {taskinstance.py:1159} INFO - Dependencies all met for dep_context=requeueable deps ti=<TaskInstance: asteroides-etl-dag.asteroides-etl-task scheduled__2023-07-06T00:00:00+00:00 [queued]>
[2023-10-30T15:19:21.185+0000] {taskinstance.py:1361} INFO - Starting attempt 1 of 5
[2023-10-30T15:19:21.218+0000] {taskinstance.py:1382} INFO - Executing <Task(BashOperator): asteroides-etl-task> on 2023-07-06 00:00:00+00:00
[2023-10-30T15:19:21.229+0000] {standard_task_runner.py:57} INFO - Started process 2174 to run task
[2023-10-30T15:19:21.235+0000] {standard_task_runner.py:84} INFO - Running: ['***', 'tasks', 'run', 'asteroides-etl-dag', 'asteroides-etl-task', 'scheduled__2023-07-06T00:00:00+00:00', '--job-id', '168', '--raw', '--subdir', 'DAGS_FOLDER/asteroides-etl_dag.py', '--cfg-path', '/tmp/tmp7fooyhi_']
[2023-10-30T15:19:21.237+0000] {standard_task_runner.py:85} INFO - Job 168: Subtask asteroides-etl-task
[2023-10-30T15:19:21.336+0000] {task_command.py:416} INFO - Running <TaskInstance: asteroides-etl-dag.asteroides-etl-task scheduled__2023-07-06T00:00:00+00:00 [running]> on host d87e86d3d093
[2023-10-30T15:19:21.490+0000] {taskinstance.py:1662} INFO - Exporting env vars: AIRFLOW_CTX_DAG_OWNER='Norman Ruiz' AIRFLOW_CTX_DAG_ID='asteroides-etl-dag' AIRFLOW_CTX_TASK_ID='asteroides-etl-task' AIRFLOW_CTX_EXECUTION_DATE='2023-07-06T00:00:00+00:00' AIRFLOW_CTX_TRY_NUMBER='1' AIRFLOW_CTX_DAG_RUN_ID='scheduled__2023-07-06T00:00:00+00:00'
[2023-10-30T15:19:21.492+0000] {subprocess.py:63} INFO - Tmp dir root location: /tmp
[2023-10-30T15:19:21.494+0000] {subprocess.py:75} INFO - Running command: ['/bin/bash', '-c', 'docker run -i asteroides-etl']
[2023-10-30T15:19:21.518+0000] {subprocess.py:86} INFO - Output:
[2023-10-30T15:19:21.560+0000] {subprocess.py:93} INFO - docker: Cannot connect to the Docker daemon at unix:///var/run/docker.sock. Is the docker daemon running?.
[2023-10-30T15:19:21.560+0000] {subprocess.py:93} INFO - See 'docker run --help'.
[2023-10-30T15:19:21.563+0000] {subprocess.py:97} INFO - Command exited with return code 125
[2023-10-30T15:19:21.601+0000] {taskinstance.py:1937} ERROR - Task failed with exception
Traceback (most recent call last):
  File "/home/airflow/.local/lib/python3.8/site-packages/airflow/operators/bash.py", line 210, in execute
    raise AirflowException(
airflow.exceptions.AirflowException: Bash command failed. The command returned a non-zero exit code 125.
[2023-10-30T15:19:21.612+0000] {taskinstance.py:1400} INFO - Marking task as UP_FOR_RETRY. dag_id=asteroides-etl-dag, task_id=asteroides-etl-task, execution_date=20230706T000000, start_date=20231030T151921, end_date=20231030T151921
[2023-10-30T15:19:21.725+0000] {standard_task_runner.py:104} ERROR - Failed to execute job 168 for task asteroides-etl-task (Bash command failed. The command returned a non-zero exit code 125.; 2174)
[2023-10-30T15:19:21.779+0000] {local_task_job_runner.py:228} INFO - Task exited with return code 1
[2023-10-30T15:19:21.820+0000] {taskinstance.py:2778} INFO - 0 downstream tasks scheduled from follow-on schedule check
[2023-10-30T19:25:25.854+0000] {taskinstance.py:1159} INFO - Dependencies all met for dep_context=non-requeueable deps ti=<TaskInstance: asteroides-etl-dag.asteroides-etl-task scheduled__2023-07-06T00:00:00+00:00 [queued]>
[2023-10-30T19:25:25.887+0000] {taskinstance.py:1159} INFO - Dependencies all met for dep_context=requeueable deps ti=<TaskInstance: asteroides-etl-dag.asteroides-etl-task scheduled__2023-07-06T00:00:00+00:00 [queued]>
[2023-10-30T19:25:25.892+0000] {taskinstance.py:1361} INFO - Starting attempt 1 of 5
[2023-10-30T19:25:25.933+0000] {taskinstance.py:1382} INFO - Executing <Task(BashOperator): asteroides-etl-task> on 2023-07-06 00:00:00+00:00
[2023-10-30T19:25:25.944+0000] {standard_task_runner.py:57} INFO - Started process 8400 to run task
[2023-10-30T19:25:25.954+0000] {standard_task_runner.py:84} INFO - Running: ['***', 'tasks', 'run', 'asteroides-etl-dag', 'asteroides-etl-task', 'scheduled__2023-07-06T00:00:00+00:00', '--job-id', '857', '--raw', '--subdir', 'DAGS_FOLDER/asteroides-etl_dag.py', '--cfg-path', '/tmp/tmp8bgvmcc5']
[2023-10-30T19:25:25.961+0000] {standard_task_runner.py:85} INFO - Job 857: Subtask asteroides-etl-task
[2023-10-30T19:25:26.055+0000] {task_command.py:416} INFO - Running <TaskInstance: asteroides-etl-dag.asteroides-etl-task scheduled__2023-07-06T00:00:00+00:00 [running]> on host d87e86d3d093
[2023-10-30T19:25:26.213+0000] {taskinstance.py:1662} INFO - Exporting env vars: AIRFLOW_CTX_DAG_OWNER='Norman Ruiz' AIRFLOW_CTX_DAG_ID='asteroides-etl-dag' AIRFLOW_CTX_TASK_ID='asteroides-etl-task' AIRFLOW_CTX_EXECUTION_DATE='2023-07-06T00:00:00+00:00' AIRFLOW_CTX_TRY_NUMBER='1' AIRFLOW_CTX_DAG_RUN_ID='scheduled__2023-07-06T00:00:00+00:00'
[2023-10-30T19:25:26.216+0000] {subprocess.py:63} INFO - Tmp dir root location: /tmp
[2023-10-30T19:25:26.217+0000] {subprocess.py:75} INFO - Running command: ['/bin/bash', '-c', 'echo "Corrio !!!!"']
[2023-10-30T19:25:26.236+0000] {subprocess.py:86} INFO - Output:
[2023-10-30T19:25:26.240+0000] {subprocess.py:93} INFO - Corrio !!!!
[2023-10-30T19:25:26.241+0000] {subprocess.py:97} INFO - Command exited with return code 0
[2023-10-30T19:25:26.284+0000] {taskinstance.py:1400} INFO - Marking task as SUCCESS. dag_id=asteroides-etl-dag, task_id=asteroides-etl-task, execution_date=20230706T000000, start_date=20231030T192525, end_date=20231030T192526
[2023-10-30T19:25:26.333+0000] {local_task_job_runner.py:228} INFO - Task exited with return code 0
[2023-10-30T19:25:26.405+0000] {taskinstance.py:2778} INFO - 0 downstream tasks scheduled from follow-on schedule check
[2023-10-30T19:26:06.297+0000] {taskinstance.py:1159} INFO - Dependencies all met for dep_context=non-requeueable deps ti=<TaskInstance: asteroides-etl-dag.asteroides-etl-task scheduled__2023-07-06T00:00:00+00:00 [queued]>
[2023-10-30T19:26:06.316+0000] {taskinstance.py:1159} INFO - Dependencies all met for dep_context=requeueable deps ti=<TaskInstance: asteroides-etl-dag.asteroides-etl-task scheduled__2023-07-06T00:00:00+00:00 [queued]>
[2023-10-30T19:26:06.316+0000] {taskinstance.py:1361} INFO - Starting attempt 1 of 5
[2023-10-30T19:26:06.344+0000] {taskinstance.py:1382} INFO - Executing <Task(BashOperator): asteroides-etl-task> on 2023-07-06 00:00:00+00:00
[2023-10-30T19:26:06.354+0000] {standard_task_runner.py:57} INFO - Started process 8559 to run task
[2023-10-30T19:26:06.359+0000] {standard_task_runner.py:84} INFO - Running: ['***', 'tasks', 'run', 'asteroides-etl-dag', 'asteroides-etl-task', 'scheduled__2023-07-06T00:00:00+00:00', '--job-id', '907', '--raw', '--subdir', 'DAGS_FOLDER/asteroides-etl_dag.py', '--cfg-path', '/tmp/tmp9b66jrn3']
[2023-10-30T19:26:06.362+0000] {standard_task_runner.py:85} INFO - Job 907: Subtask asteroides-etl-task
[2023-10-30T19:26:06.467+0000] {task_command.py:416} INFO - Running <TaskInstance: asteroides-etl-dag.asteroides-etl-task scheduled__2023-07-06T00:00:00+00:00 [running]> on host d87e86d3d093
[2023-10-30T19:26:06.688+0000] {taskinstance.py:1662} INFO - Exporting env vars: AIRFLOW_CTX_DAG_OWNER='Norman Ruiz' AIRFLOW_CTX_DAG_ID='asteroides-etl-dag' AIRFLOW_CTX_TASK_ID='asteroides-etl-task' AIRFLOW_CTX_EXECUTION_DATE='2023-07-06T00:00:00+00:00' AIRFLOW_CTX_TRY_NUMBER='1' AIRFLOW_CTX_DAG_RUN_ID='scheduled__2023-07-06T00:00:00+00:00'
[2023-10-30T19:26:06.698+0000] {subprocess.py:63} INFO - Tmp dir root location: /tmp
[2023-10-30T19:26:06.699+0000] {subprocess.py:75} INFO - Running command: ['/bin/bash', '-c', 'echo "Corrio !!!!"']
[2023-10-30T19:26:06.729+0000] {subprocess.py:86} INFO - Output:
[2023-10-30T19:26:06.733+0000] {subprocess.py:93} INFO - Corrio !!!!
[2023-10-30T19:26:06.734+0000] {subprocess.py:97} INFO - Command exited with return code 0
[2023-10-30T19:26:06.788+0000] {taskinstance.py:1400} INFO - Marking task as SUCCESS. dag_id=asteroides-etl-dag, task_id=asteroides-etl-task, execution_date=20230706T000000, start_date=20231030T192606, end_date=20231030T192606
[2023-10-30T19:26:06.828+0000] {local_task_job_runner.py:228} INFO - Task exited with return code 0
[2023-10-30T19:26:06.907+0000] {taskinstance.py:2778} INFO - 0 downstream tasks scheduled from follow-on schedule check
