[2023-10-30T01:02:12.781+0000] {taskinstance.py:1159} INFO - Dependencies all met for dep_context=non-requeueable deps ti=<TaskInstance: asteroides-etl-dag.asteroides-etl-task scheduled__2023-07-14T00:00:00+00:00 [queued]>
[2023-10-30T01:02:12.802+0000] {taskinstance.py:1159} INFO - Dependencies all met for dep_context=requeueable deps ti=<TaskInstance: asteroides-etl-dag.asteroides-etl-task scheduled__2023-07-14T00:00:00+00:00 [queued]>
[2023-10-30T01:02:12.804+0000] {taskinstance.py:1361} INFO - Starting attempt 1 of 5
[2023-10-30T01:02:12.832+0000] {taskinstance.py:1382} INFO - Executing <Task(BashOperator): asteroides-etl-task> on 2023-07-14 00:00:00+00:00
[2023-10-30T01:02:12.843+0000] {standard_task_runner.py:57} INFO - Started process 1509 to run task
[2023-10-30T01:02:12.852+0000] {standard_task_runner.py:84} INFO - Running: ['***', 'tasks', 'run', 'asteroides-etl-dag', 'asteroides-etl-task', 'scheduled__2023-07-14T00:00:00+00:00', '--job-id', '47', '--raw', '--subdir', 'DAGS_FOLDER/asteroides-etl_dag.py', '--cfg-path', '/tmp/tmpdtk70wkw']
[2023-10-30T01:02:12.855+0000] {standard_task_runner.py:85} INFO - Job 47: Subtask asteroides-etl-task
[2023-10-30T01:02:12.963+0000] {task_command.py:416} INFO - Running <TaskInstance: asteroides-etl-dag.asteroides-etl-task scheduled__2023-07-14T00:00:00+00:00 [running]> on host ac9f9bef16c9
[2023-10-30T01:02:13.160+0000] {taskinstance.py:1662} INFO - Exporting env vars: AIRFLOW_CTX_DAG_OWNER='Norman Ruiz' AIRFLOW_CTX_DAG_ID='asteroides-etl-dag' AIRFLOW_CTX_TASK_ID='asteroides-etl-task' AIRFLOW_CTX_EXECUTION_DATE='2023-07-14T00:00:00+00:00' AIRFLOW_CTX_TRY_NUMBER='1' AIRFLOW_CTX_DAG_RUN_ID='scheduled__2023-07-14T00:00:00+00:00'
[2023-10-30T01:02:13.164+0000] {subprocess.py:63} INFO - Tmp dir root location: /tmp
[2023-10-30T01:02:13.166+0000] {subprocess.py:75} INFO - Running command: ['/bin/bash', '-c', 'echo ya casi lo tengo!!!!']
[2023-10-30T01:02:13.215+0000] {subprocess.py:86} INFO - Output:
[2023-10-30T01:02:13.219+0000] {subprocess.py:93} INFO - ya casi lo tengo!!!!
[2023-10-30T01:02:13.223+0000] {subprocess.py:97} INFO - Command exited with return code 0
[2023-10-30T01:02:13.276+0000] {taskinstance.py:1400} INFO - Marking task as SUCCESS. dag_id=asteroides-etl-dag, task_id=asteroides-etl-task, execution_date=20230714T000000, start_date=20231030T010212, end_date=20231030T010213
[2023-10-30T01:02:13.318+0000] {local_task_job_runner.py:228} INFO - Task exited with return code 0
[2023-10-30T01:02:13.446+0000] {taskinstance.py:2778} INFO - 0 downstream tasks scheduled from follow-on schedule check
[2023-10-30T15:19:23.669+0000] {taskinstance.py:1159} INFO - Dependencies all met for dep_context=non-requeueable deps ti=<TaskInstance: asteroides-etl-dag.asteroides-etl-task scheduled__2023-07-14T00:00:00+00:00 [queued]>
[2023-10-30T15:19:23.685+0000] {taskinstance.py:1159} INFO - Dependencies all met for dep_context=requeueable deps ti=<TaskInstance: asteroides-etl-dag.asteroides-etl-task scheduled__2023-07-14T00:00:00+00:00 [queued]>
[2023-10-30T15:19:23.686+0000] {taskinstance.py:1361} INFO - Starting attempt 1 of 5
[2023-10-30T15:19:23.706+0000] {taskinstance.py:1382} INFO - Executing <Task(BashOperator): asteroides-etl-task> on 2023-07-14 00:00:00+00:00
[2023-10-30T15:19:23.713+0000] {standard_task_runner.py:57} INFO - Started process 2273 to run task
[2023-10-30T15:19:23.718+0000] {standard_task_runner.py:84} INFO - Running: ['***', 'tasks', 'run', 'asteroides-etl-dag', 'asteroides-etl-task', 'scheduled__2023-07-14T00:00:00+00:00', '--job-id', '176', '--raw', '--subdir', 'DAGS_FOLDER/asteroides-etl_dag.py', '--cfg-path', '/tmp/tmpkbkbhytl']
[2023-10-30T15:19:23.720+0000] {standard_task_runner.py:85} INFO - Job 176: Subtask asteroides-etl-task
[2023-10-30T15:19:23.789+0000] {task_command.py:416} INFO - Running <TaskInstance: asteroides-etl-dag.asteroides-etl-task scheduled__2023-07-14T00:00:00+00:00 [running]> on host d87e86d3d093
[2023-10-30T15:19:23.901+0000] {taskinstance.py:1662} INFO - Exporting env vars: AIRFLOW_CTX_DAG_OWNER='Norman Ruiz' AIRFLOW_CTX_DAG_ID='asteroides-etl-dag' AIRFLOW_CTX_TASK_ID='asteroides-etl-task' AIRFLOW_CTX_EXECUTION_DATE='2023-07-14T00:00:00+00:00' AIRFLOW_CTX_TRY_NUMBER='1' AIRFLOW_CTX_DAG_RUN_ID='scheduled__2023-07-14T00:00:00+00:00'
[2023-10-30T15:19:23.904+0000] {subprocess.py:63} INFO - Tmp dir root location: /tmp
[2023-10-30T15:19:23.906+0000] {subprocess.py:75} INFO - Running command: ['/bin/bash', '-c', 'docker run -i asteroides-etl']
[2023-10-30T15:19:23.925+0000] {subprocess.py:86} INFO - Output:
[2023-10-30T15:19:23.960+0000] {subprocess.py:93} INFO - docker: Cannot connect to the Docker daemon at unix:///var/run/docker.sock. Is the docker daemon running?.
[2023-10-30T15:19:23.961+0000] {subprocess.py:93} INFO - See 'docker run --help'.
[2023-10-30T15:19:23.963+0000] {subprocess.py:97} INFO - Command exited with return code 125
[2023-10-30T15:19:23.984+0000] {taskinstance.py:1937} ERROR - Task failed with exception
Traceback (most recent call last):
  File "/home/airflow/.local/lib/python3.8/site-packages/airflow/operators/bash.py", line 210, in execute
    raise AirflowException(
airflow.exceptions.AirflowException: Bash command failed. The command returned a non-zero exit code 125.
[2023-10-30T15:19:23.989+0000] {taskinstance.py:1400} INFO - Marking task as UP_FOR_RETRY. dag_id=asteroides-etl-dag, task_id=asteroides-etl-task, execution_date=20230714T000000, start_date=20231030T151923, end_date=20231030T151923
[2023-10-30T15:19:24.142+0000] {standard_task_runner.py:104} ERROR - Failed to execute job 176 for task asteroides-etl-task (Bash command failed. The command returned a non-zero exit code 125.; 2273)
[2023-10-30T15:19:24.172+0000] {local_task_job_runner.py:228} INFO - Task exited with return code 1
[2023-10-30T15:19:24.193+0000] {taskinstance.py:2778} INFO - 0 downstream tasks scheduled from follow-on schedule check
[2023-10-30T19:25:29.519+0000] {taskinstance.py:1159} INFO - Dependencies all met for dep_context=non-requeueable deps ti=<TaskInstance: asteroides-etl-dag.asteroides-etl-task scheduled__2023-07-14T00:00:00+00:00 [queued]>
[2023-10-30T19:25:29.536+0000] {taskinstance.py:1159} INFO - Dependencies all met for dep_context=requeueable deps ti=<TaskInstance: asteroides-etl-dag.asteroides-etl-task scheduled__2023-07-14T00:00:00+00:00 [queued]>
[2023-10-30T19:25:29.537+0000] {taskinstance.py:1361} INFO - Starting attempt 1 of 5
[2023-10-30T19:25:29.562+0000] {taskinstance.py:1382} INFO - Executing <Task(BashOperator): asteroides-etl-task> on 2023-07-14 00:00:00+00:00
[2023-10-30T19:25:29.571+0000] {standard_task_runner.py:57} INFO - Started process 8423 to run task
[2023-10-30T19:25:29.574+0000] {standard_task_runner.py:84} INFO - Running: ['***', 'tasks', 'run', 'asteroides-etl-dag', 'asteroides-etl-task', 'scheduled__2023-07-14T00:00:00+00:00', '--job-id', '865', '--raw', '--subdir', 'DAGS_FOLDER/asteroides-etl_dag.py', '--cfg-path', '/tmp/tmpeo3pdopg']
[2023-10-30T19:25:29.576+0000] {standard_task_runner.py:85} INFO - Job 865: Subtask asteroides-etl-task
[2023-10-30T19:25:29.635+0000] {task_command.py:416} INFO - Running <TaskInstance: asteroides-etl-dag.asteroides-etl-task scheduled__2023-07-14T00:00:00+00:00 [running]> on host d87e86d3d093
[2023-10-30T19:25:29.732+0000] {taskinstance.py:1662} INFO - Exporting env vars: AIRFLOW_CTX_DAG_OWNER='Norman Ruiz' AIRFLOW_CTX_DAG_ID='asteroides-etl-dag' AIRFLOW_CTX_TASK_ID='asteroides-etl-task' AIRFLOW_CTX_EXECUTION_DATE='2023-07-14T00:00:00+00:00' AIRFLOW_CTX_TRY_NUMBER='1' AIRFLOW_CTX_DAG_RUN_ID='scheduled__2023-07-14T00:00:00+00:00'
[2023-10-30T19:25:29.734+0000] {subprocess.py:63} INFO - Tmp dir root location: /tmp
[2023-10-30T19:25:29.735+0000] {subprocess.py:75} INFO - Running command: ['/bin/bash', '-c', 'echo "Corrio !!!!"']
[2023-10-30T19:25:29.750+0000] {subprocess.py:86} INFO - Output:
[2023-10-30T19:25:29.752+0000] {subprocess.py:93} INFO - Corrio !!!!
[2023-10-30T19:25:29.753+0000] {subprocess.py:97} INFO - Command exited with return code 0
[2023-10-30T19:25:29.781+0000] {taskinstance.py:1400} INFO - Marking task as SUCCESS. dag_id=asteroides-etl-dag, task_id=asteroides-etl-task, execution_date=20230714T000000, start_date=20231030T192529, end_date=20231030T192529
[2023-10-30T19:25:29.827+0000] {local_task_job_runner.py:228} INFO - Task exited with return code 0
[2023-10-30T19:25:29.851+0000] {taskinstance.py:2778} INFO - 0 downstream tasks scheduled from follow-on schedule check
[2023-10-30T19:26:10.088+0000] {taskinstance.py:1159} INFO - Dependencies all met for dep_context=non-requeueable deps ti=<TaskInstance: asteroides-etl-dag.asteroides-etl-task scheduled__2023-07-14T00:00:00+00:00 [queued]>
[2023-10-30T19:26:10.103+0000] {taskinstance.py:1159} INFO - Dependencies all met for dep_context=requeueable deps ti=<TaskInstance: asteroides-etl-dag.asteroides-etl-task scheduled__2023-07-14T00:00:00+00:00 [queued]>
[2023-10-30T19:26:10.104+0000] {taskinstance.py:1361} INFO - Starting attempt 1 of 5
[2023-10-30T19:26:10.170+0000] {taskinstance.py:1382} INFO - Executing <Task(BashOperator): asteroides-etl-task> on 2023-07-14 00:00:00+00:00
[2023-10-30T19:26:10.180+0000] {standard_task_runner.py:57} INFO - Started process 8582 to run task
[2023-10-30T19:26:10.187+0000] {standard_task_runner.py:84} INFO - Running: ['***', 'tasks', 'run', 'asteroides-etl-dag', 'asteroides-etl-task', 'scheduled__2023-07-14T00:00:00+00:00', '--job-id', '915', '--raw', '--subdir', 'DAGS_FOLDER/asteroides-etl_dag.py', '--cfg-path', '/tmp/tmpfe8aa_vv']
[2023-10-30T19:26:10.189+0000] {standard_task_runner.py:85} INFO - Job 915: Subtask asteroides-etl-task
[2023-10-30T19:26:10.268+0000] {task_command.py:416} INFO - Running <TaskInstance: asteroides-etl-dag.asteroides-etl-task scheduled__2023-07-14T00:00:00+00:00 [running]> on host d87e86d3d093
[2023-10-30T19:26:10.411+0000] {taskinstance.py:1662} INFO - Exporting env vars: AIRFLOW_CTX_DAG_OWNER='Norman Ruiz' AIRFLOW_CTX_DAG_ID='asteroides-etl-dag' AIRFLOW_CTX_TASK_ID='asteroides-etl-task' AIRFLOW_CTX_EXECUTION_DATE='2023-07-14T00:00:00+00:00' AIRFLOW_CTX_TRY_NUMBER='1' AIRFLOW_CTX_DAG_RUN_ID='scheduled__2023-07-14T00:00:00+00:00'
[2023-10-30T19:26:10.413+0000] {subprocess.py:63} INFO - Tmp dir root location: /tmp
[2023-10-30T19:26:10.416+0000] {subprocess.py:75} INFO - Running command: ['/bin/bash', '-c', 'echo "Corrio !!!!"']
[2023-10-30T19:26:10.436+0000] {subprocess.py:86} INFO - Output:
[2023-10-30T19:26:10.439+0000] {subprocess.py:93} INFO - Corrio !!!!
[2023-10-30T19:26:10.440+0000] {subprocess.py:97} INFO - Command exited with return code 0
[2023-10-30T19:26:10.474+0000] {taskinstance.py:1400} INFO - Marking task as SUCCESS. dag_id=asteroides-etl-dag, task_id=asteroides-etl-task, execution_date=20230714T000000, start_date=20231030T192610, end_date=20231030T192610
[2023-10-30T19:26:10.519+0000] {local_task_job_runner.py:228} INFO - Task exited with return code 0
[2023-10-30T19:26:10.544+0000] {taskinstance.py:2778} INFO - 0 downstream tasks scheduled from follow-on schedule check
