[2023-10-30T01:02:09.142+0000] {taskinstance.py:1159} INFO - Dependencies all met for dep_context=non-requeueable deps ti=<TaskInstance: asteroides-etl-dag.asteroides-etl-task scheduled__2023-07-07T00:00:00+00:00 [queued]>
[2023-10-30T01:02:09.157+0000] {taskinstance.py:1159} INFO - Dependencies all met for dep_context=requeueable deps ti=<TaskInstance: asteroides-etl-dag.asteroides-etl-task scheduled__2023-07-07T00:00:00+00:00 [queued]>
[2023-10-30T01:02:09.158+0000] {taskinstance.py:1361} INFO - Starting attempt 1 of 5
[2023-10-30T01:02:09.178+0000] {taskinstance.py:1382} INFO - Executing <Task(BashOperator): asteroides-etl-task> on 2023-07-07 00:00:00+00:00
[2023-10-30T01:02:09.188+0000] {standard_task_runner.py:57} INFO - Started process 1489 to run task
[2023-10-30T01:02:09.193+0000] {standard_task_runner.py:84} INFO - Running: ['***', 'tasks', 'run', 'asteroides-etl-dag', 'asteroides-etl-task', 'scheduled__2023-07-07T00:00:00+00:00', '--job-id', '40', '--raw', '--subdir', 'DAGS_FOLDER/asteroides-etl_dag.py', '--cfg-path', '/tmp/tmpt61qgn8r']
[2023-10-30T01:02:09.194+0000] {standard_task_runner.py:85} INFO - Job 40: Subtask asteroides-etl-task
[2023-10-30T01:02:09.269+0000] {task_command.py:416} INFO - Running <TaskInstance: asteroides-etl-dag.asteroides-etl-task scheduled__2023-07-07T00:00:00+00:00 [running]> on host ac9f9bef16c9
[2023-10-30T01:02:09.397+0000] {taskinstance.py:1662} INFO - Exporting env vars: AIRFLOW_CTX_DAG_OWNER='Norman Ruiz' AIRFLOW_CTX_DAG_ID='asteroides-etl-dag' AIRFLOW_CTX_TASK_ID='asteroides-etl-task' AIRFLOW_CTX_EXECUTION_DATE='2023-07-07T00:00:00+00:00' AIRFLOW_CTX_TRY_NUMBER='1' AIRFLOW_CTX_DAG_RUN_ID='scheduled__2023-07-07T00:00:00+00:00'
[2023-10-30T01:02:09.401+0000] {subprocess.py:63} INFO - Tmp dir root location: /tmp
[2023-10-30T01:02:09.403+0000] {subprocess.py:75} INFO - Running command: ['/bin/bash', '-c', 'echo ya casi lo tengo!!!!']
[2023-10-30T01:02:09.434+0000] {subprocess.py:86} INFO - Output:
[2023-10-30T01:02:09.439+0000] {subprocess.py:93} INFO - ya casi lo tengo!!!!
[2023-10-30T01:02:09.440+0000] {subprocess.py:97} INFO - Command exited with return code 0
[2023-10-30T01:02:09.487+0000] {taskinstance.py:1400} INFO - Marking task as SUCCESS. dag_id=asteroides-etl-dag, task_id=asteroides-etl-task, execution_date=20230707T000000, start_date=20231030T010209, end_date=20231030T010209
[2023-10-30T01:02:09.528+0000] {local_task_job_runner.py:228} INFO - Task exited with return code 0
[2023-10-30T01:02:09.613+0000] {taskinstance.py:2778} INFO - 0 downstream tasks scheduled from follow-on schedule check
[2023-10-30T15:19:21.457+0000] {taskinstance.py:1159} INFO - Dependencies all met for dep_context=non-requeueable deps ti=<TaskInstance: asteroides-etl-dag.asteroides-etl-task scheduled__2023-07-07T00:00:00+00:00 [queued]>
[2023-10-30T15:19:21.478+0000] {taskinstance.py:1159} INFO - Dependencies all met for dep_context=requeueable deps ti=<TaskInstance: asteroides-etl-dag.asteroides-etl-task scheduled__2023-07-07T00:00:00+00:00 [queued]>
[2023-10-30T15:19:21.479+0000] {taskinstance.py:1361} INFO - Starting attempt 1 of 5
[2023-10-30T15:19:21.512+0000] {taskinstance.py:1382} INFO - Executing <Task(BashOperator): asteroides-etl-task> on 2023-07-07 00:00:00+00:00
[2023-10-30T15:19:21.524+0000] {standard_task_runner.py:57} INFO - Started process 2188 to run task
[2023-10-30T15:19:21.532+0000] {standard_task_runner.py:84} INFO - Running: ['***', 'tasks', 'run', 'asteroides-etl-dag', 'asteroides-etl-task', 'scheduled__2023-07-07T00:00:00+00:00', '--job-id', '169', '--raw', '--subdir', 'DAGS_FOLDER/asteroides-etl_dag.py', '--cfg-path', '/tmp/tmpby1t6yzv']
[2023-10-30T15:19:21.534+0000] {standard_task_runner.py:85} INFO - Job 169: Subtask asteroides-etl-task
[2023-10-30T15:19:21.630+0000] {task_command.py:416} INFO - Running <TaskInstance: asteroides-etl-dag.asteroides-etl-task scheduled__2023-07-07T00:00:00+00:00 [running]> on host d87e86d3d093
[2023-10-30T15:19:21.781+0000] {taskinstance.py:1662} INFO - Exporting env vars: AIRFLOW_CTX_DAG_OWNER='Norman Ruiz' AIRFLOW_CTX_DAG_ID='asteroides-etl-dag' AIRFLOW_CTX_TASK_ID='asteroides-etl-task' AIRFLOW_CTX_EXECUTION_DATE='2023-07-07T00:00:00+00:00' AIRFLOW_CTX_TRY_NUMBER='1' AIRFLOW_CTX_DAG_RUN_ID='scheduled__2023-07-07T00:00:00+00:00'
[2023-10-30T15:19:21.783+0000] {subprocess.py:63} INFO - Tmp dir root location: /tmp
[2023-10-30T15:19:21.785+0000] {subprocess.py:75} INFO - Running command: ['/bin/bash', '-c', 'docker run -i asteroides-etl']
[2023-10-30T15:19:21.814+0000] {subprocess.py:86} INFO - Output:
[2023-10-30T15:19:21.883+0000] {subprocess.py:93} INFO - docker: Cannot connect to the Docker daemon at unix:///var/run/docker.sock. Is the docker daemon running?.
[2023-10-30T15:19:21.884+0000] {subprocess.py:93} INFO - See 'docker run --help'.
[2023-10-30T15:19:21.888+0000] {subprocess.py:97} INFO - Command exited with return code 125
[2023-10-30T15:19:21.910+0000] {taskinstance.py:1937} ERROR - Task failed with exception
Traceback (most recent call last):
  File "/home/airflow/.local/lib/python3.8/site-packages/airflow/operators/bash.py", line 210, in execute
    raise AirflowException(
airflow.exceptions.AirflowException: Bash command failed. The command returned a non-zero exit code 125.
[2023-10-30T15:19:21.918+0000] {taskinstance.py:1400} INFO - Marking task as UP_FOR_RETRY. dag_id=asteroides-etl-dag, task_id=asteroides-etl-task, execution_date=20230707T000000, start_date=20231030T151921, end_date=20231030T151921
[2023-10-30T15:19:22.068+0000] {standard_task_runner.py:104} ERROR - Failed to execute job 169 for task asteroides-etl-task (Bash command failed. The command returned a non-zero exit code 125.; 2188)
[2023-10-30T15:19:22.109+0000] {local_task_job_runner.py:228} INFO - Task exited with return code 1
[2023-10-30T15:19:22.141+0000] {taskinstance.py:2778} INFO - 0 downstream tasks scheduled from follow-on schedule check
[2023-10-30T19:25:26.189+0000] {taskinstance.py:1159} INFO - Dependencies all met for dep_context=non-requeueable deps ti=<TaskInstance: asteroides-etl-dag.asteroides-etl-task scheduled__2023-07-07T00:00:00+00:00 [queued]>
[2023-10-30T19:25:26.207+0000] {taskinstance.py:1159} INFO - Dependencies all met for dep_context=requeueable deps ti=<TaskInstance: asteroides-etl-dag.asteroides-etl-task scheduled__2023-07-07T00:00:00+00:00 [queued]>
[2023-10-30T19:25:26.208+0000] {taskinstance.py:1361} INFO - Starting attempt 1 of 5
[2023-10-30T19:25:26.237+0000] {taskinstance.py:1382} INFO - Executing <Task(BashOperator): asteroides-etl-task> on 2023-07-07 00:00:00+00:00
[2023-10-30T19:25:26.246+0000] {standard_task_runner.py:57} INFO - Started process 8403 to run task
[2023-10-30T19:25:26.251+0000] {standard_task_runner.py:84} INFO - Running: ['***', 'tasks', 'run', 'asteroides-etl-dag', 'asteroides-etl-task', 'scheduled__2023-07-07T00:00:00+00:00', '--job-id', '858', '--raw', '--subdir', 'DAGS_FOLDER/asteroides-etl_dag.py', '--cfg-path', '/tmp/tmp814nbgey']
[2023-10-30T19:25:26.253+0000] {standard_task_runner.py:85} INFO - Job 858: Subtask asteroides-etl-task
[2023-10-30T19:25:26.329+0000] {task_command.py:416} INFO - Running <TaskInstance: asteroides-etl-dag.asteroides-etl-task scheduled__2023-07-07T00:00:00+00:00 [running]> on host d87e86d3d093
[2023-10-30T19:25:26.484+0000] {taskinstance.py:1662} INFO - Exporting env vars: AIRFLOW_CTX_DAG_OWNER='Norman Ruiz' AIRFLOW_CTX_DAG_ID='asteroides-etl-dag' AIRFLOW_CTX_TASK_ID='asteroides-etl-task' AIRFLOW_CTX_EXECUTION_DATE='2023-07-07T00:00:00+00:00' AIRFLOW_CTX_TRY_NUMBER='1' AIRFLOW_CTX_DAG_RUN_ID='scheduled__2023-07-07T00:00:00+00:00'
[2023-10-30T19:25:26.486+0000] {subprocess.py:63} INFO - Tmp dir root location: /tmp
[2023-10-30T19:25:26.488+0000] {subprocess.py:75} INFO - Running command: ['/bin/bash', '-c', 'echo "Corrio !!!!"']
[2023-10-30T19:25:26.509+0000] {subprocess.py:86} INFO - Output:
[2023-10-30T19:25:26.513+0000] {subprocess.py:93} INFO - Corrio !!!!
[2023-10-30T19:25:26.514+0000] {subprocess.py:97} INFO - Command exited with return code 0
[2023-10-30T19:25:26.562+0000] {taskinstance.py:1400} INFO - Marking task as SUCCESS. dag_id=asteroides-etl-dag, task_id=asteroides-etl-task, execution_date=20230707T000000, start_date=20231030T192526, end_date=20231030T192526
[2023-10-30T19:25:26.624+0000] {local_task_job_runner.py:228} INFO - Task exited with return code 0
[2023-10-30T19:25:26.652+0000] {taskinstance.py:2778} INFO - 0 downstream tasks scheduled from follow-on schedule check
[2023-10-30T19:26:06.573+0000] {taskinstance.py:1159} INFO - Dependencies all met for dep_context=non-requeueable deps ti=<TaskInstance: asteroides-etl-dag.asteroides-etl-task scheduled__2023-07-07T00:00:00+00:00 [queued]>
[2023-10-30T19:26:06.592+0000] {taskinstance.py:1159} INFO - Dependencies all met for dep_context=requeueable deps ti=<TaskInstance: asteroides-etl-dag.asteroides-etl-task scheduled__2023-07-07T00:00:00+00:00 [queued]>
[2023-10-30T19:26:06.593+0000] {taskinstance.py:1361} INFO - Starting attempt 1 of 5
[2023-10-30T19:26:06.628+0000] {taskinstance.py:1382} INFO - Executing <Task(BashOperator): asteroides-etl-task> on 2023-07-07 00:00:00+00:00
[2023-10-30T19:26:06.640+0000] {standard_task_runner.py:57} INFO - Started process 8561 to run task
[2023-10-30T19:26:06.649+0000] {standard_task_runner.py:84} INFO - Running: ['***', 'tasks', 'run', 'asteroides-etl-dag', 'asteroides-etl-task', 'scheduled__2023-07-07T00:00:00+00:00', '--job-id', '908', '--raw', '--subdir', 'DAGS_FOLDER/asteroides-etl_dag.py', '--cfg-path', '/tmp/tmp6zgzki3y']
[2023-10-30T19:26:06.653+0000] {standard_task_runner.py:85} INFO - Job 908: Subtask asteroides-etl-task
[2023-10-30T19:26:06.767+0000] {task_command.py:416} INFO - Running <TaskInstance: asteroides-etl-dag.asteroides-etl-task scheduled__2023-07-07T00:00:00+00:00 [running]> on host d87e86d3d093
[2023-10-30T19:26:06.930+0000] {taskinstance.py:1662} INFO - Exporting env vars: AIRFLOW_CTX_DAG_OWNER='Norman Ruiz' AIRFLOW_CTX_DAG_ID='asteroides-etl-dag' AIRFLOW_CTX_TASK_ID='asteroides-etl-task' AIRFLOW_CTX_EXECUTION_DATE='2023-07-07T00:00:00+00:00' AIRFLOW_CTX_TRY_NUMBER='1' AIRFLOW_CTX_DAG_RUN_ID='scheduled__2023-07-07T00:00:00+00:00'
[2023-10-30T19:26:06.933+0000] {subprocess.py:63} INFO - Tmp dir root location: /tmp
[2023-10-30T19:26:06.934+0000] {subprocess.py:75} INFO - Running command: ['/bin/bash', '-c', 'echo "Corrio !!!!"']
[2023-10-30T19:26:06.956+0000] {subprocess.py:86} INFO - Output:
[2023-10-30T19:26:06.960+0000] {subprocess.py:93} INFO - Corrio !!!!
[2023-10-30T19:26:06.962+0000] {subprocess.py:97} INFO - Command exited with return code 0
[2023-10-30T19:26:07.001+0000] {taskinstance.py:1400} INFO - Marking task as SUCCESS. dag_id=asteroides-etl-dag, task_id=asteroides-etl-task, execution_date=20230707T000000, start_date=20231030T192606, end_date=20231030T192607
[2023-10-30T19:26:07.071+0000] {local_task_job_runner.py:228} INFO - Task exited with return code 0
[2023-10-30T19:26:07.101+0000] {taskinstance.py:2778} INFO - 0 downstream tasks scheduled from follow-on schedule check
