[2023-10-30T01:02:06.010+0000] {taskinstance.py:1159} INFO - Dependencies all met for dep_context=non-requeueable deps ti=<TaskInstance: asteroides-etl-dag.asteroides-etl-task scheduled__2023-07-03T00:00:00+00:00 [queued]>
[2023-10-30T01:02:06.034+0000] {taskinstance.py:1159} INFO - Dependencies all met for dep_context=requeueable deps ti=<TaskInstance: asteroides-etl-dag.asteroides-etl-task scheduled__2023-07-03T00:00:00+00:00 [queued]>
[2023-10-30T01:02:06.035+0000] {taskinstance.py:1361} INFO - Starting attempt 1 of 5
[2023-10-30T01:02:06.111+0000] {taskinstance.py:1382} INFO - Executing <Task(BashOperator): asteroides-etl-task> on 2023-07-03 00:00:00+00:00
[2023-10-30T01:02:06.128+0000] {standard_task_runner.py:57} INFO - Started process 1475 to run task
[2023-10-30T01:02:06.137+0000] {standard_task_runner.py:84} INFO - Running: ['***', 'tasks', 'run', 'asteroides-etl-dag', 'asteroides-etl-task', 'scheduled__2023-07-03T00:00:00+00:00', '--job-id', '36', '--raw', '--subdir', 'DAGS_FOLDER/asteroides-etl_dag.py', '--cfg-path', '/tmp/tmpnrnmz714']
[2023-10-30T01:02:06.139+0000] {standard_task_runner.py:85} INFO - Job 36: Subtask asteroides-etl-task
[2023-10-30T01:02:06.294+0000] {task_command.py:416} INFO - Running <TaskInstance: asteroides-etl-dag.asteroides-etl-task scheduled__2023-07-03T00:00:00+00:00 [running]> on host ac9f9bef16c9
[2023-10-30T01:02:06.516+0000] {taskinstance.py:1662} INFO - Exporting env vars: AIRFLOW_CTX_DAG_OWNER='Norman Ruiz' AIRFLOW_CTX_DAG_ID='asteroides-etl-dag' AIRFLOW_CTX_TASK_ID='asteroides-etl-task' AIRFLOW_CTX_EXECUTION_DATE='2023-07-03T00:00:00+00:00' AIRFLOW_CTX_TRY_NUMBER='1' AIRFLOW_CTX_DAG_RUN_ID='scheduled__2023-07-03T00:00:00+00:00'
[2023-10-30T01:02:06.519+0000] {subprocess.py:63} INFO - Tmp dir root location: /tmp
[2023-10-30T01:02:06.520+0000] {subprocess.py:75} INFO - Running command: ['/bin/bash', '-c', 'echo ya casi lo tengo!!!!']
[2023-10-30T01:02:06.551+0000] {subprocess.py:86} INFO - Output:
[2023-10-30T01:02:06.556+0000] {subprocess.py:93} INFO - ya casi lo tengo!!!!
[2023-10-30T01:02:06.557+0000] {subprocess.py:97} INFO - Command exited with return code 0
[2023-10-30T01:02:06.612+0000] {taskinstance.py:1400} INFO - Marking task as SUCCESS. dag_id=asteroides-etl-dag, task_id=asteroides-etl-task, execution_date=20230703T000000, start_date=20231030T010206, end_date=20231030T010206
[2023-10-30T01:02:06.671+0000] {local_task_job_runner.py:228} INFO - Task exited with return code 0
[2023-10-30T01:02:06.716+0000] {taskinstance.py:2778} INFO - 0 downstream tasks scheduled from follow-on schedule check
[2023-10-30T15:19:20.372+0000] {taskinstance.py:1159} INFO - Dependencies all met for dep_context=non-requeueable deps ti=<TaskInstance: asteroides-etl-dag.asteroides-etl-task scheduled__2023-07-03T00:00:00+00:00 [queued]>
[2023-10-30T15:19:20.390+0000] {taskinstance.py:1159} INFO - Dependencies all met for dep_context=requeueable deps ti=<TaskInstance: asteroides-etl-dag.asteroides-etl-task scheduled__2023-07-03T00:00:00+00:00 [queued]>
[2023-10-30T15:19:20.391+0000] {taskinstance.py:1361} INFO - Starting attempt 1 of 5
[2023-10-30T15:19:20.462+0000] {taskinstance.py:1382} INFO - Executing <Task(BashOperator): asteroides-etl-task> on 2023-07-03 00:00:00+00:00
[2023-10-30T15:19:20.473+0000] {standard_task_runner.py:57} INFO - Started process 2144 to run task
[2023-10-30T15:19:20.479+0000] {standard_task_runner.py:84} INFO - Running: ['***', 'tasks', 'run', 'asteroides-etl-dag', 'asteroides-etl-task', 'scheduled__2023-07-03T00:00:00+00:00', '--job-id', '165', '--raw', '--subdir', 'DAGS_FOLDER/asteroides-etl_dag.py', '--cfg-path', '/tmp/tmpwlayw9sf']
[2023-10-30T15:19:20.481+0000] {standard_task_runner.py:85} INFO - Job 165: Subtask asteroides-etl-task
[2023-10-30T15:19:20.577+0000] {task_command.py:416} INFO - Running <TaskInstance: asteroides-etl-dag.asteroides-etl-task scheduled__2023-07-03T00:00:00+00:00 [running]> on host d87e86d3d093
[2023-10-30T15:19:20.721+0000] {taskinstance.py:1662} INFO - Exporting env vars: AIRFLOW_CTX_DAG_OWNER='Norman Ruiz' AIRFLOW_CTX_DAG_ID='asteroides-etl-dag' AIRFLOW_CTX_TASK_ID='asteroides-etl-task' AIRFLOW_CTX_EXECUTION_DATE='2023-07-03T00:00:00+00:00' AIRFLOW_CTX_TRY_NUMBER='1' AIRFLOW_CTX_DAG_RUN_ID='scheduled__2023-07-03T00:00:00+00:00'
[2023-10-30T15:19:20.723+0000] {subprocess.py:63} INFO - Tmp dir root location: /tmp
[2023-10-30T15:19:20.725+0000] {subprocess.py:75} INFO - Running command: ['/bin/bash', '-c', 'docker run -i asteroides-etl']
[2023-10-30T15:19:20.750+0000] {subprocess.py:86} INFO - Output:
[2023-10-30T15:19:20.803+0000] {subprocess.py:93} INFO - docker: Cannot connect to the Docker daemon at unix:///var/run/docker.sock. Is the docker daemon running?.
[2023-10-30T15:19:20.804+0000] {subprocess.py:93} INFO - See 'docker run --help'.
[2023-10-30T15:19:20.809+0000] {subprocess.py:97} INFO - Command exited with return code 125
[2023-10-30T15:19:20.836+0000] {taskinstance.py:1937} ERROR - Task failed with exception
Traceback (most recent call last):
  File "/home/airflow/.local/lib/python3.8/site-packages/airflow/operators/bash.py", line 210, in execute
    raise AirflowException(
airflow.exceptions.AirflowException: Bash command failed. The command returned a non-zero exit code 125.
[2023-10-30T15:19:20.854+0000] {taskinstance.py:1400} INFO - Marking task as UP_FOR_RETRY. dag_id=asteroides-etl-dag, task_id=asteroides-etl-task, execution_date=20230703T000000, start_date=20231030T151920, end_date=20231030T151920
[2023-10-30T15:19:20.891+0000] {standard_task_runner.py:104} ERROR - Failed to execute job 165 for task asteroides-etl-task (Bash command failed. The command returned a non-zero exit code 125.; 2144)
[2023-10-30T15:19:20.938+0000] {local_task_job_runner.py:228} INFO - Task exited with return code 1
[2023-10-30T15:19:21.074+0000] {taskinstance.py:2778} INFO - 0 downstream tasks scheduled from follow-on schedule check
[2023-10-30T19:25:25.104+0000] {taskinstance.py:1159} INFO - Dependencies all met for dep_context=non-requeueable deps ti=<TaskInstance: asteroides-etl-dag.asteroides-etl-task scheduled__2023-07-03T00:00:00+00:00 [queued]>
[2023-10-30T19:25:25.124+0000] {taskinstance.py:1159} INFO - Dependencies all met for dep_context=requeueable deps ti=<TaskInstance: asteroides-etl-dag.asteroides-etl-task scheduled__2023-07-03T00:00:00+00:00 [queued]>
[2023-10-30T19:25:25.125+0000] {taskinstance.py:1361} INFO - Starting attempt 1 of 5
[2023-10-30T19:25:25.157+0000] {taskinstance.py:1382} INFO - Executing <Task(BashOperator): asteroides-etl-task> on 2023-07-03 00:00:00+00:00
[2023-10-30T19:25:25.169+0000] {standard_task_runner.py:57} INFO - Started process 8392 to run task
[2023-10-30T19:25:25.177+0000] {standard_task_runner.py:84} INFO - Running: ['***', 'tasks', 'run', 'asteroides-etl-dag', 'asteroides-etl-task', 'scheduled__2023-07-03T00:00:00+00:00', '--job-id', '854', '--raw', '--subdir', 'DAGS_FOLDER/asteroides-etl_dag.py', '--cfg-path', '/tmp/tmpnhv2nwi8']
[2023-10-30T19:25:25.180+0000] {standard_task_runner.py:85} INFO - Job 854: Subtask asteroides-etl-task
[2023-10-30T19:25:25.286+0000] {task_command.py:416} INFO - Running <TaskInstance: asteroides-etl-dag.asteroides-etl-task scheduled__2023-07-03T00:00:00+00:00 [running]> on host d87e86d3d093
[2023-10-30T19:25:25.515+0000] {taskinstance.py:1662} INFO - Exporting env vars: AIRFLOW_CTX_DAG_OWNER='Norman Ruiz' AIRFLOW_CTX_DAG_ID='asteroides-etl-dag' AIRFLOW_CTX_TASK_ID='asteroides-etl-task' AIRFLOW_CTX_EXECUTION_DATE='2023-07-03T00:00:00+00:00' AIRFLOW_CTX_TRY_NUMBER='1' AIRFLOW_CTX_DAG_RUN_ID='scheduled__2023-07-03T00:00:00+00:00'
[2023-10-30T19:25:25.518+0000] {subprocess.py:63} INFO - Tmp dir root location: /tmp
[2023-10-30T19:25:25.520+0000] {subprocess.py:75} INFO - Running command: ['/bin/bash', '-c', 'echo "Corrio !!!!"']
[2023-10-30T19:25:25.543+0000] {subprocess.py:86} INFO - Output:
[2023-10-30T19:25:25.546+0000] {subprocess.py:93} INFO - Corrio !!!!
[2023-10-30T19:25:25.547+0000] {subprocess.py:97} INFO - Command exited with return code 0
[2023-10-30T19:25:25.599+0000] {taskinstance.py:1400} INFO - Marking task as SUCCESS. dag_id=asteroides-etl-dag, task_id=asteroides-etl-task, execution_date=20230703T000000, start_date=20231030T192525, end_date=20231030T192525
[2023-10-30T19:25:25.649+0000] {local_task_job_runner.py:228} INFO - Task exited with return code 0
[2023-10-30T19:25:25.773+0000] {taskinstance.py:2778} INFO - 0 downstream tasks scheduled from follow-on schedule check
[2023-10-30T19:26:03.348+0000] {taskinstance.py:1159} INFO - Dependencies all met for dep_context=non-requeueable deps ti=<TaskInstance: asteroides-etl-dag.asteroides-etl-task scheduled__2023-07-03T00:00:00+00:00 [queued]>
[2023-10-30T19:26:03.365+0000] {taskinstance.py:1159} INFO - Dependencies all met for dep_context=requeueable deps ti=<TaskInstance: asteroides-etl-dag.asteroides-etl-task scheduled__2023-07-03T00:00:00+00:00 [queued]>
[2023-10-30T19:26:03.366+0000] {taskinstance.py:1361} INFO - Starting attempt 1 of 5
[2023-10-30T19:26:03.392+0000] {taskinstance.py:1382} INFO - Executing <Task(BashOperator): asteroides-etl-task> on 2023-07-03 00:00:00+00:00
[2023-10-30T19:26:03.400+0000] {standard_task_runner.py:57} INFO - Started process 8548 to run task
[2023-10-30T19:26:03.405+0000] {standard_task_runner.py:84} INFO - Running: ['***', 'tasks', 'run', 'asteroides-etl-dag', 'asteroides-etl-task', 'scheduled__2023-07-03T00:00:00+00:00', '--job-id', '904', '--raw', '--subdir', 'DAGS_FOLDER/asteroides-etl_dag.py', '--cfg-path', '/tmp/tmp2e8oid8q']
[2023-10-30T19:26:03.408+0000] {standard_task_runner.py:85} INFO - Job 904: Subtask asteroides-etl-task
[2023-10-30T19:26:03.491+0000] {task_command.py:416} INFO - Running <TaskInstance: asteroides-etl-dag.asteroides-etl-task scheduled__2023-07-03T00:00:00+00:00 [running]> on host d87e86d3d093
[2023-10-30T19:26:03.625+0000] {taskinstance.py:1662} INFO - Exporting env vars: AIRFLOW_CTX_DAG_OWNER='Norman Ruiz' AIRFLOW_CTX_DAG_ID='asteroides-etl-dag' AIRFLOW_CTX_TASK_ID='asteroides-etl-task' AIRFLOW_CTX_EXECUTION_DATE='2023-07-03T00:00:00+00:00' AIRFLOW_CTX_TRY_NUMBER='1' AIRFLOW_CTX_DAG_RUN_ID='scheduled__2023-07-03T00:00:00+00:00'
[2023-10-30T19:26:03.627+0000] {subprocess.py:63} INFO - Tmp dir root location: /tmp
[2023-10-30T19:26:03.628+0000] {subprocess.py:75} INFO - Running command: ['/bin/bash', '-c', 'echo "Corrio !!!!"']
[2023-10-30T19:26:03.648+0000] {subprocess.py:86} INFO - Output:
[2023-10-30T19:26:03.651+0000] {subprocess.py:93} INFO - Corrio !!!!
[2023-10-30T19:26:03.653+0000] {subprocess.py:97} INFO - Command exited with return code 0
[2023-10-30T19:26:03.688+0000] {taskinstance.py:1400} INFO - Marking task as SUCCESS. dag_id=asteroides-etl-dag, task_id=asteroides-etl-task, execution_date=20230703T000000, start_date=20231030T192603, end_date=20231030T192603
[2023-10-30T19:26:03.739+0000] {local_task_job_runner.py:228} INFO - Task exited with return code 0
[2023-10-30T19:26:03.766+0000] {taskinstance.py:2778} INFO - 0 downstream tasks scheduled from follow-on schedule check
