[2023-10-30T01:02:00.901+0000] {taskinstance.py:1159} INFO - Dependencies all met for dep_context=non-requeueable deps ti=<TaskInstance: asteroides-etl-dag.asteroides-etl-task scheduled__2023-06-23T00:00:00+00:00 [queued]>
[2023-10-30T01:02:00.919+0000] {taskinstance.py:1159} INFO - Dependencies all met for dep_context=requeueable deps ti=<TaskInstance: asteroides-etl-dag.asteroides-etl-task scheduled__2023-06-23T00:00:00+00:00 [queued]>
[2023-10-30T01:02:00.919+0000] {taskinstance.py:1361} INFO - Starting attempt 1 of 5
[2023-10-30T01:02:00.955+0000] {taskinstance.py:1382} INFO - Executing <Task(BashOperator): asteroides-etl-task> on 2023-06-23 00:00:00+00:00
[2023-10-30T01:02:00.977+0000] {standard_task_runner.py:57} INFO - Started process 1439 to run task
[2023-10-30T01:02:00.992+0000] {standard_task_runner.py:84} INFO - Running: ['***', 'tasks', 'run', 'asteroides-etl-dag', 'asteroides-etl-task', 'scheduled__2023-06-23T00:00:00+00:00', '--job-id', '26', '--raw', '--subdir', 'DAGS_FOLDER/asteroides-etl_dag.py', '--cfg-path', '/tmp/tmp669wm6rv']
[2023-10-30T01:02:00.994+0000] {standard_task_runner.py:85} INFO - Job 26: Subtask asteroides-etl-task
[2023-10-30T01:02:01.120+0000] {task_command.py:416} INFO - Running <TaskInstance: asteroides-etl-dag.asteroides-etl-task scheduled__2023-06-23T00:00:00+00:00 [running]> on host ac9f9bef16c9
[2023-10-30T01:02:01.310+0000] {taskinstance.py:1662} INFO - Exporting env vars: AIRFLOW_CTX_DAG_OWNER='Norman Ruiz' AIRFLOW_CTX_DAG_ID='asteroides-etl-dag' AIRFLOW_CTX_TASK_ID='asteroides-etl-task' AIRFLOW_CTX_EXECUTION_DATE='2023-06-23T00:00:00+00:00' AIRFLOW_CTX_TRY_NUMBER='1' AIRFLOW_CTX_DAG_RUN_ID='scheduled__2023-06-23T00:00:00+00:00'
[2023-10-30T01:02:01.315+0000] {subprocess.py:63} INFO - Tmp dir root location: /tmp
[2023-10-30T01:02:01.318+0000] {subprocess.py:75} INFO - Running command: ['/bin/bash', '-c', 'echo ya casi lo tengo!!!!']
[2023-10-30T01:02:01.354+0000] {subprocess.py:86} INFO - Output:
[2023-10-30T01:02:01.357+0000] {subprocess.py:93} INFO - ya casi lo tengo!!!!
[2023-10-30T01:02:01.359+0000] {subprocess.py:97} INFO - Command exited with return code 0
[2023-10-30T01:02:01.419+0000] {taskinstance.py:1400} INFO - Marking task as SUCCESS. dag_id=asteroides-etl-dag, task_id=asteroides-etl-task, execution_date=20230623T000000, start_date=20231030T010200, end_date=20231030T010201
[2023-10-30T01:02:01.561+0000] {local_task_job_runner.py:228} INFO - Task exited with return code 0
[2023-10-30T01:02:01.611+0000] {taskinstance.py:2778} INFO - 0 downstream tasks scheduled from follow-on schedule check
[2023-10-30T15:11:07.978+0000] {taskinstance.py:1159} INFO - Dependencies all met for dep_context=non-requeueable deps ti=<TaskInstance: asteroides-etl-dag.asteroides-etl-task scheduled__2023-06-23T00:00:00+00:00 [queued]>
[2023-10-30T15:11:07.997+0000] {taskinstance.py:1159} INFO - Dependencies all met for dep_context=requeueable deps ti=<TaskInstance: asteroides-etl-dag.asteroides-etl-task scheduled__2023-06-23T00:00:00+00:00 [queued]>
[2023-10-30T15:11:07.997+0000] {taskinstance.py:1361} INFO - Starting attempt 1 of 5
[2023-10-30T15:11:08.026+0000] {taskinstance.py:1382} INFO - Executing <Task(BashOperator): asteroides-etl-task> on 2023-06-23 00:00:00+00:00
[2023-10-30T15:11:08.036+0000] {standard_task_runner.py:57} INFO - Started process 1184 to run task
[2023-10-30T15:11:08.042+0000] {standard_task_runner.py:84} INFO - Running: ['***', 'tasks', 'run', 'asteroides-etl-dag', 'asteroides-etl-task', 'scheduled__2023-06-23T00:00:00+00:00', '--job-id', '90', '--raw', '--subdir', 'DAGS_FOLDER/asteroides-etl_dag.py', '--cfg-path', '/tmp/tmp9tws9rch']
[2023-10-30T15:11:08.044+0000] {standard_task_runner.py:85} INFO - Job 90: Subtask asteroides-etl-task
[2023-10-30T15:11:08.134+0000] {task_command.py:416} INFO - Running <TaskInstance: asteroides-etl-dag.asteroides-etl-task scheduled__2023-06-23T00:00:00+00:00 [running]> on host d87e86d3d093
[2023-10-30T15:11:08.256+0000] {taskinstance.py:1662} INFO - Exporting env vars: AIRFLOW_CTX_DAG_OWNER='Norman Ruiz' AIRFLOW_CTX_DAG_ID='asteroides-etl-dag' AIRFLOW_CTX_TASK_ID='asteroides-etl-task' AIRFLOW_CTX_EXECUTION_DATE='2023-06-23T00:00:00+00:00' AIRFLOW_CTX_TRY_NUMBER='1' AIRFLOW_CTX_DAG_RUN_ID='scheduled__2023-06-23T00:00:00+00:00'
[2023-10-30T15:11:08.259+0000] {subprocess.py:63} INFO - Tmp dir root location: /tmp
[2023-10-30T15:11:08.260+0000] {subprocess.py:75} INFO - Running command: ['/bin/bash', '-c', 'docker run -it asteroides-etl']
[2023-10-30T15:11:08.280+0000] {subprocess.py:86} INFO - Output:
[2023-10-30T15:11:08.326+0000] {subprocess.py:93} INFO - the input device is not a TTY
[2023-10-30T15:11:08.329+0000] {subprocess.py:97} INFO - Command exited with return code 1
[2023-10-30T15:11:08.355+0000] {taskinstance.py:1937} ERROR - Task failed with exception
Traceback (most recent call last):
  File "/home/airflow/.local/lib/python3.8/site-packages/airflow/operators/bash.py", line 210, in execute
    raise AirflowException(
airflow.exceptions.AirflowException: Bash command failed. The command returned a non-zero exit code 1.
[2023-10-30T15:11:08.365+0000] {taskinstance.py:1400} INFO - Marking task as UP_FOR_RETRY. dag_id=asteroides-etl-dag, task_id=asteroides-etl-task, execution_date=20230623T000000, start_date=20231030T151107, end_date=20231030T151108
[2023-10-30T15:11:08.389+0000] {standard_task_runner.py:104} ERROR - Failed to execute job 90 for task asteroides-etl-task (Bash command failed. The command returned a non-zero exit code 1.; 1184)
[2023-10-30T15:11:08.424+0000] {local_task_job_runner.py:228} INFO - Task exited with return code 1
[2023-10-30T15:11:08.452+0000] {taskinstance.py:2778} INFO - 0 downstream tasks scheduled from follow-on schedule check
[2023-10-30T19:25:18.331+0000] {taskinstance.py:1159} INFO - Dependencies all met for dep_context=non-requeueable deps ti=<TaskInstance: asteroides-etl-dag.asteroides-etl-task scheduled__2023-06-23T00:00:00+00:00 [queued]>
[2023-10-30T19:25:18.348+0000] {taskinstance.py:1159} INFO - Dependencies all met for dep_context=requeueable deps ti=<TaskInstance: asteroides-etl-dag.asteroides-etl-task scheduled__2023-06-23T00:00:00+00:00 [queued]>
[2023-10-30T19:25:18.348+0000] {taskinstance.py:1361} INFO - Starting attempt 1 of 5
[2023-10-30T19:25:18.373+0000] {taskinstance.py:1382} INFO - Executing <Task(BashOperator): asteroides-etl-task> on 2023-06-23 00:00:00+00:00
[2023-10-30T19:25:18.382+0000] {standard_task_runner.py:57} INFO - Started process 8360 to run task
[2023-10-30T19:25:18.386+0000] {standard_task_runner.py:84} INFO - Running: ['***', 'tasks', 'run', 'asteroides-etl-dag', 'asteroides-etl-task', 'scheduled__2023-06-23T00:00:00+00:00', '--job-id', '844', '--raw', '--subdir', 'DAGS_FOLDER/asteroides-etl_dag.py', '--cfg-path', '/tmp/tmpb194fiar']
[2023-10-30T19:25:18.388+0000] {standard_task_runner.py:85} INFO - Job 844: Subtask asteroides-etl-task
[2023-10-30T19:25:18.455+0000] {task_command.py:416} INFO - Running <TaskInstance: asteroides-etl-dag.asteroides-etl-task scheduled__2023-06-23T00:00:00+00:00 [running]> on host d87e86d3d093
[2023-10-30T19:25:18.566+0000] {taskinstance.py:1662} INFO - Exporting env vars: AIRFLOW_CTX_DAG_OWNER='Norman Ruiz' AIRFLOW_CTX_DAG_ID='asteroides-etl-dag' AIRFLOW_CTX_TASK_ID='asteroides-etl-task' AIRFLOW_CTX_EXECUTION_DATE='2023-06-23T00:00:00+00:00' AIRFLOW_CTX_TRY_NUMBER='1' AIRFLOW_CTX_DAG_RUN_ID='scheduled__2023-06-23T00:00:00+00:00'
[2023-10-30T19:25:18.568+0000] {subprocess.py:63} INFO - Tmp dir root location: /tmp
[2023-10-30T19:25:18.569+0000] {subprocess.py:75} INFO - Running command: ['/bin/bash', '-c', 'echo "Corrio !!!!"']
[2023-10-30T19:25:18.590+0000] {subprocess.py:86} INFO - Output:
[2023-10-30T19:25:18.594+0000] {subprocess.py:93} INFO - Corrio !!!!
[2023-10-30T19:25:18.595+0000] {subprocess.py:97} INFO - Command exited with return code 0
[2023-10-30T19:25:18.630+0000] {taskinstance.py:1400} INFO - Marking task as SUCCESS. dag_id=asteroides-etl-dag, task_id=asteroides-etl-task, execution_date=20230623T000000, start_date=20231030T192518, end_date=20231030T192518
[2023-10-30T19:25:18.679+0000] {local_task_job_runner.py:228} INFO - Task exited with return code 0
[2023-10-30T19:25:18.700+0000] {taskinstance.py:2778} INFO - 0 downstream tasks scheduled from follow-on schedule check
[2023-10-30T19:25:58.696+0000] {taskinstance.py:1159} INFO - Dependencies all met for dep_context=non-requeueable deps ti=<TaskInstance: asteroides-etl-dag.asteroides-etl-task scheduled__2023-06-23T00:00:00+00:00 [queued]>
[2023-10-30T19:25:58.714+0000] {taskinstance.py:1159} INFO - Dependencies all met for dep_context=requeueable deps ti=<TaskInstance: asteroides-etl-dag.asteroides-etl-task scheduled__2023-06-23T00:00:00+00:00 [queued]>
[2023-10-30T19:25:58.715+0000] {taskinstance.py:1361} INFO - Starting attempt 1 of 5
[2023-10-30T19:25:58.756+0000] {taskinstance.py:1382} INFO - Executing <Task(BashOperator): asteroides-etl-task> on 2023-06-23 00:00:00+00:00
[2023-10-30T19:25:58.765+0000] {standard_task_runner.py:57} INFO - Started process 8519 to run task
[2023-10-30T19:25:58.772+0000] {standard_task_runner.py:84} INFO - Running: ['***', 'tasks', 'run', 'asteroides-etl-dag', 'asteroides-etl-task', 'scheduled__2023-06-23T00:00:00+00:00', '--job-id', '894', '--raw', '--subdir', 'DAGS_FOLDER/asteroides-etl_dag.py', '--cfg-path', '/tmp/tmpj5jqw4cc']
[2023-10-30T19:25:58.774+0000] {standard_task_runner.py:85} INFO - Job 894: Subtask asteroides-etl-task
[2023-10-30T19:25:58.863+0000] {task_command.py:416} INFO - Running <TaskInstance: asteroides-etl-dag.asteroides-etl-task scheduled__2023-06-23T00:00:00+00:00 [running]> on host d87e86d3d093
[2023-10-30T19:25:59.006+0000] {taskinstance.py:1662} INFO - Exporting env vars: AIRFLOW_CTX_DAG_OWNER='Norman Ruiz' AIRFLOW_CTX_DAG_ID='asteroides-etl-dag' AIRFLOW_CTX_TASK_ID='asteroides-etl-task' AIRFLOW_CTX_EXECUTION_DATE='2023-06-23T00:00:00+00:00' AIRFLOW_CTX_TRY_NUMBER='1' AIRFLOW_CTX_DAG_RUN_ID='scheduled__2023-06-23T00:00:00+00:00'
[2023-10-30T19:25:59.011+0000] {subprocess.py:63} INFO - Tmp dir root location: /tmp
[2023-10-30T19:25:59.012+0000] {subprocess.py:75} INFO - Running command: ['/bin/bash', '-c', 'echo "Corrio !!!!"']
[2023-10-30T19:25:59.042+0000] {subprocess.py:86} INFO - Output:
[2023-10-30T19:25:59.043+0000] {subprocess.py:93} INFO - Corrio !!!!
[2023-10-30T19:25:59.045+0000] {subprocess.py:97} INFO - Command exited with return code 0
[2023-10-30T19:25:59.092+0000] {taskinstance.py:1400} INFO - Marking task as SUCCESS. dag_id=asteroides-etl-dag, task_id=asteroides-etl-task, execution_date=20230623T000000, start_date=20231030T192558, end_date=20231030T192559
[2023-10-30T19:25:59.146+0000] {local_task_job_runner.py:228} INFO - Task exited with return code 0
[2023-10-30T19:25:59.179+0000] {taskinstance.py:2778} INFO - 0 downstream tasks scheduled from follow-on schedule check
