[2023-10-30T01:02:16.895+0000] {taskinstance.py:1159} INFO - Dependencies all met for dep_context=non-requeueable deps ti=<TaskInstance: asteroides-etl-dag.asteroides-etl-task scheduled__2023-07-21T00:00:00+00:00 [queued]>
[2023-10-30T01:02:16.918+0000] {taskinstance.py:1159} INFO - Dependencies all met for dep_context=requeueable deps ti=<TaskInstance: asteroides-etl-dag.asteroides-etl-task scheduled__2023-07-21T00:00:00+00:00 [queued]>
[2023-10-30T01:02:16.918+0000] {taskinstance.py:1361} INFO - Starting attempt 1 of 5
[2023-10-30T01:02:16.952+0000] {taskinstance.py:1382} INFO - Executing <Task(BashOperator): asteroides-etl-task> on 2023-07-21 00:00:00+00:00
[2023-10-30T01:02:16.964+0000] {standard_task_runner.py:57} INFO - Started process 1531 to run task
[2023-10-30T01:02:16.971+0000] {standard_task_runner.py:84} INFO - Running: ['***', 'tasks', 'run', 'asteroides-etl-dag', 'asteroides-etl-task', 'scheduled__2023-07-21T00:00:00+00:00', '--job-id', '54', '--raw', '--subdir', 'DAGS_FOLDER/asteroides-etl_dag.py', '--cfg-path', '/tmp/tmpfw_lmbkl']
[2023-10-30T01:02:16.973+0000] {standard_task_runner.py:85} INFO - Job 54: Subtask asteroides-etl-task
[2023-10-30T01:02:17.069+0000] {task_command.py:416} INFO - Running <TaskInstance: asteroides-etl-dag.asteroides-etl-task scheduled__2023-07-21T00:00:00+00:00 [running]> on host ac9f9bef16c9
[2023-10-30T01:02:17.246+0000] {taskinstance.py:1662} INFO - Exporting env vars: AIRFLOW_CTX_DAG_OWNER='Norman Ruiz' AIRFLOW_CTX_DAG_ID='asteroides-etl-dag' AIRFLOW_CTX_TASK_ID='asteroides-etl-task' AIRFLOW_CTX_EXECUTION_DATE='2023-07-21T00:00:00+00:00' AIRFLOW_CTX_TRY_NUMBER='1' AIRFLOW_CTX_DAG_RUN_ID='scheduled__2023-07-21T00:00:00+00:00'
[2023-10-30T01:02:17.255+0000] {subprocess.py:63} INFO - Tmp dir root location: /tmp
[2023-10-30T01:02:17.258+0000] {subprocess.py:75} INFO - Running command: ['/bin/bash', '-c', 'echo ya casi lo tengo!!!!']
[2023-10-30T01:02:17.291+0000] {subprocess.py:86} INFO - Output:
[2023-10-30T01:02:17.294+0000] {subprocess.py:93} INFO - ya casi lo tengo!!!!
[2023-10-30T01:02:17.295+0000] {subprocess.py:97} INFO - Command exited with return code 0
[2023-10-30T01:02:17.356+0000] {taskinstance.py:1400} INFO - Marking task as SUCCESS. dag_id=asteroides-etl-dag, task_id=asteroides-etl-task, execution_date=20230721T000000, start_date=20231030T010216, end_date=20231030T010217
[2023-10-30T01:02:17.435+0000] {local_task_job_runner.py:228} INFO - Task exited with return code 0
[2023-10-30T01:02:17.569+0000] {taskinstance.py:2778} INFO - 0 downstream tasks scheduled from follow-on schedule check
[2023-10-30T15:27:32.571+0000] {taskinstance.py:1159} INFO - Dependencies all met for dep_context=non-requeueable deps ti=<TaskInstance: asteroides-etl-dag.asteroides-etl-task scheduled__2023-07-21T00:00:00+00:00 [queued]>
[2023-10-30T15:27:32.593+0000] {taskinstance.py:1159} INFO - Dependencies all met for dep_context=requeueable deps ti=<TaskInstance: asteroides-etl-dag.asteroides-etl-task scheduled__2023-07-21T00:00:00+00:00 [queued]>
[2023-10-30T15:27:32.598+0000] {taskinstance.py:1361} INFO - Starting attempt 1 of 5
[2023-10-30T15:27:32.645+0000] {taskinstance.py:1382} INFO - Executing <Task(BashOperator): asteroides-etl-task> on 2023-07-21 00:00:00+00:00
[2023-10-30T15:27:32.663+0000] {standard_task_runner.py:57} INFO - Started process 3182 to run task
[2023-10-30T15:27:32.670+0000] {standard_task_runner.py:84} INFO - Running: ['***', 'tasks', 'run', 'asteroides-etl-dag', 'asteroides-etl-task', 'scheduled__2023-07-21T00:00:00+00:00', '--job-id', '247', '--raw', '--subdir', 'DAGS_FOLDER/asteroides-etl_dag.py', '--cfg-path', '/tmp/tmp4y7tg9jc']
[2023-10-30T15:27:32.672+0000] {standard_task_runner.py:85} INFO - Job 247: Subtask asteroides-etl-task
[2023-10-30T15:27:32.787+0000] {task_command.py:416} INFO - Running <TaskInstance: asteroides-etl-dag.asteroides-etl-task scheduled__2023-07-21T00:00:00+00:00 [running]> on host d87e86d3d093
[2023-10-30T15:27:32.974+0000] {taskinstance.py:1662} INFO - Exporting env vars: AIRFLOW_CTX_DAG_OWNER='Norman Ruiz' AIRFLOW_CTX_DAG_ID='asteroides-etl-dag' AIRFLOW_CTX_TASK_ID='asteroides-etl-task' AIRFLOW_CTX_EXECUTION_DATE='2023-07-21T00:00:00+00:00' AIRFLOW_CTX_TRY_NUMBER='1' AIRFLOW_CTX_DAG_RUN_ID='scheduled__2023-07-21T00:00:00+00:00'
[2023-10-30T15:27:32.978+0000] {subprocess.py:63} INFO - Tmp dir root location: /tmp
[2023-10-30T15:27:32.979+0000] {subprocess.py:75} INFO - Running command: ['/bin/bash', '-c', 'docker run -i asteroides-etl']
[2023-10-30T15:27:33.007+0000] {subprocess.py:86} INFO - Output:
[2023-10-30T15:27:33.053+0000] {subprocess.py:93} INFO - docker: Cannot connect to the Docker daemon at unix:///var/run/docker.sock. Is the docker daemon running?.
[2023-10-30T15:27:33.054+0000] {subprocess.py:93} INFO - See 'docker run --help'.
[2023-10-30T15:27:33.057+0000] {subprocess.py:97} INFO - Command exited with return code 125
[2023-10-30T15:27:33.082+0000] {taskinstance.py:1937} ERROR - Task failed with exception
Traceback (most recent call last):
  File "/home/airflow/.local/lib/python3.8/site-packages/airflow/operators/bash.py", line 210, in execute
    raise AirflowException(
airflow.exceptions.AirflowException: Bash command failed. The command returned a non-zero exit code 125.
[2023-10-30T15:27:33.091+0000] {taskinstance.py:1400} INFO - Marking task as UP_FOR_RETRY. dag_id=asteroides-etl-dag, task_id=asteroides-etl-task, execution_date=20230721T000000, start_date=20231030T152732, end_date=20231030T152733
[2023-10-30T15:27:33.115+0000] {standard_task_runner.py:104} ERROR - Failed to execute job 247 for task asteroides-etl-task (Bash command failed. The command returned a non-zero exit code 125.; 3182)
[2023-10-30T15:27:33.146+0000] {local_task_job_runner.py:228} INFO - Task exited with return code 1
[2023-10-30T15:27:33.200+0000] {taskinstance.py:2778} INFO - 0 downstream tasks scheduled from follow-on schedule check
[2023-10-30T19:25:33.738+0000] {taskinstance.py:1159} INFO - Dependencies all met for dep_context=non-requeueable deps ti=<TaskInstance: asteroides-etl-dag.asteroides-etl-task scheduled__2023-07-21T00:00:00+00:00 [queued]>
[2023-10-30T19:25:33.753+0000] {taskinstance.py:1159} INFO - Dependencies all met for dep_context=requeueable deps ti=<TaskInstance: asteroides-etl-dag.asteroides-etl-task scheduled__2023-07-21T00:00:00+00:00 [queued]>
[2023-10-30T19:25:33.754+0000] {taskinstance.py:1361} INFO - Starting attempt 1 of 5
[2023-10-30T19:25:33.775+0000] {taskinstance.py:1382} INFO - Executing <Task(BashOperator): asteroides-etl-task> on 2023-07-21 00:00:00+00:00
[2023-10-30T19:25:33.783+0000] {standard_task_runner.py:57} INFO - Started process 8444 to run task
[2023-10-30T19:25:33.787+0000] {standard_task_runner.py:84} INFO - Running: ['***', 'tasks', 'run', 'asteroides-etl-dag', 'asteroides-etl-task', 'scheduled__2023-07-21T00:00:00+00:00', '--job-id', '872', '--raw', '--subdir', 'DAGS_FOLDER/asteroides-etl_dag.py', '--cfg-path', '/tmp/tmpb_6xlycx']
[2023-10-30T19:25:33.789+0000] {standard_task_runner.py:85} INFO - Job 872: Subtask asteroides-etl-task
[2023-10-30T19:25:33.862+0000] {task_command.py:416} INFO - Running <TaskInstance: asteroides-etl-dag.asteroides-etl-task scheduled__2023-07-21T00:00:00+00:00 [running]> on host d87e86d3d093
[2023-10-30T19:25:33.958+0000] {taskinstance.py:1662} INFO - Exporting env vars: AIRFLOW_CTX_DAG_OWNER='Norman Ruiz' AIRFLOW_CTX_DAG_ID='asteroides-etl-dag' AIRFLOW_CTX_TASK_ID='asteroides-etl-task' AIRFLOW_CTX_EXECUTION_DATE='2023-07-21T00:00:00+00:00' AIRFLOW_CTX_TRY_NUMBER='1' AIRFLOW_CTX_DAG_RUN_ID='scheduled__2023-07-21T00:00:00+00:00'
[2023-10-30T19:25:33.959+0000] {subprocess.py:63} INFO - Tmp dir root location: /tmp
[2023-10-30T19:25:33.961+0000] {subprocess.py:75} INFO - Running command: ['/bin/bash', '-c', 'echo "Corrio !!!!"']
[2023-10-30T19:25:33.975+0000] {subprocess.py:86} INFO - Output:
[2023-10-30T19:25:33.978+0000] {subprocess.py:93} INFO - Corrio !!!!
[2023-10-30T19:25:33.978+0000] {subprocess.py:97} INFO - Command exited with return code 0
[2023-10-30T19:25:34.006+0000] {taskinstance.py:1400} INFO - Marking task as SUCCESS. dag_id=asteroides-etl-dag, task_id=asteroides-etl-task, execution_date=20230721T000000, start_date=20231030T192533, end_date=20231030T192534
[2023-10-30T19:25:34.040+0000] {local_task_job_runner.py:228} INFO - Task exited with return code 0
[2023-10-30T19:25:34.061+0000] {taskinstance.py:2778} INFO - 0 downstream tasks scheduled from follow-on schedule check
[2023-10-30T19:26:15.209+0000] {taskinstance.py:1159} INFO - Dependencies all met for dep_context=non-requeueable deps ti=<TaskInstance: asteroides-etl-dag.asteroides-etl-task scheduled__2023-07-21T00:00:00+00:00 [queued]>
[2023-10-30T19:26:15.224+0000] {taskinstance.py:1159} INFO - Dependencies all met for dep_context=requeueable deps ti=<TaskInstance: asteroides-etl-dag.asteroides-etl-task scheduled__2023-07-21T00:00:00+00:00 [queued]>
[2023-10-30T19:26:15.225+0000] {taskinstance.py:1361} INFO - Starting attempt 1 of 5
[2023-10-30T19:26:15.280+0000] {taskinstance.py:1382} INFO - Executing <Task(BashOperator): asteroides-etl-task> on 2023-07-21 00:00:00+00:00
[2023-10-30T19:26:15.289+0000] {standard_task_runner.py:57} INFO - Started process 8603 to run task
[2023-10-30T19:26:15.295+0000] {standard_task_runner.py:84} INFO - Running: ['***', 'tasks', 'run', 'asteroides-etl-dag', 'asteroides-etl-task', 'scheduled__2023-07-21T00:00:00+00:00', '--job-id', '922', '--raw', '--subdir', 'DAGS_FOLDER/asteroides-etl_dag.py', '--cfg-path', '/tmp/tmpte2wf_my']
[2023-10-30T19:26:15.297+0000] {standard_task_runner.py:85} INFO - Job 922: Subtask asteroides-etl-task
[2023-10-30T19:26:15.385+0000] {task_command.py:416} INFO - Running <TaskInstance: asteroides-etl-dag.asteroides-etl-task scheduled__2023-07-21T00:00:00+00:00 [running]> on host d87e86d3d093
[2023-10-30T19:26:15.534+0000] {taskinstance.py:1662} INFO - Exporting env vars: AIRFLOW_CTX_DAG_OWNER='Norman Ruiz' AIRFLOW_CTX_DAG_ID='asteroides-etl-dag' AIRFLOW_CTX_TASK_ID='asteroides-etl-task' AIRFLOW_CTX_EXECUTION_DATE='2023-07-21T00:00:00+00:00' AIRFLOW_CTX_TRY_NUMBER='1' AIRFLOW_CTX_DAG_RUN_ID='scheduled__2023-07-21T00:00:00+00:00'
[2023-10-30T19:26:15.537+0000] {subprocess.py:63} INFO - Tmp dir root location: /tmp
[2023-10-30T19:26:15.538+0000] {subprocess.py:75} INFO - Running command: ['/bin/bash', '-c', 'echo "Corrio !!!!"']
[2023-10-30T19:26:15.558+0000] {subprocess.py:86} INFO - Output:
[2023-10-30T19:26:15.561+0000] {subprocess.py:93} INFO - Corrio !!!!
[2023-10-30T19:26:15.562+0000] {subprocess.py:97} INFO - Command exited with return code 0
[2023-10-30T19:26:15.595+0000] {taskinstance.py:1400} INFO - Marking task as SUCCESS. dag_id=asteroides-etl-dag, task_id=asteroides-etl-task, execution_date=20230721T000000, start_date=20231030T192615, end_date=20231030T192615
[2023-10-30T19:26:15.629+0000] {local_task_job_runner.py:228} INFO - Task exited with return code 0
[2023-10-30T19:26:15.652+0000] {taskinstance.py:2778} INFO - 0 downstream tasks scheduled from follow-on schedule check
