[2023-10-30T15:04:56.366+0000] {taskinstance.py:1159} INFO - Dependencies all met for dep_context=non-requeueable deps ti=<TaskInstance: asteroides-etl-dag.asteroides-etl-task scheduled__2023-06-09T00:00:00+00:00 [queued]>
[2023-10-30T15:04:56.387+0000] {taskinstance.py:1159} INFO - Dependencies all met for dep_context=requeueable deps ti=<TaskInstance: asteroides-etl-dag.asteroides-etl-task scheduled__2023-06-09T00:00:00+00:00 [queued]>
[2023-10-30T15:04:56.388+0000] {taskinstance.py:1361} INFO - Starting attempt 2 of 5
[2023-10-30T15:04:56.422+0000] {taskinstance.py:1382} INFO - Executing <Task(BashOperator): asteroides-etl-task> on 2023-06-09 00:00:00+00:00
[2023-10-30T15:04:56.433+0000] {standard_task_runner.py:57} INFO - Started process 373 to run task
[2023-10-30T15:04:56.443+0000] {standard_task_runner.py:84} INFO - Running: ['***', 'tasks', 'run', 'asteroides-etl-dag', 'asteroides-etl-task', 'scheduled__2023-06-09T00:00:00+00:00', '--job-id', '26', '--raw', '--subdir', 'DAGS_FOLDER/asteroides-etl_dag.py', '--cfg-path', '/tmp/tmpks_h5vg6']
[2023-10-30T15:04:56.446+0000] {standard_task_runner.py:85} INFO - Job 26: Subtask asteroides-etl-task
[2023-10-30T15:04:56.541+0000] {task_command.py:416} INFO - Running <TaskInstance: asteroides-etl-dag.asteroides-etl-task scheduled__2023-06-09T00:00:00+00:00 [running]> on host d87e86d3d093
[2023-10-30T15:04:56.666+0000] {taskinstance.py:1662} INFO - Exporting env vars: AIRFLOW_CTX_DAG_OWNER='Norman Ruiz' AIRFLOW_CTX_DAG_ID='asteroides-etl-dag' AIRFLOW_CTX_TASK_ID='asteroides-etl-task' AIRFLOW_CTX_EXECUTION_DATE='2023-06-09T00:00:00+00:00' AIRFLOW_CTX_TRY_NUMBER='2' AIRFLOW_CTX_DAG_RUN_ID='scheduled__2023-06-09T00:00:00+00:00'
[2023-10-30T15:04:56.670+0000] {subprocess.py:63} INFO - Tmp dir root location: /tmp
[2023-10-30T15:04:56.671+0000] {subprocess.py:75} INFO - Running command: ['/bin/bash', '-c', 'docker run -it --name asteroides-etl asteroides-etl']
[2023-10-30T15:04:56.695+0000] {subprocess.py:86} INFO - Output:
[2023-10-30T15:04:56.723+0000] {subprocess.py:93} INFO - the input device is not a TTY
[2023-10-30T15:04:56.726+0000] {subprocess.py:97} INFO - Command exited with return code 1
[2023-10-30T15:04:56.747+0000] {taskinstance.py:1937} ERROR - Task failed with exception
Traceback (most recent call last):
  File "/home/airflow/.local/lib/python3.8/site-packages/airflow/operators/bash.py", line 210, in execute
    raise AirflowException(
airflow.exceptions.AirflowException: Bash command failed. The command returned a non-zero exit code 1.
[2023-10-30T15:04:56.757+0000] {taskinstance.py:1400} INFO - Marking task as UP_FOR_RETRY. dag_id=asteroides-etl-dag, task_id=asteroides-etl-task, execution_date=20230609T000000, start_date=20231030T150456, end_date=20231030T150456
[2023-10-30T15:04:56.786+0000] {standard_task_runner.py:104} ERROR - Failed to execute job 26 for task asteroides-etl-task (Bash command failed. The command returned a non-zero exit code 1.; 373)
[2023-10-30T15:04:56.816+0000] {local_task_job_runner.py:228} INFO - Task exited with return code 1
[2023-10-30T15:04:56.853+0000] {taskinstance.py:2778} INFO - 0 downstream tasks scheduled from follow-on schedule check
[2023-10-30T19:25:12.645+0000] {taskinstance.py:1159} INFO - Dependencies all met for dep_context=non-requeueable deps ti=<TaskInstance: asteroides-etl-dag.asteroides-etl-task scheduled__2023-06-09T00:00:00+00:00 [queued]>
[2023-10-30T19:25:12.667+0000] {taskinstance.py:1159} INFO - Dependencies all met for dep_context=requeueable deps ti=<TaskInstance: asteroides-etl-dag.asteroides-etl-task scheduled__2023-06-09T00:00:00+00:00 [queued]>
[2023-10-30T19:25:12.668+0000] {taskinstance.py:1361} INFO - Starting attempt 2 of 5
[2023-10-30T19:25:12.698+0000] {taskinstance.py:1382} INFO - Executing <Task(BashOperator): asteroides-etl-task> on 2023-06-09 00:00:00+00:00
[2023-10-30T19:25:12.711+0000] {standard_task_runner.py:57} INFO - Started process 8321 to run task
[2023-10-30T19:25:12.717+0000] {standard_task_runner.py:84} INFO - Running: ['***', 'tasks', 'run', 'asteroides-etl-dag', 'asteroides-etl-task', 'scheduled__2023-06-09T00:00:00+00:00', '--job-id', '830', '--raw', '--subdir', 'DAGS_FOLDER/asteroides-etl_dag.py', '--cfg-path', '/tmp/tmpsb4o8_rz']
[2023-10-30T19:25:12.727+0000] {standard_task_runner.py:85} INFO - Job 830: Subtask asteroides-etl-task
[2023-10-30T19:25:12.827+0000] {task_command.py:416} INFO - Running <TaskInstance: asteroides-etl-dag.asteroides-etl-task scheduled__2023-06-09T00:00:00+00:00 [running]> on host d87e86d3d093
[2023-10-30T19:25:13.011+0000] {taskinstance.py:1662} INFO - Exporting env vars: AIRFLOW_CTX_DAG_OWNER='Norman Ruiz' AIRFLOW_CTX_DAG_ID='asteroides-etl-dag' AIRFLOW_CTX_TASK_ID='asteroides-etl-task' AIRFLOW_CTX_EXECUTION_DATE='2023-06-09T00:00:00+00:00' AIRFLOW_CTX_TRY_NUMBER='2' AIRFLOW_CTX_DAG_RUN_ID='scheduled__2023-06-09T00:00:00+00:00'
[2023-10-30T19:25:13.017+0000] {subprocess.py:63} INFO - Tmp dir root location: /tmp
[2023-10-30T19:25:13.027+0000] {subprocess.py:75} INFO - Running command: ['/bin/bash', '-c', 'echo "Corrio !!!!"']
[2023-10-30T19:25:13.061+0000] {subprocess.py:86} INFO - Output:
[2023-10-30T19:25:13.067+0000] {subprocess.py:93} INFO - Corrio !!!!
[2023-10-30T19:25:13.071+0000] {subprocess.py:97} INFO - Command exited with return code 0
[2023-10-30T19:25:13.131+0000] {taskinstance.py:1400} INFO - Marking task as SUCCESS. dag_id=asteroides-etl-dag, task_id=asteroides-etl-task, execution_date=20230609T000000, start_date=20231030T192512, end_date=20231030T192513
[2023-10-30T19:25:13.184+0000] {local_task_job_runner.py:228} INFO - Task exited with return code 0
[2023-10-30T19:25:13.220+0000] {taskinstance.py:2778} INFO - 0 downstream tasks scheduled from follow-on schedule check
