[2023-10-30T01:02:17.347+0000] {taskinstance.py:1159} INFO - Dependencies all met for dep_context=non-requeueable deps ti=<TaskInstance: asteroides-etl-dag.asteroides-etl-task scheduled__2023-07-23T00:00:00+00:00 [queued]>
[2023-10-30T01:02:17.372+0000] {taskinstance.py:1159} INFO - Dependencies all met for dep_context=requeueable deps ti=<TaskInstance: asteroides-etl-dag.asteroides-etl-task scheduled__2023-07-23T00:00:00+00:00 [queued]>
[2023-10-30T01:02:17.373+0000] {taskinstance.py:1361} INFO - Starting attempt 1 of 5
[2023-10-30T01:02:17.404+0000] {taskinstance.py:1382} INFO - Executing <Task(BashOperator): asteroides-etl-task> on 2023-07-23 00:00:00+00:00
[2023-10-30T01:02:17.417+0000] {standard_task_runner.py:57} INFO - Started process 1536 to run task
[2023-10-30T01:02:17.423+0000] {standard_task_runner.py:84} INFO - Running: ['***', 'tasks', 'run', 'asteroides-etl-dag', 'asteroides-etl-task', 'scheduled__2023-07-23T00:00:00+00:00', '--job-id', '56', '--raw', '--subdir', 'DAGS_FOLDER/asteroides-etl_dag.py', '--cfg-path', '/tmp/tmp3xr6ty7h']
[2023-10-30T01:02:17.425+0000] {standard_task_runner.py:85} INFO - Job 56: Subtask asteroides-etl-task
[2023-10-30T01:02:17.530+0000] {task_command.py:416} INFO - Running <TaskInstance: asteroides-etl-dag.asteroides-etl-task scheduled__2023-07-23T00:00:00+00:00 [running]> on host ac9f9bef16c9
[2023-10-30T01:02:17.753+0000] {taskinstance.py:1662} INFO - Exporting env vars: AIRFLOW_CTX_DAG_OWNER='Norman Ruiz' AIRFLOW_CTX_DAG_ID='asteroides-etl-dag' AIRFLOW_CTX_TASK_ID='asteroides-etl-task' AIRFLOW_CTX_EXECUTION_DATE='2023-07-23T00:00:00+00:00' AIRFLOW_CTX_TRY_NUMBER='1' AIRFLOW_CTX_DAG_RUN_ID='scheduled__2023-07-23T00:00:00+00:00'
[2023-10-30T01:02:17.756+0000] {subprocess.py:63} INFO - Tmp dir root location: /tmp
[2023-10-30T01:02:17.758+0000] {subprocess.py:75} INFO - Running command: ['/bin/bash', '-c', 'echo ya casi lo tengo!!!!']
[2023-10-30T01:02:17.791+0000] {subprocess.py:86} INFO - Output:
[2023-10-30T01:02:17.796+0000] {subprocess.py:93} INFO - ya casi lo tengo!!!!
[2023-10-30T01:02:17.798+0000] {subprocess.py:97} INFO - Command exited with return code 0
[2023-10-30T01:02:17.861+0000] {taskinstance.py:1400} INFO - Marking task as SUCCESS. dag_id=asteroides-etl-dag, task_id=asteroides-etl-task, execution_date=20230723T000000, start_date=20231030T010217, end_date=20231030T010217
[2023-10-30T01:02:17.931+0000] {local_task_job_runner.py:228} INFO - Task exited with return code 0
[2023-10-30T01:02:17.964+0000] {taskinstance.py:2778} INFO - 0 downstream tasks scheduled from follow-on schedule check
[2023-10-30T15:27:33.228+0000] {taskinstance.py:1159} INFO - Dependencies all met for dep_context=non-requeueable deps ti=<TaskInstance: asteroides-etl-dag.asteroides-etl-task scheduled__2023-07-23T00:00:00+00:00 [queued]>
[2023-10-30T15:27:33.248+0000] {taskinstance.py:1159} INFO - Dependencies all met for dep_context=requeueable deps ti=<TaskInstance: asteroides-etl-dag.asteroides-etl-task scheduled__2023-07-23T00:00:00+00:00 [queued]>
[2023-10-30T15:27:33.249+0000] {taskinstance.py:1361} INFO - Starting attempt 1 of 5
[2023-10-30T15:27:33.276+0000] {taskinstance.py:1382} INFO - Executing <Task(BashOperator): asteroides-etl-task> on 2023-07-23 00:00:00+00:00
[2023-10-30T15:27:33.287+0000] {standard_task_runner.py:57} INFO - Started process 3209 to run task
[2023-10-30T15:27:33.293+0000] {standard_task_runner.py:84} INFO - Running: ['***', 'tasks', 'run', 'asteroides-etl-dag', 'asteroides-etl-task', 'scheduled__2023-07-23T00:00:00+00:00', '--job-id', '249', '--raw', '--subdir', 'DAGS_FOLDER/asteroides-etl_dag.py', '--cfg-path', '/tmp/tmphacf4h27']
[2023-10-30T15:27:33.295+0000] {standard_task_runner.py:85} INFO - Job 249: Subtask asteroides-etl-task
[2023-10-30T15:27:33.381+0000] {task_command.py:416} INFO - Running <TaskInstance: asteroides-etl-dag.asteroides-etl-task scheduled__2023-07-23T00:00:00+00:00 [running]> on host d87e86d3d093
[2023-10-30T15:27:33.507+0000] {taskinstance.py:1662} INFO - Exporting env vars: AIRFLOW_CTX_DAG_OWNER='Norman Ruiz' AIRFLOW_CTX_DAG_ID='asteroides-etl-dag' AIRFLOW_CTX_TASK_ID='asteroides-etl-task' AIRFLOW_CTX_EXECUTION_DATE='2023-07-23T00:00:00+00:00' AIRFLOW_CTX_TRY_NUMBER='1' AIRFLOW_CTX_DAG_RUN_ID='scheduled__2023-07-23T00:00:00+00:00'
[2023-10-30T15:27:33.510+0000] {subprocess.py:63} INFO - Tmp dir root location: /tmp
[2023-10-30T15:27:33.511+0000] {subprocess.py:75} INFO - Running command: ['/bin/bash', '-c', 'docker run -i asteroides-etl']
[2023-10-30T15:27:33.535+0000] {subprocess.py:86} INFO - Output:
[2023-10-30T15:27:33.578+0000] {subprocess.py:93} INFO - docker: Cannot connect to the Docker daemon at unix:///var/run/docker.sock. Is the docker daemon running?.
[2023-10-30T15:27:33.578+0000] {subprocess.py:93} INFO - See 'docker run --help'.
[2023-10-30T15:27:33.583+0000] {subprocess.py:97} INFO - Command exited with return code 125
[2023-10-30T15:27:33.602+0000] {taskinstance.py:1937} ERROR - Task failed with exception
Traceback (most recent call last):
  File "/home/airflow/.local/lib/python3.8/site-packages/airflow/operators/bash.py", line 210, in execute
    raise AirflowException(
airflow.exceptions.AirflowException: Bash command failed. The command returned a non-zero exit code 125.
[2023-10-30T15:27:33.611+0000] {taskinstance.py:1400} INFO - Marking task as UP_FOR_RETRY. dag_id=asteroides-etl-dag, task_id=asteroides-etl-task, execution_date=20230723T000000, start_date=20231030T152733, end_date=20231030T152733
[2023-10-30T15:27:33.635+0000] {standard_task_runner.py:104} ERROR - Failed to execute job 249 for task asteroides-etl-task (Bash command failed. The command returned a non-zero exit code 125.; 3209)
[2023-10-30T15:27:33.667+0000] {local_task_job_runner.py:228} INFO - Task exited with return code 1
[2023-10-30T15:27:33.824+0000] {taskinstance.py:2778} INFO - 0 downstream tasks scheduled from follow-on schedule check
[2023-10-30T19:26:15.618+0000] {taskinstance.py:1159} INFO - Dependencies all met for dep_context=non-requeueable deps ti=<TaskInstance: asteroides-etl-dag.asteroides-etl-task scheduled__2023-07-23T00:00:00+00:00 [queued]>
[2023-10-30T19:26:15.632+0000] {taskinstance.py:1159} INFO - Dependencies all met for dep_context=requeueable deps ti=<TaskInstance: asteroides-etl-dag.asteroides-etl-task scheduled__2023-07-23T00:00:00+00:00 [queued]>
[2023-10-30T19:26:15.633+0000] {taskinstance.py:1361} INFO - Starting attempt 1 of 5
[2023-10-30T19:26:15.654+0000] {taskinstance.py:1382} INFO - Executing <Task(BashOperator): asteroides-etl-task> on 2023-07-23 00:00:00+00:00
[2023-10-30T19:26:15.662+0000] {standard_task_runner.py:57} INFO - Started process 8608 to run task
[2023-10-30T19:26:15.666+0000] {standard_task_runner.py:84} INFO - Running: ['***', 'tasks', 'run', 'asteroides-etl-dag', 'asteroides-etl-task', 'scheduled__2023-07-23T00:00:00+00:00', '--job-id', '924', '--raw', '--subdir', 'DAGS_FOLDER/asteroides-etl_dag.py', '--cfg-path', '/tmp/tmptai7feou']
[2023-10-30T19:26:15.668+0000] {standard_task_runner.py:85} INFO - Job 924: Subtask asteroides-etl-task
[2023-10-30T19:26:15.735+0000] {task_command.py:416} INFO - Running <TaskInstance: asteroides-etl-dag.asteroides-etl-task scheduled__2023-07-23T00:00:00+00:00 [running]> on host d87e86d3d093
[2023-10-30T19:26:15.850+0000] {taskinstance.py:1662} INFO - Exporting env vars: AIRFLOW_CTX_DAG_OWNER='Norman Ruiz' AIRFLOW_CTX_DAG_ID='asteroides-etl-dag' AIRFLOW_CTX_TASK_ID='asteroides-etl-task' AIRFLOW_CTX_EXECUTION_DATE='2023-07-23T00:00:00+00:00' AIRFLOW_CTX_TRY_NUMBER='1' AIRFLOW_CTX_DAG_RUN_ID='scheduled__2023-07-23T00:00:00+00:00'
[2023-10-30T19:26:15.852+0000] {subprocess.py:63} INFO - Tmp dir root location: /tmp
[2023-10-30T19:26:15.853+0000] {subprocess.py:75} INFO - Running command: ['/bin/bash', '-c', 'echo "Corrio !!!!"']
[2023-10-30T19:26:15.875+0000] {subprocess.py:86} INFO - Output:
[2023-10-30T19:26:15.878+0000] {subprocess.py:93} INFO - Corrio !!!!
[2023-10-30T19:26:15.880+0000] {subprocess.py:97} INFO - Command exited with return code 0
[2023-10-30T19:26:15.913+0000] {taskinstance.py:1400} INFO - Marking task as SUCCESS. dag_id=asteroides-etl-dag, task_id=asteroides-etl-task, execution_date=20230723T000000, start_date=20231030T192615, end_date=20231030T192615
[2023-10-30T19:26:15.959+0000] {local_task_job_runner.py:228} INFO - Task exited with return code 0
[2023-10-30T19:26:15.979+0000] {taskinstance.py:2778} INFO - 0 downstream tasks scheduled from follow-on schedule check
