[2023-10-30T15:04:55.257+0000] {taskinstance.py:1159} INFO - Dependencies all met for dep_context=non-requeueable deps ti=<TaskInstance: asteroides-etl-dag.asteroides-etl-task scheduled__2023-06-05T00:00:00+00:00 [queued]>
[2023-10-30T15:04:55.275+0000] {taskinstance.py:1159} INFO - Dependencies all met for dep_context=requeueable deps ti=<TaskInstance: asteroides-etl-dag.asteroides-etl-task scheduled__2023-06-05T00:00:00+00:00 [queued]>
[2023-10-30T15:04:55.278+0000] {taskinstance.py:1361} INFO - Starting attempt 2 of 5
[2023-10-30T15:04:55.317+0000] {taskinstance.py:1382} INFO - Executing <Task(BashOperator): asteroides-etl-task> on 2023-06-05 00:00:00+00:00
[2023-10-30T15:04:55.329+0000] {standard_task_runner.py:57} INFO - Started process 327 to run task
[2023-10-30T15:04:55.336+0000] {standard_task_runner.py:84} INFO - Running: ['***', 'tasks', 'run', 'asteroides-etl-dag', 'asteroides-etl-task', 'scheduled__2023-06-05T00:00:00+00:00', '--job-id', '22', '--raw', '--subdir', 'DAGS_FOLDER/asteroides-etl_dag.py', '--cfg-path', '/tmp/tmpri7hznpl']
[2023-10-30T15:04:55.339+0000] {standard_task_runner.py:85} INFO - Job 22: Subtask asteroides-etl-task
[2023-10-30T15:04:55.440+0000] {task_command.py:416} INFO - Running <TaskInstance: asteroides-etl-dag.asteroides-etl-task scheduled__2023-06-05T00:00:00+00:00 [running]> on host d87e86d3d093
[2023-10-30T15:04:55.577+0000] {taskinstance.py:1662} INFO - Exporting env vars: AIRFLOW_CTX_DAG_OWNER='Norman Ruiz' AIRFLOW_CTX_DAG_ID='asteroides-etl-dag' AIRFLOW_CTX_TASK_ID='asteroides-etl-task' AIRFLOW_CTX_EXECUTION_DATE='2023-06-05T00:00:00+00:00' AIRFLOW_CTX_TRY_NUMBER='2' AIRFLOW_CTX_DAG_RUN_ID='scheduled__2023-06-05T00:00:00+00:00'
[2023-10-30T15:04:55.581+0000] {subprocess.py:63} INFO - Tmp dir root location: /tmp
[2023-10-30T15:04:55.583+0000] {subprocess.py:75} INFO - Running command: ['/bin/bash', '-c', 'docker run -it --name asteroides-etl asteroides-etl']
[2023-10-30T15:04:55.606+0000] {subprocess.py:86} INFO - Output:
[2023-10-30T15:04:55.659+0000] {subprocess.py:93} INFO - the input device is not a TTY
[2023-10-30T15:04:55.662+0000] {subprocess.py:97} INFO - Command exited with return code 1
[2023-10-30T15:04:55.691+0000] {taskinstance.py:1937} ERROR - Task failed with exception
Traceback (most recent call last):
  File "/home/airflow/.local/lib/python3.8/site-packages/airflow/operators/bash.py", line 210, in execute
    raise AirflowException(
airflow.exceptions.AirflowException: Bash command failed. The command returned a non-zero exit code 1.
[2023-10-30T15:04:55.702+0000] {taskinstance.py:1400} INFO - Marking task as UP_FOR_RETRY. dag_id=asteroides-etl-dag, task_id=asteroides-etl-task, execution_date=20230605T000000, start_date=20231030T150455, end_date=20231030T150455
[2023-10-30T15:04:55.735+0000] {standard_task_runner.py:104} ERROR - Failed to execute job 22 for task asteroides-etl-task (Bash command failed. The command returned a non-zero exit code 1.; 327)
[2023-10-30T15:04:55.758+0000] {local_task_job_runner.py:228} INFO - Task exited with return code 1
[2023-10-30T15:04:55.793+0000] {taskinstance.py:2778} INFO - 0 downstream tasks scheduled from follow-on schedule check
[2023-10-30T19:25:11.542+0000] {taskinstance.py:1159} INFO - Dependencies all met for dep_context=non-requeueable deps ti=<TaskInstance: asteroides-etl-dag.asteroides-etl-task scheduled__2023-06-05T00:00:00+00:00 [queued]>
[2023-10-30T19:25:11.571+0000] {taskinstance.py:1159} INFO - Dependencies all met for dep_context=requeueable deps ti=<TaskInstance: asteroides-etl-dag.asteroides-etl-task scheduled__2023-06-05T00:00:00+00:00 [queued]>
[2023-10-30T19:25:11.573+0000] {taskinstance.py:1361} INFO - Starting attempt 2 of 5
[2023-10-30T19:25:11.842+0000] {taskinstance.py:1382} INFO - Executing <Task(BashOperator): asteroides-etl-task> on 2023-06-05 00:00:00+00:00
[2023-10-30T19:25:11.851+0000] {standard_task_runner.py:57} INFO - Started process 8311 to run task
[2023-10-30T19:25:11.860+0000] {standard_task_runner.py:84} INFO - Running: ['***', 'tasks', 'run', 'asteroides-etl-dag', 'asteroides-etl-task', 'scheduled__2023-06-05T00:00:00+00:00', '--job-id', '827', '--raw', '--subdir', 'DAGS_FOLDER/asteroides-etl_dag.py', '--cfg-path', '/tmp/tmp1o5fuk9j']
[2023-10-30T19:25:11.862+0000] {standard_task_runner.py:85} INFO - Job 827: Subtask asteroides-etl-task
[2023-10-30T19:25:11.968+0000] {task_command.py:416} INFO - Running <TaskInstance: asteroides-etl-dag.asteroides-etl-task scheduled__2023-06-05T00:00:00+00:00 [running]> on host d87e86d3d093
[2023-10-30T19:25:12.184+0000] {taskinstance.py:1662} INFO - Exporting env vars: AIRFLOW_CTX_DAG_OWNER='Norman Ruiz' AIRFLOW_CTX_DAG_ID='asteroides-etl-dag' AIRFLOW_CTX_TASK_ID='asteroides-etl-task' AIRFLOW_CTX_EXECUTION_DATE='2023-06-05T00:00:00+00:00' AIRFLOW_CTX_TRY_NUMBER='2' AIRFLOW_CTX_DAG_RUN_ID='scheduled__2023-06-05T00:00:00+00:00'
[2023-10-30T19:25:12.186+0000] {subprocess.py:63} INFO - Tmp dir root location: /tmp
[2023-10-30T19:25:12.189+0000] {subprocess.py:75} INFO - Running command: ['/bin/bash', '-c', 'echo "Corrio !!!!"']
[2023-10-30T19:25:12.222+0000] {subprocess.py:86} INFO - Output:
[2023-10-30T19:25:12.226+0000] {subprocess.py:93} INFO - Corrio !!!!
[2023-10-30T19:25:12.227+0000] {subprocess.py:97} INFO - Command exited with return code 0
[2023-10-30T19:25:12.275+0000] {taskinstance.py:1400} INFO - Marking task as SUCCESS. dag_id=asteroides-etl-dag, task_id=asteroides-etl-task, execution_date=20230605T000000, start_date=20231030T192511, end_date=20231030T192512
[2023-10-30T19:25:12.354+0000] {local_task_job_runner.py:228} INFO - Task exited with return code 0
[2023-10-30T19:25:12.398+0000] {taskinstance.py:2778} INFO - 0 downstream tasks scheduled from follow-on schedule check
