[2023-10-30T01:02:20.548+0000] {taskinstance.py:1159} INFO - Dependencies all met for dep_context=non-requeueable deps ti=<TaskInstance: asteroides-etl-dag.asteroides-etl-task scheduled__2023-07-30T00:00:00+00:00 [queued]>
[2023-10-30T01:02:20.568+0000] {taskinstance.py:1159} INFO - Dependencies all met for dep_context=requeueable deps ti=<TaskInstance: asteroides-etl-dag.asteroides-etl-task scheduled__2023-07-30T00:00:00+00:00 [queued]>
[2023-10-30T01:02:20.569+0000] {taskinstance.py:1361} INFO - Starting attempt 1 of 5
[2023-10-30T01:02:20.650+0000] {taskinstance.py:1382} INFO - Executing <Task(BashOperator): asteroides-etl-task> on 2023-07-30 00:00:00+00:00
[2023-10-30T01:02:20.661+0000] {standard_task_runner.py:57} INFO - Started process 1557 to run task
[2023-10-30T01:02:20.668+0000] {standard_task_runner.py:84} INFO - Running: ['***', 'tasks', 'run', 'asteroides-etl-dag', 'asteroides-etl-task', 'scheduled__2023-07-30T00:00:00+00:00', '--job-id', '63', '--raw', '--subdir', 'DAGS_FOLDER/asteroides-etl_dag.py', '--cfg-path', '/tmp/tmpkm2ea23t']
[2023-10-30T01:02:20.671+0000] {standard_task_runner.py:85} INFO - Job 63: Subtask asteroides-etl-task
[2023-10-30T01:02:20.765+0000] {task_command.py:416} INFO - Running <TaskInstance: asteroides-etl-dag.asteroides-etl-task scheduled__2023-07-30T00:00:00+00:00 [running]> on host ac9f9bef16c9
[2023-10-30T01:02:20.925+0000] {taskinstance.py:1662} INFO - Exporting env vars: AIRFLOW_CTX_DAG_OWNER='Norman Ruiz' AIRFLOW_CTX_DAG_ID='asteroides-etl-dag' AIRFLOW_CTX_TASK_ID='asteroides-etl-task' AIRFLOW_CTX_EXECUTION_DATE='2023-07-30T00:00:00+00:00' AIRFLOW_CTX_TRY_NUMBER='1' AIRFLOW_CTX_DAG_RUN_ID='scheduled__2023-07-30T00:00:00+00:00'
[2023-10-30T01:02:20.929+0000] {subprocess.py:63} INFO - Tmp dir root location: /tmp
[2023-10-30T01:02:20.931+0000] {subprocess.py:75} INFO - Running command: ['/bin/bash', '-c', 'echo ya casi lo tengo!!!!']
[2023-10-30T01:02:20.953+0000] {subprocess.py:86} INFO - Output:
[2023-10-30T01:02:20.956+0000] {subprocess.py:93} INFO - ya casi lo tengo!!!!
[2023-10-30T01:02:20.957+0000] {subprocess.py:97} INFO - Command exited with return code 0
[2023-10-30T01:02:20.996+0000] {taskinstance.py:1400} INFO - Marking task as SUCCESS. dag_id=asteroides-etl-dag, task_id=asteroides-etl-task, execution_date=20230730T000000, start_date=20231030T010220, end_date=20231030T010220
[2023-10-30T01:02:21.047+0000] {local_task_job_runner.py:228} INFO - Task exited with return code 0
[2023-10-30T01:02:21.075+0000] {taskinstance.py:2778} INFO - 0 downstream tasks scheduled from follow-on schedule check
[2023-10-30T15:27:35.316+0000] {taskinstance.py:1159} INFO - Dependencies all met for dep_context=non-requeueable deps ti=<TaskInstance: asteroides-etl-dag.asteroides-etl-task scheduled__2023-07-30T00:00:00+00:00 [queued]>
[2023-10-30T15:27:35.333+0000] {taskinstance.py:1159} INFO - Dependencies all met for dep_context=requeueable deps ti=<TaskInstance: asteroides-etl-dag.asteroides-etl-task scheduled__2023-07-30T00:00:00+00:00 [queued]>
[2023-10-30T15:27:35.334+0000] {taskinstance.py:1361} INFO - Starting attempt 1 of 5
[2023-10-30T15:27:35.497+0000] {taskinstance.py:1382} INFO - Executing <Task(BashOperator): asteroides-etl-task> on 2023-07-30 00:00:00+00:00
[2023-10-30T15:27:35.506+0000] {standard_task_runner.py:57} INFO - Started process 3293 to run task
[2023-10-30T15:27:35.511+0000] {standard_task_runner.py:84} INFO - Running: ['***', 'tasks', 'run', 'asteroides-etl-dag', 'asteroides-etl-task', 'scheduled__2023-07-30T00:00:00+00:00', '--job-id', '256', '--raw', '--subdir', 'DAGS_FOLDER/asteroides-etl_dag.py', '--cfg-path', '/tmp/tmptoov2yg7']
[2023-10-30T15:27:35.512+0000] {standard_task_runner.py:85} INFO - Job 256: Subtask asteroides-etl-task
[2023-10-30T15:27:35.589+0000] {task_command.py:416} INFO - Running <TaskInstance: asteroides-etl-dag.asteroides-etl-task scheduled__2023-07-30T00:00:00+00:00 [running]> on host d87e86d3d093
[2023-10-30T15:27:35.691+0000] {taskinstance.py:1662} INFO - Exporting env vars: AIRFLOW_CTX_DAG_OWNER='Norman Ruiz' AIRFLOW_CTX_DAG_ID='asteroides-etl-dag' AIRFLOW_CTX_TASK_ID='asteroides-etl-task' AIRFLOW_CTX_EXECUTION_DATE='2023-07-30T00:00:00+00:00' AIRFLOW_CTX_TRY_NUMBER='1' AIRFLOW_CTX_DAG_RUN_ID='scheduled__2023-07-30T00:00:00+00:00'
[2023-10-30T15:27:35.693+0000] {subprocess.py:63} INFO - Tmp dir root location: /tmp
[2023-10-30T15:27:35.694+0000] {subprocess.py:75} INFO - Running command: ['/bin/bash', '-c', 'docker run -i asteroides-etl']
[2023-10-30T15:27:35.709+0000] {subprocess.py:86} INFO - Output:
[2023-10-30T15:27:35.735+0000] {subprocess.py:93} INFO - docker: Cannot connect to the Docker daemon at unix:///var/run/docker.sock. Is the docker daemon running?.
[2023-10-30T15:27:35.735+0000] {subprocess.py:93} INFO - See 'docker run --help'.
[2023-10-30T15:27:35.737+0000] {subprocess.py:97} INFO - Command exited with return code 125
[2023-10-30T15:27:35.750+0000] {taskinstance.py:1937} ERROR - Task failed with exception
Traceback (most recent call last):
  File "/home/airflow/.local/lib/python3.8/site-packages/airflow/operators/bash.py", line 210, in execute
    raise AirflowException(
airflow.exceptions.AirflowException: Bash command failed. The command returned a non-zero exit code 125.
[2023-10-30T15:27:35.756+0000] {taskinstance.py:1400} INFO - Marking task as UP_FOR_RETRY. dag_id=asteroides-etl-dag, task_id=asteroides-etl-task, execution_date=20230730T000000, start_date=20231030T152735, end_date=20231030T152735
[2023-10-30T15:27:35.771+0000] {standard_task_runner.py:104} ERROR - Failed to execute job 256 for task asteroides-etl-task (Bash command failed. The command returned a non-zero exit code 125.; 3293)
[2023-10-30T15:27:35.804+0000] {local_task_job_runner.py:228} INFO - Task exited with return code 1
[2023-10-30T15:27:35.830+0000] {taskinstance.py:2778} INFO - 0 downstream tasks scheduled from follow-on schedule check
[2023-10-30T19:26:19.544+0000] {taskinstance.py:1159} INFO - Dependencies all met for dep_context=non-requeueable deps ti=<TaskInstance: asteroides-etl-dag.asteroides-etl-task scheduled__2023-07-30T00:00:00+00:00 [queued]>
[2023-10-30T19:26:19.560+0000] {taskinstance.py:1159} INFO - Dependencies all met for dep_context=requeueable deps ti=<TaskInstance: asteroides-etl-dag.asteroides-etl-task scheduled__2023-07-30T00:00:00+00:00 [queued]>
[2023-10-30T19:26:19.560+0000] {taskinstance.py:1361} INFO - Starting attempt 1 of 5
[2023-10-30T19:26:19.581+0000] {taskinstance.py:1382} INFO - Executing <Task(BashOperator): asteroides-etl-task> on 2023-07-30 00:00:00+00:00
[2023-10-30T19:26:19.590+0000] {standard_task_runner.py:57} INFO - Started process 8636 to run task
[2023-10-30T19:26:19.595+0000] {standard_task_runner.py:84} INFO - Running: ['***', 'tasks', 'run', 'asteroides-etl-dag', 'asteroides-etl-task', 'scheduled__2023-07-30T00:00:00+00:00', '--job-id', '931', '--raw', '--subdir', 'DAGS_FOLDER/asteroides-etl_dag.py', '--cfg-path', '/tmp/tmpf5ei3js9']
[2023-10-30T19:26:19.596+0000] {standard_task_runner.py:85} INFO - Job 931: Subtask asteroides-etl-task
[2023-10-30T19:26:19.659+0000] {task_command.py:416} INFO - Running <TaskInstance: asteroides-etl-dag.asteroides-etl-task scheduled__2023-07-30T00:00:00+00:00 [running]> on host d87e86d3d093
[2023-10-30T19:26:19.758+0000] {taskinstance.py:1662} INFO - Exporting env vars: AIRFLOW_CTX_DAG_OWNER='Norman Ruiz' AIRFLOW_CTX_DAG_ID='asteroides-etl-dag' AIRFLOW_CTX_TASK_ID='asteroides-etl-task' AIRFLOW_CTX_EXECUTION_DATE='2023-07-30T00:00:00+00:00' AIRFLOW_CTX_TRY_NUMBER='1' AIRFLOW_CTX_DAG_RUN_ID='scheduled__2023-07-30T00:00:00+00:00'
[2023-10-30T19:26:19.761+0000] {subprocess.py:63} INFO - Tmp dir root location: /tmp
[2023-10-30T19:26:19.762+0000] {subprocess.py:75} INFO - Running command: ['/bin/bash', '-c', 'echo "Corrio !!!!"']
[2023-10-30T19:26:19.778+0000] {subprocess.py:86} INFO - Output:
[2023-10-30T19:26:19.781+0000] {subprocess.py:93} INFO - Corrio !!!!
[2023-10-30T19:26:19.782+0000] {subprocess.py:97} INFO - Command exited with return code 0
[2023-10-30T19:26:19.813+0000] {taskinstance.py:1400} INFO - Marking task as SUCCESS. dag_id=asteroides-etl-dag, task_id=asteroides-etl-task, execution_date=20230730T000000, start_date=20231030T192619, end_date=20231030T192619
[2023-10-30T19:26:19.847+0000] {local_task_job_runner.py:228} INFO - Task exited with return code 0
[2023-10-30T19:26:19.867+0000] {taskinstance.py:2778} INFO - 0 downstream tasks scheduled from follow-on schedule check
