[2023-10-30T01:02:17.674+0000] {taskinstance.py:1159} INFO - Dependencies all met for dep_context=non-requeueable deps ti=<TaskInstance: asteroides-etl-dag.asteroides-etl-task scheduled__2023-07-24T00:00:00+00:00 [queued]>
[2023-10-30T01:02:17.697+0000] {taskinstance.py:1159} INFO - Dependencies all met for dep_context=requeueable deps ti=<TaskInstance: asteroides-etl-dag.asteroides-etl-task scheduled__2023-07-24T00:00:00+00:00 [queued]>
[2023-10-30T01:02:17.697+0000] {taskinstance.py:1361} INFO - Starting attempt 1 of 5
[2023-10-30T01:02:17.733+0000] {taskinstance.py:1382} INFO - Executing <Task(BashOperator): asteroides-etl-task> on 2023-07-24 00:00:00+00:00
[2023-10-30T01:02:17.746+0000] {standard_task_runner.py:57} INFO - Started process 1539 to run task
[2023-10-30T01:02:17.753+0000] {standard_task_runner.py:84} INFO - Running: ['***', 'tasks', 'run', 'asteroides-etl-dag', 'asteroides-etl-task', 'scheduled__2023-07-24T00:00:00+00:00', '--job-id', '57', '--raw', '--subdir', 'DAGS_FOLDER/asteroides-etl_dag.py', '--cfg-path', '/tmp/tmphd0h03iy']
[2023-10-30T01:02:17.755+0000] {standard_task_runner.py:85} INFO - Job 57: Subtask asteroides-etl-task
[2023-10-30T01:02:17.864+0000] {task_command.py:416} INFO - Running <TaskInstance: asteroides-etl-dag.asteroides-etl-task scheduled__2023-07-24T00:00:00+00:00 [running]> on host ac9f9bef16c9
[2023-10-30T01:02:18.032+0000] {taskinstance.py:1662} INFO - Exporting env vars: AIRFLOW_CTX_DAG_OWNER='Norman Ruiz' AIRFLOW_CTX_DAG_ID='asteroides-etl-dag' AIRFLOW_CTX_TASK_ID='asteroides-etl-task' AIRFLOW_CTX_EXECUTION_DATE='2023-07-24T00:00:00+00:00' AIRFLOW_CTX_TRY_NUMBER='1' AIRFLOW_CTX_DAG_RUN_ID='scheduled__2023-07-24T00:00:00+00:00'
[2023-10-30T01:02:18.035+0000] {subprocess.py:63} INFO - Tmp dir root location: /tmp
[2023-10-30T01:02:18.037+0000] {subprocess.py:75} INFO - Running command: ['/bin/bash', '-c', 'echo ya casi lo tengo!!!!']
[2023-10-30T01:02:18.063+0000] {subprocess.py:86} INFO - Output:
[2023-10-30T01:02:18.069+0000] {subprocess.py:93} INFO - ya casi lo tengo!!!!
[2023-10-30T01:02:18.070+0000] {subprocess.py:97} INFO - Command exited with return code 0
[2023-10-30T01:02:18.114+0000] {taskinstance.py:1400} INFO - Marking task as SUCCESS. dag_id=asteroides-etl-dag, task_id=asteroides-etl-task, execution_date=20230724T000000, start_date=20231030T010217, end_date=20231030T010218
[2023-10-30T01:02:18.171+0000] {local_task_job_runner.py:228} INFO - Task exited with return code 0
[2023-10-30T01:02:18.200+0000] {taskinstance.py:2778} INFO - 0 downstream tasks scheduled from follow-on schedule check
[2023-10-30T15:27:33.494+0000] {taskinstance.py:1159} INFO - Dependencies all met for dep_context=non-requeueable deps ti=<TaskInstance: asteroides-etl-dag.asteroides-etl-task scheduled__2023-07-24T00:00:00+00:00 [queued]>
[2023-10-30T15:27:33.512+0000] {taskinstance.py:1159} INFO - Dependencies all met for dep_context=requeueable deps ti=<TaskInstance: asteroides-etl-dag.asteroides-etl-task scheduled__2023-07-24T00:00:00+00:00 [queued]>
[2023-10-30T15:27:33.513+0000] {taskinstance.py:1361} INFO - Starting attempt 1 of 5
[2023-10-30T15:27:33.538+0000] {taskinstance.py:1382} INFO - Executing <Task(BashOperator): asteroides-etl-task> on 2023-07-24 00:00:00+00:00
[2023-10-30T15:27:33.549+0000] {standard_task_runner.py:57} INFO - Started process 3221 to run task
[2023-10-30T15:27:33.555+0000] {standard_task_runner.py:84} INFO - Running: ['***', 'tasks', 'run', 'asteroides-etl-dag', 'asteroides-etl-task', 'scheduled__2023-07-24T00:00:00+00:00', '--job-id', '250', '--raw', '--subdir', 'DAGS_FOLDER/asteroides-etl_dag.py', '--cfg-path', '/tmp/tmp_b7oowe8']
[2023-10-30T15:27:33.557+0000] {standard_task_runner.py:85} INFO - Job 250: Subtask asteroides-etl-task
[2023-10-30T15:27:33.643+0000] {task_command.py:416} INFO - Running <TaskInstance: asteroides-etl-dag.asteroides-etl-task scheduled__2023-07-24T00:00:00+00:00 [running]> on host d87e86d3d093
[2023-10-30T15:27:33.766+0000] {taskinstance.py:1662} INFO - Exporting env vars: AIRFLOW_CTX_DAG_OWNER='Norman Ruiz' AIRFLOW_CTX_DAG_ID='asteroides-etl-dag' AIRFLOW_CTX_TASK_ID='asteroides-etl-task' AIRFLOW_CTX_EXECUTION_DATE='2023-07-24T00:00:00+00:00' AIRFLOW_CTX_TRY_NUMBER='1' AIRFLOW_CTX_DAG_RUN_ID='scheduled__2023-07-24T00:00:00+00:00'
[2023-10-30T15:27:33.768+0000] {subprocess.py:63} INFO - Tmp dir root location: /tmp
[2023-10-30T15:27:33.769+0000] {subprocess.py:75} INFO - Running command: ['/bin/bash', '-c', 'docker run -i asteroides-etl']
[2023-10-30T15:27:33.790+0000] {subprocess.py:86} INFO - Output:
[2023-10-30T15:27:33.834+0000] {subprocess.py:93} INFO - docker: Cannot connect to the Docker daemon at unix:///var/run/docker.sock. Is the docker daemon running?.
[2023-10-30T15:27:33.835+0000] {subprocess.py:93} INFO - See 'docker run --help'.
[2023-10-30T15:27:33.838+0000] {subprocess.py:97} INFO - Command exited with return code 125
[2023-10-30T15:27:33.863+0000] {taskinstance.py:1937} ERROR - Task failed with exception
Traceback (most recent call last):
  File "/home/airflow/.local/lib/python3.8/site-packages/airflow/operators/bash.py", line 210, in execute
    raise AirflowException(
airflow.exceptions.AirflowException: Bash command failed. The command returned a non-zero exit code 125.
[2023-10-30T15:27:33.870+0000] {taskinstance.py:1400} INFO - Marking task as UP_FOR_RETRY. dag_id=asteroides-etl-dag, task_id=asteroides-etl-task, execution_date=20230724T000000, start_date=20231030T152733, end_date=20231030T152733
[2023-10-30T15:27:33.896+0000] {standard_task_runner.py:104} ERROR - Failed to execute job 250 for task asteroides-etl-task (Bash command failed. The command returned a non-zero exit code 125.; 3221)
[2023-10-30T15:27:33.936+0000] {local_task_job_runner.py:228} INFO - Task exited with return code 1
[2023-10-30T15:27:33.967+0000] {taskinstance.py:2778} INFO - 0 downstream tasks scheduled from follow-on schedule check
[2023-10-30T19:26:15.832+0000] {taskinstance.py:1159} INFO - Dependencies all met for dep_context=non-requeueable deps ti=<TaskInstance: asteroides-etl-dag.asteroides-etl-task scheduled__2023-07-24T00:00:00+00:00 [queued]>
[2023-10-30T19:26:15.847+0000] {taskinstance.py:1159} INFO - Dependencies all met for dep_context=requeueable deps ti=<TaskInstance: asteroides-etl-dag.asteroides-etl-task scheduled__2023-07-24T00:00:00+00:00 [queued]>
[2023-10-30T19:26:15.848+0000] {taskinstance.py:1361} INFO - Starting attempt 1 of 5
[2023-10-30T19:26:15.876+0000] {taskinstance.py:1382} INFO - Executing <Task(BashOperator): asteroides-etl-task> on 2023-07-24 00:00:00+00:00
[2023-10-30T19:26:15.885+0000] {standard_task_runner.py:57} INFO - Started process 8611 to run task
[2023-10-30T19:26:15.889+0000] {standard_task_runner.py:84} INFO - Running: ['***', 'tasks', 'run', 'asteroides-etl-dag', 'asteroides-etl-task', 'scheduled__2023-07-24T00:00:00+00:00', '--job-id', '925', '--raw', '--subdir', 'DAGS_FOLDER/asteroides-etl_dag.py', '--cfg-path', '/tmp/tmpi23_qndv']
[2023-10-30T19:26:15.890+0000] {standard_task_runner.py:85} INFO - Job 925: Subtask asteroides-etl-task
[2023-10-30T19:26:15.946+0000] {task_command.py:416} INFO - Running <TaskInstance: asteroides-etl-dag.asteroides-etl-task scheduled__2023-07-24T00:00:00+00:00 [running]> on host d87e86d3d093
[2023-10-30T19:26:16.043+0000] {taskinstance.py:1662} INFO - Exporting env vars: AIRFLOW_CTX_DAG_OWNER='Norman Ruiz' AIRFLOW_CTX_DAG_ID='asteroides-etl-dag' AIRFLOW_CTX_TASK_ID='asteroides-etl-task' AIRFLOW_CTX_EXECUTION_DATE='2023-07-24T00:00:00+00:00' AIRFLOW_CTX_TRY_NUMBER='1' AIRFLOW_CTX_DAG_RUN_ID='scheduled__2023-07-24T00:00:00+00:00'
[2023-10-30T19:26:16.045+0000] {subprocess.py:63} INFO - Tmp dir root location: /tmp
[2023-10-30T19:26:16.046+0000] {subprocess.py:75} INFO - Running command: ['/bin/bash', '-c', 'echo "Corrio !!!!"']
[2023-10-30T19:26:16.060+0000] {subprocess.py:86} INFO - Output:
[2023-10-30T19:26:16.063+0000] {subprocess.py:93} INFO - Corrio !!!!
[2023-10-30T19:26:16.064+0000] {subprocess.py:97} INFO - Command exited with return code 0
[2023-10-30T19:26:16.090+0000] {taskinstance.py:1400} INFO - Marking task as SUCCESS. dag_id=asteroides-etl-dag, task_id=asteroides-etl-task, execution_date=20230724T000000, start_date=20231030T192615, end_date=20231030T192616
[2023-10-30T19:26:16.142+0000] {local_task_job_runner.py:228} INFO - Task exited with return code 0
[2023-10-30T19:26:16.161+0000] {taskinstance.py:2778} INFO - 0 downstream tasks scheduled from follow-on schedule check
