[2023-10-30T15:04:57.495+0000] {taskinstance.py:1159} INFO - Dependencies all met for dep_context=non-requeueable deps ti=<TaskInstance: asteroides-etl-dag.asteroides-etl-task scheduled__2023-06-13T00:00:00+00:00 [queued]>
[2023-10-30T15:04:57.519+0000] {taskinstance.py:1159} INFO - Dependencies all met for dep_context=requeueable deps ti=<TaskInstance: asteroides-etl-dag.asteroides-etl-task scheduled__2023-06-13T00:00:00+00:00 [queued]>
[2023-10-30T15:04:57.522+0000] {taskinstance.py:1361} INFO - Starting attempt 2 of 5
[2023-10-30T15:04:57.553+0000] {taskinstance.py:1382} INFO - Executing <Task(BashOperator): asteroides-etl-task> on 2023-06-13 00:00:00+00:00
[2023-10-30T15:04:57.562+0000] {standard_task_runner.py:57} INFO - Started process 416 to run task
[2023-10-30T15:04:57.572+0000] {standard_task_runner.py:84} INFO - Running: ['***', 'tasks', 'run', 'asteroides-etl-dag', 'asteroides-etl-task', 'scheduled__2023-06-13T00:00:00+00:00', '--job-id', '30', '--raw', '--subdir', 'DAGS_FOLDER/asteroides-etl_dag.py', '--cfg-path', '/tmp/tmpdt8jpr1q']
[2023-10-30T15:04:57.574+0000] {standard_task_runner.py:85} INFO - Job 30: Subtask asteroides-etl-task
[2023-10-30T15:04:57.664+0000] {task_command.py:416} INFO - Running <TaskInstance: asteroides-etl-dag.asteroides-etl-task scheduled__2023-06-13T00:00:00+00:00 [running]> on host d87e86d3d093
[2023-10-30T15:04:57.858+0000] {taskinstance.py:1662} INFO - Exporting env vars: AIRFLOW_CTX_DAG_OWNER='Norman Ruiz' AIRFLOW_CTX_DAG_ID='asteroides-etl-dag' AIRFLOW_CTX_TASK_ID='asteroides-etl-task' AIRFLOW_CTX_EXECUTION_DATE='2023-06-13T00:00:00+00:00' AIRFLOW_CTX_TRY_NUMBER='2' AIRFLOW_CTX_DAG_RUN_ID='scheduled__2023-06-13T00:00:00+00:00'
[2023-10-30T15:04:57.863+0000] {subprocess.py:63} INFO - Tmp dir root location: /tmp
[2023-10-30T15:04:57.867+0000] {subprocess.py:75} INFO - Running command: ['/bin/bash', '-c', 'docker run -it --name asteroides-etl asteroides-etl']
[2023-10-30T15:04:57.898+0000] {subprocess.py:86} INFO - Output:
[2023-10-30T15:04:57.962+0000] {subprocess.py:93} INFO - the input device is not a TTY
[2023-10-30T15:04:57.966+0000] {subprocess.py:97} INFO - Command exited with return code 1
[2023-10-30T15:04:57.997+0000] {taskinstance.py:1937} ERROR - Task failed with exception
Traceback (most recent call last):
  File "/home/airflow/.local/lib/python3.8/site-packages/airflow/operators/bash.py", line 210, in execute
    raise AirflowException(
airflow.exceptions.AirflowException: Bash command failed. The command returned a non-zero exit code 1.
[2023-10-30T15:04:58.009+0000] {taskinstance.py:1400} INFO - Marking task as UP_FOR_RETRY. dag_id=asteroides-etl-dag, task_id=asteroides-etl-task, execution_date=20230613T000000, start_date=20231030T150457, end_date=20231030T150458
[2023-10-30T15:04:58.043+0000] {standard_task_runner.py:104} ERROR - Failed to execute job 30 for task asteroides-etl-task (Bash command failed. The command returned a non-zero exit code 1.; 416)
[2023-10-30T15:04:58.080+0000] {local_task_job_runner.py:228} INFO - Task exited with return code 1
[2023-10-30T15:04:58.114+0000] {taskinstance.py:2778} INFO - 0 downstream tasks scheduled from follow-on schedule check
[2023-10-30T19:25:13.805+0000] {taskinstance.py:1159} INFO - Dependencies all met for dep_context=non-requeueable deps ti=<TaskInstance: asteroides-etl-dag.asteroides-etl-task scheduled__2023-06-13T00:00:00+00:00 [queued]>
[2023-10-30T19:25:13.839+0000] {taskinstance.py:1159} INFO - Dependencies all met for dep_context=requeueable deps ti=<TaskInstance: asteroides-etl-dag.asteroides-etl-task scheduled__2023-06-13T00:00:00+00:00 [queued]>
[2023-10-30T19:25:13.840+0000] {taskinstance.py:1361} INFO - Starting attempt 2 of 5
[2023-10-30T19:25:13.877+0000] {taskinstance.py:1382} INFO - Executing <Task(BashOperator): asteroides-etl-task> on 2023-06-13 00:00:00+00:00
[2023-10-30T19:25:13.890+0000] {standard_task_runner.py:57} INFO - Started process 8333 to run task
[2023-10-30T19:25:13.895+0000] {standard_task_runner.py:84} INFO - Running: ['***', 'tasks', 'run', 'asteroides-etl-dag', 'asteroides-etl-task', 'scheduled__2023-06-13T00:00:00+00:00', '--job-id', '834', '--raw', '--subdir', 'DAGS_FOLDER/asteroides-etl_dag.py', '--cfg-path', '/tmp/tmpk9m73cvc']
[2023-10-30T19:25:13.899+0000] {standard_task_runner.py:85} INFO - Job 834: Subtask asteroides-etl-task
[2023-10-30T19:25:14.045+0000] {task_command.py:416} INFO - Running <TaskInstance: asteroides-etl-dag.asteroides-etl-task scheduled__2023-06-13T00:00:00+00:00 [running]> on host d87e86d3d093
[2023-10-30T19:25:14.230+0000] {taskinstance.py:1662} INFO - Exporting env vars: AIRFLOW_CTX_DAG_OWNER='Norman Ruiz' AIRFLOW_CTX_DAG_ID='asteroides-etl-dag' AIRFLOW_CTX_TASK_ID='asteroides-etl-task' AIRFLOW_CTX_EXECUTION_DATE='2023-06-13T00:00:00+00:00' AIRFLOW_CTX_TRY_NUMBER='2' AIRFLOW_CTX_DAG_RUN_ID='scheduled__2023-06-13T00:00:00+00:00'
[2023-10-30T19:25:14.232+0000] {subprocess.py:63} INFO - Tmp dir root location: /tmp
[2023-10-30T19:25:14.234+0000] {subprocess.py:75} INFO - Running command: ['/bin/bash', '-c', 'echo "Corrio !!!!"']
[2023-10-30T19:25:14.265+0000] {subprocess.py:86} INFO - Output:
[2023-10-30T19:25:14.269+0000] {subprocess.py:93} INFO - Corrio !!!!
[2023-10-30T19:25:14.271+0000] {subprocess.py:97} INFO - Command exited with return code 0
[2023-10-30T19:25:14.326+0000] {taskinstance.py:1400} INFO - Marking task as SUCCESS. dag_id=asteroides-etl-dag, task_id=asteroides-etl-task, execution_date=20230613T000000, start_date=20231030T192513, end_date=20231030T192514
[2023-10-30T19:25:14.411+0000] {local_task_job_runner.py:228} INFO - Task exited with return code 0
[2023-10-30T19:25:14.449+0000] {taskinstance.py:2778} INFO - 0 downstream tasks scheduled from follow-on schedule check
