[2023-10-30T15:04:56.348+0000] {taskinstance.py:1159} INFO - Dependencies all met for dep_context=non-requeueable deps ti=<TaskInstance: asteroides-etl-dag.asteroides-etl-task scheduled__2023-06-08T00:00:00+00:00 [queued]>
[2023-10-30T15:04:56.373+0000] {taskinstance.py:1159} INFO - Dependencies all met for dep_context=requeueable deps ti=<TaskInstance: asteroides-etl-dag.asteroides-etl-task scheduled__2023-06-08T00:00:00+00:00 [queued]>
[2023-10-30T15:04:56.375+0000] {taskinstance.py:1361} INFO - Starting attempt 2 of 5
[2023-10-30T15:04:56.406+0000] {taskinstance.py:1382} INFO - Executing <Task(BashOperator): asteroides-etl-task> on 2023-06-08 00:00:00+00:00
[2023-10-30T15:04:56.419+0000] {standard_task_runner.py:57} INFO - Started process 372 to run task
[2023-10-30T15:04:56.424+0000] {standard_task_runner.py:84} INFO - Running: ['***', 'tasks', 'run', 'asteroides-etl-dag', 'asteroides-etl-task', 'scheduled__2023-06-08T00:00:00+00:00', '--job-id', '25', '--raw', '--subdir', 'DAGS_FOLDER/asteroides-etl_dag.py', '--cfg-path', '/tmp/tmpa7khvfis']
[2023-10-30T15:04:56.426+0000] {standard_task_runner.py:85} INFO - Job 25: Subtask asteroides-etl-task
[2023-10-30T15:04:56.528+0000] {task_command.py:416} INFO - Running <TaskInstance: asteroides-etl-dag.asteroides-etl-task scheduled__2023-06-08T00:00:00+00:00 [running]> on host d87e86d3d093
[2023-10-30T15:04:56.663+0000] {taskinstance.py:1662} INFO - Exporting env vars: AIRFLOW_CTX_DAG_OWNER='Norman Ruiz' AIRFLOW_CTX_DAG_ID='asteroides-etl-dag' AIRFLOW_CTX_TASK_ID='asteroides-etl-task' AIRFLOW_CTX_EXECUTION_DATE='2023-06-08T00:00:00+00:00' AIRFLOW_CTX_TRY_NUMBER='2' AIRFLOW_CTX_DAG_RUN_ID='scheduled__2023-06-08T00:00:00+00:00'
[2023-10-30T15:04:56.666+0000] {subprocess.py:63} INFO - Tmp dir root location: /tmp
[2023-10-30T15:04:56.668+0000] {subprocess.py:75} INFO - Running command: ['/bin/bash', '-c', 'docker run -it --name asteroides-etl asteroides-etl']
[2023-10-30T15:04:56.689+0000] {subprocess.py:86} INFO - Output:
[2023-10-30T15:04:56.727+0000] {subprocess.py:93} INFO - the input device is not a TTY
[2023-10-30T15:04:56.730+0000] {subprocess.py:97} INFO - Command exited with return code 1
[2023-10-30T15:04:56.752+0000] {taskinstance.py:1937} ERROR - Task failed with exception
Traceback (most recent call last):
  File "/home/airflow/.local/lib/python3.8/site-packages/airflow/operators/bash.py", line 210, in execute
    raise AirflowException(
airflow.exceptions.AirflowException: Bash command failed. The command returned a non-zero exit code 1.
[2023-10-30T15:04:56.760+0000] {taskinstance.py:1400} INFO - Marking task as UP_FOR_RETRY. dag_id=asteroides-etl-dag, task_id=asteroides-etl-task, execution_date=20230608T000000, start_date=20231030T150456, end_date=20231030T150456
[2023-10-30T15:04:56.789+0000] {standard_task_runner.py:104} ERROR - Failed to execute job 25 for task asteroides-etl-task (Bash command failed. The command returned a non-zero exit code 1.; 372)
[2023-10-30T15:04:56.847+0000] {local_task_job_runner.py:228} INFO - Task exited with return code 1
[2023-10-30T15:04:56.891+0000] {taskinstance.py:2778} INFO - 0 downstream tasks scheduled from follow-on schedule check
[2023-10-30T19:25:12.001+0000] {taskinstance.py:1159} INFO - Dependencies all met for dep_context=non-requeueable deps ti=<TaskInstance: asteroides-etl-dag.asteroides-etl-task scheduled__2023-06-08T00:00:00+00:00 [queued]>
[2023-10-30T19:25:12.022+0000] {taskinstance.py:1159} INFO - Dependencies all met for dep_context=requeueable deps ti=<TaskInstance: asteroides-etl-dag.asteroides-etl-task scheduled__2023-06-08T00:00:00+00:00 [queued]>
[2023-10-30T19:25:12.023+0000] {taskinstance.py:1361} INFO - Starting attempt 2 of 5
[2023-10-30T19:25:12.063+0000] {taskinstance.py:1382} INFO - Executing <Task(BashOperator): asteroides-etl-task> on 2023-06-08 00:00:00+00:00
[2023-10-30T19:25:12.082+0000] {standard_task_runner.py:57} INFO - Started process 8314 to run task
[2023-10-30T19:25:12.092+0000] {standard_task_runner.py:84} INFO - Running: ['***', 'tasks', 'run', 'asteroides-etl-dag', 'asteroides-etl-task', 'scheduled__2023-06-08T00:00:00+00:00', '--job-id', '828', '--raw', '--subdir', 'DAGS_FOLDER/asteroides-etl_dag.py', '--cfg-path', '/tmp/tmp8jv2wune']
[2023-10-30T19:25:12.094+0000] {standard_task_runner.py:85} INFO - Job 828: Subtask asteroides-etl-task
[2023-10-30T19:25:12.198+0000] {task_command.py:416} INFO - Running <TaskInstance: asteroides-etl-dag.asteroides-etl-task scheduled__2023-06-08T00:00:00+00:00 [running]> on host d87e86d3d093
[2023-10-30T19:25:12.376+0000] {taskinstance.py:1662} INFO - Exporting env vars: AIRFLOW_CTX_DAG_OWNER='Norman Ruiz' AIRFLOW_CTX_DAG_ID='asteroides-etl-dag' AIRFLOW_CTX_TASK_ID='asteroides-etl-task' AIRFLOW_CTX_EXECUTION_DATE='2023-06-08T00:00:00+00:00' AIRFLOW_CTX_TRY_NUMBER='2' AIRFLOW_CTX_DAG_RUN_ID='scheduled__2023-06-08T00:00:00+00:00'
[2023-10-30T19:25:12.378+0000] {subprocess.py:63} INFO - Tmp dir root location: /tmp
[2023-10-30T19:25:12.380+0000] {subprocess.py:75} INFO - Running command: ['/bin/bash', '-c', 'echo "Corrio !!!!"']
[2023-10-30T19:25:12.407+0000] {subprocess.py:86} INFO - Output:
[2023-10-30T19:25:12.412+0000] {subprocess.py:93} INFO - Corrio !!!!
[2023-10-30T19:25:12.413+0000] {subprocess.py:97} INFO - Command exited with return code 0
[2023-10-30T19:25:12.476+0000] {taskinstance.py:1400} INFO - Marking task as SUCCESS. dag_id=asteroides-etl-dag, task_id=asteroides-etl-task, execution_date=20230608T000000, start_date=20231030T192512, end_date=20231030T192512
[2023-10-30T19:25:12.552+0000] {local_task_job_runner.py:228} INFO - Task exited with return code 0
[2023-10-30T19:25:12.590+0000] {taskinstance.py:2778} INFO - 0 downstream tasks scheduled from follow-on schedule check
