[2023-10-30T01:02:16.591+0000] {taskinstance.py:1159} INFO - Dependencies all met for dep_context=non-requeueable deps ti=<TaskInstance: asteroides-etl-dag.asteroides-etl-task scheduled__2023-07-20T00:00:00+00:00 [queued]>
[2023-10-30T01:02:16.616+0000] {taskinstance.py:1159} INFO - Dependencies all met for dep_context=requeueable deps ti=<TaskInstance: asteroides-etl-dag.asteroides-etl-task scheduled__2023-07-20T00:00:00+00:00 [queued]>
[2023-10-30T01:02:16.616+0000] {taskinstance.py:1361} INFO - Starting attempt 1 of 5
[2023-10-30T01:02:16.651+0000] {taskinstance.py:1382} INFO - Executing <Task(BashOperator): asteroides-etl-task> on 2023-07-20 00:00:00+00:00
[2023-10-30T01:02:16.664+0000] {standard_task_runner.py:57} INFO - Started process 1529 to run task
[2023-10-30T01:02:16.673+0000] {standard_task_runner.py:84} INFO - Running: ['***', 'tasks', 'run', 'asteroides-etl-dag', 'asteroides-etl-task', 'scheduled__2023-07-20T00:00:00+00:00', '--job-id', '53', '--raw', '--subdir', 'DAGS_FOLDER/asteroides-etl_dag.py', '--cfg-path', '/tmp/tmpm16ud9wx']
[2023-10-30T01:02:16.676+0000] {standard_task_runner.py:85} INFO - Job 53: Subtask asteroides-etl-task
[2023-10-30T01:02:16.792+0000] {task_command.py:416} INFO - Running <TaskInstance: asteroides-etl-dag.asteroides-etl-task scheduled__2023-07-20T00:00:00+00:00 [running]> on host ac9f9bef16c9
[2023-10-30T01:02:16.988+0000] {taskinstance.py:1662} INFO - Exporting env vars: AIRFLOW_CTX_DAG_OWNER='Norman Ruiz' AIRFLOW_CTX_DAG_ID='asteroides-etl-dag' AIRFLOW_CTX_TASK_ID='asteroides-etl-task' AIRFLOW_CTX_EXECUTION_DATE='2023-07-20T00:00:00+00:00' AIRFLOW_CTX_TRY_NUMBER='1' AIRFLOW_CTX_DAG_RUN_ID='scheduled__2023-07-20T00:00:00+00:00'
[2023-10-30T01:02:16.992+0000] {subprocess.py:63} INFO - Tmp dir root location: /tmp
[2023-10-30T01:02:16.994+0000] {subprocess.py:75} INFO - Running command: ['/bin/bash', '-c', 'echo ya casi lo tengo!!!!']
[2023-10-30T01:02:17.022+0000] {subprocess.py:86} INFO - Output:
[2023-10-30T01:02:17.026+0000] {subprocess.py:93} INFO - ya casi lo tengo!!!!
[2023-10-30T01:02:17.027+0000] {subprocess.py:97} INFO - Command exited with return code 0
[2023-10-30T01:02:17.080+0000] {taskinstance.py:1400} INFO - Marking task as SUCCESS. dag_id=asteroides-etl-dag, task_id=asteroides-etl-task, execution_date=20230720T000000, start_date=20231030T010216, end_date=20231030T010217
[2023-10-30T01:02:17.225+0000] {local_task_job_runner.py:228} INFO - Task exited with return code 0
[2023-10-30T01:02:17.264+0000] {taskinstance.py:2778} INFO - 0 downstream tasks scheduled from follow-on schedule check
[2023-10-30T15:27:32.346+0000] {taskinstance.py:1159} INFO - Dependencies all met for dep_context=non-requeueable deps ti=<TaskInstance: asteroides-etl-dag.asteroides-etl-task scheduled__2023-07-20T00:00:00+00:00 [queued]>
[2023-10-30T15:27:32.363+0000] {taskinstance.py:1159} INFO - Dependencies all met for dep_context=requeueable deps ti=<TaskInstance: asteroides-etl-dag.asteroides-etl-task scheduled__2023-07-20T00:00:00+00:00 [queued]>
[2023-10-30T15:27:32.365+0000] {taskinstance.py:1361} INFO - Starting attempt 1 of 5
[2023-10-30T15:27:32.463+0000] {taskinstance.py:1382} INFO - Executing <Task(BashOperator): asteroides-etl-task> on 2023-07-20 00:00:00+00:00
[2023-10-30T15:27:32.473+0000] {standard_task_runner.py:57} INFO - Started process 3180 to run task
[2023-10-30T15:27:32.485+0000] {standard_task_runner.py:84} INFO - Running: ['***', 'tasks', 'run', 'asteroides-etl-dag', 'asteroides-etl-task', 'scheduled__2023-07-20T00:00:00+00:00', '--job-id', '246', '--raw', '--subdir', 'DAGS_FOLDER/asteroides-etl_dag.py', '--cfg-path', '/tmp/tmpco9f_wom']
[2023-10-30T15:27:32.489+0000] {standard_task_runner.py:85} INFO - Job 246: Subtask asteroides-etl-task
[2023-10-30T15:27:32.632+0000] {task_command.py:416} INFO - Running <TaskInstance: asteroides-etl-dag.asteroides-etl-task scheduled__2023-07-20T00:00:00+00:00 [running]> on host d87e86d3d093
[2023-10-30T15:27:32.800+0000] {taskinstance.py:1662} INFO - Exporting env vars: AIRFLOW_CTX_DAG_OWNER='Norman Ruiz' AIRFLOW_CTX_DAG_ID='asteroides-etl-dag' AIRFLOW_CTX_TASK_ID='asteroides-etl-task' AIRFLOW_CTX_EXECUTION_DATE='2023-07-20T00:00:00+00:00' AIRFLOW_CTX_TRY_NUMBER='1' AIRFLOW_CTX_DAG_RUN_ID='scheduled__2023-07-20T00:00:00+00:00'
[2023-10-30T15:27:32.803+0000] {subprocess.py:63} INFO - Tmp dir root location: /tmp
[2023-10-30T15:27:32.804+0000] {subprocess.py:75} INFO - Running command: ['/bin/bash', '-c', 'docker run -i asteroides-etl']
[2023-10-30T15:27:32.826+0000] {subprocess.py:86} INFO - Output:
[2023-10-30T15:27:32.878+0000] {subprocess.py:93} INFO - docker: Cannot connect to the Docker daemon at unix:///var/run/docker.sock. Is the docker daemon running?.
[2023-10-30T15:27:32.879+0000] {subprocess.py:93} INFO - See 'docker run --help'.
[2023-10-30T15:27:32.882+0000] {subprocess.py:97} INFO - Command exited with return code 125
[2023-10-30T15:27:32.915+0000] {taskinstance.py:1937} ERROR - Task failed with exception
Traceback (most recent call last):
  File "/home/airflow/.local/lib/python3.8/site-packages/airflow/operators/bash.py", line 210, in execute
    raise AirflowException(
airflow.exceptions.AirflowException: Bash command failed. The command returned a non-zero exit code 125.
[2023-10-30T15:27:32.924+0000] {taskinstance.py:1400} INFO - Marking task as UP_FOR_RETRY. dag_id=asteroides-etl-dag, task_id=asteroides-etl-task, execution_date=20230720T000000, start_date=20231030T152732, end_date=20231030T152732
[2023-10-30T15:27:32.959+0000] {standard_task_runner.py:104} ERROR - Failed to execute job 246 for task asteroides-etl-task (Bash command failed. The command returned a non-zero exit code 125.; 3180)
[2023-10-30T15:27:32.982+0000] {local_task_job_runner.py:228} INFO - Task exited with return code 1
[2023-10-30T15:27:33.020+0000] {taskinstance.py:2778} INFO - 0 downstream tasks scheduled from follow-on schedule check
[2023-10-30T19:25:33.478+0000] {taskinstance.py:1159} INFO - Dependencies all met for dep_context=non-requeueable deps ti=<TaskInstance: asteroides-etl-dag.asteroides-etl-task scheduled__2023-07-20T00:00:00+00:00 [queued]>
[2023-10-30T19:25:33.495+0000] {taskinstance.py:1159} INFO - Dependencies all met for dep_context=requeueable deps ti=<TaskInstance: asteroides-etl-dag.asteroides-etl-task scheduled__2023-07-20T00:00:00+00:00 [queued]>
[2023-10-30T19:25:33.495+0000] {taskinstance.py:1361} INFO - Starting attempt 1 of 5
[2023-10-30T19:25:33.517+0000] {taskinstance.py:1382} INFO - Executing <Task(BashOperator): asteroides-etl-task> on 2023-07-20 00:00:00+00:00
[2023-10-30T19:25:33.526+0000] {standard_task_runner.py:57} INFO - Started process 8441 to run task
[2023-10-30T19:25:33.530+0000] {standard_task_runner.py:84} INFO - Running: ['***', 'tasks', 'run', 'asteroides-etl-dag', 'asteroides-etl-task', 'scheduled__2023-07-20T00:00:00+00:00', '--job-id', '871', '--raw', '--subdir', 'DAGS_FOLDER/asteroides-etl_dag.py', '--cfg-path', '/tmp/tmpmonmthtk']
[2023-10-30T19:25:33.531+0000] {standard_task_runner.py:85} INFO - Job 871: Subtask asteroides-etl-task
[2023-10-30T19:25:33.609+0000] {task_command.py:416} INFO - Running <TaskInstance: asteroides-etl-dag.asteroides-etl-task scheduled__2023-07-20T00:00:00+00:00 [running]> on host d87e86d3d093
[2023-10-30T19:25:33.728+0000] {taskinstance.py:1662} INFO - Exporting env vars: AIRFLOW_CTX_DAG_OWNER='Norman Ruiz' AIRFLOW_CTX_DAG_ID='asteroides-etl-dag' AIRFLOW_CTX_TASK_ID='asteroides-etl-task' AIRFLOW_CTX_EXECUTION_DATE='2023-07-20T00:00:00+00:00' AIRFLOW_CTX_TRY_NUMBER='1' AIRFLOW_CTX_DAG_RUN_ID='scheduled__2023-07-20T00:00:00+00:00'
[2023-10-30T19:25:33.729+0000] {subprocess.py:63} INFO - Tmp dir root location: /tmp
[2023-10-30T19:25:33.731+0000] {subprocess.py:75} INFO - Running command: ['/bin/bash', '-c', 'echo "Corrio !!!!"']
[2023-10-30T19:25:33.748+0000] {subprocess.py:86} INFO - Output:
[2023-10-30T19:25:33.751+0000] {subprocess.py:93} INFO - Corrio !!!!
[2023-10-30T19:25:33.752+0000] {subprocess.py:97} INFO - Command exited with return code 0
[2023-10-30T19:25:33.790+0000] {taskinstance.py:1400} INFO - Marking task as SUCCESS. dag_id=asteroides-etl-dag, task_id=asteroides-etl-task, execution_date=20230720T000000, start_date=20231030T192533, end_date=20231030T192533
[2023-10-30T19:25:33.823+0000] {local_task_job_runner.py:228} INFO - Task exited with return code 0
[2023-10-30T19:25:33.848+0000] {taskinstance.py:2778} INFO - 0 downstream tasks scheduled from follow-on schedule check
[2023-10-30T19:26:14.997+0000] {taskinstance.py:1159} INFO - Dependencies all met for dep_context=non-requeueable deps ti=<TaskInstance: asteroides-etl-dag.asteroides-etl-task scheduled__2023-07-20T00:00:00+00:00 [queued]>
[2023-10-30T19:26:15.014+0000] {taskinstance.py:1159} INFO - Dependencies all met for dep_context=requeueable deps ti=<TaskInstance: asteroides-etl-dag.asteroides-etl-task scheduled__2023-07-20T00:00:00+00:00 [queued]>
[2023-10-30T19:26:15.015+0000] {taskinstance.py:1361} INFO - Starting attempt 1 of 5
[2023-10-30T19:26:15.039+0000] {taskinstance.py:1382} INFO - Executing <Task(BashOperator): asteroides-etl-task> on 2023-07-20 00:00:00+00:00
[2023-10-30T19:26:15.048+0000] {standard_task_runner.py:57} INFO - Started process 8600 to run task
[2023-10-30T19:26:15.053+0000] {standard_task_runner.py:84} INFO - Running: ['***', 'tasks', 'run', 'asteroides-etl-dag', 'asteroides-etl-task', 'scheduled__2023-07-20T00:00:00+00:00', '--job-id', '921', '--raw', '--subdir', 'DAGS_FOLDER/asteroides-etl_dag.py', '--cfg-path', '/tmp/tmpevo7izjh']
[2023-10-30T19:26:15.055+0000] {standard_task_runner.py:85} INFO - Job 921: Subtask asteroides-etl-task
[2023-10-30T19:26:15.148+0000] {task_command.py:416} INFO - Running <TaskInstance: asteroides-etl-dag.asteroides-etl-task scheduled__2023-07-20T00:00:00+00:00 [running]> on host d87e86d3d093
[2023-10-30T19:26:15.296+0000] {taskinstance.py:1662} INFO - Exporting env vars: AIRFLOW_CTX_DAG_OWNER='Norman Ruiz' AIRFLOW_CTX_DAG_ID='asteroides-etl-dag' AIRFLOW_CTX_TASK_ID='asteroides-etl-task' AIRFLOW_CTX_EXECUTION_DATE='2023-07-20T00:00:00+00:00' AIRFLOW_CTX_TRY_NUMBER='1' AIRFLOW_CTX_DAG_RUN_ID='scheduled__2023-07-20T00:00:00+00:00'
[2023-10-30T19:26:15.299+0000] {subprocess.py:63} INFO - Tmp dir root location: /tmp
[2023-10-30T19:26:15.300+0000] {subprocess.py:75} INFO - Running command: ['/bin/bash', '-c', 'echo "Corrio !!!!"']
[2023-10-30T19:26:15.323+0000] {subprocess.py:86} INFO - Output:
[2023-10-30T19:26:15.327+0000] {subprocess.py:93} INFO - Corrio !!!!
[2023-10-30T19:26:15.329+0000] {subprocess.py:97} INFO - Command exited with return code 0
[2023-10-30T19:26:15.378+0000] {taskinstance.py:1400} INFO - Marking task as SUCCESS. dag_id=asteroides-etl-dag, task_id=asteroides-etl-task, execution_date=20230720T000000, start_date=20231030T192614, end_date=20231030T192615
[2023-10-30T19:26:15.429+0000] {local_task_job_runner.py:228} INFO - Task exited with return code 0
[2023-10-30T19:26:15.498+0000] {taskinstance.py:2778} INFO - 0 downstream tasks scheduled from follow-on schedule check
