[2023-10-30T15:04:56.917+0000] {taskinstance.py:1159} INFO - Dependencies all met for dep_context=non-requeueable deps ti=<TaskInstance: asteroides-etl-dag.asteroides-etl-task scheduled__2023-06-11T00:00:00+00:00 [queued]>
[2023-10-30T15:04:56.939+0000] {taskinstance.py:1159} INFO - Dependencies all met for dep_context=requeueable deps ti=<TaskInstance: asteroides-etl-dag.asteroides-etl-task scheduled__2023-06-11T00:00:00+00:00 [queued]>
[2023-10-30T15:04:56.940+0000] {taskinstance.py:1361} INFO - Starting attempt 2 of 5
[2023-10-30T15:04:56.976+0000] {taskinstance.py:1382} INFO - Executing <Task(BashOperator): asteroides-etl-task> on 2023-06-11 00:00:00+00:00
[2023-10-30T15:04:56.985+0000] {standard_task_runner.py:57} INFO - Started process 395 to run task
[2023-10-30T15:04:56.992+0000] {standard_task_runner.py:84} INFO - Running: ['***', 'tasks', 'run', 'asteroides-etl-dag', 'asteroides-etl-task', 'scheduled__2023-06-11T00:00:00+00:00', '--job-id', '27', '--raw', '--subdir', 'DAGS_FOLDER/asteroides-etl_dag.py', '--cfg-path', '/tmp/tmp3zkrqniq']
[2023-10-30T15:04:56.995+0000] {standard_task_runner.py:85} INFO - Job 27: Subtask asteroides-etl-task
[2023-10-30T15:04:57.082+0000] {task_command.py:416} INFO - Running <TaskInstance: asteroides-etl-dag.asteroides-etl-task scheduled__2023-06-11T00:00:00+00:00 [running]> on host d87e86d3d093
[2023-10-30T15:04:57.230+0000] {taskinstance.py:1662} INFO - Exporting env vars: AIRFLOW_CTX_DAG_OWNER='Norman Ruiz' AIRFLOW_CTX_DAG_ID='asteroides-etl-dag' AIRFLOW_CTX_TASK_ID='asteroides-etl-task' AIRFLOW_CTX_EXECUTION_DATE='2023-06-11T00:00:00+00:00' AIRFLOW_CTX_TRY_NUMBER='2' AIRFLOW_CTX_DAG_RUN_ID='scheduled__2023-06-11T00:00:00+00:00'
[2023-10-30T15:04:57.233+0000] {subprocess.py:63} INFO - Tmp dir root location: /tmp
[2023-10-30T15:04:57.235+0000] {subprocess.py:75} INFO - Running command: ['/bin/bash', '-c', 'docker run -it --name asteroides-etl asteroides-etl']
[2023-10-30T15:04:57.256+0000] {subprocess.py:86} INFO - Output:
[2023-10-30T15:04:57.294+0000] {subprocess.py:93} INFO - the input device is not a TTY
[2023-10-30T15:04:57.298+0000] {subprocess.py:97} INFO - Command exited with return code 1
[2023-10-30T15:04:57.331+0000] {taskinstance.py:1937} ERROR - Task failed with exception
Traceback (most recent call last):
  File "/home/airflow/.local/lib/python3.8/site-packages/airflow/operators/bash.py", line 210, in execute
    raise AirflowException(
airflow.exceptions.AirflowException: Bash command failed. The command returned a non-zero exit code 1.
[2023-10-30T15:04:57.341+0000] {taskinstance.py:1400} INFO - Marking task as UP_FOR_RETRY. dag_id=asteroides-etl-dag, task_id=asteroides-etl-task, execution_date=20230611T000000, start_date=20231030T150456, end_date=20231030T150457
[2023-10-30T15:04:57.382+0000] {standard_task_runner.py:104} ERROR - Failed to execute job 27 for task asteroides-etl-task (Bash command failed. The command returned a non-zero exit code 1.; 395)
[2023-10-30T15:04:57.414+0000] {local_task_job_runner.py:228} INFO - Task exited with return code 1
[2023-10-30T15:04:57.455+0000] {taskinstance.py:2778} INFO - 0 downstream tasks scheduled from follow-on schedule check
[2023-10-30T19:25:13.203+0000] {taskinstance.py:1159} INFO - Dependencies all met for dep_context=non-requeueable deps ti=<TaskInstance: asteroides-etl-dag.asteroides-etl-task scheduled__2023-06-11T00:00:00+00:00 [queued]>
[2023-10-30T19:25:13.232+0000] {taskinstance.py:1159} INFO - Dependencies all met for dep_context=requeueable deps ti=<TaskInstance: asteroides-etl-dag.asteroides-etl-task scheduled__2023-06-11T00:00:00+00:00 [queued]>
[2023-10-30T19:25:13.238+0000] {taskinstance.py:1361} INFO - Starting attempt 2 of 5
[2023-10-30T19:25:13.414+0000] {taskinstance.py:1382} INFO - Executing <Task(BashOperator): asteroides-etl-task> on 2023-06-11 00:00:00+00:00
[2023-10-30T19:25:13.426+0000] {standard_task_runner.py:57} INFO - Started process 8328 to run task
[2023-10-30T19:25:13.433+0000] {standard_task_runner.py:84} INFO - Running: ['***', 'tasks', 'run', 'asteroides-etl-dag', 'asteroides-etl-task', 'scheduled__2023-06-11T00:00:00+00:00', '--job-id', '832', '--raw', '--subdir', 'DAGS_FOLDER/asteroides-etl_dag.py', '--cfg-path', '/tmp/tmps_sd5c9n']
[2023-10-30T19:25:13.435+0000] {standard_task_runner.py:85} INFO - Job 832: Subtask asteroides-etl-task
[2023-10-30T19:25:13.548+0000] {task_command.py:416} INFO - Running <TaskInstance: asteroides-etl-dag.asteroides-etl-task scheduled__2023-06-11T00:00:00+00:00 [running]> on host d87e86d3d093
[2023-10-30T19:25:13.740+0000] {taskinstance.py:1662} INFO - Exporting env vars: AIRFLOW_CTX_DAG_OWNER='Norman Ruiz' AIRFLOW_CTX_DAG_ID='asteroides-etl-dag' AIRFLOW_CTX_TASK_ID='asteroides-etl-task' AIRFLOW_CTX_EXECUTION_DATE='2023-06-11T00:00:00+00:00' AIRFLOW_CTX_TRY_NUMBER='2' AIRFLOW_CTX_DAG_RUN_ID='scheduled__2023-06-11T00:00:00+00:00'
[2023-10-30T19:25:13.742+0000] {subprocess.py:63} INFO - Tmp dir root location: /tmp
[2023-10-30T19:25:13.746+0000] {subprocess.py:75} INFO - Running command: ['/bin/bash', '-c', 'echo "Corrio !!!!"']
[2023-10-30T19:25:13.781+0000] {subprocess.py:86} INFO - Output:
[2023-10-30T19:25:13.791+0000] {subprocess.py:93} INFO - Corrio !!!!
[2023-10-30T19:25:13.792+0000] {subprocess.py:97} INFO - Command exited with return code 0
[2023-10-30T19:25:13.868+0000] {taskinstance.py:1400} INFO - Marking task as SUCCESS. dag_id=asteroides-etl-dag, task_id=asteroides-etl-task, execution_date=20230611T000000, start_date=20231030T192513, end_date=20231030T192513
[2023-10-30T19:25:13.976+0000] {local_task_job_runner.py:228} INFO - Task exited with return code 0
[2023-10-30T19:25:14.028+0000] {taskinstance.py:2778} INFO - 0 downstream tasks scheduled from follow-on schedule check
