[2023-10-30T15:04:58.173+0000] {taskinstance.py:1159} INFO - Dependencies all met for dep_context=non-requeueable deps ti=<TaskInstance: asteroides-etl-dag.asteroides-etl-task scheduled__2023-06-15T00:00:00+00:00 [queued]>
[2023-10-30T15:04:58.191+0000] {taskinstance.py:1159} INFO - Dependencies all met for dep_context=requeueable deps ti=<TaskInstance: asteroides-etl-dag.asteroides-etl-task scheduled__2023-06-15T00:00:00+00:00 [queued]>
[2023-10-30T15:04:58.192+0000] {taskinstance.py:1361} INFO - Starting attempt 2 of 5
[2023-10-30T15:04:58.223+0000] {taskinstance.py:1382} INFO - Executing <Task(BashOperator): asteroides-etl-task> on 2023-06-15 00:00:00+00:00
[2023-10-30T15:04:58.233+0000] {standard_task_runner.py:57} INFO - Started process 436 to run task
[2023-10-30T15:04:58.239+0000] {standard_task_runner.py:84} INFO - Running: ['***', 'tasks', 'run', 'asteroides-etl-dag', 'asteroides-etl-task', 'scheduled__2023-06-15T00:00:00+00:00', '--job-id', '32', '--raw', '--subdir', 'DAGS_FOLDER/asteroides-etl_dag.py', '--cfg-path', '/tmp/tmpeuvy8rwy']
[2023-10-30T15:04:58.241+0000] {standard_task_runner.py:85} INFO - Job 32: Subtask asteroides-etl-task
[2023-10-30T15:04:58.331+0000] {task_command.py:416} INFO - Running <TaskInstance: asteroides-etl-dag.asteroides-etl-task scheduled__2023-06-15T00:00:00+00:00 [running]> on host d87e86d3d093
[2023-10-30T15:04:58.467+0000] {taskinstance.py:1662} INFO - Exporting env vars: AIRFLOW_CTX_DAG_OWNER='Norman Ruiz' AIRFLOW_CTX_DAG_ID='asteroides-etl-dag' AIRFLOW_CTX_TASK_ID='asteroides-etl-task' AIRFLOW_CTX_EXECUTION_DATE='2023-06-15T00:00:00+00:00' AIRFLOW_CTX_TRY_NUMBER='2' AIRFLOW_CTX_DAG_RUN_ID='scheduled__2023-06-15T00:00:00+00:00'
[2023-10-30T15:04:58.471+0000] {subprocess.py:63} INFO - Tmp dir root location: /tmp
[2023-10-30T15:04:58.472+0000] {subprocess.py:75} INFO - Running command: ['/bin/bash', '-c', 'docker run -it --name asteroides-etl asteroides-etl']
[2023-10-30T15:04:58.495+0000] {subprocess.py:86} INFO - Output:
[2023-10-30T15:04:58.545+0000] {subprocess.py:93} INFO - the input device is not a TTY
[2023-10-30T15:04:58.548+0000] {subprocess.py:97} INFO - Command exited with return code 1
[2023-10-30T15:04:58.573+0000] {taskinstance.py:1937} ERROR - Task failed with exception
Traceback (most recent call last):
  File "/home/airflow/.local/lib/python3.8/site-packages/airflow/operators/bash.py", line 210, in execute
    raise AirflowException(
airflow.exceptions.AirflowException: Bash command failed. The command returned a non-zero exit code 1.
[2023-10-30T15:04:58.581+0000] {taskinstance.py:1400} INFO - Marking task as UP_FOR_RETRY. dag_id=asteroides-etl-dag, task_id=asteroides-etl-task, execution_date=20230615T000000, start_date=20231030T150458, end_date=20231030T150458
[2023-10-30T15:04:58.608+0000] {standard_task_runner.py:104} ERROR - Failed to execute job 32 for task asteroides-etl-task (Bash command failed. The command returned a non-zero exit code 1.; 436)
[2023-10-30T15:04:58.657+0000] {local_task_job_runner.py:228} INFO - Task exited with return code 1
[2023-10-30T15:04:58.697+0000] {taskinstance.py:2778} INFO - 0 downstream tasks scheduled from follow-on schedule check
[2023-10-30T19:25:14.311+0000] {taskinstance.py:1159} INFO - Dependencies all met for dep_context=non-requeueable deps ti=<TaskInstance: asteroides-etl-dag.asteroides-etl-task scheduled__2023-06-15T00:00:00+00:00 [queued]>
[2023-10-30T19:25:14.330+0000] {taskinstance.py:1159} INFO - Dependencies all met for dep_context=requeueable deps ti=<TaskInstance: asteroides-etl-dag.asteroides-etl-task scheduled__2023-06-15T00:00:00+00:00 [queued]>
[2023-10-30T19:25:14.331+0000] {taskinstance.py:1361} INFO - Starting attempt 2 of 5
[2023-10-30T19:25:14.360+0000] {taskinstance.py:1382} INFO - Executing <Task(BashOperator): asteroides-etl-task> on 2023-06-15 00:00:00+00:00
[2023-10-30T19:25:14.375+0000] {standard_task_runner.py:57} INFO - Started process 8339 to run task
[2023-10-30T19:25:14.382+0000] {standard_task_runner.py:84} INFO - Running: ['***', 'tasks', 'run', 'asteroides-etl-dag', 'asteroides-etl-task', 'scheduled__2023-06-15T00:00:00+00:00', '--job-id', '837', '--raw', '--subdir', 'DAGS_FOLDER/asteroides-etl_dag.py', '--cfg-path', '/tmp/tmpwlb_07ku']
[2023-10-30T19:25:14.384+0000] {standard_task_runner.py:85} INFO - Job 837: Subtask asteroides-etl-task
[2023-10-30T19:25:14.476+0000] {task_command.py:416} INFO - Running <TaskInstance: asteroides-etl-dag.asteroides-etl-task scheduled__2023-06-15T00:00:00+00:00 [running]> on host d87e86d3d093
[2023-10-30T19:25:14.615+0000] {taskinstance.py:1662} INFO - Exporting env vars: AIRFLOW_CTX_DAG_OWNER='Norman Ruiz' AIRFLOW_CTX_DAG_ID='asteroides-etl-dag' AIRFLOW_CTX_TASK_ID='asteroides-etl-task' AIRFLOW_CTX_EXECUTION_DATE='2023-06-15T00:00:00+00:00' AIRFLOW_CTX_TRY_NUMBER='2' AIRFLOW_CTX_DAG_RUN_ID='scheduled__2023-06-15T00:00:00+00:00'
[2023-10-30T19:25:14.617+0000] {subprocess.py:63} INFO - Tmp dir root location: /tmp
[2023-10-30T19:25:14.618+0000] {subprocess.py:75} INFO - Running command: ['/bin/bash', '-c', 'echo "Corrio !!!!"']
[2023-10-30T19:25:14.639+0000] {subprocess.py:86} INFO - Output:
[2023-10-30T19:25:14.643+0000] {subprocess.py:93} INFO - Corrio !!!!
[2023-10-30T19:25:14.644+0000] {subprocess.py:97} INFO - Command exited with return code 0
[2023-10-30T19:25:14.684+0000] {taskinstance.py:1400} INFO - Marking task as SUCCESS. dag_id=asteroides-etl-dag, task_id=asteroides-etl-task, execution_date=20230615T000000, start_date=20231030T192514, end_date=20231030T192514
[2023-10-30T19:25:14.754+0000] {local_task_job_runner.py:228} INFO - Task exited with return code 0
[2023-10-30T19:25:14.778+0000] {taskinstance.py:2778} INFO - 0 downstream tasks scheduled from follow-on schedule check
