[2023-10-30T01:01:58.015+0000] {taskinstance.py:1159} INFO - Dependencies all met for dep_context=non-requeueable deps ti=<TaskInstance: asteroides-etl-dag.asteroides-etl-task scheduled__2023-06-20T00:00:00+00:00 [queued]>
[2023-10-30T01:01:58.039+0000] {taskinstance.py:1159} INFO - Dependencies all met for dep_context=requeueable deps ti=<TaskInstance: asteroides-etl-dag.asteroides-etl-task scheduled__2023-06-20T00:00:00+00:00 [queued]>
[2023-10-30T01:01:58.040+0000] {taskinstance.py:1361} INFO - Starting attempt 1 of 5
[2023-10-30T01:01:58.142+0000] {taskinstance.py:1382} INFO - Executing <Task(BashOperator): asteroides-etl-task> on 2023-06-20 00:00:00+00:00
[2023-10-30T01:01:58.154+0000] {standard_task_runner.py:57} INFO - Started process 1429 to run task
[2023-10-30T01:01:58.167+0000] {standard_task_runner.py:84} INFO - Running: ['***', 'tasks', 'run', 'asteroides-etl-dag', 'asteroides-etl-task', 'scheduled__2023-06-20T00:00:00+00:00', '--job-id', '23', '--raw', '--subdir', 'DAGS_FOLDER/asteroides-etl_dag.py', '--cfg-path', '/tmp/tmp1v40oqlz']
[2023-10-30T01:01:58.169+0000] {standard_task_runner.py:85} INFO - Job 23: Subtask asteroides-etl-task
[2023-10-30T01:01:58.269+0000] {task_command.py:416} INFO - Running <TaskInstance: asteroides-etl-dag.asteroides-etl-task scheduled__2023-06-20T00:00:00+00:00 [running]> on host ac9f9bef16c9
[2023-10-30T01:01:58.415+0000] {taskinstance.py:1662} INFO - Exporting env vars: AIRFLOW_CTX_DAG_OWNER='Norman Ruiz' AIRFLOW_CTX_DAG_ID='asteroides-etl-dag' AIRFLOW_CTX_TASK_ID='asteroides-etl-task' AIRFLOW_CTX_EXECUTION_DATE='2023-06-20T00:00:00+00:00' AIRFLOW_CTX_TRY_NUMBER='1' AIRFLOW_CTX_DAG_RUN_ID='scheduled__2023-06-20T00:00:00+00:00'
[2023-10-30T01:01:58.417+0000] {subprocess.py:63} INFO - Tmp dir root location: /tmp
[2023-10-30T01:01:58.418+0000] {subprocess.py:75} INFO - Running command: ['/bin/bash', '-c', 'echo ya casi lo tengo!!!!']
[2023-10-30T01:01:58.440+0000] {subprocess.py:86} INFO - Output:
[2023-10-30T01:01:58.443+0000] {subprocess.py:93} INFO - ya casi lo tengo!!!!
[2023-10-30T01:01:58.444+0000] {subprocess.py:97} INFO - Command exited with return code 0
[2023-10-30T01:01:58.484+0000] {taskinstance.py:1400} INFO - Marking task as SUCCESS. dag_id=asteroides-etl-dag, task_id=asteroides-etl-task, execution_date=20230620T000000, start_date=20231030T010158, end_date=20231030T010158
[2023-10-30T01:01:58.539+0000] {local_task_job_runner.py:228} INFO - Task exited with return code 0
[2023-10-30T01:01:58.568+0000] {taskinstance.py:2778} INFO - 0 downstream tasks scheduled from follow-on schedule check
[2023-10-30T15:11:07.101+0000] {taskinstance.py:1159} INFO - Dependencies all met for dep_context=non-requeueable deps ti=<TaskInstance: asteroides-etl-dag.asteroides-etl-task scheduled__2023-06-20T00:00:00+00:00 [queued]>
[2023-10-30T15:11:07.119+0000] {taskinstance.py:1159} INFO - Dependencies all met for dep_context=requeueable deps ti=<TaskInstance: asteroides-etl-dag.asteroides-etl-task scheduled__2023-06-20T00:00:00+00:00 [queued]>
[2023-10-30T15:11:07.120+0000] {taskinstance.py:1361} INFO - Starting attempt 1 of 5
[2023-10-30T15:11:07.158+0000] {taskinstance.py:1382} INFO - Executing <Task(BashOperator): asteroides-etl-task> on 2023-06-20 00:00:00+00:00
[2023-10-30T15:11:07.180+0000] {standard_task_runner.py:57} INFO - Started process 1142 to run task
[2023-10-30T15:11:07.187+0000] {standard_task_runner.py:84} INFO - Running: ['***', 'tasks', 'run', 'asteroides-etl-dag', 'asteroides-etl-task', 'scheduled__2023-06-20T00:00:00+00:00', '--job-id', '87', '--raw', '--subdir', 'DAGS_FOLDER/asteroides-etl_dag.py', '--cfg-path', '/tmp/tmp2bfmxglf']
[2023-10-30T15:11:07.190+0000] {standard_task_runner.py:85} INFO - Job 87: Subtask asteroides-etl-task
[2023-10-30T15:11:07.289+0000] {task_command.py:416} INFO - Running <TaskInstance: asteroides-etl-dag.asteroides-etl-task scheduled__2023-06-20T00:00:00+00:00 [running]> on host d87e86d3d093
[2023-10-30T15:11:07.450+0000] {taskinstance.py:1662} INFO - Exporting env vars: AIRFLOW_CTX_DAG_OWNER='Norman Ruiz' AIRFLOW_CTX_DAG_ID='asteroides-etl-dag' AIRFLOW_CTX_TASK_ID='asteroides-etl-task' AIRFLOW_CTX_EXECUTION_DATE='2023-06-20T00:00:00+00:00' AIRFLOW_CTX_TRY_NUMBER='1' AIRFLOW_CTX_DAG_RUN_ID='scheduled__2023-06-20T00:00:00+00:00'
[2023-10-30T15:11:07.453+0000] {subprocess.py:63} INFO - Tmp dir root location: /tmp
[2023-10-30T15:11:07.454+0000] {subprocess.py:75} INFO - Running command: ['/bin/bash', '-c', 'docker run -it asteroides-etl']
[2023-10-30T15:11:07.479+0000] {subprocess.py:86} INFO - Output:
[2023-10-30T15:11:07.523+0000] {subprocess.py:93} INFO - the input device is not a TTY
[2023-10-30T15:11:07.527+0000] {subprocess.py:97} INFO - Command exited with return code 1
[2023-10-30T15:11:07.548+0000] {taskinstance.py:1937} ERROR - Task failed with exception
Traceback (most recent call last):
  File "/home/airflow/.local/lib/python3.8/site-packages/airflow/operators/bash.py", line 210, in execute
    raise AirflowException(
airflow.exceptions.AirflowException: Bash command failed. The command returned a non-zero exit code 1.
[2023-10-30T15:11:07.558+0000] {taskinstance.py:1400} INFO - Marking task as UP_FOR_RETRY. dag_id=asteroides-etl-dag, task_id=asteroides-etl-task, execution_date=20230620T000000, start_date=20231030T151107, end_date=20231030T151107
[2023-10-30T15:11:07.582+0000] {standard_task_runner.py:104} ERROR - Failed to execute job 87 for task asteroides-etl-task (Bash command failed. The command returned a non-zero exit code 1.; 1142)
[2023-10-30T15:11:07.605+0000] {local_task_job_runner.py:228} INFO - Task exited with return code 1
[2023-10-30T15:11:07.668+0000] {taskinstance.py:2778} INFO - 0 downstream tasks scheduled from follow-on schedule check
[2023-10-30T19:25:17.717+0000] {taskinstance.py:1159} INFO - Dependencies all met for dep_context=non-requeueable deps ti=<TaskInstance: asteroides-etl-dag.asteroides-etl-task scheduled__2023-06-20T00:00:00+00:00 [queued]>
[2023-10-30T19:25:17.736+0000] {taskinstance.py:1159} INFO - Dependencies all met for dep_context=requeueable deps ti=<TaskInstance: asteroides-etl-dag.asteroides-etl-task scheduled__2023-06-20T00:00:00+00:00 [queued]>
[2023-10-30T19:25:17.737+0000] {taskinstance.py:1361} INFO - Starting attempt 1 of 5
[2023-10-30T19:25:17.761+0000] {taskinstance.py:1382} INFO - Executing <Task(BashOperator): asteroides-etl-task> on 2023-06-20 00:00:00+00:00
[2023-10-30T19:25:17.772+0000] {standard_task_runner.py:57} INFO - Started process 8352 to run task
[2023-10-30T19:25:17.776+0000] {standard_task_runner.py:84} INFO - Running: ['***', 'tasks', 'run', 'asteroides-etl-dag', 'asteroides-etl-task', 'scheduled__2023-06-20T00:00:00+00:00', '--job-id', '841', '--raw', '--subdir', 'DAGS_FOLDER/asteroides-etl_dag.py', '--cfg-path', '/tmp/tmp52djipqu']
[2023-10-30T19:25:17.779+0000] {standard_task_runner.py:85} INFO - Job 841: Subtask asteroides-etl-task
[2023-10-30T19:25:17.864+0000] {task_command.py:416} INFO - Running <TaskInstance: asteroides-etl-dag.asteroides-etl-task scheduled__2023-06-20T00:00:00+00:00 [running]> on host d87e86d3d093
[2023-10-30T19:25:17.993+0000] {taskinstance.py:1662} INFO - Exporting env vars: AIRFLOW_CTX_DAG_OWNER='Norman Ruiz' AIRFLOW_CTX_DAG_ID='asteroides-etl-dag' AIRFLOW_CTX_TASK_ID='asteroides-etl-task' AIRFLOW_CTX_EXECUTION_DATE='2023-06-20T00:00:00+00:00' AIRFLOW_CTX_TRY_NUMBER='1' AIRFLOW_CTX_DAG_RUN_ID='scheduled__2023-06-20T00:00:00+00:00'
[2023-10-30T19:25:17.995+0000] {subprocess.py:63} INFO - Tmp dir root location: /tmp
[2023-10-30T19:25:17.996+0000] {subprocess.py:75} INFO - Running command: ['/bin/bash', '-c', 'echo "Corrio !!!!"']
[2023-10-30T19:25:18.016+0000] {subprocess.py:86} INFO - Output:
[2023-10-30T19:25:18.020+0000] {subprocess.py:93} INFO - Corrio !!!!
[2023-10-30T19:25:18.021+0000] {subprocess.py:97} INFO - Command exited with return code 0
[2023-10-30T19:25:18.074+0000] {taskinstance.py:1400} INFO - Marking task as SUCCESS. dag_id=asteroides-etl-dag, task_id=asteroides-etl-task, execution_date=20230620T000000, start_date=20231030T192517, end_date=20231030T192518
[2023-10-30T19:25:18.115+0000] {local_task_job_runner.py:228} INFO - Task exited with return code 0
[2023-10-30T19:25:18.146+0000] {taskinstance.py:2778} INFO - 0 downstream tasks scheduled from follow-on schedule check
[2023-10-30T19:25:55.960+0000] {taskinstance.py:1159} INFO - Dependencies all met for dep_context=non-requeueable deps ti=<TaskInstance: asteroides-etl-dag.asteroides-etl-task scheduled__2023-06-20T00:00:00+00:00 [queued]>
[2023-10-30T19:25:55.980+0000] {taskinstance.py:1159} INFO - Dependencies all met for dep_context=requeueable deps ti=<TaskInstance: asteroides-etl-dag.asteroides-etl-task scheduled__2023-06-20T00:00:00+00:00 [queued]>
[2023-10-30T19:25:55.980+0000] {taskinstance.py:1361} INFO - Starting attempt 1 of 5
[2023-10-30T19:25:56.003+0000] {taskinstance.py:1382} INFO - Executing <Task(BashOperator): asteroides-etl-task> on 2023-06-20 00:00:00+00:00
[2023-10-30T19:25:56.014+0000] {standard_task_runner.py:57} INFO - Started process 8509 to run task
[2023-10-30T19:25:56.019+0000] {standard_task_runner.py:84} INFO - Running: ['***', 'tasks', 'run', 'asteroides-etl-dag', 'asteroides-etl-task', 'scheduled__2023-06-20T00:00:00+00:00', '--job-id', '891', '--raw', '--subdir', 'DAGS_FOLDER/asteroides-etl_dag.py', '--cfg-path', '/tmp/tmp19xokim5']
[2023-10-30T19:25:56.020+0000] {standard_task_runner.py:85} INFO - Job 891: Subtask asteroides-etl-task
[2023-10-30T19:25:56.101+0000] {task_command.py:416} INFO - Running <TaskInstance: asteroides-etl-dag.asteroides-etl-task scheduled__2023-06-20T00:00:00+00:00 [running]> on host d87e86d3d093
[2023-10-30T19:25:56.226+0000] {taskinstance.py:1662} INFO - Exporting env vars: AIRFLOW_CTX_DAG_OWNER='Norman Ruiz' AIRFLOW_CTX_DAG_ID='asteroides-etl-dag' AIRFLOW_CTX_TASK_ID='asteroides-etl-task' AIRFLOW_CTX_EXECUTION_DATE='2023-06-20T00:00:00+00:00' AIRFLOW_CTX_TRY_NUMBER='1' AIRFLOW_CTX_DAG_RUN_ID='scheduled__2023-06-20T00:00:00+00:00'
[2023-10-30T19:25:56.228+0000] {subprocess.py:63} INFO - Tmp dir root location: /tmp
[2023-10-30T19:25:56.229+0000] {subprocess.py:75} INFO - Running command: ['/bin/bash', '-c', 'echo "Corrio !!!!"']
[2023-10-30T19:25:56.247+0000] {subprocess.py:86} INFO - Output:
[2023-10-30T19:25:56.250+0000] {subprocess.py:93} INFO - Corrio !!!!
[2023-10-30T19:25:56.251+0000] {subprocess.py:97} INFO - Command exited with return code 0
[2023-10-30T19:25:56.281+0000] {taskinstance.py:1400} INFO - Marking task as SUCCESS. dag_id=asteroides-etl-dag, task_id=asteroides-etl-task, execution_date=20230620T000000, start_date=20231030T192555, end_date=20231030T192556
[2023-10-30T19:25:56.311+0000] {local_task_job_runner.py:228} INFO - Task exited with return code 0
[2023-10-30T19:25:56.336+0000] {taskinstance.py:2778} INFO - 0 downstream tasks scheduled from follow-on schedule check
