[2023-10-30T01:02:05.318+0000] {taskinstance.py:1159} INFO - Dependencies all met for dep_context=non-requeueable deps ti=<TaskInstance: asteroides-etl-dag.asteroides-etl-task scheduled__2023-07-01T00:00:00+00:00 [queued]>
[2023-10-30T01:02:05.357+0000] {taskinstance.py:1159} INFO - Dependencies all met for dep_context=requeueable deps ti=<TaskInstance: asteroides-etl-dag.asteroides-etl-task scheduled__2023-07-01T00:00:00+00:00 [queued]>
[2023-10-30T01:02:05.358+0000] {taskinstance.py:1361} INFO - Starting attempt 1 of 5
[2023-10-30T01:02:05.397+0000] {taskinstance.py:1382} INFO - Executing <Task(BashOperator): asteroides-etl-task> on 2023-07-01 00:00:00+00:00
[2023-10-30T01:02:05.410+0000] {standard_task_runner.py:57} INFO - Started process 1470 to run task
[2023-10-30T01:02:05.421+0000] {standard_task_runner.py:84} INFO - Running: ['***', 'tasks', 'run', 'asteroides-etl-dag', 'asteroides-etl-task', 'scheduled__2023-07-01T00:00:00+00:00', '--job-id', '34', '--raw', '--subdir', 'DAGS_FOLDER/asteroides-etl_dag.py', '--cfg-path', '/tmp/tmpi_nsx_2o']
[2023-10-30T01:02:05.424+0000] {standard_task_runner.py:85} INFO - Job 34: Subtask asteroides-etl-task
[2023-10-30T01:02:05.589+0000] {task_command.py:416} INFO - Running <TaskInstance: asteroides-etl-dag.asteroides-etl-task scheduled__2023-07-01T00:00:00+00:00 [running]> on host ac9f9bef16c9
[2023-10-30T01:02:05.866+0000] {taskinstance.py:1662} INFO - Exporting env vars: AIRFLOW_CTX_DAG_OWNER='Norman Ruiz' AIRFLOW_CTX_DAG_ID='asteroides-etl-dag' AIRFLOW_CTX_TASK_ID='asteroides-etl-task' AIRFLOW_CTX_EXECUTION_DATE='2023-07-01T00:00:00+00:00' AIRFLOW_CTX_TRY_NUMBER='1' AIRFLOW_CTX_DAG_RUN_ID='scheduled__2023-07-01T00:00:00+00:00'
[2023-10-30T01:02:05.873+0000] {subprocess.py:63} INFO - Tmp dir root location: /tmp
[2023-10-30T01:02:05.874+0000] {subprocess.py:75} INFO - Running command: ['/bin/bash', '-c', 'echo ya casi lo tengo!!!!']
[2023-10-30T01:02:05.909+0000] {subprocess.py:86} INFO - Output:
[2023-10-30T01:02:05.918+0000] {subprocess.py:93} INFO - ya casi lo tengo!!!!
[2023-10-30T01:02:05.921+0000] {subprocess.py:97} INFO - Command exited with return code 0
[2023-10-30T01:02:05.998+0000] {taskinstance.py:1400} INFO - Marking task as SUCCESS. dag_id=asteroides-etl-dag, task_id=asteroides-etl-task, execution_date=20230701T000000, start_date=20231030T010205, end_date=20231030T010205
[2023-10-30T01:02:06.190+0000] {local_task_job_runner.py:228} INFO - Task exited with return code 0
[2023-10-30T01:02:06.241+0000] {taskinstance.py:2778} INFO - 0 downstream tasks scheduled from follow-on schedule check
[2023-10-30T15:11:10.497+0000] {taskinstance.py:1159} INFO - Dependencies all met for dep_context=non-requeueable deps ti=<TaskInstance: asteroides-etl-dag.asteroides-etl-task scheduled__2023-07-01T00:00:00+00:00 [queued]>
[2023-10-30T15:11:10.509+0000] {taskinstance.py:1159} INFO - Dependencies all met for dep_context=requeueable deps ti=<TaskInstance: asteroides-etl-dag.asteroides-etl-task scheduled__2023-07-01T00:00:00+00:00 [queued]>
[2023-10-30T15:11:10.510+0000] {taskinstance.py:1361} INFO - Starting attempt 1 of 5
[2023-10-30T15:11:10.528+0000] {taskinstance.py:1382} INFO - Executing <Task(BashOperator): asteroides-etl-task> on 2023-07-01 00:00:00+00:00
[2023-10-30T15:11:10.536+0000] {standard_task_runner.py:57} INFO - Started process 1267 to run task
[2023-10-30T15:11:10.540+0000] {standard_task_runner.py:84} INFO - Running: ['***', 'tasks', 'run', 'asteroides-etl-dag', 'asteroides-etl-task', 'scheduled__2023-07-01T00:00:00+00:00', '--job-id', '98', '--raw', '--subdir', 'DAGS_FOLDER/asteroides-etl_dag.py', '--cfg-path', '/tmp/tmpg5c4nix2']
[2023-10-30T15:11:10.542+0000] {standard_task_runner.py:85} INFO - Job 98: Subtask asteroides-etl-task
[2023-10-30T15:11:10.603+0000] {task_command.py:416} INFO - Running <TaskInstance: asteroides-etl-dag.asteroides-etl-task scheduled__2023-07-01T00:00:00+00:00 [running]> on host d87e86d3d093
[2023-10-30T15:11:10.695+0000] {taskinstance.py:1662} INFO - Exporting env vars: AIRFLOW_CTX_DAG_OWNER='Norman Ruiz' AIRFLOW_CTX_DAG_ID='asteroides-etl-dag' AIRFLOW_CTX_TASK_ID='asteroides-etl-task' AIRFLOW_CTX_EXECUTION_DATE='2023-07-01T00:00:00+00:00' AIRFLOW_CTX_TRY_NUMBER='1' AIRFLOW_CTX_DAG_RUN_ID='scheduled__2023-07-01T00:00:00+00:00'
[2023-10-30T15:11:10.698+0000] {subprocess.py:63} INFO - Tmp dir root location: /tmp
[2023-10-30T15:11:10.699+0000] {subprocess.py:75} INFO - Running command: ['/bin/bash', '-c', 'docker run -it asteroides-etl']
[2023-10-30T15:11:10.715+0000] {subprocess.py:86} INFO - Output:
[2023-10-30T15:11:10.738+0000] {subprocess.py:93} INFO - the input device is not a TTY
[2023-10-30T15:11:10.741+0000] {subprocess.py:97} INFO - Command exited with return code 1
[2023-10-30T15:11:10.755+0000] {taskinstance.py:1937} ERROR - Task failed with exception
Traceback (most recent call last):
  File "/home/airflow/.local/lib/python3.8/site-packages/airflow/operators/bash.py", line 210, in execute
    raise AirflowException(
airflow.exceptions.AirflowException: Bash command failed. The command returned a non-zero exit code 1.
[2023-10-30T15:11:10.760+0000] {taskinstance.py:1400} INFO - Marking task as UP_FOR_RETRY. dag_id=asteroides-etl-dag, task_id=asteroides-etl-task, execution_date=20230701T000000, start_date=20231030T151110, end_date=20231030T151110
[2023-10-30T15:11:10.778+0000] {standard_task_runner.py:104} ERROR - Failed to execute job 98 for task asteroides-etl-task (Bash command failed. The command returned a non-zero exit code 1.; 1267)
[2023-10-30T15:11:10.793+0000] {local_task_job_runner.py:228} INFO - Task exited with return code 1
[2023-10-30T15:11:10.812+0000] {taskinstance.py:2778} INFO - 0 downstream tasks scheduled from follow-on schedule check
[2023-10-30T19:25:22.404+0000] {taskinstance.py:1159} INFO - Dependencies all met for dep_context=non-requeueable deps ti=<TaskInstance: asteroides-etl-dag.asteroides-etl-task scheduled__2023-07-01T00:00:00+00:00 [queued]>
[2023-10-30T19:25:22.421+0000] {taskinstance.py:1159} INFO - Dependencies all met for dep_context=requeueable deps ti=<TaskInstance: asteroides-etl-dag.asteroides-etl-task scheduled__2023-07-01T00:00:00+00:00 [queued]>
[2023-10-30T19:25:22.422+0000] {taskinstance.py:1361} INFO - Starting attempt 1 of 5
[2023-10-30T19:25:22.446+0000] {taskinstance.py:1382} INFO - Executing <Task(BashOperator): asteroides-etl-task> on 2023-07-01 00:00:00+00:00
[2023-10-30T19:25:22.455+0000] {standard_task_runner.py:57} INFO - Started process 8383 to run task
[2023-10-30T19:25:22.461+0000] {standard_task_runner.py:84} INFO - Running: ['***', 'tasks', 'run', 'asteroides-etl-dag', 'asteroides-etl-task', 'scheduled__2023-07-01T00:00:00+00:00', '--job-id', '852', '--raw', '--subdir', 'DAGS_FOLDER/asteroides-etl_dag.py', '--cfg-path', '/tmp/tmp_2ryoasi']
[2023-10-30T19:25:22.463+0000] {standard_task_runner.py:85} INFO - Job 852: Subtask asteroides-etl-task
[2023-10-30T19:25:22.536+0000] {task_command.py:416} INFO - Running <TaskInstance: asteroides-etl-dag.asteroides-etl-task scheduled__2023-07-01T00:00:00+00:00 [running]> on host d87e86d3d093
[2023-10-30T19:25:22.646+0000] {taskinstance.py:1662} INFO - Exporting env vars: AIRFLOW_CTX_DAG_OWNER='Norman Ruiz' AIRFLOW_CTX_DAG_ID='asteroides-etl-dag' AIRFLOW_CTX_TASK_ID='asteroides-etl-task' AIRFLOW_CTX_EXECUTION_DATE='2023-07-01T00:00:00+00:00' AIRFLOW_CTX_TRY_NUMBER='1' AIRFLOW_CTX_DAG_RUN_ID='scheduled__2023-07-01T00:00:00+00:00'
[2023-10-30T19:25:22.648+0000] {subprocess.py:63} INFO - Tmp dir root location: /tmp
[2023-10-30T19:25:22.649+0000] {subprocess.py:75} INFO - Running command: ['/bin/bash', '-c', 'echo "Corrio !!!!"']
[2023-10-30T19:25:22.664+0000] {subprocess.py:86} INFO - Output:
[2023-10-30T19:25:22.667+0000] {subprocess.py:93} INFO - Corrio !!!!
[2023-10-30T19:25:22.668+0000] {subprocess.py:97} INFO - Command exited with return code 0
[2023-10-30T19:25:22.696+0000] {taskinstance.py:1400} INFO - Marking task as SUCCESS. dag_id=asteroides-etl-dag, task_id=asteroides-etl-task, execution_date=20230701T000000, start_date=20231030T192522, end_date=20231030T192522
[2023-10-30T19:25:22.754+0000] {local_task_job_runner.py:228} INFO - Task exited with return code 0
[2023-10-30T19:25:22.775+0000] {taskinstance.py:2778} INFO - 0 downstream tasks scheduled from follow-on schedule check
[2023-10-30T19:26:02.820+0000] {taskinstance.py:1159} INFO - Dependencies all met for dep_context=non-requeueable deps ti=<TaskInstance: asteroides-etl-dag.asteroides-etl-task scheduled__2023-07-01T00:00:00+00:00 [queued]>
[2023-10-30T19:26:02.842+0000] {taskinstance.py:1159} INFO - Dependencies all met for dep_context=requeueable deps ti=<TaskInstance: asteroides-etl-dag.asteroides-etl-task scheduled__2023-07-01T00:00:00+00:00 [queued]>
[2023-10-30T19:26:02.843+0000] {taskinstance.py:1361} INFO - Starting attempt 1 of 5
[2023-10-30T19:26:02.942+0000] {taskinstance.py:1382} INFO - Executing <Task(BashOperator): asteroides-etl-task> on 2023-07-01 00:00:00+00:00
[2023-10-30T19:26:02.954+0000] {standard_task_runner.py:57} INFO - Started process 8544 to run task
[2023-10-30T19:26:02.966+0000] {standard_task_runner.py:84} INFO - Running: ['***', 'tasks', 'run', 'asteroides-etl-dag', 'asteroides-etl-task', 'scheduled__2023-07-01T00:00:00+00:00', '--job-id', '902', '--raw', '--subdir', 'DAGS_FOLDER/asteroides-etl_dag.py', '--cfg-path', '/tmp/tmphcuz95e7']
[2023-10-30T19:26:02.968+0000] {standard_task_runner.py:85} INFO - Job 902: Subtask asteroides-etl-task
[2023-10-30T19:26:03.076+0000] {task_command.py:416} INFO - Running <TaskInstance: asteroides-etl-dag.asteroides-etl-task scheduled__2023-07-01T00:00:00+00:00 [running]> on host d87e86d3d093
[2023-10-30T19:26:03.255+0000] {taskinstance.py:1662} INFO - Exporting env vars: AIRFLOW_CTX_DAG_OWNER='Norman Ruiz' AIRFLOW_CTX_DAG_ID='asteroides-etl-dag' AIRFLOW_CTX_TASK_ID='asteroides-etl-task' AIRFLOW_CTX_EXECUTION_DATE='2023-07-01T00:00:00+00:00' AIRFLOW_CTX_TRY_NUMBER='1' AIRFLOW_CTX_DAG_RUN_ID='scheduled__2023-07-01T00:00:00+00:00'
[2023-10-30T19:26:03.258+0000] {subprocess.py:63} INFO - Tmp dir root location: /tmp
[2023-10-30T19:26:03.260+0000] {subprocess.py:75} INFO - Running command: ['/bin/bash', '-c', 'echo "Corrio !!!!"']
[2023-10-30T19:26:03.280+0000] {subprocess.py:86} INFO - Output:
[2023-10-30T19:26:03.284+0000] {subprocess.py:93} INFO - Corrio !!!!
[2023-10-30T19:26:03.285+0000] {subprocess.py:97} INFO - Command exited with return code 0
[2023-10-30T19:26:03.326+0000] {taskinstance.py:1400} INFO - Marking task as SUCCESS. dag_id=asteroides-etl-dag, task_id=asteroides-etl-task, execution_date=20230701T000000, start_date=20231030T192602, end_date=20231030T192603
[2023-10-30T19:26:03.374+0000] {local_task_job_runner.py:228} INFO - Task exited with return code 0
[2023-10-30T19:26:03.402+0000] {taskinstance.py:2778} INFO - 0 downstream tasks scheduled from follow-on schedule check
