[2023-10-30T15:04:58.638+0000] {taskinstance.py:1159} INFO - Dependencies all met for dep_context=non-requeueable deps ti=<TaskInstance: asteroides-etl-dag.asteroides-etl-task scheduled__2023-06-17T00:00:00+00:00 [queued]>
[2023-10-30T15:04:58.654+0000] {taskinstance.py:1159} INFO - Dependencies all met for dep_context=requeueable deps ti=<TaskInstance: asteroides-etl-dag.asteroides-etl-task scheduled__2023-06-17T00:00:00+00:00 [queued]>
[2023-10-30T15:04:58.655+0000] {taskinstance.py:1361} INFO - Starting attempt 2 of 5
[2023-10-30T15:04:58.681+0000] {taskinstance.py:1382} INFO - Executing <Task(BashOperator): asteroides-etl-task> on 2023-06-17 00:00:00+00:00
[2023-10-30T15:04:58.692+0000] {standard_task_runner.py:57} INFO - Started process 454 to run task
[2023-10-30T15:04:58.697+0000] {standard_task_runner.py:84} INFO - Running: ['***', 'tasks', 'run', 'asteroides-etl-dag', 'asteroides-etl-task', 'scheduled__2023-06-17T00:00:00+00:00', '--job-id', '34', '--raw', '--subdir', 'DAGS_FOLDER/asteroides-etl_dag.py', '--cfg-path', '/tmp/tmpc7y4asc6']
[2023-10-30T15:04:58.700+0000] {standard_task_runner.py:85} INFO - Job 34: Subtask asteroides-etl-task
[2023-10-30T15:04:58.789+0000] {task_command.py:416} INFO - Running <TaskInstance: asteroides-etl-dag.asteroides-etl-task scheduled__2023-06-17T00:00:00+00:00 [running]> on host d87e86d3d093
[2023-10-30T15:04:58.880+0000] {taskinstance.py:1662} INFO - Exporting env vars: AIRFLOW_CTX_DAG_OWNER='Norman Ruiz' AIRFLOW_CTX_DAG_ID='asteroides-etl-dag' AIRFLOW_CTX_TASK_ID='asteroides-etl-task' AIRFLOW_CTX_EXECUTION_DATE='2023-06-17T00:00:00+00:00' AIRFLOW_CTX_TRY_NUMBER='2' AIRFLOW_CTX_DAG_RUN_ID='scheduled__2023-06-17T00:00:00+00:00'
[2023-10-30T15:04:58.882+0000] {subprocess.py:63} INFO - Tmp dir root location: /tmp
[2023-10-30T15:04:58.883+0000] {subprocess.py:75} INFO - Running command: ['/bin/bash', '-c', 'docker run -it --name asteroides-etl asteroides-etl']
[2023-10-30T15:04:58.899+0000] {subprocess.py:86} INFO - Output:
[2023-10-30T15:04:58.924+0000] {subprocess.py:93} INFO - the input device is not a TTY
[2023-10-30T15:04:58.926+0000] {subprocess.py:97} INFO - Command exited with return code 1
[2023-10-30T15:04:58.941+0000] {taskinstance.py:1937} ERROR - Task failed with exception
Traceback (most recent call last):
  File "/home/airflow/.local/lib/python3.8/site-packages/airflow/operators/bash.py", line 210, in execute
    raise AirflowException(
airflow.exceptions.AirflowException: Bash command failed. The command returned a non-zero exit code 1.
[2023-10-30T15:04:58.946+0000] {taskinstance.py:1400} INFO - Marking task as UP_FOR_RETRY. dag_id=asteroides-etl-dag, task_id=asteroides-etl-task, execution_date=20230617T000000, start_date=20231030T150458, end_date=20231030T150458
[2023-10-30T15:04:58.966+0000] {standard_task_runner.py:104} ERROR - Failed to execute job 34 for task asteroides-etl-task (Bash command failed. The command returned a non-zero exit code 1.; 454)
[2023-10-30T15:04:58.991+0000] {local_task_job_runner.py:228} INFO - Task exited with return code 1
[2023-10-30T15:04:59.014+0000] {taskinstance.py:2778} INFO - 0 downstream tasks scheduled from follow-on schedule check
[2023-10-30T19:25:14.694+0000] {taskinstance.py:1159} INFO - Dependencies all met for dep_context=non-requeueable deps ti=<TaskInstance: asteroides-etl-dag.asteroides-etl-task scheduled__2023-06-17T00:00:00+00:00 [queued]>
[2023-10-30T19:25:14.710+0000] {taskinstance.py:1159} INFO - Dependencies all met for dep_context=requeueable deps ti=<TaskInstance: asteroides-etl-dag.asteroides-etl-task scheduled__2023-06-17T00:00:00+00:00 [queued]>
[2023-10-30T19:25:14.711+0000] {taskinstance.py:1361} INFO - Starting attempt 2 of 5
[2023-10-30T19:25:14.730+0000] {taskinstance.py:1382} INFO - Executing <Task(BashOperator): asteroides-etl-task> on 2023-06-17 00:00:00+00:00
[2023-10-30T19:25:14.739+0000] {standard_task_runner.py:57} INFO - Started process 8342 to run task
[2023-10-30T19:25:14.743+0000] {standard_task_runner.py:84} INFO - Running: ['***', 'tasks', 'run', 'asteroides-etl-dag', 'asteroides-etl-task', 'scheduled__2023-06-17T00:00:00+00:00', '--job-id', '838', '--raw', '--subdir', 'DAGS_FOLDER/asteroides-etl_dag.py', '--cfg-path', '/tmp/tmpb46bgds0']
[2023-10-30T19:25:14.745+0000] {standard_task_runner.py:85} INFO - Job 838: Subtask asteroides-etl-task
[2023-10-30T19:25:14.823+0000] {task_command.py:416} INFO - Running <TaskInstance: asteroides-etl-dag.asteroides-etl-task scheduled__2023-06-17T00:00:00+00:00 [running]> on host d87e86d3d093
[2023-10-30T19:25:14.928+0000] {taskinstance.py:1662} INFO - Exporting env vars: AIRFLOW_CTX_DAG_OWNER='Norman Ruiz' AIRFLOW_CTX_DAG_ID='asteroides-etl-dag' AIRFLOW_CTX_TASK_ID='asteroides-etl-task' AIRFLOW_CTX_EXECUTION_DATE='2023-06-17T00:00:00+00:00' AIRFLOW_CTX_TRY_NUMBER='2' AIRFLOW_CTX_DAG_RUN_ID='scheduled__2023-06-17T00:00:00+00:00'
[2023-10-30T19:25:14.930+0000] {subprocess.py:63} INFO - Tmp dir root location: /tmp
[2023-10-30T19:25:14.931+0000] {subprocess.py:75} INFO - Running command: ['/bin/bash', '-c', 'echo "Corrio !!!!"']
[2023-10-30T19:25:14.946+0000] {subprocess.py:86} INFO - Output:
[2023-10-30T19:25:14.948+0000] {subprocess.py:93} INFO - Corrio !!!!
[2023-10-30T19:25:14.949+0000] {subprocess.py:97} INFO - Command exited with return code 0
[2023-10-30T19:25:14.980+0000] {taskinstance.py:1400} INFO - Marking task as SUCCESS. dag_id=asteroides-etl-dag, task_id=asteroides-etl-task, execution_date=20230617T000000, start_date=20231030T192514, end_date=20231030T192514
[2023-10-30T19:25:15.036+0000] {local_task_job_runner.py:228} INFO - Task exited with return code 0
[2023-10-30T19:25:15.057+0000] {taskinstance.py:2778} INFO - 0 downstream tasks scheduled from follow-on schedule check
