[2023-10-30T15:09:01.742+0000] {taskinstance.py:1159} INFO - Dependencies all met for dep_context=non-requeueable deps ti=<TaskInstance: asteroides-etl-dag.asteroides-etl-task scheduled__2023-06-17T00:00:00+00:00 [queued]>
[2023-10-30T15:09:01.764+0000] {taskinstance.py:1159} INFO - Dependencies all met for dep_context=requeueable deps ti=<TaskInstance: asteroides-etl-dag.asteroides-etl-task scheduled__2023-06-17T00:00:00+00:00 [queued]>
[2023-10-30T15:09:01.765+0000] {taskinstance.py:1361} INFO - Starting attempt 4 of 5
[2023-10-30T15:09:01.800+0000] {taskinstance.py:1382} INFO - Executing <Task(BashOperator): asteroides-etl-task> on 2023-06-17 00:00:00+00:00
[2023-10-30T15:09:01.812+0000] {standard_task_runner.py:57} INFO - Started process 862 to run task
[2023-10-30T15:09:01.818+0000] {standard_task_runner.py:84} INFO - Running: ['***', 'tasks', 'run', 'asteroides-etl-dag', 'asteroides-etl-task', 'scheduled__2023-06-17T00:00:00+00:00', '--job-id', '64', '--raw', '--subdir', 'DAGS_FOLDER/asteroides-etl_dag.py', '--cfg-path', '/tmp/tmpn_9sz3p4']
[2023-10-30T15:09:01.821+0000] {standard_task_runner.py:85} INFO - Job 64: Subtask asteroides-etl-task
[2023-10-30T15:09:01.903+0000] {task_command.py:416} INFO - Running <TaskInstance: asteroides-etl-dag.asteroides-etl-task scheduled__2023-06-17T00:00:00+00:00 [running]> on host d87e86d3d093
[2023-10-30T15:09:02.030+0000] {taskinstance.py:1662} INFO - Exporting env vars: AIRFLOW_CTX_DAG_OWNER='Norman Ruiz' AIRFLOW_CTX_DAG_ID='asteroides-etl-dag' AIRFLOW_CTX_TASK_ID='asteroides-etl-task' AIRFLOW_CTX_EXECUTION_DATE='2023-06-17T00:00:00+00:00' AIRFLOW_CTX_TRY_NUMBER='4' AIRFLOW_CTX_DAG_RUN_ID='scheduled__2023-06-17T00:00:00+00:00'
[2023-10-30T15:09:02.032+0000] {subprocess.py:63} INFO - Tmp dir root location: /tmp
[2023-10-30T15:09:02.033+0000] {subprocess.py:75} INFO - Running command: ['/bin/bash', '-c', 'docker run -it --name asteroides-etl asteroides-etl']
[2023-10-30T15:09:02.060+0000] {subprocess.py:86} INFO - Output:
[2023-10-30T15:09:02.097+0000] {subprocess.py:93} INFO - the input device is not a TTY
[2023-10-30T15:09:02.100+0000] {subprocess.py:97} INFO - Command exited with return code 1
[2023-10-30T15:09:02.127+0000] {taskinstance.py:1937} ERROR - Task failed with exception
Traceback (most recent call last):
  File "/home/airflow/.local/lib/python3.8/site-packages/airflow/operators/bash.py", line 210, in execute
    raise AirflowException(
airflow.exceptions.AirflowException: Bash command failed. The command returned a non-zero exit code 1.
[2023-10-30T15:09:02.134+0000] {taskinstance.py:1400} INFO - Marking task as UP_FOR_RETRY. dag_id=asteroides-etl-dag, task_id=asteroides-etl-task, execution_date=20230617T000000, start_date=20231030T150901, end_date=20231030T150902
[2023-10-30T15:09:02.161+0000] {standard_task_runner.py:104} ERROR - Failed to execute job 64 for task asteroides-etl-task (Bash command failed. The command returned a non-zero exit code 1.; 862)
[2023-10-30T15:09:02.195+0000] {local_task_job_runner.py:228} INFO - Task exited with return code 1
[2023-10-30T15:09:02.221+0000] {taskinstance.py:2778} INFO - 0 downstream tasks scheduled from follow-on schedule check
