[2023-10-30T01:02:05.731+0000] {taskinstance.py:1159} INFO - Dependencies all met for dep_context=non-requeueable deps ti=<TaskInstance: asteroides-etl-dag.asteroides-etl-task scheduled__2023-07-02T00:00:00+00:00 [queued]>
[2023-10-30T01:02:05.755+0000] {taskinstance.py:1159} INFO - Dependencies all met for dep_context=requeueable deps ti=<TaskInstance: asteroides-etl-dag.asteroides-etl-task scheduled__2023-07-02T00:00:00+00:00 [queued]>
[2023-10-30T01:02:05.756+0000] {taskinstance.py:1361} INFO - Starting attempt 1 of 5
[2023-10-30T01:02:05.796+0000] {taskinstance.py:1382} INFO - Executing <Task(BashOperator): asteroides-etl-task> on 2023-07-02 00:00:00+00:00
[2023-10-30T01:02:05.814+0000] {standard_task_runner.py:57} INFO - Started process 1473 to run task
[2023-10-30T01:02:05.824+0000] {standard_task_runner.py:84} INFO - Running: ['***', 'tasks', 'run', 'asteroides-etl-dag', 'asteroides-etl-task', 'scheduled__2023-07-02T00:00:00+00:00', '--job-id', '35', '--raw', '--subdir', 'DAGS_FOLDER/asteroides-etl_dag.py', '--cfg-path', '/tmp/tmpl51mm434']
[2023-10-30T01:02:05.827+0000] {standard_task_runner.py:85} INFO - Job 35: Subtask asteroides-etl-task
[2023-10-30T01:02:05.952+0000] {task_command.py:416} INFO - Running <TaskInstance: asteroides-etl-dag.asteroides-etl-task scheduled__2023-07-02T00:00:00+00:00 [running]> on host ac9f9bef16c9
[2023-10-30T01:02:06.174+0000] {taskinstance.py:1662} INFO - Exporting env vars: AIRFLOW_CTX_DAG_OWNER='Norman Ruiz' AIRFLOW_CTX_DAG_ID='asteroides-etl-dag' AIRFLOW_CTX_TASK_ID='asteroides-etl-task' AIRFLOW_CTX_EXECUTION_DATE='2023-07-02T00:00:00+00:00' AIRFLOW_CTX_TRY_NUMBER='1' AIRFLOW_CTX_DAG_RUN_ID='scheduled__2023-07-02T00:00:00+00:00'
[2023-10-30T01:02:06.179+0000] {subprocess.py:63} INFO - Tmp dir root location: /tmp
[2023-10-30T01:02:06.183+0000] {subprocess.py:75} INFO - Running command: ['/bin/bash', '-c', 'echo ya casi lo tengo!!!!']
[2023-10-30T01:02:06.221+0000] {subprocess.py:86} INFO - Output:
[2023-10-30T01:02:06.227+0000] {subprocess.py:93} INFO - ya casi lo tengo!!!!
[2023-10-30T01:02:06.229+0000] {subprocess.py:97} INFO - Command exited with return code 0
[2023-10-30T01:02:06.314+0000] {taskinstance.py:1400} INFO - Marking task as SUCCESS. dag_id=asteroides-etl-dag, task_id=asteroides-etl-task, execution_date=20230702T000000, start_date=20231030T010205, end_date=20231030T010206
[2023-10-30T01:02:06.375+0000] {local_task_job_runner.py:228} INFO - Task exited with return code 0
[2023-10-30T01:02:06.471+0000] {taskinstance.py:2778} INFO - 0 downstream tasks scheduled from follow-on schedule check
[2023-10-30T15:19:20.140+0000] {taskinstance.py:1159} INFO - Dependencies all met for dep_context=non-requeueable deps ti=<TaskInstance: asteroides-etl-dag.asteroides-etl-task scheduled__2023-07-02T00:00:00+00:00 [queued]>
[2023-10-30T15:19:20.160+0000] {taskinstance.py:1159} INFO - Dependencies all met for dep_context=requeueable deps ti=<TaskInstance: asteroides-etl-dag.asteroides-etl-task scheduled__2023-07-02T00:00:00+00:00 [queued]>
[2023-10-30T15:19:20.161+0000] {taskinstance.py:1361} INFO - Starting attempt 1 of 5
[2023-10-30T15:19:20.209+0000] {taskinstance.py:1382} INFO - Executing <Task(BashOperator): asteroides-etl-task> on 2023-07-02 00:00:00+00:00
[2023-10-30T15:19:20.219+0000] {standard_task_runner.py:57} INFO - Started process 2141 to run task
[2023-10-30T15:19:20.225+0000] {standard_task_runner.py:84} INFO - Running: ['***', 'tasks', 'run', 'asteroides-etl-dag', 'asteroides-etl-task', 'scheduled__2023-07-02T00:00:00+00:00', '--job-id', '164', '--raw', '--subdir', 'DAGS_FOLDER/asteroides-etl_dag.py', '--cfg-path', '/tmp/tmp8njruce8']
[2023-10-30T15:19:20.227+0000] {standard_task_runner.py:85} INFO - Job 164: Subtask asteroides-etl-task
[2023-10-30T15:19:20.313+0000] {task_command.py:416} INFO - Running <TaskInstance: asteroides-etl-dag.asteroides-etl-task scheduled__2023-07-02T00:00:00+00:00 [running]> on host d87e86d3d093
[2023-10-30T15:19:20.451+0000] {taskinstance.py:1662} INFO - Exporting env vars: AIRFLOW_CTX_DAG_OWNER='Norman Ruiz' AIRFLOW_CTX_DAG_ID='asteroides-etl-dag' AIRFLOW_CTX_TASK_ID='asteroides-etl-task' AIRFLOW_CTX_EXECUTION_DATE='2023-07-02T00:00:00+00:00' AIRFLOW_CTX_TRY_NUMBER='1' AIRFLOW_CTX_DAG_RUN_ID='scheduled__2023-07-02T00:00:00+00:00'
[2023-10-30T15:19:20.454+0000] {subprocess.py:63} INFO - Tmp dir root location: /tmp
[2023-10-30T15:19:20.455+0000] {subprocess.py:75} INFO - Running command: ['/bin/bash', '-c', 'docker run -i asteroides-etl']
[2023-10-30T15:19:20.480+0000] {subprocess.py:86} INFO - Output:
[2023-10-30T15:19:20.528+0000] {subprocess.py:93} INFO - docker: Cannot connect to the Docker daemon at unix:///var/run/docker.sock. Is the docker daemon running?.
[2023-10-30T15:19:20.529+0000] {subprocess.py:93} INFO - See 'docker run --help'.
[2023-10-30T15:19:20.532+0000] {subprocess.py:97} INFO - Command exited with return code 125
[2023-10-30T15:19:20.557+0000] {taskinstance.py:1937} ERROR - Task failed with exception
Traceback (most recent call last):
  File "/home/airflow/.local/lib/python3.8/site-packages/airflow/operators/bash.py", line 210, in execute
    raise AirflowException(
airflow.exceptions.AirflowException: Bash command failed. The command returned a non-zero exit code 125.
[2023-10-30T15:19:20.565+0000] {taskinstance.py:1400} INFO - Marking task as UP_FOR_RETRY. dag_id=asteroides-etl-dag, task_id=asteroides-etl-task, execution_date=20230702T000000, start_date=20231030T151920, end_date=20231030T151920
[2023-10-30T15:19:20.592+0000] {standard_task_runner.py:104} ERROR - Failed to execute job 164 for task asteroides-etl-task (Bash command failed. The command returned a non-zero exit code 125.; 2141)
[2023-10-30T15:19:20.637+0000] {local_task_job_runner.py:228} INFO - Task exited with return code 1
[2023-10-30T15:19:20.753+0000] {taskinstance.py:2778} INFO - 0 downstream tasks scheduled from follow-on schedule check
[2023-10-30T19:25:24.884+0000] {taskinstance.py:1159} INFO - Dependencies all met for dep_context=non-requeueable deps ti=<TaskInstance: asteroides-etl-dag.asteroides-etl-task scheduled__2023-07-02T00:00:00+00:00 [queued]>
[2023-10-30T19:25:24.904+0000] {taskinstance.py:1159} INFO - Dependencies all met for dep_context=requeueable deps ti=<TaskInstance: asteroides-etl-dag.asteroides-etl-task scheduled__2023-07-02T00:00:00+00:00 [queued]>
[2023-10-30T19:25:24.905+0000] {taskinstance.py:1361} INFO - Starting attempt 1 of 5
[2023-10-30T19:25:24.934+0000] {taskinstance.py:1382} INFO - Executing <Task(BashOperator): asteroides-etl-task> on 2023-07-02 00:00:00+00:00
[2023-10-30T19:25:24.945+0000] {standard_task_runner.py:57} INFO - Started process 8390 to run task
[2023-10-30T19:25:24.954+0000] {standard_task_runner.py:84} INFO - Running: ['***', 'tasks', 'run', 'asteroides-etl-dag', 'asteroides-etl-task', 'scheduled__2023-07-02T00:00:00+00:00', '--job-id', '853', '--raw', '--subdir', 'DAGS_FOLDER/asteroides-etl_dag.py', '--cfg-path', '/tmp/tmp9mx1it1g']
[2023-10-30T19:25:24.957+0000] {standard_task_runner.py:85} INFO - Job 853: Subtask asteroides-etl-task
[2023-10-30T19:25:25.056+0000] {task_command.py:416} INFO - Running <TaskInstance: asteroides-etl-dag.asteroides-etl-task scheduled__2023-07-02T00:00:00+00:00 [running]> on host d87e86d3d093
[2023-10-30T19:25:25.237+0000] {taskinstance.py:1662} INFO - Exporting env vars: AIRFLOW_CTX_DAG_OWNER='Norman Ruiz' AIRFLOW_CTX_DAG_ID='asteroides-etl-dag' AIRFLOW_CTX_TASK_ID='asteroides-etl-task' AIRFLOW_CTX_EXECUTION_DATE='2023-07-02T00:00:00+00:00' AIRFLOW_CTX_TRY_NUMBER='1' AIRFLOW_CTX_DAG_RUN_ID='scheduled__2023-07-02T00:00:00+00:00'
[2023-10-30T19:25:25.241+0000] {subprocess.py:63} INFO - Tmp dir root location: /tmp
[2023-10-30T19:25:25.243+0000] {subprocess.py:75} INFO - Running command: ['/bin/bash', '-c', 'echo "Corrio !!!!"']
[2023-10-30T19:25:25.271+0000] {subprocess.py:86} INFO - Output:
[2023-10-30T19:25:25.275+0000] {subprocess.py:93} INFO - Corrio !!!!
[2023-10-30T19:25:25.277+0000] {subprocess.py:97} INFO - Command exited with return code 0
[2023-10-30T19:25:25.328+0000] {taskinstance.py:1400} INFO - Marking task as SUCCESS. dag_id=asteroides-etl-dag, task_id=asteroides-etl-task, execution_date=20230702T000000, start_date=20231030T192524, end_date=20231030T192525
[2023-10-30T19:25:25.489+0000] {local_task_job_runner.py:228} INFO - Task exited with return code 0
[2023-10-30T19:25:25.529+0000] {taskinstance.py:2778} INFO - 0 downstream tasks scheduled from follow-on schedule check
[2023-10-30T19:26:03.096+0000] {taskinstance.py:1159} INFO - Dependencies all met for dep_context=non-requeueable deps ti=<TaskInstance: asteroides-etl-dag.asteroides-etl-task scheduled__2023-07-02T00:00:00+00:00 [queued]>
[2023-10-30T19:26:03.116+0000] {taskinstance.py:1159} INFO - Dependencies all met for dep_context=requeueable deps ti=<TaskInstance: asteroides-etl-dag.asteroides-etl-task scheduled__2023-07-02T00:00:00+00:00 [queued]>
[2023-10-30T19:26:03.117+0000] {taskinstance.py:1361} INFO - Starting attempt 1 of 5
[2023-10-30T19:26:03.190+0000] {taskinstance.py:1382} INFO - Executing <Task(BashOperator): asteroides-etl-task> on 2023-07-02 00:00:00+00:00
[2023-10-30T19:26:03.203+0000] {standard_task_runner.py:57} INFO - Started process 8546 to run task
[2023-10-30T19:26:03.208+0000] {standard_task_runner.py:84} INFO - Running: ['***', 'tasks', 'run', 'asteroides-etl-dag', 'asteroides-etl-task', 'scheduled__2023-07-02T00:00:00+00:00', '--job-id', '903', '--raw', '--subdir', 'DAGS_FOLDER/asteroides-etl_dag.py', '--cfg-path', '/tmp/tmpz_wxzef7']
[2023-10-30T19:26:03.211+0000] {standard_task_runner.py:85} INFO - Job 903: Subtask asteroides-etl-task
[2023-10-30T19:26:03.294+0000] {task_command.py:416} INFO - Running <TaskInstance: asteroides-etl-dag.asteroides-etl-task scheduled__2023-07-02T00:00:00+00:00 [running]> on host d87e86d3d093
[2023-10-30T19:26:03.443+0000] {taskinstance.py:1662} INFO - Exporting env vars: AIRFLOW_CTX_DAG_OWNER='Norman Ruiz' AIRFLOW_CTX_DAG_ID='asteroides-etl-dag' AIRFLOW_CTX_TASK_ID='asteroides-etl-task' AIRFLOW_CTX_EXECUTION_DATE='2023-07-02T00:00:00+00:00' AIRFLOW_CTX_TRY_NUMBER='1' AIRFLOW_CTX_DAG_RUN_ID='scheduled__2023-07-02T00:00:00+00:00'
[2023-10-30T19:26:03.445+0000] {subprocess.py:63} INFO - Tmp dir root location: /tmp
[2023-10-30T19:26:03.447+0000] {subprocess.py:75} INFO - Running command: ['/bin/bash', '-c', 'echo "Corrio !!!!"']
[2023-10-30T19:26:03.469+0000] {subprocess.py:86} INFO - Output:
[2023-10-30T19:26:03.474+0000] {subprocess.py:93} INFO - Corrio !!!!
[2023-10-30T19:26:03.475+0000] {subprocess.py:97} INFO - Command exited with return code 0
[2023-10-30T19:26:03.514+0000] {taskinstance.py:1400} INFO - Marking task as SUCCESS. dag_id=asteroides-etl-dag, task_id=asteroides-etl-task, execution_date=20230702T000000, start_date=20231030T192603, end_date=20231030T192603
[2023-10-30T19:26:03.544+0000] {local_task_job_runner.py:228} INFO - Task exited with return code 0
[2023-10-30T19:26:03.574+0000] {taskinstance.py:2778} INFO - 0 downstream tasks scheduled from follow-on schedule check
