[2023-10-30T01:02:02.327+0000] {taskinstance.py:1159} INFO - Dependencies all met for dep_context=non-requeueable deps ti=<TaskInstance: asteroides-etl-dag.asteroides-etl-task scheduled__2023-06-28T00:00:00+00:00 [queued]>
[2023-10-30T01:02:02.350+0000] {taskinstance.py:1159} INFO - Dependencies all met for dep_context=requeueable deps ti=<TaskInstance: asteroides-etl-dag.asteroides-etl-task scheduled__2023-06-28T00:00:00+00:00 [queued]>
[2023-10-30T01:02:02.350+0000] {taskinstance.py:1361} INFO - Starting attempt 1 of 5
[2023-10-30T01:02:02.374+0000] {taskinstance.py:1382} INFO - Executing <Task(BashOperator): asteroides-etl-task> on 2023-06-28 00:00:00+00:00
[2023-10-30T01:02:02.384+0000] {standard_task_runner.py:57} INFO - Started process 1452 to run task
[2023-10-30T01:02:02.388+0000] {standard_task_runner.py:84} INFO - Running: ['***', 'tasks', 'run', 'asteroides-etl-dag', 'asteroides-etl-task', 'scheduled__2023-06-28T00:00:00+00:00', '--job-id', '31', '--raw', '--subdir', 'DAGS_FOLDER/asteroides-etl_dag.py', '--cfg-path', '/tmp/tmpgqj02c4s']
[2023-10-30T01:02:02.390+0000] {standard_task_runner.py:85} INFO - Job 31: Subtask asteroides-etl-task
[2023-10-30T01:02:02.476+0000] {task_command.py:416} INFO - Running <TaskInstance: asteroides-etl-dag.asteroides-etl-task scheduled__2023-06-28T00:00:00+00:00 [running]> on host ac9f9bef16c9
[2023-10-30T01:02:02.603+0000] {taskinstance.py:1662} INFO - Exporting env vars: AIRFLOW_CTX_DAG_OWNER='Norman Ruiz' AIRFLOW_CTX_DAG_ID='asteroides-etl-dag' AIRFLOW_CTX_TASK_ID='asteroides-etl-task' AIRFLOW_CTX_EXECUTION_DATE='2023-06-28T00:00:00+00:00' AIRFLOW_CTX_TRY_NUMBER='1' AIRFLOW_CTX_DAG_RUN_ID='scheduled__2023-06-28T00:00:00+00:00'
[2023-10-30T01:02:02.605+0000] {subprocess.py:63} INFO - Tmp dir root location: /tmp
[2023-10-30T01:02:02.607+0000] {subprocess.py:75} INFO - Running command: ['/bin/bash', '-c', 'echo ya casi lo tengo!!!!']
[2023-10-30T01:02:02.628+0000] {subprocess.py:86} INFO - Output:
[2023-10-30T01:02:02.631+0000] {subprocess.py:93} INFO - ya casi lo tengo!!!!
[2023-10-30T01:02:02.632+0000] {subprocess.py:97} INFO - Command exited with return code 0
[2023-10-30T01:02:02.669+0000] {taskinstance.py:1400} INFO - Marking task as SUCCESS. dag_id=asteroides-etl-dag, task_id=asteroides-etl-task, execution_date=20230628T000000, start_date=20231030T010202, end_date=20231030T010202
[2023-10-30T01:02:02.723+0000] {local_task_job_runner.py:228} INFO - Task exited with return code 0
[2023-10-30T01:02:02.747+0000] {taskinstance.py:2778} INFO - 0 downstream tasks scheduled from follow-on schedule check
[2023-10-30T15:11:09.526+0000] {taskinstance.py:1159} INFO - Dependencies all met for dep_context=non-requeueable deps ti=<TaskInstance: asteroides-etl-dag.asteroides-etl-task scheduled__2023-06-28T00:00:00+00:00 [queued]>
[2023-10-30T15:11:09.541+0000] {taskinstance.py:1159} INFO - Dependencies all met for dep_context=requeueable deps ti=<TaskInstance: asteroides-etl-dag.asteroides-etl-task scheduled__2023-06-28T00:00:00+00:00 [queued]>
[2023-10-30T15:11:09.542+0000] {taskinstance.py:1361} INFO - Starting attempt 1 of 5
[2023-10-30T15:11:09.562+0000] {taskinstance.py:1382} INFO - Executing <Task(BashOperator): asteroides-etl-task> on 2023-06-28 00:00:00+00:00
[2023-10-30T15:11:09.571+0000] {standard_task_runner.py:57} INFO - Started process 1241 to run task
[2023-10-30T15:11:09.577+0000] {standard_task_runner.py:84} INFO - Running: ['***', 'tasks', 'run', 'asteroides-etl-dag', 'asteroides-etl-task', 'scheduled__2023-06-28T00:00:00+00:00', '--job-id', '95', '--raw', '--subdir', 'DAGS_FOLDER/asteroides-etl_dag.py', '--cfg-path', '/tmp/tmpb8gh_ub_']
[2023-10-30T15:11:09.578+0000] {standard_task_runner.py:85} INFO - Job 95: Subtask asteroides-etl-task
[2023-10-30T15:11:09.643+0000] {task_command.py:416} INFO - Running <TaskInstance: asteroides-etl-dag.asteroides-etl-task scheduled__2023-06-28T00:00:00+00:00 [running]> on host d87e86d3d093
[2023-10-30T15:11:09.781+0000] {taskinstance.py:1662} INFO - Exporting env vars: AIRFLOW_CTX_DAG_OWNER='Norman Ruiz' AIRFLOW_CTX_DAG_ID='asteroides-etl-dag' AIRFLOW_CTX_TASK_ID='asteroides-etl-task' AIRFLOW_CTX_EXECUTION_DATE='2023-06-28T00:00:00+00:00' AIRFLOW_CTX_TRY_NUMBER='1' AIRFLOW_CTX_DAG_RUN_ID='scheduled__2023-06-28T00:00:00+00:00'
[2023-10-30T15:11:09.784+0000] {subprocess.py:63} INFO - Tmp dir root location: /tmp
[2023-10-30T15:11:09.785+0000] {subprocess.py:75} INFO - Running command: ['/bin/bash', '-c', 'docker run -it asteroides-etl']
[2023-10-30T15:11:09.805+0000] {subprocess.py:86} INFO - Output:
[2023-10-30T15:11:09.836+0000] {subprocess.py:93} INFO - the input device is not a TTY
[2023-10-30T15:11:09.840+0000] {subprocess.py:97} INFO - Command exited with return code 1
[2023-10-30T15:11:09.859+0000] {taskinstance.py:1937} ERROR - Task failed with exception
Traceback (most recent call last):
  File "/home/airflow/.local/lib/python3.8/site-packages/airflow/operators/bash.py", line 210, in execute
    raise AirflowException(
airflow.exceptions.AirflowException: Bash command failed. The command returned a non-zero exit code 1.
[2023-10-30T15:11:09.865+0000] {taskinstance.py:1400} INFO - Marking task as UP_FOR_RETRY. dag_id=asteroides-etl-dag, task_id=asteroides-etl-task, execution_date=20230628T000000, start_date=20231030T151109, end_date=20231030T151109
[2023-10-30T15:11:10.033+0000] {standard_task_runner.py:104} ERROR - Failed to execute job 95 for task asteroides-etl-task (Bash command failed. The command returned a non-zero exit code 1.; 1241)
[2023-10-30T15:11:10.072+0000] {local_task_job_runner.py:228} INFO - Task exited with return code 1
[2023-10-30T15:11:10.103+0000] {taskinstance.py:2778} INFO - 0 downstream tasks scheduled from follow-on schedule check
[2023-10-30T19:25:21.699+0000] {taskinstance.py:1159} INFO - Dependencies all met for dep_context=non-requeueable deps ti=<TaskInstance: asteroides-etl-dag.asteroides-etl-task scheduled__2023-06-28T00:00:00+00:00 [queued]>
[2023-10-30T19:25:21.723+0000] {taskinstance.py:1159} INFO - Dependencies all met for dep_context=requeueable deps ti=<TaskInstance: asteroides-etl-dag.asteroides-etl-task scheduled__2023-06-28T00:00:00+00:00 [queued]>
[2023-10-30T19:25:21.725+0000] {taskinstance.py:1361} INFO - Starting attempt 1 of 5
[2023-10-30T19:25:21.789+0000] {taskinstance.py:1382} INFO - Executing <Task(BashOperator): asteroides-etl-task> on 2023-06-28 00:00:00+00:00
[2023-10-30T19:25:21.807+0000] {standard_task_runner.py:57} INFO - Started process 8376 to run task
[2023-10-30T19:25:21.813+0000] {standard_task_runner.py:84} INFO - Running: ['***', 'tasks', 'run', 'asteroides-etl-dag', 'asteroides-etl-task', 'scheduled__2023-06-28T00:00:00+00:00', '--job-id', '849', '--raw', '--subdir', 'DAGS_FOLDER/asteroides-etl_dag.py', '--cfg-path', '/tmp/tmpk_fdjtvz']
[2023-10-30T19:25:21.816+0000] {standard_task_runner.py:85} INFO - Job 849: Subtask asteroides-etl-task
[2023-10-30T19:25:21.933+0000] {task_command.py:416} INFO - Running <TaskInstance: asteroides-etl-dag.asteroides-etl-task scheduled__2023-06-28T00:00:00+00:00 [running]> on host d87e86d3d093
[2023-10-30T19:25:22.081+0000] {taskinstance.py:1662} INFO - Exporting env vars: AIRFLOW_CTX_DAG_OWNER='Norman Ruiz' AIRFLOW_CTX_DAG_ID='asteroides-etl-dag' AIRFLOW_CTX_TASK_ID='asteroides-etl-task' AIRFLOW_CTX_EXECUTION_DATE='2023-06-28T00:00:00+00:00' AIRFLOW_CTX_TRY_NUMBER='1' AIRFLOW_CTX_DAG_RUN_ID='scheduled__2023-06-28T00:00:00+00:00'
[2023-10-30T19:25:22.083+0000] {subprocess.py:63} INFO - Tmp dir root location: /tmp
[2023-10-30T19:25:22.085+0000] {subprocess.py:75} INFO - Running command: ['/bin/bash', '-c', 'echo "Corrio !!!!"']
[2023-10-30T19:25:22.114+0000] {subprocess.py:86} INFO - Output:
[2023-10-30T19:25:22.117+0000] {subprocess.py:93} INFO - Corrio !!!!
[2023-10-30T19:25:22.118+0000] {subprocess.py:97} INFO - Command exited with return code 0
[2023-10-30T19:25:22.165+0000] {taskinstance.py:1400} INFO - Marking task as SUCCESS. dag_id=asteroides-etl-dag, task_id=asteroides-etl-task, execution_date=20230628T000000, start_date=20231030T192521, end_date=20231030T192522
[2023-10-30T19:25:22.202+0000] {local_task_job_runner.py:228} INFO - Task exited with return code 0
[2023-10-30T19:25:22.234+0000] {taskinstance.py:2778} INFO - 0 downstream tasks scheduled from follow-on schedule check
[2023-10-30T19:26:02.182+0000] {taskinstance.py:1159} INFO - Dependencies all met for dep_context=non-requeueable deps ti=<TaskInstance: asteroides-etl-dag.asteroides-etl-task scheduled__2023-06-28T00:00:00+00:00 [queued]>
[2023-10-30T19:26:02.200+0000] {taskinstance.py:1159} INFO - Dependencies all met for dep_context=requeueable deps ti=<TaskInstance: asteroides-etl-dag.asteroides-etl-task scheduled__2023-06-28T00:00:00+00:00 [queued]>
[2023-10-30T19:26:02.201+0000] {taskinstance.py:1361} INFO - Starting attempt 1 of 5
[2023-10-30T19:26:02.232+0000] {taskinstance.py:1382} INFO - Executing <Task(BashOperator): asteroides-etl-task> on 2023-06-28 00:00:00+00:00
[2023-10-30T19:26:02.243+0000] {standard_task_runner.py:57} INFO - Started process 8536 to run task
[2023-10-30T19:26:02.248+0000] {standard_task_runner.py:84} INFO - Running: ['***', 'tasks', 'run', 'asteroides-etl-dag', 'asteroides-etl-task', 'scheduled__2023-06-28T00:00:00+00:00', '--job-id', '899', '--raw', '--subdir', 'DAGS_FOLDER/asteroides-etl_dag.py', '--cfg-path', '/tmp/tmp0astn4jt']
[2023-10-30T19:26:02.250+0000] {standard_task_runner.py:85} INFO - Job 899: Subtask asteroides-etl-task
[2023-10-30T19:26:02.333+0000] {task_command.py:416} INFO - Running <TaskInstance: asteroides-etl-dag.asteroides-etl-task scheduled__2023-06-28T00:00:00+00:00 [running]> on host d87e86d3d093
[2023-10-30T19:26:02.516+0000] {taskinstance.py:1662} INFO - Exporting env vars: AIRFLOW_CTX_DAG_OWNER='Norman Ruiz' AIRFLOW_CTX_DAG_ID='asteroides-etl-dag' AIRFLOW_CTX_TASK_ID='asteroides-etl-task' AIRFLOW_CTX_EXECUTION_DATE='2023-06-28T00:00:00+00:00' AIRFLOW_CTX_TRY_NUMBER='1' AIRFLOW_CTX_DAG_RUN_ID='scheduled__2023-06-28T00:00:00+00:00'
[2023-10-30T19:26:02.520+0000] {subprocess.py:63} INFO - Tmp dir root location: /tmp
[2023-10-30T19:26:02.523+0000] {subprocess.py:75} INFO - Running command: ['/bin/bash', '-c', 'echo "Corrio !!!!"']
[2023-10-30T19:26:02.548+0000] {subprocess.py:86} INFO - Output:
[2023-10-30T19:26:02.552+0000] {subprocess.py:93} INFO - Corrio !!!!
[2023-10-30T19:26:02.553+0000] {subprocess.py:97} INFO - Command exited with return code 0
[2023-10-30T19:26:02.611+0000] {taskinstance.py:1400} INFO - Marking task as SUCCESS. dag_id=asteroides-etl-dag, task_id=asteroides-etl-task, execution_date=20230628T000000, start_date=20231030T192602, end_date=20231030T192602
[2023-10-30T19:26:02.665+0000] {local_task_job_runner.py:228} INFO - Task exited with return code 0
[2023-10-30T19:26:02.705+0000] {taskinstance.py:2778} INFO - 0 downstream tasks scheduled from follow-on schedule check
