[2023-10-30T01:02:13.563+0000] {taskinstance.py:1159} INFO - Dependencies all met for dep_context=non-requeueable deps ti=<TaskInstance: asteroides-etl-dag.asteroides-etl-task scheduled__2023-07-17T00:00:00+00:00 [queued]>
[2023-10-30T01:02:13.591+0000] {taskinstance.py:1159} INFO - Dependencies all met for dep_context=requeueable deps ti=<TaskInstance: asteroides-etl-dag.asteroides-etl-task scheduled__2023-07-17T00:00:00+00:00 [queued]>
[2023-10-30T01:02:13.592+0000] {taskinstance.py:1361} INFO - Starting attempt 1 of 5
[2023-10-30T01:02:13.630+0000] {taskinstance.py:1382} INFO - Executing <Task(BashOperator): asteroides-etl-task> on 2023-07-17 00:00:00+00:00
[2023-10-30T01:02:13.647+0000] {standard_task_runner.py:57} INFO - Started process 1518 to run task
[2023-10-30T01:02:13.658+0000] {standard_task_runner.py:84} INFO - Running: ['***', 'tasks', 'run', 'asteroides-etl-dag', 'asteroides-etl-task', 'scheduled__2023-07-17T00:00:00+00:00', '--job-id', '50', '--raw', '--subdir', 'DAGS_FOLDER/asteroides-etl_dag.py', '--cfg-path', '/tmp/tmp2l0fvcoq']
[2023-10-30T01:02:13.660+0000] {standard_task_runner.py:85} INFO - Job 50: Subtask asteroides-etl-task
[2023-10-30T01:02:13.762+0000] {task_command.py:416} INFO - Running <TaskInstance: asteroides-etl-dag.asteroides-etl-task scheduled__2023-07-17T00:00:00+00:00 [running]> on host ac9f9bef16c9
[2023-10-30T01:02:13.918+0000] {taskinstance.py:1662} INFO - Exporting env vars: AIRFLOW_CTX_DAG_OWNER='Norman Ruiz' AIRFLOW_CTX_DAG_ID='asteroides-etl-dag' AIRFLOW_CTX_TASK_ID='asteroides-etl-task' AIRFLOW_CTX_EXECUTION_DATE='2023-07-17T00:00:00+00:00' AIRFLOW_CTX_TRY_NUMBER='1' AIRFLOW_CTX_DAG_RUN_ID='scheduled__2023-07-17T00:00:00+00:00'
[2023-10-30T01:02:13.922+0000] {subprocess.py:63} INFO - Tmp dir root location: /tmp
[2023-10-30T01:02:13.924+0000] {subprocess.py:75} INFO - Running command: ['/bin/bash', '-c', 'echo ya casi lo tengo!!!!']
[2023-10-30T01:02:13.952+0000] {subprocess.py:86} INFO - Output:
[2023-10-30T01:02:13.954+0000] {subprocess.py:93} INFO - ya casi lo tengo!!!!
[2023-10-30T01:02:13.955+0000] {subprocess.py:97} INFO - Command exited with return code 0
[2023-10-30T01:02:14.004+0000] {taskinstance.py:1400} INFO - Marking task as SUCCESS. dag_id=asteroides-etl-dag, task_id=asteroides-etl-task, execution_date=20230717T000000, start_date=20231030T010213, end_date=20231030T010214
[2023-10-30T01:02:14.073+0000] {local_task_job_runner.py:228} INFO - Task exited with return code 0
[2023-10-30T01:02:14.103+0000] {taskinstance.py:2778} INFO - 0 downstream tasks scheduled from follow-on schedule check
[2023-10-30T15:27:31.624+0000] {taskinstance.py:1159} INFO - Dependencies all met for dep_context=non-requeueable deps ti=<TaskInstance: asteroides-etl-dag.asteroides-etl-task scheduled__2023-07-17T00:00:00+00:00 [queued]>
[2023-10-30T15:27:31.640+0000] {taskinstance.py:1159} INFO - Dependencies all met for dep_context=requeueable deps ti=<TaskInstance: asteroides-etl-dag.asteroides-etl-task scheduled__2023-07-17T00:00:00+00:00 [queued]>
[2023-10-30T15:27:31.641+0000] {taskinstance.py:1361} INFO - Starting attempt 1 of 5
[2023-10-30T15:27:31.677+0000] {taskinstance.py:1382} INFO - Executing <Task(BashOperator): asteroides-etl-task> on 2023-07-17 00:00:00+00:00
[2023-10-30T15:27:31.686+0000] {standard_task_runner.py:57} INFO - Started process 3150 to run task
[2023-10-30T15:27:31.692+0000] {standard_task_runner.py:84} INFO - Running: ['***', 'tasks', 'run', 'asteroides-etl-dag', 'asteroides-etl-task', 'scheduled__2023-07-17T00:00:00+00:00', '--job-id', '243', '--raw', '--subdir', 'DAGS_FOLDER/asteroides-etl_dag.py', '--cfg-path', '/tmp/tmpw961zqmj']
[2023-10-30T15:27:31.694+0000] {standard_task_runner.py:85} INFO - Job 243: Subtask asteroides-etl-task
[2023-10-30T15:27:31.787+0000] {task_command.py:416} INFO - Running <TaskInstance: asteroides-etl-dag.asteroides-etl-task scheduled__2023-07-17T00:00:00+00:00 [running]> on host d87e86d3d093
[2023-10-30T15:27:31.930+0000] {taskinstance.py:1662} INFO - Exporting env vars: AIRFLOW_CTX_DAG_OWNER='Norman Ruiz' AIRFLOW_CTX_DAG_ID='asteroides-etl-dag' AIRFLOW_CTX_TASK_ID='asteroides-etl-task' AIRFLOW_CTX_EXECUTION_DATE='2023-07-17T00:00:00+00:00' AIRFLOW_CTX_TRY_NUMBER='1' AIRFLOW_CTX_DAG_RUN_ID='scheduled__2023-07-17T00:00:00+00:00'
[2023-10-30T15:27:31.932+0000] {subprocess.py:63} INFO - Tmp dir root location: /tmp
[2023-10-30T15:27:31.934+0000] {subprocess.py:75} INFO - Running command: ['/bin/bash', '-c', 'docker run -i asteroides-etl']
[2023-10-30T15:27:31.968+0000] {subprocess.py:86} INFO - Output:
[2023-10-30T15:27:32.013+0000] {subprocess.py:93} INFO - docker: Cannot connect to the Docker daemon at unix:///var/run/docker.sock. Is the docker daemon running?.
[2023-10-30T15:27:32.015+0000] {subprocess.py:93} INFO - See 'docker run --help'.
[2023-10-30T15:27:32.018+0000] {subprocess.py:97} INFO - Command exited with return code 125
[2023-10-30T15:27:32.034+0000] {taskinstance.py:1937} ERROR - Task failed with exception
Traceback (most recent call last):
  File "/home/airflow/.local/lib/python3.8/site-packages/airflow/operators/bash.py", line 210, in execute
    raise AirflowException(
airflow.exceptions.AirflowException: Bash command failed. The command returned a non-zero exit code 125.
[2023-10-30T15:27:32.042+0000] {taskinstance.py:1400} INFO - Marking task as UP_FOR_RETRY. dag_id=asteroides-etl-dag, task_id=asteroides-etl-task, execution_date=20230717T000000, start_date=20231030T152731, end_date=20231030T152732
[2023-10-30T15:27:32.068+0000] {standard_task_runner.py:104} ERROR - Failed to execute job 243 for task asteroides-etl-task (Bash command failed. The command returned a non-zero exit code 125.; 3150)
[2023-10-30T15:27:32.107+0000] {local_task_job_runner.py:228} INFO - Task exited with return code 1
[2023-10-30T15:27:32.174+0000] {taskinstance.py:2778} INFO - 0 downstream tasks scheduled from follow-on schedule check
[2023-10-30T19:25:32.831+0000] {taskinstance.py:1159} INFO - Dependencies all met for dep_context=non-requeueable deps ti=<TaskInstance: asteroides-etl-dag.asteroides-etl-task scheduled__2023-07-17T00:00:00+00:00 [queued]>
[2023-10-30T19:25:32.849+0000] {taskinstance.py:1159} INFO - Dependencies all met for dep_context=requeueable deps ti=<TaskInstance: asteroides-etl-dag.asteroides-etl-task scheduled__2023-07-17T00:00:00+00:00 [queued]>
[2023-10-30T19:25:32.849+0000] {taskinstance.py:1361} INFO - Starting attempt 1 of 5
[2023-10-30T19:25:32.887+0000] {taskinstance.py:1382} INFO - Executing <Task(BashOperator): asteroides-etl-task> on 2023-07-17 00:00:00+00:00
[2023-10-30T19:25:32.897+0000] {standard_task_runner.py:57} INFO - Started process 8433 to run task
[2023-10-30T19:25:32.902+0000] {standard_task_runner.py:84} INFO - Running: ['***', 'tasks', 'run', 'asteroides-etl-dag', 'asteroides-etl-task', 'scheduled__2023-07-17T00:00:00+00:00', '--job-id', '868', '--raw', '--subdir', 'DAGS_FOLDER/asteroides-etl_dag.py', '--cfg-path', '/tmp/tmp00zdduc7']
[2023-10-30T19:25:32.905+0000] {standard_task_runner.py:85} INFO - Job 868: Subtask asteroides-etl-task
[2023-10-30T19:25:33.025+0000] {task_command.py:416} INFO - Running <TaskInstance: asteroides-etl-dag.asteroides-etl-task scheduled__2023-07-17T00:00:00+00:00 [running]> on host d87e86d3d093
[2023-10-30T19:25:33.164+0000] {taskinstance.py:1662} INFO - Exporting env vars: AIRFLOW_CTX_DAG_OWNER='Norman Ruiz' AIRFLOW_CTX_DAG_ID='asteroides-etl-dag' AIRFLOW_CTX_TASK_ID='asteroides-etl-task' AIRFLOW_CTX_EXECUTION_DATE='2023-07-17T00:00:00+00:00' AIRFLOW_CTX_TRY_NUMBER='1' AIRFLOW_CTX_DAG_RUN_ID='scheduled__2023-07-17T00:00:00+00:00'
[2023-10-30T19:25:33.166+0000] {subprocess.py:63} INFO - Tmp dir root location: /tmp
[2023-10-30T19:25:33.167+0000] {subprocess.py:75} INFO - Running command: ['/bin/bash', '-c', 'echo "Corrio !!!!"']
[2023-10-30T19:25:33.190+0000] {subprocess.py:86} INFO - Output:
[2023-10-30T19:25:33.193+0000] {subprocess.py:93} INFO - Corrio !!!!
[2023-10-30T19:25:33.195+0000] {subprocess.py:97} INFO - Command exited with return code 0
[2023-10-30T19:25:33.246+0000] {taskinstance.py:1400} INFO - Marking task as SUCCESS. dag_id=asteroides-etl-dag, task_id=asteroides-etl-task, execution_date=20230717T000000, start_date=20231030T192532, end_date=20231030T192533
[2023-10-30T19:25:33.321+0000] {local_task_job_runner.py:228} INFO - Task exited with return code 0
[2023-10-30T19:25:33.403+0000] {taskinstance.py:2778} INFO - 0 downstream tasks scheduled from follow-on schedule check
[2023-10-30T19:26:10.681+0000] {taskinstance.py:1159} INFO - Dependencies all met for dep_context=non-requeueable deps ti=<TaskInstance: asteroides-etl-dag.asteroides-etl-task scheduled__2023-07-17T00:00:00+00:00 [queued]>
[2023-10-30T19:26:10.696+0000] {taskinstance.py:1159} INFO - Dependencies all met for dep_context=requeueable deps ti=<TaskInstance: asteroides-etl-dag.asteroides-etl-task scheduled__2023-07-17T00:00:00+00:00 [queued]>
[2023-10-30T19:26:10.696+0000] {taskinstance.py:1361} INFO - Starting attempt 1 of 5
[2023-10-30T19:26:10.721+0000] {taskinstance.py:1382} INFO - Executing <Task(BashOperator): asteroides-etl-task> on 2023-07-17 00:00:00+00:00
[2023-10-30T19:26:10.729+0000] {standard_task_runner.py:57} INFO - Started process 8589 to run task
[2023-10-30T19:26:10.734+0000] {standard_task_runner.py:84} INFO - Running: ['***', 'tasks', 'run', 'asteroides-etl-dag', 'asteroides-etl-task', 'scheduled__2023-07-17T00:00:00+00:00', '--job-id', '918', '--raw', '--subdir', 'DAGS_FOLDER/asteroides-etl_dag.py', '--cfg-path', '/tmp/tmpt06fk_rb']
[2023-10-30T19:26:10.735+0000] {standard_task_runner.py:85} INFO - Job 918: Subtask asteroides-etl-task
[2023-10-30T19:26:10.796+0000] {task_command.py:416} INFO - Running <TaskInstance: asteroides-etl-dag.asteroides-etl-task scheduled__2023-07-17T00:00:00+00:00 [running]> on host d87e86d3d093
[2023-10-30T19:26:10.895+0000] {taskinstance.py:1662} INFO - Exporting env vars: AIRFLOW_CTX_DAG_OWNER='Norman Ruiz' AIRFLOW_CTX_DAG_ID='asteroides-etl-dag' AIRFLOW_CTX_TASK_ID='asteroides-etl-task' AIRFLOW_CTX_EXECUTION_DATE='2023-07-17T00:00:00+00:00' AIRFLOW_CTX_TRY_NUMBER='1' AIRFLOW_CTX_DAG_RUN_ID='scheduled__2023-07-17T00:00:00+00:00'
[2023-10-30T19:26:10.897+0000] {subprocess.py:63} INFO - Tmp dir root location: /tmp
[2023-10-30T19:26:10.898+0000] {subprocess.py:75} INFO - Running command: ['/bin/bash', '-c', 'echo "Corrio !!!!"']
[2023-10-30T19:26:10.914+0000] {subprocess.py:86} INFO - Output:
[2023-10-30T19:26:10.917+0000] {subprocess.py:93} INFO - Corrio !!!!
[2023-10-30T19:26:10.918+0000] {subprocess.py:97} INFO - Command exited with return code 0
[2023-10-30T19:26:10.946+0000] {taskinstance.py:1400} INFO - Marking task as SUCCESS. dag_id=asteroides-etl-dag, task_id=asteroides-etl-task, execution_date=20230717T000000, start_date=20231030T192610, end_date=20231030T192610
[2023-10-30T19:26:10.986+0000] {local_task_job_runner.py:228} INFO - Task exited with return code 0
[2023-10-30T19:26:11.005+0000] {taskinstance.py:2778} INFO - 0 downstream tasks scheduled from follow-on schedule check
