[2023-10-30T01:02:21.057+0000] {taskinstance.py:1159} INFO - Dependencies all met for dep_context=non-requeueable deps ti=<TaskInstance: asteroides-etl-dag.asteroides-etl-task scheduled__2023-08-01T00:00:00+00:00 [queued]>
[2023-10-30T01:02:21.073+0000] {taskinstance.py:1159} INFO - Dependencies all met for dep_context=requeueable deps ti=<TaskInstance: asteroides-etl-dag.asteroides-etl-task scheduled__2023-08-01T00:00:00+00:00 [queued]>
[2023-10-30T01:02:21.074+0000] {taskinstance.py:1361} INFO - Starting attempt 1 of 5
[2023-10-30T01:02:21.097+0000] {taskinstance.py:1382} INFO - Executing <Task(BashOperator): asteroides-etl-task> on 2023-08-01 00:00:00+00:00
[2023-10-30T01:02:21.109+0000] {standard_task_runner.py:57} INFO - Started process 1561 to run task
[2023-10-30T01:02:21.114+0000] {standard_task_runner.py:84} INFO - Running: ['***', 'tasks', 'run', 'asteroides-etl-dag', 'asteroides-etl-task', 'scheduled__2023-08-01T00:00:00+00:00', '--job-id', '65', '--raw', '--subdir', 'DAGS_FOLDER/asteroides-etl_dag.py', '--cfg-path', '/tmp/tmpkpwv4cvs']
[2023-10-30T01:02:21.116+0000] {standard_task_runner.py:85} INFO - Job 65: Subtask asteroides-etl-task
[2023-10-30T01:02:21.185+0000] {task_command.py:416} INFO - Running <TaskInstance: asteroides-etl-dag.asteroides-etl-task scheduled__2023-08-01T00:00:00+00:00 [running]> on host ac9f9bef16c9
[2023-10-30T01:02:21.309+0000] {taskinstance.py:1662} INFO - Exporting env vars: AIRFLOW_CTX_DAG_OWNER='Norman Ruiz' AIRFLOW_CTX_DAG_ID='asteroides-etl-dag' AIRFLOW_CTX_TASK_ID='asteroides-etl-task' AIRFLOW_CTX_EXECUTION_DATE='2023-08-01T00:00:00+00:00' AIRFLOW_CTX_TRY_NUMBER='1' AIRFLOW_CTX_DAG_RUN_ID='scheduled__2023-08-01T00:00:00+00:00'
[2023-10-30T01:02:21.311+0000] {subprocess.py:63} INFO - Tmp dir root location: /tmp
[2023-10-30T01:02:21.312+0000] {subprocess.py:75} INFO - Running command: ['/bin/bash', '-c', 'echo ya casi lo tengo!!!!']
[2023-10-30T01:02:21.332+0000] {subprocess.py:86} INFO - Output:
[2023-10-30T01:02:21.335+0000] {subprocess.py:93} INFO - ya casi lo tengo!!!!
[2023-10-30T01:02:21.336+0000] {subprocess.py:97} INFO - Command exited with return code 0
[2023-10-30T01:02:21.367+0000] {taskinstance.py:1400} INFO - Marking task as SUCCESS. dag_id=asteroides-etl-dag, task_id=asteroides-etl-task, execution_date=20230801T000000, start_date=20231030T010221, end_date=20231030T010221
[2023-10-30T01:02:21.408+0000] {local_task_job_runner.py:228} INFO - Task exited with return code 0
[2023-10-30T01:02:21.428+0000] {taskinstance.py:2778} INFO - 0 downstream tasks scheduled from follow-on schedule check
[2023-10-30T15:27:35.966+0000] {taskinstance.py:1159} INFO - Dependencies all met for dep_context=non-requeueable deps ti=<TaskInstance: asteroides-etl-dag.asteroides-etl-task scheduled__2023-08-01T00:00:00+00:00 [queued]>
[2023-10-30T15:27:35.980+0000] {taskinstance.py:1159} INFO - Dependencies all met for dep_context=requeueable deps ti=<TaskInstance: asteroides-etl-dag.asteroides-etl-task scheduled__2023-08-01T00:00:00+00:00 [queued]>
[2023-10-30T15:27:35.981+0000] {taskinstance.py:1361} INFO - Starting attempt 1 of 5
[2023-10-30T15:27:35.998+0000] {taskinstance.py:1382} INFO - Executing <Task(BashOperator): asteroides-etl-task> on 2023-08-01 00:00:00+00:00
[2023-10-30T15:27:36.004+0000] {standard_task_runner.py:57} INFO - Started process 3313 to run task
[2023-10-30T15:27:36.008+0000] {standard_task_runner.py:84} INFO - Running: ['***', 'tasks', 'run', 'asteroides-etl-dag', 'asteroides-etl-task', 'scheduled__2023-08-01T00:00:00+00:00', '--job-id', '258', '--raw', '--subdir', 'DAGS_FOLDER/asteroides-etl_dag.py', '--cfg-path', '/tmp/tmpjvx06zx4']
[2023-10-30T15:27:36.009+0000] {standard_task_runner.py:85} INFO - Job 258: Subtask asteroides-etl-task
[2023-10-30T15:27:36.065+0000] {task_command.py:416} INFO - Running <TaskInstance: asteroides-etl-dag.asteroides-etl-task scheduled__2023-08-01T00:00:00+00:00 [running]> on host d87e86d3d093
[2023-10-30T15:27:36.165+0000] {taskinstance.py:1662} INFO - Exporting env vars: AIRFLOW_CTX_DAG_OWNER='Norman Ruiz' AIRFLOW_CTX_DAG_ID='asteroides-etl-dag' AIRFLOW_CTX_TASK_ID='asteroides-etl-task' AIRFLOW_CTX_EXECUTION_DATE='2023-08-01T00:00:00+00:00' AIRFLOW_CTX_TRY_NUMBER='1' AIRFLOW_CTX_DAG_RUN_ID='scheduled__2023-08-01T00:00:00+00:00'
[2023-10-30T15:27:36.167+0000] {subprocess.py:63} INFO - Tmp dir root location: /tmp
[2023-10-30T15:27:36.168+0000] {subprocess.py:75} INFO - Running command: ['/bin/bash', '-c', 'docker run -i asteroides-etl']
[2023-10-30T15:27:36.182+0000] {subprocess.py:86} INFO - Output:
[2023-10-30T15:27:36.205+0000] {subprocess.py:93} INFO - docker: Cannot connect to the Docker daemon at unix:///var/run/docker.sock. Is the docker daemon running?.
[2023-10-30T15:27:36.206+0000] {subprocess.py:93} INFO - See 'docker run --help'.
[2023-10-30T15:27:36.207+0000] {subprocess.py:97} INFO - Command exited with return code 125
[2023-10-30T15:27:36.219+0000] {taskinstance.py:1937} ERROR - Task failed with exception
Traceback (most recent call last):
  File "/home/airflow/.local/lib/python3.8/site-packages/airflow/operators/bash.py", line 210, in execute
    raise AirflowException(
airflow.exceptions.AirflowException: Bash command failed. The command returned a non-zero exit code 125.
[2023-10-30T15:27:36.225+0000] {taskinstance.py:1400} INFO - Marking task as UP_FOR_RETRY. dag_id=asteroides-etl-dag, task_id=asteroides-etl-task, execution_date=20230801T000000, start_date=20231030T152735, end_date=20231030T152736
[2023-10-30T15:27:36.239+0000] {standard_task_runner.py:104} ERROR - Failed to execute job 258 for task asteroides-etl-task (Bash command failed. The command returned a non-zero exit code 125.; 3313)
[2023-10-30T15:27:36.260+0000] {local_task_job_runner.py:228} INFO - Task exited with return code 1
[2023-10-30T15:27:36.286+0000] {taskinstance.py:2778} INFO - 0 downstream tasks scheduled from follow-on schedule check
[2023-10-30T19:26:21.848+0000] {taskinstance.py:1159} INFO - Dependencies all met for dep_context=non-requeueable deps ti=<TaskInstance: asteroides-etl-dag.asteroides-etl-task scheduled__2023-08-01T00:00:00+00:00 [queued]>
[2023-10-30T19:26:21.866+0000] {taskinstance.py:1159} INFO - Dependencies all met for dep_context=requeueable deps ti=<TaskInstance: asteroides-etl-dag.asteroides-etl-task scheduled__2023-08-01T00:00:00+00:00 [queued]>
[2023-10-30T19:26:21.867+0000] {taskinstance.py:1361} INFO - Starting attempt 1 of 5
[2023-10-30T19:26:21.897+0000] {taskinstance.py:1382} INFO - Executing <Task(BashOperator): asteroides-etl-task> on 2023-08-01 00:00:00+00:00
[2023-10-30T19:26:21.907+0000] {standard_task_runner.py:57} INFO - Started process 8646 to run task
[2023-10-30T19:26:21.912+0000] {standard_task_runner.py:84} INFO - Running: ['***', 'tasks', 'run', 'asteroides-etl-dag', 'asteroides-etl-task', 'scheduled__2023-08-01T00:00:00+00:00', '--job-id', '933', '--raw', '--subdir', 'DAGS_FOLDER/asteroides-etl_dag.py', '--cfg-path', '/tmp/tmpsj3eiw_x']
[2023-10-30T19:26:21.915+0000] {standard_task_runner.py:85} INFO - Job 933: Subtask asteroides-etl-task
[2023-10-30T19:26:22.027+0000] {task_command.py:416} INFO - Running <TaskInstance: asteroides-etl-dag.asteroides-etl-task scheduled__2023-08-01T00:00:00+00:00 [running]> on host d87e86d3d093
[2023-10-30T19:26:22.191+0000] {taskinstance.py:1662} INFO - Exporting env vars: AIRFLOW_CTX_DAG_OWNER='Norman Ruiz' AIRFLOW_CTX_DAG_ID='asteroides-etl-dag' AIRFLOW_CTX_TASK_ID='asteroides-etl-task' AIRFLOW_CTX_EXECUTION_DATE='2023-08-01T00:00:00+00:00' AIRFLOW_CTX_TRY_NUMBER='1' AIRFLOW_CTX_DAG_RUN_ID='scheduled__2023-08-01T00:00:00+00:00'
[2023-10-30T19:26:22.195+0000] {subprocess.py:63} INFO - Tmp dir root location: /tmp
[2023-10-30T19:26:22.196+0000] {subprocess.py:75} INFO - Running command: ['/bin/bash', '-c', 'echo "Corrio !!!!"']
[2023-10-30T19:26:22.222+0000] {subprocess.py:86} INFO - Output:
[2023-10-30T19:26:22.225+0000] {subprocess.py:93} INFO - Corrio !!!!
[2023-10-30T19:26:22.227+0000] {subprocess.py:97} INFO - Command exited with return code 0
[2023-10-30T19:26:22.277+0000] {taskinstance.py:1400} INFO - Marking task as SUCCESS. dag_id=asteroides-etl-dag, task_id=asteroides-etl-task, execution_date=20230801T000000, start_date=20231030T192621, end_date=20231030T192622
[2023-10-30T19:26:22.340+0000] {local_task_job_runner.py:228} INFO - Task exited with return code 0
[2023-10-30T19:26:22.400+0000] {taskinstance.py:2778} INFO - 0 downstream tasks scheduled from follow-on schedule check
