[2023-10-30T15:11:01.549+0000] {taskinstance.py:1159} INFO - Dependencies all met for dep_context=non-requeueable deps ti=<TaskInstance: asteroides-etl-dag.asteroides-etl-task scheduled__2023-06-10T00:00:00+00:00 [queued]>
[2023-10-30T15:11:01.585+0000] {taskinstance.py:1159} INFO - Dependencies all met for dep_context=requeueable deps ti=<TaskInstance: asteroides-etl-dag.asteroides-etl-task scheduled__2023-06-10T00:00:00+00:00 [queued]>
[2023-10-30T15:11:01.587+0000] {taskinstance.py:1361} INFO - Starting attempt 5 of 5
[2023-10-30T15:11:01.650+0000] {taskinstance.py:1382} INFO - Executing <Task(BashOperator): asteroides-etl-task> on 2023-06-10 00:00:00+00:00
[2023-10-30T15:11:01.670+0000] {standard_task_runner.py:57} INFO - Started process 1007 to run task
[2023-10-30T15:11:01.677+0000] {standard_task_runner.py:84} INFO - Running: ['***', 'tasks', 'run', 'asteroides-etl-dag', 'asteroides-etl-task', 'scheduled__2023-06-10T00:00:00+00:00', '--job-id', '75', '--raw', '--subdir', 'DAGS_FOLDER/asteroides-etl_dag.py', '--cfg-path', '/tmp/tmph4x__4pu']
[2023-10-30T15:11:01.680+0000] {standard_task_runner.py:85} INFO - Job 75: Subtask asteroides-etl-task
[2023-10-30T15:11:01.862+0000] {task_command.py:416} INFO - Running <TaskInstance: asteroides-etl-dag.asteroides-etl-task scheduled__2023-06-10T00:00:00+00:00 [running]> on host d87e86d3d093
[2023-10-30T15:11:02.189+0000] {taskinstance.py:1662} INFO - Exporting env vars: AIRFLOW_CTX_DAG_OWNER='Norman Ruiz' AIRFLOW_CTX_DAG_ID='asteroides-etl-dag' AIRFLOW_CTX_TASK_ID='asteroides-etl-task' AIRFLOW_CTX_EXECUTION_DATE='2023-06-10T00:00:00+00:00' AIRFLOW_CTX_TRY_NUMBER='5' AIRFLOW_CTX_DAG_RUN_ID='scheduled__2023-06-10T00:00:00+00:00'
[2023-10-30T15:11:02.201+0000] {subprocess.py:63} INFO - Tmp dir root location: /tmp
[2023-10-30T15:11:02.225+0000] {subprocess.py:75} INFO - Running command: ['/bin/bash', '-c', 'docker run -it asteroides-etl']
[2023-10-30T15:11:02.300+0000] {subprocess.py:86} INFO - Output:
[2023-10-30T15:11:02.383+0000] {subprocess.py:93} INFO - the input device is not a TTY
[2023-10-30T15:11:02.392+0000] {subprocess.py:97} INFO - Command exited with return code 1
[2023-10-30T15:11:02.436+0000] {taskinstance.py:1937} ERROR - Task failed with exception
Traceback (most recent call last):
  File "/home/airflow/.local/lib/python3.8/site-packages/airflow/operators/bash.py", line 210, in execute
    raise AirflowException(
airflow.exceptions.AirflowException: Bash command failed. The command returned a non-zero exit code 1.
[2023-10-30T15:11:02.456+0000] {taskinstance.py:1400} INFO - Marking task as FAILED. dag_id=asteroides-etl-dag, task_id=asteroides-etl-task, execution_date=20230610T000000, start_date=20231030T151101, end_date=20231030T151102
[2023-10-30T15:11:02.516+0000] {standard_task_runner.py:104} ERROR - Failed to execute job 75 for task asteroides-etl-task (Bash command failed. The command returned a non-zero exit code 1.; 1007)
[2023-10-30T15:11:02.573+0000] {local_task_job_runner.py:228} INFO - Task exited with return code 1
[2023-10-30T15:11:02.650+0000] {taskinstance.py:2778} INFO - 0 downstream tasks scheduled from follow-on schedule check
