[2023-10-30T15:04:56.963+0000] {taskinstance.py:1159} INFO - Dependencies all met for dep_context=non-requeueable deps ti=<TaskInstance: asteroides-etl-dag.asteroides-etl-task scheduled__2023-06-10T00:00:00+00:00 [queued]>
[2023-10-30T15:04:56.991+0000] {taskinstance.py:1159} INFO - Dependencies all met for dep_context=requeueable deps ti=<TaskInstance: asteroides-etl-dag.asteroides-etl-task scheduled__2023-06-10T00:00:00+00:00 [queued]>
[2023-10-30T15:04:56.993+0000] {taskinstance.py:1361} INFO - Starting attempt 2 of 5
[2023-10-30T15:04:57.023+0000] {taskinstance.py:1382} INFO - Executing <Task(BashOperator): asteroides-etl-task> on 2023-06-10 00:00:00+00:00
[2023-10-30T15:04:57.032+0000] {standard_task_runner.py:57} INFO - Started process 396 to run task
[2023-10-30T15:04:57.039+0000] {standard_task_runner.py:84} INFO - Running: ['***', 'tasks', 'run', 'asteroides-etl-dag', 'asteroides-etl-task', 'scheduled__2023-06-10T00:00:00+00:00', '--job-id', '28', '--raw', '--subdir', 'DAGS_FOLDER/asteroides-etl_dag.py', '--cfg-path', '/tmp/tmpj5rk328x']
[2023-10-30T15:04:57.041+0000] {standard_task_runner.py:85} INFO - Job 28: Subtask asteroides-etl-task
[2023-10-30T15:04:57.157+0000] {task_command.py:416} INFO - Running <TaskInstance: asteroides-etl-dag.asteroides-etl-task scheduled__2023-06-10T00:00:00+00:00 [running]> on host d87e86d3d093
[2023-10-30T15:04:57.301+0000] {taskinstance.py:1662} INFO - Exporting env vars: AIRFLOW_CTX_DAG_OWNER='Norman Ruiz' AIRFLOW_CTX_DAG_ID='asteroides-etl-dag' AIRFLOW_CTX_TASK_ID='asteroides-etl-task' AIRFLOW_CTX_EXECUTION_DATE='2023-06-10T00:00:00+00:00' AIRFLOW_CTX_TRY_NUMBER='2' AIRFLOW_CTX_DAG_RUN_ID='scheduled__2023-06-10T00:00:00+00:00'
[2023-10-30T15:04:57.305+0000] {subprocess.py:63} INFO - Tmp dir root location: /tmp
[2023-10-30T15:04:57.306+0000] {subprocess.py:75} INFO - Running command: ['/bin/bash', '-c', 'docker run -it --name asteroides-etl asteroides-etl']
[2023-10-30T15:04:57.335+0000] {subprocess.py:86} INFO - Output:
[2023-10-30T15:04:57.394+0000] {subprocess.py:93} INFO - the input device is not a TTY
[2023-10-30T15:04:57.397+0000] {subprocess.py:97} INFO - Command exited with return code 1
[2023-10-30T15:04:57.418+0000] {taskinstance.py:1937} ERROR - Task failed with exception
Traceback (most recent call last):
  File "/home/airflow/.local/lib/python3.8/site-packages/airflow/operators/bash.py", line 210, in execute
    raise AirflowException(
airflow.exceptions.AirflowException: Bash command failed. The command returned a non-zero exit code 1.
[2023-10-30T15:04:57.426+0000] {taskinstance.py:1400} INFO - Marking task as UP_FOR_RETRY. dag_id=asteroides-etl-dag, task_id=asteroides-etl-task, execution_date=20230610T000000, start_date=20231030T150456, end_date=20231030T150457
[2023-10-30T15:04:57.455+0000] {standard_task_runner.py:104} ERROR - Failed to execute job 28 for task asteroides-etl-task (Bash command failed. The command returned a non-zero exit code 1.; 396)
[2023-10-30T15:04:57.497+0000] {local_task_job_runner.py:228} INFO - Task exited with return code 1
[2023-10-30T15:04:57.543+0000] {taskinstance.py:2778} INFO - 0 downstream tasks scheduled from follow-on schedule check
[2023-10-30T19:25:12.687+0000] {taskinstance.py:1159} INFO - Dependencies all met for dep_context=non-requeueable deps ti=<TaskInstance: asteroides-etl-dag.asteroides-etl-task scheduled__2023-06-10T00:00:00+00:00 [queued]>
[2023-10-30T19:25:12.711+0000] {taskinstance.py:1159} INFO - Dependencies all met for dep_context=requeueable deps ti=<TaskInstance: asteroides-etl-dag.asteroides-etl-task scheduled__2023-06-10T00:00:00+00:00 [queued]>
[2023-10-30T19:25:12.713+0000] {taskinstance.py:1361} INFO - Starting attempt 2 of 5
[2023-10-30T19:25:12.743+0000] {taskinstance.py:1382} INFO - Executing <Task(BashOperator): asteroides-etl-task> on 2023-06-10 00:00:00+00:00
[2023-10-30T19:25:12.756+0000] {standard_task_runner.py:57} INFO - Started process 8322 to run task
[2023-10-30T19:25:12.762+0000] {standard_task_runner.py:84} INFO - Running: ['***', 'tasks', 'run', 'asteroides-etl-dag', 'asteroides-etl-task', 'scheduled__2023-06-10T00:00:00+00:00', '--job-id', '831', '--raw', '--subdir', 'DAGS_FOLDER/asteroides-etl_dag.py', '--cfg-path', '/tmp/tmp4odwcqzv']
[2023-10-30T19:25:12.765+0000] {standard_task_runner.py:85} INFO - Job 831: Subtask asteroides-etl-task
[2023-10-30T19:25:12.852+0000] {task_command.py:416} INFO - Running <TaskInstance: asteroides-etl-dag.asteroides-etl-task scheduled__2023-06-10T00:00:00+00:00 [running]> on host d87e86d3d093
[2023-10-30T19:25:13.038+0000] {taskinstance.py:1662} INFO - Exporting env vars: AIRFLOW_CTX_DAG_OWNER='Norman Ruiz' AIRFLOW_CTX_DAG_ID='asteroides-etl-dag' AIRFLOW_CTX_TASK_ID='asteroides-etl-task' AIRFLOW_CTX_EXECUTION_DATE='2023-06-10T00:00:00+00:00' AIRFLOW_CTX_TRY_NUMBER='2' AIRFLOW_CTX_DAG_RUN_ID='scheduled__2023-06-10T00:00:00+00:00'
[2023-10-30T19:25:13.045+0000] {subprocess.py:63} INFO - Tmp dir root location: /tmp
[2023-10-30T19:25:13.046+0000] {subprocess.py:75} INFO - Running command: ['/bin/bash', '-c', 'echo "Corrio !!!!"']
[2023-10-30T19:25:13.074+0000] {subprocess.py:86} INFO - Output:
[2023-10-30T19:25:13.079+0000] {subprocess.py:93} INFO - Corrio !!!!
[2023-10-30T19:25:13.081+0000] {subprocess.py:97} INFO - Command exited with return code 0
[2023-10-30T19:25:13.146+0000] {taskinstance.py:1400} INFO - Marking task as SUCCESS. dag_id=asteroides-etl-dag, task_id=asteroides-etl-task, execution_date=20230610T000000, start_date=20231030T192512, end_date=20231030T192513
[2023-10-30T19:25:13.225+0000] {local_task_job_runner.py:228} INFO - Task exited with return code 0
[2023-10-30T19:25:13.272+0000] {taskinstance.py:2778} INFO - 0 downstream tasks scheduled from follow-on schedule check
