[2023-10-30T01:02:09.773+0000] {taskinstance.py:1159} INFO - Dependencies all met for dep_context=non-requeueable deps ti=<TaskInstance: asteroides-etl-dag.asteroides-etl-task scheduled__2023-07-10T00:00:00+00:00 [queued]>
[2023-10-30T01:02:09.792+0000] {taskinstance.py:1159} INFO - Dependencies all met for dep_context=requeueable deps ti=<TaskInstance: asteroides-etl-dag.asteroides-etl-task scheduled__2023-07-10T00:00:00+00:00 [queued]>
[2023-10-30T01:02:09.793+0000] {taskinstance.py:1361} INFO - Starting attempt 1 of 5
[2023-10-30T01:02:09.841+0000] {taskinstance.py:1382} INFO - Executing <Task(BashOperator): asteroides-etl-task> on 2023-07-10 00:00:00+00:00
[2023-10-30T01:02:09.852+0000] {standard_task_runner.py:57} INFO - Started process 1497 to run task
[2023-10-30T01:02:09.856+0000] {standard_task_runner.py:84} INFO - Running: ['***', 'tasks', 'run', 'asteroides-etl-dag', 'asteroides-etl-task', 'scheduled__2023-07-10T00:00:00+00:00', '--job-id', '43', '--raw', '--subdir', 'DAGS_FOLDER/asteroides-etl_dag.py', '--cfg-path', '/tmp/tmpjpoyffan']
[2023-10-30T01:02:09.859+0000] {standard_task_runner.py:85} INFO - Job 43: Subtask asteroides-etl-task
[2023-10-30T01:02:09.933+0000] {task_command.py:416} INFO - Running <TaskInstance: asteroides-etl-dag.asteroides-etl-task scheduled__2023-07-10T00:00:00+00:00 [running]> on host ac9f9bef16c9
[2023-10-30T01:02:10.061+0000] {taskinstance.py:1662} INFO - Exporting env vars: AIRFLOW_CTX_DAG_OWNER='Norman Ruiz' AIRFLOW_CTX_DAG_ID='asteroides-etl-dag' AIRFLOW_CTX_TASK_ID='asteroides-etl-task' AIRFLOW_CTX_EXECUTION_DATE='2023-07-10T00:00:00+00:00' AIRFLOW_CTX_TRY_NUMBER='1' AIRFLOW_CTX_DAG_RUN_ID='scheduled__2023-07-10T00:00:00+00:00'
[2023-10-30T01:02:10.063+0000] {subprocess.py:63} INFO - Tmp dir root location: /tmp
[2023-10-30T01:02:10.064+0000] {subprocess.py:75} INFO - Running command: ['/bin/bash', '-c', 'echo ya casi lo tengo!!!!']
[2023-10-30T01:02:10.081+0000] {subprocess.py:86} INFO - Output:
[2023-10-30T01:02:10.084+0000] {subprocess.py:93} INFO - ya casi lo tengo!!!!
[2023-10-30T01:02:10.085+0000] {subprocess.py:97} INFO - Command exited with return code 0
[2023-10-30T01:02:10.118+0000] {taskinstance.py:1400} INFO - Marking task as SUCCESS. dag_id=asteroides-etl-dag, task_id=asteroides-etl-task, execution_date=20230710T000000, start_date=20231030T010209, end_date=20231030T010210
[2023-10-30T01:02:10.158+0000] {local_task_job_runner.py:228} INFO - Task exited with return code 0
[2023-10-30T01:02:10.182+0000] {taskinstance.py:2778} INFO - 0 downstream tasks scheduled from follow-on schedule check
[2023-10-30T15:19:22.319+0000] {taskinstance.py:1159} INFO - Dependencies all met for dep_context=non-requeueable deps ti=<TaskInstance: asteroides-etl-dag.asteroides-etl-task scheduled__2023-07-10T00:00:00+00:00 [queued]>
[2023-10-30T15:19:22.337+0000] {taskinstance.py:1159} INFO - Dependencies all met for dep_context=requeueable deps ti=<TaskInstance: asteroides-etl-dag.asteroides-etl-task scheduled__2023-07-10T00:00:00+00:00 [queued]>
[2023-10-30T15:19:22.338+0000] {taskinstance.py:1361} INFO - Starting attempt 1 of 5
[2023-10-30T15:19:22.361+0000] {taskinstance.py:1382} INFO - Executing <Task(BashOperator): asteroides-etl-task> on 2023-07-10 00:00:00+00:00
[2023-10-30T15:19:22.371+0000] {standard_task_runner.py:57} INFO - Started process 2226 to run task
[2023-10-30T15:19:22.378+0000] {standard_task_runner.py:84} INFO - Running: ['***', 'tasks', 'run', 'asteroides-etl-dag', 'asteroides-etl-task', 'scheduled__2023-07-10T00:00:00+00:00', '--job-id', '172', '--raw', '--subdir', 'DAGS_FOLDER/asteroides-etl_dag.py', '--cfg-path', '/tmp/tmp6tsds8mb']
[2023-10-30T15:19:22.381+0000] {standard_task_runner.py:85} INFO - Job 172: Subtask asteroides-etl-task
[2023-10-30T15:19:22.478+0000] {task_command.py:416} INFO - Running <TaskInstance: asteroides-etl-dag.asteroides-etl-task scheduled__2023-07-10T00:00:00+00:00 [running]> on host d87e86d3d093
[2023-10-30T15:19:22.634+0000] {taskinstance.py:1662} INFO - Exporting env vars: AIRFLOW_CTX_DAG_OWNER='Norman Ruiz' AIRFLOW_CTX_DAG_ID='asteroides-etl-dag' AIRFLOW_CTX_TASK_ID='asteroides-etl-task' AIRFLOW_CTX_EXECUTION_DATE='2023-07-10T00:00:00+00:00' AIRFLOW_CTX_TRY_NUMBER='1' AIRFLOW_CTX_DAG_RUN_ID='scheduled__2023-07-10T00:00:00+00:00'
[2023-10-30T15:19:22.639+0000] {subprocess.py:63} INFO - Tmp dir root location: /tmp
[2023-10-30T15:19:22.640+0000] {subprocess.py:75} INFO - Running command: ['/bin/bash', '-c', 'docker run -i asteroides-etl']
[2023-10-30T15:19:22.663+0000] {subprocess.py:86} INFO - Output:
[2023-10-30T15:19:22.704+0000] {subprocess.py:93} INFO - docker: Cannot connect to the Docker daemon at unix:///var/run/docker.sock. Is the docker daemon running?.
[2023-10-30T15:19:22.705+0000] {subprocess.py:93} INFO - See 'docker run --help'.
[2023-10-30T15:19:22.707+0000] {subprocess.py:97} INFO - Command exited with return code 125
[2023-10-30T15:19:22.724+0000] {taskinstance.py:1937} ERROR - Task failed with exception
Traceback (most recent call last):
  File "/home/airflow/.local/lib/python3.8/site-packages/airflow/operators/bash.py", line 210, in execute
    raise AirflowException(
airflow.exceptions.AirflowException: Bash command failed. The command returned a non-zero exit code 125.
[2023-10-30T15:19:22.731+0000] {taskinstance.py:1400} INFO - Marking task as UP_FOR_RETRY. dag_id=asteroides-etl-dag, task_id=asteroides-etl-task, execution_date=20230710T000000, start_date=20231030T151922, end_date=20231030T151922
[2023-10-30T15:19:22.752+0000] {standard_task_runner.py:104} ERROR - Failed to execute job 172 for task asteroides-etl-task (Bash command failed. The command returned a non-zero exit code 125.; 2226)
[2023-10-30T15:19:22.791+0000] {local_task_job_runner.py:228} INFO - Task exited with return code 1
[2023-10-30T15:19:22.819+0000] {taskinstance.py:2778} INFO - 0 downstream tasks scheduled from follow-on schedule check
[2023-10-30T19:25:28.582+0000] {taskinstance.py:1159} INFO - Dependencies all met for dep_context=non-requeueable deps ti=<TaskInstance: asteroides-etl-dag.asteroides-etl-task scheduled__2023-07-10T00:00:00+00:00 [queued]>
[2023-10-30T19:25:28.599+0000] {taskinstance.py:1159} INFO - Dependencies all met for dep_context=requeueable deps ti=<TaskInstance: asteroides-etl-dag.asteroides-etl-task scheduled__2023-07-10T00:00:00+00:00 [queued]>
[2023-10-30T19:25:28.600+0000] {taskinstance.py:1361} INFO - Starting attempt 1 of 5
[2023-10-30T19:25:28.628+0000] {taskinstance.py:1382} INFO - Executing <Task(BashOperator): asteroides-etl-task> on 2023-07-10 00:00:00+00:00
[2023-10-30T19:25:28.639+0000] {standard_task_runner.py:57} INFO - Started process 8412 to run task
[2023-10-30T19:25:28.646+0000] {standard_task_runner.py:84} INFO - Running: ['***', 'tasks', 'run', 'asteroides-etl-dag', 'asteroides-etl-task', 'scheduled__2023-07-10T00:00:00+00:00', '--job-id', '861', '--raw', '--subdir', 'DAGS_FOLDER/asteroides-etl_dag.py', '--cfg-path', '/tmp/tmpurfxe76g']
[2023-10-30T19:25:28.648+0000] {standard_task_runner.py:85} INFO - Job 861: Subtask asteroides-etl-task
[2023-10-30T19:25:28.748+0000] {task_command.py:416} INFO - Running <TaskInstance: asteroides-etl-dag.asteroides-etl-task scheduled__2023-07-10T00:00:00+00:00 [running]> on host d87e86d3d093
[2023-10-30T19:25:28.934+0000] {taskinstance.py:1662} INFO - Exporting env vars: AIRFLOW_CTX_DAG_OWNER='Norman Ruiz' AIRFLOW_CTX_DAG_ID='asteroides-etl-dag' AIRFLOW_CTX_TASK_ID='asteroides-etl-task' AIRFLOW_CTX_EXECUTION_DATE='2023-07-10T00:00:00+00:00' AIRFLOW_CTX_TRY_NUMBER='1' AIRFLOW_CTX_DAG_RUN_ID='scheduled__2023-07-10T00:00:00+00:00'
[2023-10-30T19:25:28.939+0000] {subprocess.py:63} INFO - Tmp dir root location: /tmp
[2023-10-30T19:25:28.940+0000] {subprocess.py:75} INFO - Running command: ['/bin/bash', '-c', 'echo "Corrio !!!!"']
[2023-10-30T19:25:28.972+0000] {subprocess.py:86} INFO - Output:
[2023-10-30T19:25:28.980+0000] {subprocess.py:93} INFO - Corrio !!!!
[2023-10-30T19:25:28.981+0000] {subprocess.py:97} INFO - Command exited with return code 0
[2023-10-30T19:25:29.035+0000] {taskinstance.py:1400} INFO - Marking task as SUCCESS. dag_id=asteroides-etl-dag, task_id=asteroides-etl-task, execution_date=20230710T000000, start_date=20231030T192528, end_date=20231030T192529
[2023-10-30T19:25:29.107+0000] {local_task_job_runner.py:228} INFO - Task exited with return code 0
[2023-10-30T19:25:29.189+0000] {taskinstance.py:2778} INFO - 0 downstream tasks scheduled from follow-on schedule check
[2023-10-30T19:26:07.268+0000] {taskinstance.py:1159} INFO - Dependencies all met for dep_context=non-requeueable deps ti=<TaskInstance: asteroides-etl-dag.asteroides-etl-task scheduled__2023-07-10T00:00:00+00:00 [queued]>
[2023-10-30T19:26:07.285+0000] {taskinstance.py:1159} INFO - Dependencies all met for dep_context=requeueable deps ti=<TaskInstance: asteroides-etl-dag.asteroides-etl-task scheduled__2023-07-10T00:00:00+00:00 [queued]>
[2023-10-30T19:26:07.286+0000] {taskinstance.py:1361} INFO - Starting attempt 1 of 5
[2023-10-30T19:26:07.308+0000] {taskinstance.py:1382} INFO - Executing <Task(BashOperator): asteroides-etl-task> on 2023-07-10 00:00:00+00:00
[2023-10-30T19:26:07.316+0000] {standard_task_runner.py:57} INFO - Started process 8569 to run task
[2023-10-30T19:26:07.321+0000] {standard_task_runner.py:84} INFO - Running: ['***', 'tasks', 'run', 'asteroides-etl-dag', 'asteroides-etl-task', 'scheduled__2023-07-10T00:00:00+00:00', '--job-id', '911', '--raw', '--subdir', 'DAGS_FOLDER/asteroides-etl_dag.py', '--cfg-path', '/tmp/tmpygue9fbk']
[2023-10-30T19:26:07.323+0000] {standard_task_runner.py:85} INFO - Job 911: Subtask asteroides-etl-task
[2023-10-30T19:26:07.388+0000] {task_command.py:416} INFO - Running <TaskInstance: asteroides-etl-dag.asteroides-etl-task scheduled__2023-07-10T00:00:00+00:00 [running]> on host d87e86d3d093
[2023-10-30T19:26:07.499+0000] {taskinstance.py:1662} INFO - Exporting env vars: AIRFLOW_CTX_DAG_OWNER='Norman Ruiz' AIRFLOW_CTX_DAG_ID='asteroides-etl-dag' AIRFLOW_CTX_TASK_ID='asteroides-etl-task' AIRFLOW_CTX_EXECUTION_DATE='2023-07-10T00:00:00+00:00' AIRFLOW_CTX_TRY_NUMBER='1' AIRFLOW_CTX_DAG_RUN_ID='scheduled__2023-07-10T00:00:00+00:00'
[2023-10-30T19:26:07.501+0000] {subprocess.py:63} INFO - Tmp dir root location: /tmp
[2023-10-30T19:26:07.502+0000] {subprocess.py:75} INFO - Running command: ['/bin/bash', '-c', 'echo "Corrio !!!!"']
[2023-10-30T19:26:07.517+0000] {subprocess.py:86} INFO - Output:
[2023-10-30T19:26:07.520+0000] {subprocess.py:93} INFO - Corrio !!!!
[2023-10-30T19:26:07.521+0000] {subprocess.py:97} INFO - Command exited with return code 0
[2023-10-30T19:26:07.556+0000] {taskinstance.py:1400} INFO - Marking task as SUCCESS. dag_id=asteroides-etl-dag, task_id=asteroides-etl-task, execution_date=20230710T000000, start_date=20231030T192607, end_date=20231030T192607
[2023-10-30T19:26:07.615+0000] {local_task_job_runner.py:228} INFO - Task exited with return code 0
[2023-10-30T19:26:07.648+0000] {taskinstance.py:2778} INFO - 0 downstream tasks scheduled from follow-on schedule check
