[2023-10-30T01:02:01.740+0000] {taskinstance.py:1159} INFO - Dependencies all met for dep_context=non-requeueable deps ti=<TaskInstance: asteroides-etl-dag.asteroides-etl-task scheduled__2023-06-26T00:00:00+00:00 [queued]>
[2023-10-30T01:02:01.759+0000] {taskinstance.py:1159} INFO - Dependencies all met for dep_context=requeueable deps ti=<TaskInstance: asteroides-etl-dag.asteroides-etl-task scheduled__2023-06-26T00:00:00+00:00 [queued]>
[2023-10-30T01:02:01.759+0000] {taskinstance.py:1361} INFO - Starting attempt 1 of 5
[2023-10-30T01:02:01.834+0000] {taskinstance.py:1382} INFO - Executing <Task(BashOperator): asteroides-etl-task> on 2023-06-26 00:00:00+00:00
[2023-10-30T01:02:01.851+0000] {standard_task_runner.py:57} INFO - Started process 1447 to run task
[2023-10-30T01:02:01.856+0000] {standard_task_runner.py:84} INFO - Running: ['***', 'tasks', 'run', 'asteroides-etl-dag', 'asteroides-etl-task', 'scheduled__2023-06-26T00:00:00+00:00', '--job-id', '29', '--raw', '--subdir', 'DAGS_FOLDER/asteroides-etl_dag.py', '--cfg-path', '/tmp/tmp7fqj2xje']
[2023-10-30T01:02:01.859+0000] {standard_task_runner.py:85} INFO - Job 29: Subtask asteroides-etl-task
[2023-10-30T01:02:02.006+0000] {task_command.py:416} INFO - Running <TaskInstance: asteroides-etl-dag.asteroides-etl-task scheduled__2023-06-26T00:00:00+00:00 [running]> on host ac9f9bef16c9
[2023-10-30T01:02:02.215+0000] {taskinstance.py:1662} INFO - Exporting env vars: AIRFLOW_CTX_DAG_OWNER='Norman Ruiz' AIRFLOW_CTX_DAG_ID='asteroides-etl-dag' AIRFLOW_CTX_TASK_ID='asteroides-etl-task' AIRFLOW_CTX_EXECUTION_DATE='2023-06-26T00:00:00+00:00' AIRFLOW_CTX_TRY_NUMBER='1' AIRFLOW_CTX_DAG_RUN_ID='scheduled__2023-06-26T00:00:00+00:00'
[2023-10-30T01:02:02.225+0000] {subprocess.py:63} INFO - Tmp dir root location: /tmp
[2023-10-30T01:02:02.226+0000] {subprocess.py:75} INFO - Running command: ['/bin/bash', '-c', 'echo ya casi lo tengo!!!!']
[2023-10-30T01:02:02.255+0000] {subprocess.py:86} INFO - Output:
[2023-10-30T01:02:02.260+0000] {subprocess.py:93} INFO - ya casi lo tengo!!!!
[2023-10-30T01:02:02.263+0000] {subprocess.py:97} INFO - Command exited with return code 0
[2023-10-30T01:02:02.310+0000] {taskinstance.py:1400} INFO - Marking task as SUCCESS. dag_id=asteroides-etl-dag, task_id=asteroides-etl-task, execution_date=20230626T000000, start_date=20231030T010201, end_date=20231030T010202
[2023-10-30T01:02:02.361+0000] {local_task_job_runner.py:228} INFO - Task exited with return code 0
[2023-10-30T01:02:02.394+0000] {taskinstance.py:2778} INFO - 0 downstream tasks scheduled from follow-on schedule check
[2023-10-30T15:11:08.903+0000] {taskinstance.py:1159} INFO - Dependencies all met for dep_context=non-requeueable deps ti=<TaskInstance: asteroides-etl-dag.asteroides-etl-task scheduled__2023-06-26T00:00:00+00:00 [queued]>
[2023-10-30T15:11:08.919+0000] {taskinstance.py:1159} INFO - Dependencies all met for dep_context=requeueable deps ti=<TaskInstance: asteroides-etl-dag.asteroides-etl-task scheduled__2023-06-26T00:00:00+00:00 [queued]>
[2023-10-30T15:11:08.919+0000] {taskinstance.py:1361} INFO - Starting attempt 1 of 5
[2023-10-30T15:11:08.944+0000] {taskinstance.py:1382} INFO - Executing <Task(BashOperator): asteroides-etl-task> on 2023-06-26 00:00:00+00:00
[2023-10-30T15:11:08.952+0000] {standard_task_runner.py:57} INFO - Started process 1217 to run task
[2023-10-30T15:11:08.957+0000] {standard_task_runner.py:84} INFO - Running: ['***', 'tasks', 'run', 'asteroides-etl-dag', 'asteroides-etl-task', 'scheduled__2023-06-26T00:00:00+00:00', '--job-id', '93', '--raw', '--subdir', 'DAGS_FOLDER/asteroides-etl_dag.py', '--cfg-path', '/tmp/tmpa30eoa23']
[2023-10-30T15:11:08.959+0000] {standard_task_runner.py:85} INFO - Job 93: Subtask asteroides-etl-task
[2023-10-30T15:11:09.027+0000] {task_command.py:416} INFO - Running <TaskInstance: asteroides-etl-dag.asteroides-etl-task scheduled__2023-06-26T00:00:00+00:00 [running]> on host d87e86d3d093
[2023-10-30T15:11:09.161+0000] {taskinstance.py:1662} INFO - Exporting env vars: AIRFLOW_CTX_DAG_OWNER='Norman Ruiz' AIRFLOW_CTX_DAG_ID='asteroides-etl-dag' AIRFLOW_CTX_TASK_ID='asteroides-etl-task' AIRFLOW_CTX_EXECUTION_DATE='2023-06-26T00:00:00+00:00' AIRFLOW_CTX_TRY_NUMBER='1' AIRFLOW_CTX_DAG_RUN_ID='scheduled__2023-06-26T00:00:00+00:00'
[2023-10-30T15:11:09.163+0000] {subprocess.py:63} INFO - Tmp dir root location: /tmp
[2023-10-30T15:11:09.164+0000] {subprocess.py:75} INFO - Running command: ['/bin/bash', '-c', 'docker run -it asteroides-etl']
[2023-10-30T15:11:09.184+0000] {subprocess.py:86} INFO - Output:
[2023-10-30T15:11:09.215+0000] {subprocess.py:93} INFO - the input device is not a TTY
[2023-10-30T15:11:09.217+0000] {subprocess.py:97} INFO - Command exited with return code 1
[2023-10-30T15:11:09.236+0000] {taskinstance.py:1937} ERROR - Task failed with exception
Traceback (most recent call last):
  File "/home/airflow/.local/lib/python3.8/site-packages/airflow/operators/bash.py", line 210, in execute
    raise AirflowException(
airflow.exceptions.AirflowException: Bash command failed. The command returned a non-zero exit code 1.
[2023-10-30T15:11:09.243+0000] {taskinstance.py:1400} INFO - Marking task as UP_FOR_RETRY. dag_id=asteroides-etl-dag, task_id=asteroides-etl-task, execution_date=20230626T000000, start_date=20231030T151108, end_date=20231030T151109
[2023-10-30T15:11:09.262+0000] {standard_task_runner.py:104} ERROR - Failed to execute job 93 for task asteroides-etl-task (Bash command failed. The command returned a non-zero exit code 1.; 1217)
[2023-10-30T15:11:09.290+0000] {local_task_job_runner.py:228} INFO - Task exited with return code 1
[2023-10-30T15:11:09.349+0000] {taskinstance.py:2778} INFO - 0 downstream tasks scheduled from follow-on schedule check
[2023-10-30T19:25:21.214+0000] {taskinstance.py:1159} INFO - Dependencies all met for dep_context=non-requeueable deps ti=<TaskInstance: asteroides-etl-dag.asteroides-etl-task scheduled__2023-06-26T00:00:00+00:00 [queued]>
[2023-10-30T19:25:21.237+0000] {taskinstance.py:1159} INFO - Dependencies all met for dep_context=requeueable deps ti=<TaskInstance: asteroides-etl-dag.asteroides-etl-task scheduled__2023-06-26T00:00:00+00:00 [queued]>
[2023-10-30T19:25:21.237+0000] {taskinstance.py:1361} INFO - Starting attempt 1 of 5
[2023-10-30T19:25:21.271+0000] {taskinstance.py:1382} INFO - Executing <Task(BashOperator): asteroides-etl-task> on 2023-06-26 00:00:00+00:00
[2023-10-30T19:25:21.285+0000] {standard_task_runner.py:57} INFO - Started process 8371 to run task
[2023-10-30T19:25:21.293+0000] {standard_task_runner.py:84} INFO - Running: ['***', 'tasks', 'run', 'asteroides-etl-dag', 'asteroides-etl-task', 'scheduled__2023-06-26T00:00:00+00:00', '--job-id', '847', '--raw', '--subdir', 'DAGS_FOLDER/asteroides-etl_dag.py', '--cfg-path', '/tmp/tmp1l6tihyg']
[2023-10-30T19:25:21.295+0000] {standard_task_runner.py:85} INFO - Job 847: Subtask asteroides-etl-task
[2023-10-30T19:25:21.404+0000] {task_command.py:416} INFO - Running <TaskInstance: asteroides-etl-dag.asteroides-etl-task scheduled__2023-06-26T00:00:00+00:00 [running]> on host d87e86d3d093
[2023-10-30T19:25:21.592+0000] {taskinstance.py:1662} INFO - Exporting env vars: AIRFLOW_CTX_DAG_OWNER='Norman Ruiz' AIRFLOW_CTX_DAG_ID='asteroides-etl-dag' AIRFLOW_CTX_TASK_ID='asteroides-etl-task' AIRFLOW_CTX_EXECUTION_DATE='2023-06-26T00:00:00+00:00' AIRFLOW_CTX_TRY_NUMBER='1' AIRFLOW_CTX_DAG_RUN_ID='scheduled__2023-06-26T00:00:00+00:00'
[2023-10-30T19:25:21.594+0000] {subprocess.py:63} INFO - Tmp dir root location: /tmp
[2023-10-30T19:25:21.599+0000] {subprocess.py:75} INFO - Running command: ['/bin/bash', '-c', 'echo "Corrio !!!!"']
[2023-10-30T19:25:21.640+0000] {subprocess.py:86} INFO - Output:
[2023-10-30T19:25:21.645+0000] {subprocess.py:93} INFO - Corrio !!!!
[2023-10-30T19:25:21.646+0000] {subprocess.py:97} INFO - Command exited with return code 0
[2023-10-30T19:25:21.713+0000] {taskinstance.py:1400} INFO - Marking task as SUCCESS. dag_id=asteroides-etl-dag, task_id=asteroides-etl-task, execution_date=20230626T000000, start_date=20231030T192521, end_date=20231030T192521
[2023-10-30T19:25:21.834+0000] {local_task_job_runner.py:228} INFO - Task exited with return code 0
[2023-10-30T19:25:21.887+0000] {taskinstance.py:2778} INFO - 0 downstream tasks scheduled from follow-on schedule check
[2023-10-30T19:25:59.348+0000] {taskinstance.py:1159} INFO - Dependencies all met for dep_context=non-requeueable deps ti=<TaskInstance: asteroides-etl-dag.asteroides-etl-task scheduled__2023-06-26T00:00:00+00:00 [queued]>
[2023-10-30T19:25:59.364+0000] {taskinstance.py:1159} INFO - Dependencies all met for dep_context=requeueable deps ti=<TaskInstance: asteroides-etl-dag.asteroides-etl-task scheduled__2023-06-26T00:00:00+00:00 [queued]>
[2023-10-30T19:25:59.365+0000] {taskinstance.py:1361} INFO - Starting attempt 1 of 5
[2023-10-30T19:25:59.389+0000] {taskinstance.py:1382} INFO - Executing <Task(BashOperator): asteroides-etl-task> on 2023-06-26 00:00:00+00:00
[2023-10-30T19:25:59.399+0000] {standard_task_runner.py:57} INFO - Started process 8527 to run task
[2023-10-30T19:25:59.403+0000] {standard_task_runner.py:84} INFO - Running: ['***', 'tasks', 'run', 'asteroides-etl-dag', 'asteroides-etl-task', 'scheduled__2023-06-26T00:00:00+00:00', '--job-id', '897', '--raw', '--subdir', 'DAGS_FOLDER/asteroides-etl_dag.py', '--cfg-path', '/tmp/tmpue4932u4']
[2023-10-30T19:25:59.405+0000] {standard_task_runner.py:85} INFO - Job 897: Subtask asteroides-etl-task
[2023-10-30T19:25:59.476+0000] {task_command.py:416} INFO - Running <TaskInstance: asteroides-etl-dag.asteroides-etl-task scheduled__2023-06-26T00:00:00+00:00 [running]> on host d87e86d3d093
[2023-10-30T19:25:59.599+0000] {taskinstance.py:1662} INFO - Exporting env vars: AIRFLOW_CTX_DAG_OWNER='Norman Ruiz' AIRFLOW_CTX_DAG_ID='asteroides-etl-dag' AIRFLOW_CTX_TASK_ID='asteroides-etl-task' AIRFLOW_CTX_EXECUTION_DATE='2023-06-26T00:00:00+00:00' AIRFLOW_CTX_TRY_NUMBER='1' AIRFLOW_CTX_DAG_RUN_ID='scheduled__2023-06-26T00:00:00+00:00'
[2023-10-30T19:25:59.605+0000] {subprocess.py:63} INFO - Tmp dir root location: /tmp
[2023-10-30T19:25:59.616+0000] {subprocess.py:75} INFO - Running command: ['/bin/bash', '-c', 'echo "Corrio !!!!"']
[2023-10-30T19:25:59.640+0000] {subprocess.py:86} INFO - Output:
[2023-10-30T19:25:59.643+0000] {subprocess.py:93} INFO - Corrio !!!!
[2023-10-30T19:25:59.644+0000] {subprocess.py:97} INFO - Command exited with return code 0
[2023-10-30T19:25:59.682+0000] {taskinstance.py:1400} INFO - Marking task as SUCCESS. dag_id=asteroides-etl-dag, task_id=asteroides-etl-task, execution_date=20230626T000000, start_date=20231030T192559, end_date=20231030T192559
[2023-10-30T19:25:59.737+0000] {local_task_job_runner.py:228} INFO - Task exited with return code 0
[2023-10-30T19:25:59.757+0000] {taskinstance.py:2778} INFO - 0 downstream tasks scheduled from follow-on schedule check
