[2023-10-30T01:02:12.613+0000] {taskinstance.py:1159} INFO - Dependencies all met for dep_context=non-requeueable deps ti=<TaskInstance: asteroides-etl-dag.asteroides-etl-task scheduled__2023-07-13T00:00:00+00:00 [queued]>
[2023-10-30T01:02:12.633+0000] {taskinstance.py:1159} INFO - Dependencies all met for dep_context=requeueable deps ti=<TaskInstance: asteroides-etl-dag.asteroides-etl-task scheduled__2023-07-13T00:00:00+00:00 [queued]>
[2023-10-30T01:02:12.634+0000] {taskinstance.py:1361} INFO - Starting attempt 1 of 5
[2023-10-30T01:02:12.662+0000] {taskinstance.py:1382} INFO - Executing <Task(BashOperator): asteroides-etl-task> on 2023-07-13 00:00:00+00:00
[2023-10-30T01:02:12.674+0000] {standard_task_runner.py:57} INFO - Started process 1508 to run task
[2023-10-30T01:02:12.681+0000] {standard_task_runner.py:84} INFO - Running: ['***', 'tasks', 'run', 'asteroides-etl-dag', 'asteroides-etl-task', 'scheduled__2023-07-13T00:00:00+00:00', '--job-id', '46', '--raw', '--subdir', 'DAGS_FOLDER/asteroides-etl_dag.py', '--cfg-path', '/tmp/tmpacqu48i8']
[2023-10-30T01:02:12.685+0000] {standard_task_runner.py:85} INFO - Job 46: Subtask asteroides-etl-task
[2023-10-30T01:02:12.775+0000] {task_command.py:416} INFO - Running <TaskInstance: asteroides-etl-dag.asteroides-etl-task scheduled__2023-07-13T00:00:00+00:00 [running]> on host ac9f9bef16c9
[2023-10-30T01:02:12.981+0000] {taskinstance.py:1662} INFO - Exporting env vars: AIRFLOW_CTX_DAG_OWNER='Norman Ruiz' AIRFLOW_CTX_DAG_ID='asteroides-etl-dag' AIRFLOW_CTX_TASK_ID='asteroides-etl-task' AIRFLOW_CTX_EXECUTION_DATE='2023-07-13T00:00:00+00:00' AIRFLOW_CTX_TRY_NUMBER='1' AIRFLOW_CTX_DAG_RUN_ID='scheduled__2023-07-13T00:00:00+00:00'
[2023-10-30T01:02:12.984+0000] {subprocess.py:63} INFO - Tmp dir root location: /tmp
[2023-10-30T01:02:12.986+0000] {subprocess.py:75} INFO - Running command: ['/bin/bash', '-c', 'echo ya casi lo tengo!!!!']
[2023-10-30T01:02:13.015+0000] {subprocess.py:86} INFO - Output:
[2023-10-30T01:02:13.021+0000] {subprocess.py:93} INFO - ya casi lo tengo!!!!
[2023-10-30T01:02:13.023+0000] {subprocess.py:97} INFO - Command exited with return code 0
[2023-10-30T01:02:13.084+0000] {taskinstance.py:1400} INFO - Marking task as SUCCESS. dag_id=asteroides-etl-dag, task_id=asteroides-etl-task, execution_date=20230713T000000, start_date=20231030T010212, end_date=20231030T010213
[2023-10-30T01:02:13.137+0000] {local_task_job_runner.py:228} INFO - Task exited with return code 0
[2023-10-30T01:02:13.173+0000] {taskinstance.py:2778} INFO - 0 downstream tasks scheduled from follow-on schedule check
[2023-10-30T15:19:23.354+0000] {taskinstance.py:1159} INFO - Dependencies all met for dep_context=non-requeueable deps ti=<TaskInstance: asteroides-etl-dag.asteroides-etl-task scheduled__2023-07-13T00:00:00+00:00 [queued]>
[2023-10-30T15:19:23.369+0000] {taskinstance.py:1159} INFO - Dependencies all met for dep_context=requeueable deps ti=<TaskInstance: asteroides-etl-dag.asteroides-etl-task scheduled__2023-07-13T00:00:00+00:00 [queued]>
[2023-10-30T15:19:23.369+0000] {taskinstance.py:1361} INFO - Starting attempt 1 of 5
[2023-10-30T15:19:23.391+0000] {taskinstance.py:1382} INFO - Executing <Task(BashOperator): asteroides-etl-task> on 2023-07-13 00:00:00+00:00
[2023-10-30T15:19:23.400+0000] {standard_task_runner.py:57} INFO - Started process 2263 to run task
[2023-10-30T15:19:23.405+0000] {standard_task_runner.py:84} INFO - Running: ['***', 'tasks', 'run', 'asteroides-etl-dag', 'asteroides-etl-task', 'scheduled__2023-07-13T00:00:00+00:00', '--job-id', '175', '--raw', '--subdir', 'DAGS_FOLDER/asteroides-etl_dag.py', '--cfg-path', '/tmp/tmp8iee8ano']
[2023-10-30T15:19:23.406+0000] {standard_task_runner.py:85} INFO - Job 175: Subtask asteroides-etl-task
[2023-10-30T15:19:23.468+0000] {task_command.py:416} INFO - Running <TaskInstance: asteroides-etl-dag.asteroides-etl-task scheduled__2023-07-13T00:00:00+00:00 [running]> on host d87e86d3d093
[2023-10-30T15:19:23.587+0000] {taskinstance.py:1662} INFO - Exporting env vars: AIRFLOW_CTX_DAG_OWNER='Norman Ruiz' AIRFLOW_CTX_DAG_ID='asteroides-etl-dag' AIRFLOW_CTX_TASK_ID='asteroides-etl-task' AIRFLOW_CTX_EXECUTION_DATE='2023-07-13T00:00:00+00:00' AIRFLOW_CTX_TRY_NUMBER='1' AIRFLOW_CTX_DAG_RUN_ID='scheduled__2023-07-13T00:00:00+00:00'
[2023-10-30T15:19:23.589+0000] {subprocess.py:63} INFO - Tmp dir root location: /tmp
[2023-10-30T15:19:23.590+0000] {subprocess.py:75} INFO - Running command: ['/bin/bash', '-c', 'docker run -i asteroides-etl']
[2023-10-30T15:19:23.609+0000] {subprocess.py:86} INFO - Output:
[2023-10-30T15:19:23.643+0000] {subprocess.py:93} INFO - docker: Cannot connect to the Docker daemon at unix:///var/run/docker.sock. Is the docker daemon running?.
[2023-10-30T15:19:23.644+0000] {subprocess.py:93} INFO - See 'docker run --help'.
[2023-10-30T15:19:23.646+0000] {subprocess.py:97} INFO - Command exited with return code 125
[2023-10-30T15:19:23.662+0000] {taskinstance.py:1937} ERROR - Task failed with exception
Traceback (most recent call last):
  File "/home/airflow/.local/lib/python3.8/site-packages/airflow/operators/bash.py", line 210, in execute
    raise AirflowException(
airflow.exceptions.AirflowException: Bash command failed. The command returned a non-zero exit code 125.
[2023-10-30T15:19:23.669+0000] {taskinstance.py:1400} INFO - Marking task as UP_FOR_RETRY. dag_id=asteroides-etl-dag, task_id=asteroides-etl-task, execution_date=20230713T000000, start_date=20231030T151923, end_date=20231030T151923
[2023-10-30T15:19:23.691+0000] {standard_task_runner.py:104} ERROR - Failed to execute job 175 for task asteroides-etl-task (Bash command failed. The command returned a non-zero exit code 125.; 2263)
[2023-10-30T15:19:23.737+0000] {local_task_job_runner.py:228} INFO - Task exited with return code 1
[2023-10-30T15:19:23.840+0000] {taskinstance.py:2778} INFO - 0 downstream tasks scheduled from follow-on schedule check
[2023-10-30T19:25:29.282+0000] {taskinstance.py:1159} INFO - Dependencies all met for dep_context=non-requeueable deps ti=<TaskInstance: asteroides-etl-dag.asteroides-etl-task scheduled__2023-07-13T00:00:00+00:00 [queued]>
[2023-10-30T19:25:29.299+0000] {taskinstance.py:1159} INFO - Dependencies all met for dep_context=requeueable deps ti=<TaskInstance: asteroides-etl-dag.asteroides-etl-task scheduled__2023-07-13T00:00:00+00:00 [queued]>
[2023-10-30T19:25:29.299+0000] {taskinstance.py:1361} INFO - Starting attempt 1 of 5
[2023-10-30T19:25:29.322+0000] {taskinstance.py:1382} INFO - Executing <Task(BashOperator): asteroides-etl-task> on 2023-07-13 00:00:00+00:00
[2023-10-30T19:25:29.330+0000] {standard_task_runner.py:57} INFO - Started process 8420 to run task
[2023-10-30T19:25:29.335+0000] {standard_task_runner.py:84} INFO - Running: ['***', 'tasks', 'run', 'asteroides-etl-dag', 'asteroides-etl-task', 'scheduled__2023-07-13T00:00:00+00:00', '--job-id', '864', '--raw', '--subdir', 'DAGS_FOLDER/asteroides-etl_dag.py', '--cfg-path', '/tmp/tmpnutv18f5']
[2023-10-30T19:25:29.336+0000] {standard_task_runner.py:85} INFO - Job 864: Subtask asteroides-etl-task
[2023-10-30T19:25:29.402+0000] {task_command.py:416} INFO - Running <TaskInstance: asteroides-etl-dag.asteroides-etl-task scheduled__2023-07-13T00:00:00+00:00 [running]> on host d87e86d3d093
[2023-10-30T19:25:29.520+0000] {taskinstance.py:1662} INFO - Exporting env vars: AIRFLOW_CTX_DAG_OWNER='Norman Ruiz' AIRFLOW_CTX_DAG_ID='asteroides-etl-dag' AIRFLOW_CTX_TASK_ID='asteroides-etl-task' AIRFLOW_CTX_EXECUTION_DATE='2023-07-13T00:00:00+00:00' AIRFLOW_CTX_TRY_NUMBER='1' AIRFLOW_CTX_DAG_RUN_ID='scheduled__2023-07-13T00:00:00+00:00'
[2023-10-30T19:25:29.523+0000] {subprocess.py:63} INFO - Tmp dir root location: /tmp
[2023-10-30T19:25:29.525+0000] {subprocess.py:75} INFO - Running command: ['/bin/bash', '-c', 'echo "Corrio !!!!"']
[2023-10-30T19:25:29.545+0000] {subprocess.py:86} INFO - Output:
[2023-10-30T19:25:29.548+0000] {subprocess.py:93} INFO - Corrio !!!!
[2023-10-30T19:25:29.549+0000] {subprocess.py:97} INFO - Command exited with return code 0
[2023-10-30T19:25:29.586+0000] {taskinstance.py:1400} INFO - Marking task as SUCCESS. dag_id=asteroides-etl-dag, task_id=asteroides-etl-task, execution_date=20230713T000000, start_date=20231030T192529, end_date=20231030T192529
[2023-10-30T19:25:29.628+0000] {local_task_job_runner.py:228} INFO - Task exited with return code 0
[2023-10-30T19:25:29.648+0000] {taskinstance.py:2778} INFO - 0 downstream tasks scheduled from follow-on schedule check
[2023-10-30T19:26:09.881+0000] {taskinstance.py:1159} INFO - Dependencies all met for dep_context=non-requeueable deps ti=<TaskInstance: asteroides-etl-dag.asteroides-etl-task scheduled__2023-07-13T00:00:00+00:00 [queued]>
[2023-10-30T19:26:09.898+0000] {taskinstance.py:1159} INFO - Dependencies all met for dep_context=requeueable deps ti=<TaskInstance: asteroides-etl-dag.asteroides-etl-task scheduled__2023-07-13T00:00:00+00:00 [queued]>
[2023-10-30T19:26:09.899+0000] {taskinstance.py:1361} INFO - Starting attempt 1 of 5
[2023-10-30T19:26:09.928+0000] {taskinstance.py:1382} INFO - Executing <Task(BashOperator): asteroides-etl-task> on 2023-07-13 00:00:00+00:00
[2023-10-30T19:26:09.937+0000] {standard_task_runner.py:57} INFO - Started process 8579 to run task
[2023-10-30T19:26:09.941+0000] {standard_task_runner.py:84} INFO - Running: ['***', 'tasks', 'run', 'asteroides-etl-dag', 'asteroides-etl-task', 'scheduled__2023-07-13T00:00:00+00:00', '--job-id', '914', '--raw', '--subdir', 'DAGS_FOLDER/asteroides-etl_dag.py', '--cfg-path', '/tmp/tmpohtd3j6o']
[2023-10-30T19:26:09.943+0000] {standard_task_runner.py:85} INFO - Job 914: Subtask asteroides-etl-task
[2023-10-30T19:26:10.039+0000] {task_command.py:416} INFO - Running <TaskInstance: asteroides-etl-dag.asteroides-etl-task scheduled__2023-07-13T00:00:00+00:00 [running]> on host d87e86d3d093
[2023-10-30T19:26:10.181+0000] {taskinstance.py:1662} INFO - Exporting env vars: AIRFLOW_CTX_DAG_OWNER='Norman Ruiz' AIRFLOW_CTX_DAG_ID='asteroides-etl-dag' AIRFLOW_CTX_TASK_ID='asteroides-etl-task' AIRFLOW_CTX_EXECUTION_DATE='2023-07-13T00:00:00+00:00' AIRFLOW_CTX_TRY_NUMBER='1' AIRFLOW_CTX_DAG_RUN_ID='scheduled__2023-07-13T00:00:00+00:00'
[2023-10-30T19:26:10.184+0000] {subprocess.py:63} INFO - Tmp dir root location: /tmp
[2023-10-30T19:26:10.186+0000] {subprocess.py:75} INFO - Running command: ['/bin/bash', '-c', 'echo "Corrio !!!!"']
[2023-10-30T19:26:10.210+0000] {subprocess.py:86} INFO - Output:
[2023-10-30T19:26:10.213+0000] {subprocess.py:93} INFO - Corrio !!!!
[2023-10-30T19:26:10.214+0000] {subprocess.py:97} INFO - Command exited with return code 0
[2023-10-30T19:26:10.266+0000] {taskinstance.py:1400} INFO - Marking task as SUCCESS. dag_id=asteroides-etl-dag, task_id=asteroides-etl-task, execution_date=20230713T000000, start_date=20231030T192609, end_date=20231030T192610
[2023-10-30T19:26:10.319+0000] {local_task_job_runner.py:228} INFO - Task exited with return code 0
[2023-10-30T19:26:10.400+0000] {taskinstance.py:2778} INFO - 0 downstream tasks scheduled from follow-on schedule check
