[2023-10-30T01:02:17.106+0000] {taskinstance.py:1159} INFO - Dependencies all met for dep_context=non-requeueable deps ti=<TaskInstance: asteroides-etl-dag.asteroides-etl-task scheduled__2023-07-22T00:00:00+00:00 [queued]>
[2023-10-30T01:02:17.126+0000] {taskinstance.py:1159} INFO - Dependencies all met for dep_context=requeueable deps ti=<TaskInstance: asteroides-etl-dag.asteroides-etl-task scheduled__2023-07-22T00:00:00+00:00 [queued]>
[2023-10-30T01:02:17.127+0000] {taskinstance.py:1361} INFO - Starting attempt 1 of 5
[2023-10-30T01:02:17.189+0000] {taskinstance.py:1382} INFO - Executing <Task(BashOperator): asteroides-etl-task> on 2023-07-22 00:00:00+00:00
[2023-10-30T01:02:17.205+0000] {standard_task_runner.py:57} INFO - Started process 1533 to run task
[2023-10-30T01:02:17.213+0000] {standard_task_runner.py:84} INFO - Running: ['***', 'tasks', 'run', 'asteroides-etl-dag', 'asteroides-etl-task', 'scheduled__2023-07-22T00:00:00+00:00', '--job-id', '55', '--raw', '--subdir', 'DAGS_FOLDER/asteroides-etl_dag.py', '--cfg-path', '/tmp/tmp3t3l57xe']
[2023-10-30T01:02:17.216+0000] {standard_task_runner.py:85} INFO - Job 55: Subtask asteroides-etl-task
[2023-10-30T01:02:17.321+0000] {task_command.py:416} INFO - Running <TaskInstance: asteroides-etl-dag.asteroides-etl-task scheduled__2023-07-22T00:00:00+00:00 [running]> on host ac9f9bef16c9
[2023-10-30T01:02:17.505+0000] {taskinstance.py:1662} INFO - Exporting env vars: AIRFLOW_CTX_DAG_OWNER='Norman Ruiz' AIRFLOW_CTX_DAG_ID='asteroides-etl-dag' AIRFLOW_CTX_TASK_ID='asteroides-etl-task' AIRFLOW_CTX_EXECUTION_DATE='2023-07-22T00:00:00+00:00' AIRFLOW_CTX_TRY_NUMBER='1' AIRFLOW_CTX_DAG_RUN_ID='scheduled__2023-07-22T00:00:00+00:00'
[2023-10-30T01:02:17.508+0000] {subprocess.py:63} INFO - Tmp dir root location: /tmp
[2023-10-30T01:02:17.511+0000] {subprocess.py:75} INFO - Running command: ['/bin/bash', '-c', 'echo ya casi lo tengo!!!!']
[2023-10-30T01:02:17.535+0000] {subprocess.py:86} INFO - Output:
[2023-10-30T01:02:17.539+0000] {subprocess.py:93} INFO - ya casi lo tengo!!!!
[2023-10-30T01:02:17.540+0000] {subprocess.py:97} INFO - Command exited with return code 0
[2023-10-30T01:02:17.591+0000] {taskinstance.py:1400} INFO - Marking task as SUCCESS. dag_id=asteroides-etl-dag, task_id=asteroides-etl-task, execution_date=20230722T000000, start_date=20231030T010217, end_date=20231030T010217
[2023-10-30T01:02:17.642+0000] {local_task_job_runner.py:228} INFO - Task exited with return code 0
[2023-10-30T01:02:17.692+0000] {taskinstance.py:2778} INFO - 0 downstream tasks scheduled from follow-on schedule check
[2023-10-30T15:27:32.906+0000] {taskinstance.py:1159} INFO - Dependencies all met for dep_context=non-requeueable deps ti=<TaskInstance: asteroides-etl-dag.asteroides-etl-task scheduled__2023-07-22T00:00:00+00:00 [queued]>
[2023-10-30T15:27:32.930+0000] {taskinstance.py:1159} INFO - Dependencies all met for dep_context=requeueable deps ti=<TaskInstance: asteroides-etl-dag.asteroides-etl-task scheduled__2023-07-22T00:00:00+00:00 [queued]>
[2023-10-30T15:27:32.932+0000] {taskinstance.py:1361} INFO - Starting attempt 1 of 5
[2023-10-30T15:27:32.970+0000] {taskinstance.py:1382} INFO - Executing <Task(BashOperator): asteroides-etl-task> on 2023-07-22 00:00:00+00:00
[2023-10-30T15:27:32.982+0000] {standard_task_runner.py:57} INFO - Started process 3192 to run task
[2023-10-30T15:27:32.987+0000] {standard_task_runner.py:84} INFO - Running: ['***', 'tasks', 'run', 'asteroides-etl-dag', 'asteroides-etl-task', 'scheduled__2023-07-22T00:00:00+00:00', '--job-id', '248', '--raw', '--subdir', 'DAGS_FOLDER/asteroides-etl_dag.py', '--cfg-path', '/tmp/tmp8j02_mvn']
[2023-10-30T15:27:32.991+0000] {standard_task_runner.py:85} INFO - Job 248: Subtask asteroides-etl-task
[2023-10-30T15:27:33.086+0000] {task_command.py:416} INFO - Running <TaskInstance: asteroides-etl-dag.asteroides-etl-task scheduled__2023-07-22T00:00:00+00:00 [running]> on host d87e86d3d093
[2023-10-30T15:27:33.227+0000] {taskinstance.py:1662} INFO - Exporting env vars: AIRFLOW_CTX_DAG_OWNER='Norman Ruiz' AIRFLOW_CTX_DAG_ID='asteroides-etl-dag' AIRFLOW_CTX_TASK_ID='asteroides-etl-task' AIRFLOW_CTX_EXECUTION_DATE='2023-07-22T00:00:00+00:00' AIRFLOW_CTX_TRY_NUMBER='1' AIRFLOW_CTX_DAG_RUN_ID='scheduled__2023-07-22T00:00:00+00:00'
[2023-10-30T15:27:33.234+0000] {subprocess.py:63} INFO - Tmp dir root location: /tmp
[2023-10-30T15:27:33.236+0000] {subprocess.py:75} INFO - Running command: ['/bin/bash', '-c', 'docker run -i asteroides-etl']
[2023-10-30T15:27:33.264+0000] {subprocess.py:86} INFO - Output:
[2023-10-30T15:27:33.313+0000] {subprocess.py:93} INFO - docker: Cannot connect to the Docker daemon at unix:///var/run/docker.sock. Is the docker daemon running?.
[2023-10-30T15:27:33.313+0000] {subprocess.py:93} INFO - See 'docker run --help'.
[2023-10-30T15:27:33.317+0000] {subprocess.py:97} INFO - Command exited with return code 125
[2023-10-30T15:27:33.340+0000] {taskinstance.py:1937} ERROR - Task failed with exception
Traceback (most recent call last):
  File "/home/airflow/.local/lib/python3.8/site-packages/airflow/operators/bash.py", line 210, in execute
    raise AirflowException(
airflow.exceptions.AirflowException: Bash command failed. The command returned a non-zero exit code 125.
[2023-10-30T15:27:33.347+0000] {taskinstance.py:1400} INFO - Marking task as UP_FOR_RETRY. dag_id=asteroides-etl-dag, task_id=asteroides-etl-task, execution_date=20230722T000000, start_date=20231030T152732, end_date=20231030T152733
[2023-10-30T15:27:33.374+0000] {standard_task_runner.py:104} ERROR - Failed to execute job 248 for task asteroides-etl-task (Bash command failed. The command returned a non-zero exit code 125.; 3192)
[2023-10-30T15:27:33.410+0000] {local_task_job_runner.py:228} INFO - Task exited with return code 1
[2023-10-30T15:27:33.436+0000] {taskinstance.py:2778} INFO - 0 downstream tasks scheduled from follow-on schedule check
[2023-10-30T19:26:15.423+0000] {taskinstance.py:1159} INFO - Dependencies all met for dep_context=non-requeueable deps ti=<TaskInstance: asteroides-etl-dag.asteroides-etl-task scheduled__2023-07-22T00:00:00+00:00 [queued]>
[2023-10-30T19:26:15.443+0000] {taskinstance.py:1159} INFO - Dependencies all met for dep_context=requeueable deps ti=<TaskInstance: asteroides-etl-dag.asteroides-etl-task scheduled__2023-07-22T00:00:00+00:00 [queued]>
[2023-10-30T19:26:15.444+0000] {taskinstance.py:1361} INFO - Starting attempt 1 of 5
[2023-10-30T19:26:15.492+0000] {taskinstance.py:1382} INFO - Executing <Task(BashOperator): asteroides-etl-task> on 2023-07-22 00:00:00+00:00
[2023-10-30T19:26:15.501+0000] {standard_task_runner.py:57} INFO - Started process 8606 to run task
[2023-10-30T19:26:15.506+0000] {standard_task_runner.py:84} INFO - Running: ['***', 'tasks', 'run', 'asteroides-etl-dag', 'asteroides-etl-task', 'scheduled__2023-07-22T00:00:00+00:00', '--job-id', '923', '--raw', '--subdir', 'DAGS_FOLDER/asteroides-etl_dag.py', '--cfg-path', '/tmp/tmpqlm22jp9']
[2023-10-30T19:26:15.508+0000] {standard_task_runner.py:85} INFO - Job 923: Subtask asteroides-etl-task
[2023-10-30T19:26:15.579+0000] {task_command.py:416} INFO - Running <TaskInstance: asteroides-etl-dag.asteroides-etl-task scheduled__2023-07-22T00:00:00+00:00 [running]> on host d87e86d3d093
[2023-10-30T19:26:15.701+0000] {taskinstance.py:1662} INFO - Exporting env vars: AIRFLOW_CTX_DAG_OWNER='Norman Ruiz' AIRFLOW_CTX_DAG_ID='asteroides-etl-dag' AIRFLOW_CTX_TASK_ID='asteroides-etl-task' AIRFLOW_CTX_EXECUTION_DATE='2023-07-22T00:00:00+00:00' AIRFLOW_CTX_TRY_NUMBER='1' AIRFLOW_CTX_DAG_RUN_ID='scheduled__2023-07-22T00:00:00+00:00'
[2023-10-30T19:26:15.703+0000] {subprocess.py:63} INFO - Tmp dir root location: /tmp
[2023-10-30T19:26:15.704+0000] {subprocess.py:75} INFO - Running command: ['/bin/bash', '-c', 'echo "Corrio !!!!"']
[2023-10-30T19:26:15.723+0000] {subprocess.py:86} INFO - Output:
[2023-10-30T19:26:15.725+0000] {subprocess.py:93} INFO - Corrio !!!!
[2023-10-30T19:26:15.726+0000] {subprocess.py:97} INFO - Command exited with return code 0
[2023-10-30T19:26:15.760+0000] {taskinstance.py:1400} INFO - Marking task as SUCCESS. dag_id=asteroides-etl-dag, task_id=asteroides-etl-task, execution_date=20230722T000000, start_date=20231030T192615, end_date=20231030T192615
[2023-10-30T19:26:15.800+0000] {local_task_job_runner.py:228} INFO - Task exited with return code 0
[2023-10-30T19:26:15.853+0000] {taskinstance.py:2778} INFO - 0 downstream tasks scheduled from follow-on schedule check
