[2023-10-30T01:02:10.157+0000] {taskinstance.py:1159} INFO - Dependencies all met for dep_context=non-requeueable deps ti=<TaskInstance: asteroides-etl-dag.asteroides-etl-task scheduled__2023-07-12T00:00:00+00:00 [queued]>
[2023-10-30T01:02:10.172+0000] {taskinstance.py:1159} INFO - Dependencies all met for dep_context=requeueable deps ti=<TaskInstance: asteroides-etl-dag.asteroides-etl-task scheduled__2023-07-12T00:00:00+00:00 [queued]>
[2023-10-30T01:02:10.173+0000] {taskinstance.py:1361} INFO - Starting attempt 1 of 5
[2023-10-30T01:02:10.193+0000] {taskinstance.py:1382} INFO - Executing <Task(BashOperator): asteroides-etl-task> on 2023-07-12 00:00:00+00:00
[2023-10-30T01:02:10.201+0000] {standard_task_runner.py:57} INFO - Started process 1502 to run task
[2023-10-30T01:02:10.205+0000] {standard_task_runner.py:84} INFO - Running: ['***', 'tasks', 'run', 'asteroides-etl-dag', 'asteroides-etl-task', 'scheduled__2023-07-12T00:00:00+00:00', '--job-id', '45', '--raw', '--subdir', 'DAGS_FOLDER/asteroides-etl_dag.py', '--cfg-path', '/tmp/tmpm2jq3n58']
[2023-10-30T01:02:10.206+0000] {standard_task_runner.py:85} INFO - Job 45: Subtask asteroides-etl-task
[2023-10-30T01:02:10.264+0000] {task_command.py:416} INFO - Running <TaskInstance: asteroides-etl-dag.asteroides-etl-task scheduled__2023-07-12T00:00:00+00:00 [running]> on host ac9f9bef16c9
[2023-10-30T01:02:10.368+0000] {taskinstance.py:1662} INFO - Exporting env vars: AIRFLOW_CTX_DAG_OWNER='Norman Ruiz' AIRFLOW_CTX_DAG_ID='asteroides-etl-dag' AIRFLOW_CTX_TASK_ID='asteroides-etl-task' AIRFLOW_CTX_EXECUTION_DATE='2023-07-12T00:00:00+00:00' AIRFLOW_CTX_TRY_NUMBER='1' AIRFLOW_CTX_DAG_RUN_ID='scheduled__2023-07-12T00:00:00+00:00'
[2023-10-30T01:02:10.370+0000] {subprocess.py:63} INFO - Tmp dir root location: /tmp
[2023-10-30T01:02:10.371+0000] {subprocess.py:75} INFO - Running command: ['/bin/bash', '-c', 'echo ya casi lo tengo!!!!']
[2023-10-30T01:02:10.386+0000] {subprocess.py:86} INFO - Output:
[2023-10-30T01:02:10.389+0000] {subprocess.py:93} INFO - ya casi lo tengo!!!!
[2023-10-30T01:02:10.389+0000] {subprocess.py:97} INFO - Command exited with return code 0
[2023-10-30T01:02:10.418+0000] {taskinstance.py:1400} INFO - Marking task as SUCCESS. dag_id=asteroides-etl-dag, task_id=asteroides-etl-task, execution_date=20230712T000000, start_date=20231030T010210, end_date=20231030T010210
[2023-10-30T01:02:10.458+0000] {local_task_job_runner.py:228} INFO - Task exited with return code 0
[2023-10-30T01:02:10.478+0000] {taskinstance.py:2778} INFO - 0 downstream tasks scheduled from follow-on schedule check
[2023-10-30T15:19:22.994+0000] {taskinstance.py:1159} INFO - Dependencies all met for dep_context=non-requeueable deps ti=<TaskInstance: asteroides-etl-dag.asteroides-etl-task scheduled__2023-07-12T00:00:00+00:00 [queued]>
[2023-10-30T15:19:23.011+0000] {taskinstance.py:1159} INFO - Dependencies all met for dep_context=requeueable deps ti=<TaskInstance: asteroides-etl-dag.asteroides-etl-task scheduled__2023-07-12T00:00:00+00:00 [queued]>
[2023-10-30T15:19:23.012+0000] {taskinstance.py:1361} INFO - Starting attempt 1 of 5
[2023-10-30T15:19:23.034+0000] {taskinstance.py:1382} INFO - Executing <Task(BashOperator): asteroides-etl-task> on 2023-07-12 00:00:00+00:00
[2023-10-30T15:19:23.042+0000] {standard_task_runner.py:57} INFO - Started process 2251 to run task
[2023-10-30T15:19:23.049+0000] {standard_task_runner.py:84} INFO - Running: ['***', 'tasks', 'run', 'asteroides-etl-dag', 'asteroides-etl-task', 'scheduled__2023-07-12T00:00:00+00:00', '--job-id', '174', '--raw', '--subdir', 'DAGS_FOLDER/asteroides-etl_dag.py', '--cfg-path', '/tmp/tmpm3ahelxf']
[2023-10-30T15:19:23.051+0000] {standard_task_runner.py:85} INFO - Job 174: Subtask asteroides-etl-task
[2023-10-30T15:19:23.137+0000] {task_command.py:416} INFO - Running <TaskInstance: asteroides-etl-dag.asteroides-etl-task scheduled__2023-07-12T00:00:00+00:00 [running]> on host d87e86d3d093
[2023-10-30T15:19:23.286+0000] {taskinstance.py:1662} INFO - Exporting env vars: AIRFLOW_CTX_DAG_OWNER='Norman Ruiz' AIRFLOW_CTX_DAG_ID='asteroides-etl-dag' AIRFLOW_CTX_TASK_ID='asteroides-etl-task' AIRFLOW_CTX_EXECUTION_DATE='2023-07-12T00:00:00+00:00' AIRFLOW_CTX_TRY_NUMBER='1' AIRFLOW_CTX_DAG_RUN_ID='scheduled__2023-07-12T00:00:00+00:00'
[2023-10-30T15:19:23.289+0000] {subprocess.py:63} INFO - Tmp dir root location: /tmp
[2023-10-30T15:19:23.290+0000] {subprocess.py:75} INFO - Running command: ['/bin/bash', '-c', 'docker run -i asteroides-etl']
[2023-10-30T15:19:23.311+0000] {subprocess.py:86} INFO - Output:
[2023-10-30T15:19:23.348+0000] {subprocess.py:93} INFO - docker: Cannot connect to the Docker daemon at unix:///var/run/docker.sock. Is the docker daemon running?.
[2023-10-30T15:19:23.349+0000] {subprocess.py:93} INFO - See 'docker run --help'.
[2023-10-30T15:19:23.352+0000] {subprocess.py:97} INFO - Command exited with return code 125
[2023-10-30T15:19:23.370+0000] {taskinstance.py:1937} ERROR - Task failed with exception
Traceback (most recent call last):
  File "/home/airflow/.local/lib/python3.8/site-packages/airflow/operators/bash.py", line 210, in execute
    raise AirflowException(
airflow.exceptions.AirflowException: Bash command failed. The command returned a non-zero exit code 125.
[2023-10-30T15:19:23.376+0000] {taskinstance.py:1400} INFO - Marking task as UP_FOR_RETRY. dag_id=asteroides-etl-dag, task_id=asteroides-etl-task, execution_date=20230712T000000, start_date=20231030T151922, end_date=20231030T151923
[2023-10-30T15:19:23.394+0000] {standard_task_runner.py:104} ERROR - Failed to execute job 174 for task asteroides-etl-task (Bash command failed. The command returned a non-zero exit code 125.; 2251)
[2023-10-30T15:19:23.421+0000] {local_task_job_runner.py:228} INFO - Task exited with return code 1
[2023-10-30T15:19:23.502+0000] {taskinstance.py:2778} INFO - 0 downstream tasks scheduled from follow-on schedule check
[2023-10-30T19:25:29.057+0000] {taskinstance.py:1159} INFO - Dependencies all met for dep_context=non-requeueable deps ti=<TaskInstance: asteroides-etl-dag.asteroides-etl-task scheduled__2023-07-12T00:00:00+00:00 [queued]>
[2023-10-30T19:25:29.075+0000] {taskinstance.py:1159} INFO - Dependencies all met for dep_context=requeueable deps ti=<TaskInstance: asteroides-etl-dag.asteroides-etl-task scheduled__2023-07-12T00:00:00+00:00 [queued]>
[2023-10-30T19:25:29.076+0000] {taskinstance.py:1361} INFO - Starting attempt 1 of 5
[2023-10-30T19:25:29.103+0000] {taskinstance.py:1382} INFO - Executing <Task(BashOperator): asteroides-etl-task> on 2023-07-12 00:00:00+00:00
[2023-10-30T19:25:29.115+0000] {standard_task_runner.py:57} INFO - Started process 8418 to run task
[2023-10-30T19:25:29.120+0000] {standard_task_runner.py:84} INFO - Running: ['***', 'tasks', 'run', 'asteroides-etl-dag', 'asteroides-etl-task', 'scheduled__2023-07-12T00:00:00+00:00', '--job-id', '863', '--raw', '--subdir', 'DAGS_FOLDER/asteroides-etl_dag.py', '--cfg-path', '/tmp/tmpq0pspsal']
[2023-10-30T19:25:29.123+0000] {standard_task_runner.py:85} INFO - Job 863: Subtask asteroides-etl-task
[2023-10-30T19:25:29.213+0000] {task_command.py:416} INFO - Running <TaskInstance: asteroides-etl-dag.asteroides-etl-task scheduled__2023-07-12T00:00:00+00:00 [running]> on host d87e86d3d093
[2023-10-30T19:25:29.346+0000] {taskinstance.py:1662} INFO - Exporting env vars: AIRFLOW_CTX_DAG_OWNER='Norman Ruiz' AIRFLOW_CTX_DAG_ID='asteroides-etl-dag' AIRFLOW_CTX_TASK_ID='asteroides-etl-task' AIRFLOW_CTX_EXECUTION_DATE='2023-07-12T00:00:00+00:00' AIRFLOW_CTX_TRY_NUMBER='1' AIRFLOW_CTX_DAG_RUN_ID='scheduled__2023-07-12T00:00:00+00:00'
[2023-10-30T19:25:29.348+0000] {subprocess.py:63} INFO - Tmp dir root location: /tmp
[2023-10-30T19:25:29.350+0000] {subprocess.py:75} INFO - Running command: ['/bin/bash', '-c', 'echo "Corrio !!!!"']
[2023-10-30T19:25:29.370+0000] {subprocess.py:86} INFO - Output:
[2023-10-30T19:25:29.373+0000] {subprocess.py:93} INFO - Corrio !!!!
[2023-10-30T19:25:29.374+0000] {subprocess.py:97} INFO - Command exited with return code 0
[2023-10-30T19:25:29.412+0000] {taskinstance.py:1400} INFO - Marking task as SUCCESS. dag_id=asteroides-etl-dag, task_id=asteroides-etl-task, execution_date=20230712T000000, start_date=20231030T192529, end_date=20231030T192529
[2023-10-30T19:25:29.459+0000] {local_task_job_runner.py:228} INFO - Task exited with return code 0
[2023-10-30T19:25:29.487+0000] {taskinstance.py:2778} INFO - 0 downstream tasks scheduled from follow-on schedule check
[2023-10-30T19:26:09.642+0000] {taskinstance.py:1159} INFO - Dependencies all met for dep_context=non-requeueable deps ti=<TaskInstance: asteroides-etl-dag.asteroides-etl-task scheduled__2023-07-12T00:00:00+00:00 [queued]>
[2023-10-30T19:26:09.661+0000] {taskinstance.py:1159} INFO - Dependencies all met for dep_context=requeueable deps ti=<TaskInstance: asteroides-etl-dag.asteroides-etl-task scheduled__2023-07-12T00:00:00+00:00 [queued]>
[2023-10-30T19:26:09.662+0000] {taskinstance.py:1361} INFO - Starting attempt 1 of 5
[2023-10-30T19:26:09.692+0000] {taskinstance.py:1382} INFO - Executing <Task(BashOperator): asteroides-etl-task> on 2023-07-12 00:00:00+00:00
[2023-10-30T19:26:09.702+0000] {standard_task_runner.py:57} INFO - Started process 8576 to run task
[2023-10-30T19:26:09.708+0000] {standard_task_runner.py:84} INFO - Running: ['***', 'tasks', 'run', 'asteroides-etl-dag', 'asteroides-etl-task', 'scheduled__2023-07-12T00:00:00+00:00', '--job-id', '913', '--raw', '--subdir', 'DAGS_FOLDER/asteroides-etl_dag.py', '--cfg-path', '/tmp/tmpoayqx1wh']
[2023-10-30T19:26:09.712+0000] {standard_task_runner.py:85} INFO - Job 913: Subtask asteroides-etl-task
[2023-10-30T19:26:09.811+0000] {task_command.py:416} INFO - Running <TaskInstance: asteroides-etl-dag.asteroides-etl-task scheduled__2023-07-12T00:00:00+00:00 [running]> on host d87e86d3d093
[2023-10-30T19:26:09.992+0000] {taskinstance.py:1662} INFO - Exporting env vars: AIRFLOW_CTX_DAG_OWNER='Norman Ruiz' AIRFLOW_CTX_DAG_ID='asteroides-etl-dag' AIRFLOW_CTX_TASK_ID='asteroides-etl-task' AIRFLOW_CTX_EXECUTION_DATE='2023-07-12T00:00:00+00:00' AIRFLOW_CTX_TRY_NUMBER='1' AIRFLOW_CTX_DAG_RUN_ID='scheduled__2023-07-12T00:00:00+00:00'
[2023-10-30T19:26:09.997+0000] {subprocess.py:63} INFO - Tmp dir root location: /tmp
[2023-10-30T19:26:09.998+0000] {subprocess.py:75} INFO - Running command: ['/bin/bash', '-c', 'echo "Corrio !!!!"']
[2023-10-30T19:26:10.021+0000] {subprocess.py:86} INFO - Output:
[2023-10-30T19:26:10.024+0000] {subprocess.py:93} INFO - Corrio !!!!
[2023-10-30T19:26:10.025+0000] {subprocess.py:97} INFO - Command exited with return code 0
[2023-10-30T19:26:10.070+0000] {taskinstance.py:1400} INFO - Marking task as SUCCESS. dag_id=asteroides-etl-dag, task_id=asteroides-etl-task, execution_date=20230712T000000, start_date=20231030T192609, end_date=20231030T192610
[2023-10-30T19:26:10.127+0000] {local_task_job_runner.py:228} INFO - Task exited with return code 0
[2023-10-30T19:26:10.155+0000] {taskinstance.py:2778} INFO - 0 downstream tasks scheduled from follow-on schedule check
