[2023-10-30T15:23:25.575+0000] {taskinstance.py:1159} INFO - Dependencies all met for dep_context=non-requeueable deps ti=<TaskInstance: asteroides-etl-dag.asteroides-etl-task scheduled__2023-07-12T00:00:00+00:00 [queued]>
[2023-10-30T15:23:25.593+0000] {taskinstance.py:1159} INFO - Dependencies all met for dep_context=requeueable deps ti=<TaskInstance: asteroides-etl-dag.asteroides-etl-task scheduled__2023-07-12T00:00:00+00:00 [queued]>
[2023-10-30T15:23:25.593+0000] {taskinstance.py:1361} INFO - Starting attempt 3 of 5
[2023-10-30T15:23:25.760+0000] {taskinstance.py:1382} INFO - Executing <Task(BashOperator): asteroides-etl-task> on 2023-07-12 00:00:00+00:00
[2023-10-30T15:23:25.767+0000] {standard_task_runner.py:57} INFO - Started process 2689 to run task
[2023-10-30T15:23:25.772+0000] {standard_task_runner.py:84} INFO - Running: ['***', 'tasks', 'run', 'asteroides-etl-dag', 'asteroides-etl-task', 'scheduled__2023-07-12T00:00:00+00:00', '--job-id', '207', '--raw', '--subdir', 'DAGS_FOLDER/asteroides-etl_dag.py', '--cfg-path', '/tmp/tmpovcuch3m']
[2023-10-30T15:23:25.774+0000] {standard_task_runner.py:85} INFO - Job 207: Subtask asteroides-etl-task
[2023-10-30T15:23:25.858+0000] {task_command.py:416} INFO - Running <TaskInstance: asteroides-etl-dag.asteroides-etl-task scheduled__2023-07-12T00:00:00+00:00 [running]> on host d87e86d3d093
[2023-10-30T15:23:25.995+0000] {taskinstance.py:1662} INFO - Exporting env vars: AIRFLOW_CTX_DAG_OWNER='Norman Ruiz' AIRFLOW_CTX_DAG_ID='asteroides-etl-dag' AIRFLOW_CTX_TASK_ID='asteroides-etl-task' AIRFLOW_CTX_EXECUTION_DATE='2023-07-12T00:00:00+00:00' AIRFLOW_CTX_TRY_NUMBER='3' AIRFLOW_CTX_DAG_RUN_ID='scheduled__2023-07-12T00:00:00+00:00'
[2023-10-30T15:23:25.998+0000] {subprocess.py:63} INFO - Tmp dir root location: /tmp
[2023-10-30T15:23:26.000+0000] {subprocess.py:75} INFO - Running command: ['/bin/bash', '-c', 'docker run -i asteroides-etl']
[2023-10-30T15:23:26.025+0000] {subprocess.py:86} INFO - Output:
[2023-10-30T15:23:26.060+0000] {subprocess.py:93} INFO - docker: Cannot connect to the Docker daemon at unix:///var/run/docker.sock. Is the docker daemon running?.
[2023-10-30T15:23:26.061+0000] {subprocess.py:93} INFO - See 'docker run --help'.
[2023-10-30T15:23:26.067+0000] {subprocess.py:97} INFO - Command exited with return code 125
[2023-10-30T15:23:26.092+0000] {taskinstance.py:1937} ERROR - Task failed with exception
Traceback (most recent call last):
  File "/home/airflow/.local/lib/python3.8/site-packages/airflow/operators/bash.py", line 210, in execute
    raise AirflowException(
airflow.exceptions.AirflowException: Bash command failed. The command returned a non-zero exit code 125.
[2023-10-30T15:23:26.102+0000] {taskinstance.py:1400} INFO - Marking task as UP_FOR_RETRY. dag_id=asteroides-etl-dag, task_id=asteroides-etl-task, execution_date=20230712T000000, start_date=20231030T152325, end_date=20231030T152326
[2023-10-30T15:23:26.128+0000] {standard_task_runner.py:104} ERROR - Failed to execute job 207 for task asteroides-etl-task (Bash command failed. The command returned a non-zero exit code 125.; 2689)
[2023-10-30T15:23:26.151+0000] {local_task_job_runner.py:228} INFO - Task exited with return code 1
[2023-10-30T15:23:26.241+0000] {taskinstance.py:2778} INFO - 0 downstream tasks scheduled from follow-on schedule check
