[2023-10-30T01:02:20.296+0000] {taskinstance.py:1159} INFO - Dependencies all met for dep_context=non-requeueable deps ti=<TaskInstance: asteroides-etl-dag.asteroides-etl-task scheduled__2023-07-29T00:00:00+00:00 [queued]>
[2023-10-30T01:02:20.317+0000] {taskinstance.py:1159} INFO - Dependencies all met for dep_context=requeueable deps ti=<TaskInstance: asteroides-etl-dag.asteroides-etl-task scheduled__2023-07-29T00:00:00+00:00 [queued]>
[2023-10-30T01:02:20.318+0000] {taskinstance.py:1361} INFO - Starting attempt 1 of 5
[2023-10-30T01:02:20.401+0000] {taskinstance.py:1382} INFO - Executing <Task(BashOperator): asteroides-etl-task> on 2023-07-29 00:00:00+00:00
[2023-10-30T01:02:20.413+0000] {standard_task_runner.py:57} INFO - Started process 1554 to run task
[2023-10-30T01:02:20.419+0000] {standard_task_runner.py:84} INFO - Running: ['***', 'tasks', 'run', 'asteroides-etl-dag', 'asteroides-etl-task', 'scheduled__2023-07-29T00:00:00+00:00', '--job-id', '62', '--raw', '--subdir', 'DAGS_FOLDER/asteroides-etl_dag.py', '--cfg-path', '/tmp/tmpj8i218l2']
[2023-10-30T01:02:20.422+0000] {standard_task_runner.py:85} INFO - Job 62: Subtask asteroides-etl-task
[2023-10-30T01:02:20.525+0000] {task_command.py:416} INFO - Running <TaskInstance: asteroides-etl-dag.asteroides-etl-task scheduled__2023-07-29T00:00:00+00:00 [running]> on host ac9f9bef16c9
[2023-10-30T01:02:20.704+0000] {taskinstance.py:1662} INFO - Exporting env vars: AIRFLOW_CTX_DAG_OWNER='Norman Ruiz' AIRFLOW_CTX_DAG_ID='asteroides-etl-dag' AIRFLOW_CTX_TASK_ID='asteroides-etl-task' AIRFLOW_CTX_EXECUTION_DATE='2023-07-29T00:00:00+00:00' AIRFLOW_CTX_TRY_NUMBER='1' AIRFLOW_CTX_DAG_RUN_ID='scheduled__2023-07-29T00:00:00+00:00'
[2023-10-30T01:02:20.708+0000] {subprocess.py:63} INFO - Tmp dir root location: /tmp
[2023-10-30T01:02:20.709+0000] {subprocess.py:75} INFO - Running command: ['/bin/bash', '-c', 'echo ya casi lo tengo!!!!']
[2023-10-30T01:02:20.736+0000] {subprocess.py:86} INFO - Output:
[2023-10-30T01:02:20.740+0000] {subprocess.py:93} INFO - ya casi lo tengo!!!!
[2023-10-30T01:02:20.740+0000] {subprocess.py:97} INFO - Command exited with return code 0
[2023-10-30T01:02:20.786+0000] {taskinstance.py:1400} INFO - Marking task as SUCCESS. dag_id=asteroides-etl-dag, task_id=asteroides-etl-task, execution_date=20230729T000000, start_date=20231030T010220, end_date=20231030T010220
[2023-10-30T01:02:20.841+0000] {local_task_job_runner.py:228} INFO - Task exited with return code 0
[2023-10-30T01:02:20.879+0000] {taskinstance.py:2778} INFO - 0 downstream tasks scheduled from follow-on schedule check
[2023-10-30T15:27:35.052+0000] {taskinstance.py:1159} INFO - Dependencies all met for dep_context=non-requeueable deps ti=<TaskInstance: asteroides-etl-dag.asteroides-etl-task scheduled__2023-07-29T00:00:00+00:00 [queued]>
[2023-10-30T15:27:35.069+0000] {taskinstance.py:1159} INFO - Dependencies all met for dep_context=requeueable deps ti=<TaskInstance: asteroides-etl-dag.asteroides-etl-task scheduled__2023-07-29T00:00:00+00:00 [queued]>
[2023-10-30T15:27:35.070+0000] {taskinstance.py:1361} INFO - Starting attempt 1 of 5
[2023-10-30T15:27:35.111+0000] {taskinstance.py:1382} INFO - Executing <Task(BashOperator): asteroides-etl-task> on 2023-07-29 00:00:00+00:00
[2023-10-30T15:27:35.120+0000] {standard_task_runner.py:57} INFO - Started process 3280 to run task
[2023-10-30T15:27:35.124+0000] {standard_task_runner.py:84} INFO - Running: ['***', 'tasks', 'run', 'asteroides-etl-dag', 'asteroides-etl-task', 'scheduled__2023-07-29T00:00:00+00:00', '--job-id', '255', '--raw', '--subdir', 'DAGS_FOLDER/asteroides-etl_dag.py', '--cfg-path', '/tmp/tmpzkynadoa']
[2023-10-30T15:27:35.126+0000] {standard_task_runner.py:85} INFO - Job 255: Subtask asteroides-etl-task
[2023-10-30T15:27:35.208+0000] {task_command.py:416} INFO - Running <TaskInstance: asteroides-etl-dag.asteroides-etl-task scheduled__2023-07-29T00:00:00+00:00 [running]> on host d87e86d3d093
[2023-10-30T15:27:35.319+0000] {taskinstance.py:1662} INFO - Exporting env vars: AIRFLOW_CTX_DAG_OWNER='Norman Ruiz' AIRFLOW_CTX_DAG_ID='asteroides-etl-dag' AIRFLOW_CTX_TASK_ID='asteroides-etl-task' AIRFLOW_CTX_EXECUTION_DATE='2023-07-29T00:00:00+00:00' AIRFLOW_CTX_TRY_NUMBER='1' AIRFLOW_CTX_DAG_RUN_ID='scheduled__2023-07-29T00:00:00+00:00'
[2023-10-30T15:27:35.322+0000] {subprocess.py:63} INFO - Tmp dir root location: /tmp
[2023-10-30T15:27:35.324+0000] {subprocess.py:75} INFO - Running command: ['/bin/bash', '-c', 'docker run -i asteroides-etl']
[2023-10-30T15:27:35.343+0000] {subprocess.py:86} INFO - Output:
[2023-10-30T15:27:35.369+0000] {subprocess.py:93} INFO - docker: Cannot connect to the Docker daemon at unix:///var/run/docker.sock. Is the docker daemon running?.
[2023-10-30T15:27:35.370+0000] {subprocess.py:93} INFO - See 'docker run --help'.
[2023-10-30T15:27:35.372+0000] {subprocess.py:97} INFO - Command exited with return code 125
[2023-10-30T15:27:35.390+0000] {taskinstance.py:1937} ERROR - Task failed with exception
Traceback (most recent call last):
  File "/home/airflow/.local/lib/python3.8/site-packages/airflow/operators/bash.py", line 210, in execute
    raise AirflowException(
airflow.exceptions.AirflowException: Bash command failed. The command returned a non-zero exit code 125.
[2023-10-30T15:27:35.397+0000] {taskinstance.py:1400} INFO - Marking task as UP_FOR_RETRY. dag_id=asteroides-etl-dag, task_id=asteroides-etl-task, execution_date=20230729T000000, start_date=20231030T152735, end_date=20231030T152735
[2023-10-30T15:27:35.427+0000] {standard_task_runner.py:104} ERROR - Failed to execute job 255 for task asteroides-etl-task (Bash command failed. The command returned a non-zero exit code 125.; 3280)
[2023-10-30T15:27:35.458+0000] {local_task_job_runner.py:228} INFO - Task exited with return code 1
[2023-10-30T15:27:35.497+0000] {taskinstance.py:2778} INFO - 0 downstream tasks scheduled from follow-on schedule check
[2023-10-30T19:26:19.367+0000] {taskinstance.py:1159} INFO - Dependencies all met for dep_context=non-requeueable deps ti=<TaskInstance: asteroides-etl-dag.asteroides-etl-task scheduled__2023-07-29T00:00:00+00:00 [queued]>
[2023-10-30T19:26:19.381+0000] {taskinstance.py:1159} INFO - Dependencies all met for dep_context=requeueable deps ti=<TaskInstance: asteroides-etl-dag.asteroides-etl-task scheduled__2023-07-29T00:00:00+00:00 [queued]>
[2023-10-30T19:26:19.382+0000] {taskinstance.py:1361} INFO - Starting attempt 1 of 5
[2023-10-30T19:26:19.411+0000] {taskinstance.py:1382} INFO - Executing <Task(BashOperator): asteroides-etl-task> on 2023-07-29 00:00:00+00:00
[2023-10-30T19:26:19.419+0000] {standard_task_runner.py:57} INFO - Started process 8635 to run task
[2023-10-30T19:26:19.424+0000] {standard_task_runner.py:84} INFO - Running: ['***', 'tasks', 'run', 'asteroides-etl-dag', 'asteroides-etl-task', 'scheduled__2023-07-29T00:00:00+00:00', '--job-id', '930', '--raw', '--subdir', 'DAGS_FOLDER/asteroides-etl_dag.py', '--cfg-path', '/tmp/tmpfn8m65ti']
[2023-10-30T19:26:19.427+0000] {standard_task_runner.py:85} INFO - Job 930: Subtask asteroides-etl-task
[2023-10-30T19:26:19.498+0000] {task_command.py:416} INFO - Running <TaskInstance: asteroides-etl-dag.asteroides-etl-task scheduled__2023-07-29T00:00:00+00:00 [running]> on host d87e86d3d093
[2023-10-30T19:26:19.613+0000] {taskinstance.py:1662} INFO - Exporting env vars: AIRFLOW_CTX_DAG_OWNER='Norman Ruiz' AIRFLOW_CTX_DAG_ID='asteroides-etl-dag' AIRFLOW_CTX_TASK_ID='asteroides-etl-task' AIRFLOW_CTX_EXECUTION_DATE='2023-07-29T00:00:00+00:00' AIRFLOW_CTX_TRY_NUMBER='1' AIRFLOW_CTX_DAG_RUN_ID='scheduled__2023-07-29T00:00:00+00:00'
[2023-10-30T19:26:19.615+0000] {subprocess.py:63} INFO - Tmp dir root location: /tmp
[2023-10-30T19:26:19.616+0000] {subprocess.py:75} INFO - Running command: ['/bin/bash', '-c', 'echo "Corrio !!!!"']
[2023-10-30T19:26:19.631+0000] {subprocess.py:86} INFO - Output:
[2023-10-30T19:26:19.634+0000] {subprocess.py:93} INFO - Corrio !!!!
[2023-10-30T19:26:19.635+0000] {subprocess.py:97} INFO - Command exited with return code 0
[2023-10-30T19:26:19.666+0000] {taskinstance.py:1400} INFO - Marking task as SUCCESS. dag_id=asteroides-etl-dag, task_id=asteroides-etl-task, execution_date=20230729T000000, start_date=20231030T192619, end_date=20231030T192619
[2023-10-30T19:26:19.716+0000] {local_task_job_runner.py:228} INFO - Task exited with return code 0
[2023-10-30T19:26:19.737+0000] {taskinstance.py:2778} INFO - 0 downstream tasks scheduled from follow-on schedule check
