[2023-10-30T01:02:18.286+0000] {taskinstance.py:1159} INFO - Dependencies all met for dep_context=non-requeueable deps ti=<TaskInstance: asteroides-etl-dag.asteroides-etl-task scheduled__2023-07-26T00:00:00+00:00 [queued]>
[2023-10-30T01:02:18.305+0000] {taskinstance.py:1159} INFO - Dependencies all met for dep_context=requeueable deps ti=<TaskInstance: asteroides-etl-dag.asteroides-etl-task scheduled__2023-07-26T00:00:00+00:00 [queued]>
[2023-10-30T01:02:18.305+0000] {taskinstance.py:1361} INFO - Starting attempt 1 of 5
[2023-10-30T01:02:18.325+0000] {taskinstance.py:1382} INFO - Executing <Task(BashOperator): asteroides-etl-task> on 2023-07-26 00:00:00+00:00
[2023-10-30T01:02:18.334+0000] {standard_task_runner.py:57} INFO - Started process 1544 to run task
[2023-10-30T01:02:18.338+0000] {standard_task_runner.py:84} INFO - Running: ['***', 'tasks', 'run', 'asteroides-etl-dag', 'asteroides-etl-task', 'scheduled__2023-07-26T00:00:00+00:00', '--job-id', '59', '--raw', '--subdir', 'DAGS_FOLDER/asteroides-etl_dag.py', '--cfg-path', '/tmp/tmpubd2_ukz']
[2023-10-30T01:02:18.340+0000] {standard_task_runner.py:85} INFO - Job 59: Subtask asteroides-etl-task
[2023-10-30T01:02:18.406+0000] {task_command.py:416} INFO - Running <TaskInstance: asteroides-etl-dag.asteroides-etl-task scheduled__2023-07-26T00:00:00+00:00 [running]> on host ac9f9bef16c9
[2023-10-30T01:02:18.528+0000] {taskinstance.py:1662} INFO - Exporting env vars: AIRFLOW_CTX_DAG_OWNER='Norman Ruiz' AIRFLOW_CTX_DAG_ID='asteroides-etl-dag' AIRFLOW_CTX_TASK_ID='asteroides-etl-task' AIRFLOW_CTX_EXECUTION_DATE='2023-07-26T00:00:00+00:00' AIRFLOW_CTX_TRY_NUMBER='1' AIRFLOW_CTX_DAG_RUN_ID='scheduled__2023-07-26T00:00:00+00:00'
[2023-10-30T01:02:18.530+0000] {subprocess.py:63} INFO - Tmp dir root location: /tmp
[2023-10-30T01:02:18.532+0000] {subprocess.py:75} INFO - Running command: ['/bin/bash', '-c', 'echo ya casi lo tengo!!!!']
[2023-10-30T01:02:18.551+0000] {subprocess.py:86} INFO - Output:
[2023-10-30T01:02:18.554+0000] {subprocess.py:93} INFO - ya casi lo tengo!!!!
[2023-10-30T01:02:18.555+0000] {subprocess.py:97} INFO - Command exited with return code 0
[2023-10-30T01:02:18.594+0000] {taskinstance.py:1400} INFO - Marking task as SUCCESS. dag_id=asteroides-etl-dag, task_id=asteroides-etl-task, execution_date=20230726T000000, start_date=20231030T010218, end_date=20231030T010218
[2023-10-30T01:02:18.631+0000] {local_task_job_runner.py:228} INFO - Task exited with return code 0
[2023-10-30T01:02:18.655+0000] {taskinstance.py:2778} INFO - 0 downstream tasks scheduled from follow-on schedule check
[2023-10-30T15:27:34.067+0000] {taskinstance.py:1159} INFO - Dependencies all met for dep_context=non-requeueable deps ti=<TaskInstance: asteroides-etl-dag.asteroides-etl-task scheduled__2023-07-26T00:00:00+00:00 [queued]>
[2023-10-30T15:27:34.085+0000] {taskinstance.py:1159} INFO - Dependencies all met for dep_context=requeueable deps ti=<TaskInstance: asteroides-etl-dag.asteroides-etl-task scheduled__2023-07-26T00:00:00+00:00 [queued]>
[2023-10-30T15:27:34.086+0000] {taskinstance.py:1361} INFO - Starting attempt 1 of 5
[2023-10-30T15:27:34.109+0000] {taskinstance.py:1382} INFO - Executing <Task(BashOperator): asteroides-etl-task> on 2023-07-26 00:00:00+00:00
[2023-10-30T15:27:34.119+0000] {standard_task_runner.py:57} INFO - Started process 3243 to run task
[2023-10-30T15:27:34.125+0000] {standard_task_runner.py:84} INFO - Running: ['***', 'tasks', 'run', 'asteroides-etl-dag', 'asteroides-etl-task', 'scheduled__2023-07-26T00:00:00+00:00', '--job-id', '252', '--raw', '--subdir', 'DAGS_FOLDER/asteroides-etl_dag.py', '--cfg-path', '/tmp/tmp98408d12']
[2023-10-30T15:27:34.127+0000] {standard_task_runner.py:85} INFO - Job 252: Subtask asteroides-etl-task
[2023-10-30T15:27:34.208+0000] {task_command.py:416} INFO - Running <TaskInstance: asteroides-etl-dag.asteroides-etl-task scheduled__2023-07-26T00:00:00+00:00 [running]> on host d87e86d3d093
[2023-10-30T15:27:34.331+0000] {taskinstance.py:1662} INFO - Exporting env vars: AIRFLOW_CTX_DAG_OWNER='Norman Ruiz' AIRFLOW_CTX_DAG_ID='asteroides-etl-dag' AIRFLOW_CTX_TASK_ID='asteroides-etl-task' AIRFLOW_CTX_EXECUTION_DATE='2023-07-26T00:00:00+00:00' AIRFLOW_CTX_TRY_NUMBER='1' AIRFLOW_CTX_DAG_RUN_ID='scheduled__2023-07-26T00:00:00+00:00'
[2023-10-30T15:27:34.333+0000] {subprocess.py:63} INFO - Tmp dir root location: /tmp
[2023-10-30T15:27:34.335+0000] {subprocess.py:75} INFO - Running command: ['/bin/bash', '-c', 'docker run -i asteroides-etl']
[2023-10-30T15:27:34.353+0000] {subprocess.py:86} INFO - Output:
[2023-10-30T15:27:34.387+0000] {subprocess.py:93} INFO - docker: Cannot connect to the Docker daemon at unix:///var/run/docker.sock. Is the docker daemon running?.
[2023-10-30T15:27:34.387+0000] {subprocess.py:93} INFO - See 'docker run --help'.
[2023-10-30T15:27:34.391+0000] {subprocess.py:97} INFO - Command exited with return code 125
[2023-10-30T15:27:34.409+0000] {taskinstance.py:1937} ERROR - Task failed with exception
Traceback (most recent call last):
  File "/home/airflow/.local/lib/python3.8/site-packages/airflow/operators/bash.py", line 210, in execute
    raise AirflowException(
airflow.exceptions.AirflowException: Bash command failed. The command returned a non-zero exit code 125.
[2023-10-30T15:27:34.416+0000] {taskinstance.py:1400} INFO - Marking task as UP_FOR_RETRY. dag_id=asteroides-etl-dag, task_id=asteroides-etl-task, execution_date=20230726T000000, start_date=20231030T152734, end_date=20231030T152734
[2023-10-30T15:27:34.436+0000] {standard_task_runner.py:104} ERROR - Failed to execute job 252 for task asteroides-etl-task (Bash command failed. The command returned a non-zero exit code 125.; 3243)
[2023-10-30T15:27:34.462+0000] {local_task_job_runner.py:228} INFO - Task exited with return code 1
[2023-10-30T15:27:34.491+0000] {taskinstance.py:2778} INFO - 0 downstream tasks scheduled from follow-on schedule check
[2023-10-30T19:26:18.695+0000] {taskinstance.py:1159} INFO - Dependencies all met for dep_context=non-requeueable deps ti=<TaskInstance: asteroides-etl-dag.asteroides-etl-task scheduled__2023-07-26T00:00:00+00:00 [queued]>
[2023-10-30T19:26:18.714+0000] {taskinstance.py:1159} INFO - Dependencies all met for dep_context=requeueable deps ti=<TaskInstance: asteroides-etl-dag.asteroides-etl-task scheduled__2023-07-26T00:00:00+00:00 [queued]>
[2023-10-30T19:26:18.715+0000] {taskinstance.py:1361} INFO - Starting attempt 1 of 5
[2023-10-30T19:26:18.749+0000] {taskinstance.py:1382} INFO - Executing <Task(BashOperator): asteroides-etl-task> on 2023-07-26 00:00:00+00:00
[2023-10-30T19:26:18.761+0000] {standard_task_runner.py:57} INFO - Started process 8627 to run task
[2023-10-30T19:26:18.766+0000] {standard_task_runner.py:84} INFO - Running: ['***', 'tasks', 'run', 'asteroides-etl-dag', 'asteroides-etl-task', 'scheduled__2023-07-26T00:00:00+00:00', '--job-id', '927', '--raw', '--subdir', 'DAGS_FOLDER/asteroides-etl_dag.py', '--cfg-path', '/tmp/tmp97bnm0_p']
[2023-10-30T19:26:18.768+0000] {standard_task_runner.py:85} INFO - Job 927: Subtask asteroides-etl-task
[2023-10-30T19:26:18.874+0000] {task_command.py:416} INFO - Running <TaskInstance: asteroides-etl-dag.asteroides-etl-task scheduled__2023-07-26T00:00:00+00:00 [running]> on host d87e86d3d093
[2023-10-30T19:26:19.040+0000] {taskinstance.py:1662} INFO - Exporting env vars: AIRFLOW_CTX_DAG_OWNER='Norman Ruiz' AIRFLOW_CTX_DAG_ID='asteroides-etl-dag' AIRFLOW_CTX_TASK_ID='asteroides-etl-task' AIRFLOW_CTX_EXECUTION_DATE='2023-07-26T00:00:00+00:00' AIRFLOW_CTX_TRY_NUMBER='1' AIRFLOW_CTX_DAG_RUN_ID='scheduled__2023-07-26T00:00:00+00:00'
[2023-10-30T19:26:19.045+0000] {subprocess.py:63} INFO - Tmp dir root location: /tmp
[2023-10-30T19:26:19.047+0000] {subprocess.py:75} INFO - Running command: ['/bin/bash', '-c', 'echo "Corrio !!!!"']
[2023-10-30T19:26:19.071+0000] {subprocess.py:86} INFO - Output:
[2023-10-30T19:26:19.078+0000] {subprocess.py:93} INFO - Corrio !!!!
[2023-10-30T19:26:19.079+0000] {subprocess.py:97} INFO - Command exited with return code 0
[2023-10-30T19:26:19.126+0000] {taskinstance.py:1400} INFO - Marking task as SUCCESS. dag_id=asteroides-etl-dag, task_id=asteroides-etl-task, execution_date=20230726T000000, start_date=20231030T192618, end_date=20231030T192619
[2023-10-30T19:26:19.239+0000] {local_task_job_runner.py:228} INFO - Task exited with return code 0
[2023-10-30T19:26:19.266+0000] {taskinstance.py:2778} INFO - 0 downstream tasks scheduled from follow-on schedule check
