[2023-10-30T01:02:09.347+0000] {taskinstance.py:1159} INFO - Dependencies all met for dep_context=non-requeueable deps ti=<TaskInstance: asteroides-etl-dag.asteroides-etl-task scheduled__2023-07-08T00:00:00+00:00 [queued]>
[2023-10-30T01:02:09.363+0000] {taskinstance.py:1159} INFO - Dependencies all met for dep_context=requeueable deps ti=<TaskInstance: asteroides-etl-dag.asteroides-etl-task scheduled__2023-07-08T00:00:00+00:00 [queued]>
[2023-10-30T01:02:09.364+0000] {taskinstance.py:1361} INFO - Starting attempt 1 of 5
[2023-10-30T01:02:09.389+0000] {taskinstance.py:1382} INFO - Executing <Task(BashOperator): asteroides-etl-task> on 2023-07-08 00:00:00+00:00
[2023-10-30T01:02:09.399+0000] {standard_task_runner.py:57} INFO - Started process 1491 to run task
[2023-10-30T01:02:09.404+0000] {standard_task_runner.py:84} INFO - Running: ['***', 'tasks', 'run', 'asteroides-etl-dag', 'asteroides-etl-task', 'scheduled__2023-07-08T00:00:00+00:00', '--job-id', '41', '--raw', '--subdir', 'DAGS_FOLDER/asteroides-etl_dag.py', '--cfg-path', '/tmp/tmpkexh8re1']
[2023-10-30T01:02:09.406+0000] {standard_task_runner.py:85} INFO - Job 41: Subtask asteroides-etl-task
[2023-10-30T01:02:09.496+0000] {task_command.py:416} INFO - Running <TaskInstance: asteroides-etl-dag.asteroides-etl-task scheduled__2023-07-08T00:00:00+00:00 [running]> on host ac9f9bef16c9
[2023-10-30T01:02:09.651+0000] {taskinstance.py:1662} INFO - Exporting env vars: AIRFLOW_CTX_DAG_OWNER='Norman Ruiz' AIRFLOW_CTX_DAG_ID='asteroides-etl-dag' AIRFLOW_CTX_TASK_ID='asteroides-etl-task' AIRFLOW_CTX_EXECUTION_DATE='2023-07-08T00:00:00+00:00' AIRFLOW_CTX_TRY_NUMBER='1' AIRFLOW_CTX_DAG_RUN_ID='scheduled__2023-07-08T00:00:00+00:00'
[2023-10-30T01:02:09.655+0000] {subprocess.py:63} INFO - Tmp dir root location: /tmp
[2023-10-30T01:02:09.657+0000] {subprocess.py:75} INFO - Running command: ['/bin/bash', '-c', 'echo ya casi lo tengo!!!!']
[2023-10-30T01:02:09.682+0000] {subprocess.py:86} INFO - Output:
[2023-10-30T01:02:09.687+0000] {subprocess.py:93} INFO - ya casi lo tengo!!!!
[2023-10-30T01:02:09.691+0000] {subprocess.py:97} INFO - Command exited with return code 0
[2023-10-30T01:02:09.732+0000] {taskinstance.py:1400} INFO - Marking task as SUCCESS. dag_id=asteroides-etl-dag, task_id=asteroides-etl-task, execution_date=20230708T000000, start_date=20231030T010209, end_date=20231030T010209
[2023-10-30T01:02:09.780+0000] {local_task_job_runner.py:228} INFO - Task exited with return code 0
[2023-10-30T01:02:09.845+0000] {taskinstance.py:2778} INFO - 0 downstream tasks scheduled from follow-on schedule check
[2023-10-30T15:19:21.776+0000] {taskinstance.py:1159} INFO - Dependencies all met for dep_context=non-requeueable deps ti=<TaskInstance: asteroides-etl-dag.asteroides-etl-task scheduled__2023-07-08T00:00:00+00:00 [queued]>
[2023-10-30T15:19:21.798+0000] {taskinstance.py:1159} INFO - Dependencies all met for dep_context=requeueable deps ti=<TaskInstance: asteroides-etl-dag.asteroides-etl-task scheduled__2023-07-08T00:00:00+00:00 [queued]>
[2023-10-30T15:19:21.799+0000] {taskinstance.py:1361} INFO - Starting attempt 1 of 5
[2023-10-30T15:19:21.833+0000] {taskinstance.py:1382} INFO - Executing <Task(BashOperator): asteroides-etl-task> on 2023-07-08 00:00:00+00:00
[2023-10-30T15:19:21.843+0000] {standard_task_runner.py:57} INFO - Started process 2203 to run task
[2023-10-30T15:19:21.849+0000] {standard_task_runner.py:84} INFO - Running: ['***', 'tasks', 'run', 'asteroides-etl-dag', 'asteroides-etl-task', 'scheduled__2023-07-08T00:00:00+00:00', '--job-id', '170', '--raw', '--subdir', 'DAGS_FOLDER/asteroides-etl_dag.py', '--cfg-path', '/tmp/tmpraiwce9g']
[2023-10-30T15:19:21.852+0000] {standard_task_runner.py:85} INFO - Job 170: Subtask asteroides-etl-task
[2023-10-30T15:19:21.953+0000] {task_command.py:416} INFO - Running <TaskInstance: asteroides-etl-dag.asteroides-etl-task scheduled__2023-07-08T00:00:00+00:00 [running]> on host d87e86d3d093
[2023-10-30T15:19:22.069+0000] {taskinstance.py:1662} INFO - Exporting env vars: AIRFLOW_CTX_DAG_OWNER='Norman Ruiz' AIRFLOW_CTX_DAG_ID='asteroides-etl-dag' AIRFLOW_CTX_TASK_ID='asteroides-etl-task' AIRFLOW_CTX_EXECUTION_DATE='2023-07-08T00:00:00+00:00' AIRFLOW_CTX_TRY_NUMBER='1' AIRFLOW_CTX_DAG_RUN_ID='scheduled__2023-07-08T00:00:00+00:00'
[2023-10-30T15:19:22.072+0000] {subprocess.py:63} INFO - Tmp dir root location: /tmp
[2023-10-30T15:19:22.073+0000] {subprocess.py:75} INFO - Running command: ['/bin/bash', '-c', 'docker run -i asteroides-etl']
[2023-10-30T15:19:22.098+0000] {subprocess.py:86} INFO - Output:
[2023-10-30T15:19:22.157+0000] {subprocess.py:93} INFO - docker: Cannot connect to the Docker daemon at unix:///var/run/docker.sock. Is the docker daemon running?.
[2023-10-30T15:19:22.158+0000] {subprocess.py:93} INFO - See 'docker run --help'.
[2023-10-30T15:19:22.160+0000] {subprocess.py:97} INFO - Command exited with return code 125
[2023-10-30T15:19:22.185+0000] {taskinstance.py:1937} ERROR - Task failed with exception
Traceback (most recent call last):
  File "/home/airflow/.local/lib/python3.8/site-packages/airflow/operators/bash.py", line 210, in execute
    raise AirflowException(
airflow.exceptions.AirflowException: Bash command failed. The command returned a non-zero exit code 125.
[2023-10-30T15:19:22.191+0000] {taskinstance.py:1400} INFO - Marking task as UP_FOR_RETRY. dag_id=asteroides-etl-dag, task_id=asteroides-etl-task, execution_date=20230708T000000, start_date=20231030T151921, end_date=20231030T151922
[2023-10-30T15:19:22.215+0000] {standard_task_runner.py:104} ERROR - Failed to execute job 170 for task asteroides-etl-task (Bash command failed. The command returned a non-zero exit code 125.; 2203)
[2023-10-30T15:19:22.264+0000] {local_task_job_runner.py:228} INFO - Task exited with return code 1
[2023-10-30T15:19:22.407+0000] {taskinstance.py:2778} INFO - 0 downstream tasks scheduled from follow-on schedule check
[2023-10-30T19:25:26.453+0000] {taskinstance.py:1159} INFO - Dependencies all met for dep_context=non-requeueable deps ti=<TaskInstance: asteroides-etl-dag.asteroides-etl-task scheduled__2023-07-08T00:00:00+00:00 [queued]>
[2023-10-30T19:25:26.473+0000] {taskinstance.py:1159} INFO - Dependencies all met for dep_context=requeueable deps ti=<TaskInstance: asteroides-etl-dag.asteroides-etl-task scheduled__2023-07-08T00:00:00+00:00 [queued]>
[2023-10-30T19:25:26.474+0000] {taskinstance.py:1361} INFO - Starting attempt 1 of 5
[2023-10-30T19:25:26.499+0000] {taskinstance.py:1382} INFO - Executing <Task(BashOperator): asteroides-etl-task> on 2023-07-08 00:00:00+00:00
[2023-10-30T19:25:26.509+0000] {standard_task_runner.py:57} INFO - Started process 8405 to run task
[2023-10-30T19:25:26.514+0000] {standard_task_runner.py:84} INFO - Running: ['***', 'tasks', 'run', 'asteroides-etl-dag', 'asteroides-etl-task', 'scheduled__2023-07-08T00:00:00+00:00', '--job-id', '859', '--raw', '--subdir', 'DAGS_FOLDER/asteroides-etl_dag.py', '--cfg-path', '/tmp/tmpq0nht_s9']
[2023-10-30T19:25:26.516+0000] {standard_task_runner.py:85} INFO - Job 859: Subtask asteroides-etl-task
[2023-10-30T19:25:26.593+0000] {task_command.py:416} INFO - Running <TaskInstance: asteroides-etl-dag.asteroides-etl-task scheduled__2023-07-08T00:00:00+00:00 [running]> on host d87e86d3d093
[2023-10-30T19:25:26.738+0000] {taskinstance.py:1662} INFO - Exporting env vars: AIRFLOW_CTX_DAG_OWNER='Norman Ruiz' AIRFLOW_CTX_DAG_ID='asteroides-etl-dag' AIRFLOW_CTX_TASK_ID='asteroides-etl-task' AIRFLOW_CTX_EXECUTION_DATE='2023-07-08T00:00:00+00:00' AIRFLOW_CTX_TRY_NUMBER='1' AIRFLOW_CTX_DAG_RUN_ID='scheduled__2023-07-08T00:00:00+00:00'
[2023-10-30T19:25:26.740+0000] {subprocess.py:63} INFO - Tmp dir root location: /tmp
[2023-10-30T19:25:26.742+0000] {subprocess.py:75} INFO - Running command: ['/bin/bash', '-c', 'echo "Corrio !!!!"']
[2023-10-30T19:25:26.759+0000] {subprocess.py:86} INFO - Output:
[2023-10-30T19:25:26.762+0000] {subprocess.py:93} INFO - Corrio !!!!
[2023-10-30T19:25:26.763+0000] {subprocess.py:97} INFO - Command exited with return code 0
[2023-10-30T19:25:26.794+0000] {taskinstance.py:1400} INFO - Marking task as SUCCESS. dag_id=asteroides-etl-dag, task_id=asteroides-etl-task, execution_date=20230708T000000, start_date=20231030T192526, end_date=20231030T192526
[2023-10-30T19:25:26.854+0000] {local_task_job_runner.py:228} INFO - Task exited with return code 0
[2023-10-30T19:25:26.878+0000] {taskinstance.py:2778} INFO - 0 downstream tasks scheduled from follow-on schedule check
[2023-10-30T19:26:06.818+0000] {taskinstance.py:1159} INFO - Dependencies all met for dep_context=non-requeueable deps ti=<TaskInstance: asteroides-etl-dag.asteroides-etl-task scheduled__2023-07-08T00:00:00+00:00 [queued]>
[2023-10-30T19:26:06.839+0000] {taskinstance.py:1159} INFO - Dependencies all met for dep_context=requeueable deps ti=<TaskInstance: asteroides-etl-dag.asteroides-etl-task scheduled__2023-07-08T00:00:00+00:00 [queued]>
[2023-10-30T19:26:06.839+0000] {taskinstance.py:1361} INFO - Starting attempt 1 of 5
[2023-10-30T19:26:06.899+0000] {taskinstance.py:1382} INFO - Executing <Task(BashOperator): asteroides-etl-task> on 2023-07-08 00:00:00+00:00
[2023-10-30T19:26:06.908+0000] {standard_task_runner.py:57} INFO - Started process 8564 to run task
[2023-10-30T19:26:06.914+0000] {standard_task_runner.py:84} INFO - Running: ['***', 'tasks', 'run', 'asteroides-etl-dag', 'asteroides-etl-task', 'scheduled__2023-07-08T00:00:00+00:00', '--job-id', '909', '--raw', '--subdir', 'DAGS_FOLDER/asteroides-etl_dag.py', '--cfg-path', '/tmp/tmp59831ke6']
[2023-10-30T19:26:06.916+0000] {standard_task_runner.py:85} INFO - Job 909: Subtask asteroides-etl-task
[2023-10-30T19:26:07.000+0000] {task_command.py:416} INFO - Running <TaskInstance: asteroides-etl-dag.asteroides-etl-task scheduled__2023-07-08T00:00:00+00:00 [running]> on host d87e86d3d093
[2023-10-30T19:26:07.147+0000] {taskinstance.py:1662} INFO - Exporting env vars: AIRFLOW_CTX_DAG_OWNER='Norman Ruiz' AIRFLOW_CTX_DAG_ID='asteroides-etl-dag' AIRFLOW_CTX_TASK_ID='asteroides-etl-task' AIRFLOW_CTX_EXECUTION_DATE='2023-07-08T00:00:00+00:00' AIRFLOW_CTX_TRY_NUMBER='1' AIRFLOW_CTX_DAG_RUN_ID='scheduled__2023-07-08T00:00:00+00:00'
[2023-10-30T19:26:07.150+0000] {subprocess.py:63} INFO - Tmp dir root location: /tmp
[2023-10-30T19:26:07.151+0000] {subprocess.py:75} INFO - Running command: ['/bin/bash', '-c', 'echo "Corrio !!!!"']
[2023-10-30T19:26:07.171+0000] {subprocess.py:86} INFO - Output:
[2023-10-30T19:26:07.175+0000] {subprocess.py:93} INFO - Corrio !!!!
[2023-10-30T19:26:07.176+0000] {subprocess.py:97} INFO - Command exited with return code 0
[2023-10-30T19:26:07.214+0000] {taskinstance.py:1400} INFO - Marking task as SUCCESS. dag_id=asteroides-etl-dag, task_id=asteroides-etl-task, execution_date=20230708T000000, start_date=20231030T192606, end_date=20231030T192607
[2023-10-30T19:26:07.254+0000] {local_task_job_runner.py:228} INFO - Task exited with return code 0
[2023-10-30T19:26:07.278+0000] {taskinstance.py:2778} INFO - 0 downstream tasks scheduled from follow-on schedule check
