[2023-10-30T01:02:06.290+0000] {taskinstance.py:1159} INFO - Dependencies all met for dep_context=non-requeueable deps ti=<TaskInstance: asteroides-etl-dag.asteroides-etl-task scheduled__2023-07-04T00:00:00+00:00 [queued]>
[2023-10-30T01:02:06.315+0000] {taskinstance.py:1159} INFO - Dependencies all met for dep_context=requeueable deps ti=<TaskInstance: asteroides-etl-dag.asteroides-etl-task scheduled__2023-07-04T00:00:00+00:00 [queued]>
[2023-10-30T01:02:06.317+0000] {taskinstance.py:1361} INFO - Starting attempt 1 of 5
[2023-10-30T01:02:06.360+0000] {taskinstance.py:1382} INFO - Executing <Task(BashOperator): asteroides-etl-task> on 2023-07-04 00:00:00+00:00
[2023-10-30T01:02:06.375+0000] {standard_task_runner.py:57} INFO - Started process 1479 to run task
[2023-10-30T01:02:06.386+0000] {standard_task_runner.py:84} INFO - Running: ['***', 'tasks', 'run', 'asteroides-etl-dag', 'asteroides-etl-task', 'scheduled__2023-07-04T00:00:00+00:00', '--job-id', '37', '--raw', '--subdir', 'DAGS_FOLDER/asteroides-etl_dag.py', '--cfg-path', '/tmp/tmp75s8rijf']
[2023-10-30T01:02:06.390+0000] {standard_task_runner.py:85} INFO - Job 37: Subtask asteroides-etl-task
[2023-10-30T01:02:06.506+0000] {task_command.py:416} INFO - Running <TaskInstance: asteroides-etl-dag.asteroides-etl-task scheduled__2023-07-04T00:00:00+00:00 [running]> on host ac9f9bef16c9
[2023-10-30T01:02:06.722+0000] {taskinstance.py:1662} INFO - Exporting env vars: AIRFLOW_CTX_DAG_OWNER='Norman Ruiz' AIRFLOW_CTX_DAG_ID='asteroides-etl-dag' AIRFLOW_CTX_TASK_ID='asteroides-etl-task' AIRFLOW_CTX_EXECUTION_DATE='2023-07-04T00:00:00+00:00' AIRFLOW_CTX_TRY_NUMBER='1' AIRFLOW_CTX_DAG_RUN_ID='scheduled__2023-07-04T00:00:00+00:00'
[2023-10-30T01:02:06.728+0000] {subprocess.py:63} INFO - Tmp dir root location: /tmp
[2023-10-30T01:02:06.732+0000] {subprocess.py:75} INFO - Running command: ['/bin/bash', '-c', 'echo ya casi lo tengo!!!!']
[2023-10-30T01:02:06.761+0000] {subprocess.py:86} INFO - Output:
[2023-10-30T01:02:06.767+0000] {subprocess.py:93} INFO - ya casi lo tengo!!!!
[2023-10-30T01:02:06.769+0000] {subprocess.py:97} INFO - Command exited with return code 0
[2023-10-30T01:02:06.834+0000] {taskinstance.py:1400} INFO - Marking task as SUCCESS. dag_id=asteroides-etl-dag, task_id=asteroides-etl-task, execution_date=20230704T000000, start_date=20231030T010206, end_date=20231030T010206
[2023-10-30T01:02:06.890+0000] {local_task_job_runner.py:228} INFO - Task exited with return code 0
[2023-10-30T01:02:06.925+0000] {taskinstance.py:2778} INFO - 0 downstream tasks scheduled from follow-on schedule check
[2023-10-30T15:19:20.621+0000] {taskinstance.py:1159} INFO - Dependencies all met for dep_context=non-requeueable deps ti=<TaskInstance: asteroides-etl-dag.asteroides-etl-task scheduled__2023-07-04T00:00:00+00:00 [queued]>
[2023-10-30T15:19:20.642+0000] {taskinstance.py:1159} INFO - Dependencies all met for dep_context=requeueable deps ti=<TaskInstance: asteroides-etl-dag.asteroides-etl-task scheduled__2023-07-04T00:00:00+00:00 [queued]>
[2023-10-30T15:19:20.643+0000] {taskinstance.py:1361} INFO - Starting attempt 1 of 5
[2023-10-30T15:19:20.744+0000] {taskinstance.py:1382} INFO - Executing <Task(BashOperator): asteroides-etl-task> on 2023-07-04 00:00:00+00:00
[2023-10-30T15:19:20.756+0000] {standard_task_runner.py:57} INFO - Started process 2155 to run task
[2023-10-30T15:19:20.763+0000] {standard_task_runner.py:84} INFO - Running: ['***', 'tasks', 'run', 'asteroides-etl-dag', 'asteroides-etl-task', 'scheduled__2023-07-04T00:00:00+00:00', '--job-id', '166', '--raw', '--subdir', 'DAGS_FOLDER/asteroides-etl_dag.py', '--cfg-path', '/tmp/tmpwq4a6kyz']
[2023-10-30T15:19:20.766+0000] {standard_task_runner.py:85} INFO - Job 166: Subtask asteroides-etl-task
[2023-10-30T15:19:20.883+0000] {task_command.py:416} INFO - Running <TaskInstance: asteroides-etl-dag.asteroides-etl-task scheduled__2023-07-04T00:00:00+00:00 [running]> on host d87e86d3d093
[2023-10-30T15:19:21.043+0000] {taskinstance.py:1662} INFO - Exporting env vars: AIRFLOW_CTX_DAG_OWNER='Norman Ruiz' AIRFLOW_CTX_DAG_ID='asteroides-etl-dag' AIRFLOW_CTX_TASK_ID='asteroides-etl-task' AIRFLOW_CTX_EXECUTION_DATE='2023-07-04T00:00:00+00:00' AIRFLOW_CTX_TRY_NUMBER='1' AIRFLOW_CTX_DAG_RUN_ID='scheduled__2023-07-04T00:00:00+00:00'
[2023-10-30T15:19:21.045+0000] {subprocess.py:63} INFO - Tmp dir root location: /tmp
[2023-10-30T15:19:21.046+0000] {subprocess.py:75} INFO - Running command: ['/bin/bash', '-c', 'docker run -i asteroides-etl']
[2023-10-30T15:19:21.071+0000] {subprocess.py:86} INFO - Output:
[2023-10-30T15:19:21.120+0000] {subprocess.py:93} INFO - docker: Cannot connect to the Docker daemon at unix:///var/run/docker.sock. Is the docker daemon running?.
[2023-10-30T15:19:21.120+0000] {subprocess.py:93} INFO - See 'docker run --help'.
[2023-10-30T15:19:21.125+0000] {subprocess.py:97} INFO - Command exited with return code 125
[2023-10-30T15:19:21.148+0000] {taskinstance.py:1937} ERROR - Task failed with exception
Traceback (most recent call last):
  File "/home/airflow/.local/lib/python3.8/site-packages/airflow/operators/bash.py", line 210, in execute
    raise AirflowException(
airflow.exceptions.AirflowException: Bash command failed. The command returned a non-zero exit code 125.
[2023-10-30T15:19:21.155+0000] {taskinstance.py:1400} INFO - Marking task as UP_FOR_RETRY. dag_id=asteroides-etl-dag, task_id=asteroides-etl-task, execution_date=20230704T000000, start_date=20231030T151920, end_date=20231030T151921
[2023-10-30T15:19:21.182+0000] {standard_task_runner.py:104} ERROR - Failed to execute job 166 for task asteroides-etl-task (Bash command failed. The command returned a non-zero exit code 125.; 2155)
[2023-10-30T15:19:21.220+0000] {local_task_job_runner.py:228} INFO - Task exited with return code 1
[2023-10-30T15:19:21.259+0000] {taskinstance.py:2778} INFO - 0 downstream tasks scheduled from follow-on schedule check
[2023-10-30T19:25:25.357+0000] {taskinstance.py:1159} INFO - Dependencies all met for dep_context=non-requeueable deps ti=<TaskInstance: asteroides-etl-dag.asteroides-etl-task scheduled__2023-07-04T00:00:00+00:00 [queued]>
[2023-10-30T19:25:25.380+0000] {taskinstance.py:1159} INFO - Dependencies all met for dep_context=requeueable deps ti=<TaskInstance: asteroides-etl-dag.asteroides-etl-task scheduled__2023-07-04T00:00:00+00:00 [queued]>
[2023-10-30T19:25:25.381+0000] {taskinstance.py:1361} INFO - Starting attempt 1 of 5
[2023-10-30T19:25:25.453+0000] {taskinstance.py:1382} INFO - Executing <Task(BashOperator): asteroides-etl-task> on 2023-07-04 00:00:00+00:00
[2023-10-30T19:25:25.471+0000] {standard_task_runner.py:57} INFO - Started process 8394 to run task
[2023-10-30T19:25:25.477+0000] {standard_task_runner.py:84} INFO - Running: ['***', 'tasks', 'run', 'asteroides-etl-dag', 'asteroides-etl-task', 'scheduled__2023-07-04T00:00:00+00:00', '--job-id', '855', '--raw', '--subdir', 'DAGS_FOLDER/asteroides-etl_dag.py', '--cfg-path', '/tmp/tmp3d9na_37']
[2023-10-30T19:25:25.479+0000] {standard_task_runner.py:85} INFO - Job 855: Subtask asteroides-etl-task
[2023-10-30T19:25:25.580+0000] {task_command.py:416} INFO - Running <TaskInstance: asteroides-etl-dag.asteroides-etl-task scheduled__2023-07-04T00:00:00+00:00 [running]> on host d87e86d3d093
[2023-10-30T19:25:25.732+0000] {taskinstance.py:1662} INFO - Exporting env vars: AIRFLOW_CTX_DAG_OWNER='Norman Ruiz' AIRFLOW_CTX_DAG_ID='asteroides-etl-dag' AIRFLOW_CTX_TASK_ID='asteroides-etl-task' AIRFLOW_CTX_EXECUTION_DATE='2023-07-04T00:00:00+00:00' AIRFLOW_CTX_TRY_NUMBER='1' AIRFLOW_CTX_DAG_RUN_ID='scheduled__2023-07-04T00:00:00+00:00'
[2023-10-30T19:25:25.734+0000] {subprocess.py:63} INFO - Tmp dir root location: /tmp
[2023-10-30T19:25:25.736+0000] {subprocess.py:75} INFO - Running command: ['/bin/bash', '-c', 'echo "Corrio !!!!"']
[2023-10-30T19:25:25.758+0000] {subprocess.py:86} INFO - Output:
[2023-10-30T19:25:25.762+0000] {subprocess.py:93} INFO - Corrio !!!!
[2023-10-30T19:25:25.763+0000] {subprocess.py:97} INFO - Command exited with return code 0
[2023-10-30T19:25:25.815+0000] {taskinstance.py:1400} INFO - Marking task as SUCCESS. dag_id=asteroides-etl-dag, task_id=asteroides-etl-task, execution_date=20230704T000000, start_date=20231030T192525, end_date=20231030T192525
[2023-10-30T19:25:25.894+0000] {local_task_job_runner.py:228} INFO - Task exited with return code 0
[2023-10-30T19:25:25.948+0000] {taskinstance.py:2778} INFO - 0 downstream tasks scheduled from follow-on schedule check
[2023-10-30T19:26:03.595+0000] {taskinstance.py:1159} INFO - Dependencies all met for dep_context=non-requeueable deps ti=<TaskInstance: asteroides-etl-dag.asteroides-etl-task scheduled__2023-07-04T00:00:00+00:00 [queued]>
[2023-10-30T19:26:03.611+0000] {taskinstance.py:1159} INFO - Dependencies all met for dep_context=requeueable deps ti=<TaskInstance: asteroides-etl-dag.asteroides-etl-task scheduled__2023-07-04T00:00:00+00:00 [queued]>
[2023-10-30T19:26:03.611+0000] {taskinstance.py:1361} INFO - Starting attempt 1 of 5
[2023-10-30T19:26:03.636+0000] {taskinstance.py:1382} INFO - Executing <Task(BashOperator): asteroides-etl-task> on 2023-07-04 00:00:00+00:00
[2023-10-30T19:26:03.644+0000] {standard_task_runner.py:57} INFO - Started process 8551 to run task
[2023-10-30T19:26:03.648+0000] {standard_task_runner.py:84} INFO - Running: ['***', 'tasks', 'run', 'asteroides-etl-dag', 'asteroides-etl-task', 'scheduled__2023-07-04T00:00:00+00:00', '--job-id', '905', '--raw', '--subdir', 'DAGS_FOLDER/asteroides-etl_dag.py', '--cfg-path', '/tmp/tmp0glbn2sc']
[2023-10-30T19:26:03.650+0000] {standard_task_runner.py:85} INFO - Job 905: Subtask asteroides-etl-task
[2023-10-30T19:26:03.718+0000] {task_command.py:416} INFO - Running <TaskInstance: asteroides-etl-dag.asteroides-etl-task scheduled__2023-07-04T00:00:00+00:00 [running]> on host d87e86d3d093
[2023-10-30T19:26:03.847+0000] {taskinstance.py:1662} INFO - Exporting env vars: AIRFLOW_CTX_DAG_OWNER='Norman Ruiz' AIRFLOW_CTX_DAG_ID='asteroides-etl-dag' AIRFLOW_CTX_TASK_ID='asteroides-etl-task' AIRFLOW_CTX_EXECUTION_DATE='2023-07-04T00:00:00+00:00' AIRFLOW_CTX_TRY_NUMBER='1' AIRFLOW_CTX_DAG_RUN_ID='scheduled__2023-07-04T00:00:00+00:00'
[2023-10-30T19:26:03.849+0000] {subprocess.py:63} INFO - Tmp dir root location: /tmp
[2023-10-30T19:26:03.850+0000] {subprocess.py:75} INFO - Running command: ['/bin/bash', '-c', 'echo "Corrio !!!!"']
[2023-10-30T19:26:03.867+0000] {subprocess.py:86} INFO - Output:
[2023-10-30T19:26:03.869+0000] {subprocess.py:93} INFO - Corrio !!!!
[2023-10-30T19:26:03.870+0000] {subprocess.py:97} INFO - Command exited with return code 0
[2023-10-30T19:26:03.903+0000] {taskinstance.py:1400} INFO - Marking task as SUCCESS. dag_id=asteroides-etl-dag, task_id=asteroides-etl-task, execution_date=20230704T000000, start_date=20231030T192603, end_date=20231030T192603
[2023-10-30T19:26:03.941+0000] {local_task_job_runner.py:228} INFO - Task exited with return code 0
[2023-10-30T19:26:03.963+0000] {taskinstance.py:2778} INFO - 0 downstream tasks scheduled from follow-on schedule check
