[2023-10-30T01:02:06.606+0000] {taskinstance.py:1159} INFO - Dependencies all met for dep_context=non-requeueable deps ti=<TaskInstance: asteroides-etl-dag.asteroides-etl-task scheduled__2023-07-05T00:00:00+00:00 [queued]>
[2023-10-30T01:02:06.632+0000] {taskinstance.py:1159} INFO - Dependencies all met for dep_context=requeueable deps ti=<TaskInstance: asteroides-etl-dag.asteroides-etl-task scheduled__2023-07-05T00:00:00+00:00 [queued]>
[2023-10-30T01:02:06.633+0000] {taskinstance.py:1361} INFO - Starting attempt 1 of 5
[2023-10-30T01:02:06.661+0000] {taskinstance.py:1382} INFO - Executing <Task(BashOperator): asteroides-etl-task> on 2023-07-05 00:00:00+00:00
[2023-10-30T01:02:06.672+0000] {standard_task_runner.py:57} INFO - Started process 1481 to run task
[2023-10-30T01:02:06.678+0000] {standard_task_runner.py:84} INFO - Running: ['***', 'tasks', 'run', 'asteroides-etl-dag', 'asteroides-etl-task', 'scheduled__2023-07-05T00:00:00+00:00', '--job-id', '38', '--raw', '--subdir', 'DAGS_FOLDER/asteroides-etl_dag.py', '--cfg-path', '/tmp/tmpdvkm81p9']
[2023-10-30T01:02:06.681+0000] {standard_task_runner.py:85} INFO - Job 38: Subtask asteroides-etl-task
[2023-10-30T01:02:06.811+0000] {task_command.py:416} INFO - Running <TaskInstance: asteroides-etl-dag.asteroides-etl-task scheduled__2023-07-05T00:00:00+00:00 [running]> on host ac9f9bef16c9
[2023-10-30T01:02:06.987+0000] {taskinstance.py:1662} INFO - Exporting env vars: AIRFLOW_CTX_DAG_OWNER='Norman Ruiz' AIRFLOW_CTX_DAG_ID='asteroides-etl-dag' AIRFLOW_CTX_TASK_ID='asteroides-etl-task' AIRFLOW_CTX_EXECUTION_DATE='2023-07-05T00:00:00+00:00' AIRFLOW_CTX_TRY_NUMBER='1' AIRFLOW_CTX_DAG_RUN_ID='scheduled__2023-07-05T00:00:00+00:00'
[2023-10-30T01:02:06.989+0000] {subprocess.py:63} INFO - Tmp dir root location: /tmp
[2023-10-30T01:02:06.990+0000] {subprocess.py:75} INFO - Running command: ['/bin/bash', '-c', 'echo ya casi lo tengo!!!!']
[2023-10-30T01:02:07.010+0000] {subprocess.py:86} INFO - Output:
[2023-10-30T01:02:07.013+0000] {subprocess.py:93} INFO - ya casi lo tengo!!!!
[2023-10-30T01:02:07.014+0000] {subprocess.py:97} INFO - Command exited with return code 0
[2023-10-30T01:02:07.052+0000] {taskinstance.py:1400} INFO - Marking task as SUCCESS. dag_id=asteroides-etl-dag, task_id=asteroides-etl-task, execution_date=20230705T000000, start_date=20231030T010206, end_date=20231030T010207
[2023-10-30T01:02:07.098+0000] {local_task_job_runner.py:228} INFO - Task exited with return code 0
[2023-10-30T01:02:07.130+0000] {taskinstance.py:2778} INFO - 0 downstream tasks scheduled from follow-on schedule check
[2023-10-30T15:19:20.856+0000] {taskinstance.py:1159} INFO - Dependencies all met for dep_context=non-requeueable deps ti=<TaskInstance: asteroides-etl-dag.asteroides-etl-task scheduled__2023-07-05T00:00:00+00:00 [queued]>
[2023-10-30T15:19:20.877+0000] {taskinstance.py:1159} INFO - Dependencies all met for dep_context=requeueable deps ti=<TaskInstance: asteroides-etl-dag.asteroides-etl-task scheduled__2023-07-05T00:00:00+00:00 [queued]>
[2023-10-30T15:19:20.878+0000] {taskinstance.py:1361} INFO - Starting attempt 1 of 5
[2023-10-30T15:19:20.910+0000] {taskinstance.py:1382} INFO - Executing <Task(BashOperator): asteroides-etl-task> on 2023-07-05 00:00:00+00:00
[2023-10-30T15:19:20.922+0000] {standard_task_runner.py:57} INFO - Started process 2163 to run task
[2023-10-30T15:19:20.927+0000] {standard_task_runner.py:84} INFO - Running: ['***', 'tasks', 'run', 'asteroides-etl-dag', 'asteroides-etl-task', 'scheduled__2023-07-05T00:00:00+00:00', '--job-id', '167', '--raw', '--subdir', 'DAGS_FOLDER/asteroides-etl_dag.py', '--cfg-path', '/tmp/tmpo799lcde']
[2023-10-30T15:19:20.929+0000] {standard_task_runner.py:85} INFO - Job 167: Subtask asteroides-etl-task
[2023-10-30T15:19:21.026+0000] {task_command.py:416} INFO - Running <TaskInstance: asteroides-etl-dag.asteroides-etl-task scheduled__2023-07-05T00:00:00+00:00 [running]> on host d87e86d3d093
[2023-10-30T15:19:21.213+0000] {taskinstance.py:1662} INFO - Exporting env vars: AIRFLOW_CTX_DAG_OWNER='Norman Ruiz' AIRFLOW_CTX_DAG_ID='asteroides-etl-dag' AIRFLOW_CTX_TASK_ID='asteroides-etl-task' AIRFLOW_CTX_EXECUTION_DATE='2023-07-05T00:00:00+00:00' AIRFLOW_CTX_TRY_NUMBER='1' AIRFLOW_CTX_DAG_RUN_ID='scheduled__2023-07-05T00:00:00+00:00'
[2023-10-30T15:19:21.219+0000] {subprocess.py:63} INFO - Tmp dir root location: /tmp
[2023-10-30T15:19:21.222+0000] {subprocess.py:75} INFO - Running command: ['/bin/bash', '-c', 'docker run -i asteroides-etl']
[2023-10-30T15:19:21.249+0000] {subprocess.py:86} INFO - Output:
[2023-10-30T15:19:21.299+0000] {subprocess.py:93} INFO - docker: Cannot connect to the Docker daemon at unix:///var/run/docker.sock. Is the docker daemon running?.
[2023-10-30T15:19:21.299+0000] {subprocess.py:93} INFO - See 'docker run --help'.
[2023-10-30T15:19:21.304+0000] {subprocess.py:97} INFO - Command exited with return code 125
[2023-10-30T15:19:21.327+0000] {taskinstance.py:1937} ERROR - Task failed with exception
Traceback (most recent call last):
  File "/home/airflow/.local/lib/python3.8/site-packages/airflow/operators/bash.py", line 210, in execute
    raise AirflowException(
airflow.exceptions.AirflowException: Bash command failed. The command returned a non-zero exit code 125.
[2023-10-30T15:19:21.337+0000] {taskinstance.py:1400} INFO - Marking task as UP_FOR_RETRY. dag_id=asteroides-etl-dag, task_id=asteroides-etl-task, execution_date=20230705T000000, start_date=20231030T151920, end_date=20231030T151921
[2023-10-30T15:19:21.361+0000] {standard_task_runner.py:104} ERROR - Failed to execute job 167 for task asteroides-etl-task (Bash command failed. The command returned a non-zero exit code 125.; 2163)
[2023-10-30T15:19:21.387+0000] {local_task_job_runner.py:228} INFO - Task exited with return code 1
[2023-10-30T15:19:21.420+0000] {taskinstance.py:2778} INFO - 0 downstream tasks scheduled from follow-on schedule check
[2023-10-30T19:25:25.639+0000] {taskinstance.py:1159} INFO - Dependencies all met for dep_context=non-requeueable deps ti=<TaskInstance: asteroides-etl-dag.asteroides-etl-task scheduled__2023-07-05T00:00:00+00:00 [queued]>
[2023-10-30T19:25:25.660+0000] {taskinstance.py:1159} INFO - Dependencies all met for dep_context=requeueable deps ti=<TaskInstance: asteroides-etl-dag.asteroides-etl-task scheduled__2023-07-05T00:00:00+00:00 [queued]>
[2023-10-30T19:25:25.661+0000] {taskinstance.py:1361} INFO - Starting attempt 1 of 5
[2023-10-30T19:25:25.765+0000] {taskinstance.py:1382} INFO - Executing <Task(BashOperator): asteroides-etl-task> on 2023-07-05 00:00:00+00:00
[2023-10-30T19:25:25.780+0000] {standard_task_runner.py:57} INFO - Started process 8398 to run task
[2023-10-30T19:25:25.789+0000] {standard_task_runner.py:84} INFO - Running: ['***', 'tasks', 'run', 'asteroides-etl-dag', 'asteroides-etl-task', 'scheduled__2023-07-05T00:00:00+00:00', '--job-id', '856', '--raw', '--subdir', 'DAGS_FOLDER/asteroides-etl_dag.py', '--cfg-path', '/tmp/tmpf_i_64ce']
[2023-10-30T19:25:25.791+0000] {standard_task_runner.py:85} INFO - Job 856: Subtask asteroides-etl-task
[2023-10-30T19:25:25.923+0000] {task_command.py:416} INFO - Running <TaskInstance: asteroides-etl-dag.asteroides-etl-task scheduled__2023-07-05T00:00:00+00:00 [running]> on host d87e86d3d093
[2023-10-30T19:25:26.120+0000] {taskinstance.py:1662} INFO - Exporting env vars: AIRFLOW_CTX_DAG_OWNER='Norman Ruiz' AIRFLOW_CTX_DAG_ID='asteroides-etl-dag' AIRFLOW_CTX_TASK_ID='asteroides-etl-task' AIRFLOW_CTX_EXECUTION_DATE='2023-07-05T00:00:00+00:00' AIRFLOW_CTX_TRY_NUMBER='1' AIRFLOW_CTX_DAG_RUN_ID='scheduled__2023-07-05T00:00:00+00:00'
[2023-10-30T19:25:26.123+0000] {subprocess.py:63} INFO - Tmp dir root location: /tmp
[2023-10-30T19:25:26.125+0000] {subprocess.py:75} INFO - Running command: ['/bin/bash', '-c', 'echo "Corrio !!!!"']
[2023-10-30T19:25:26.146+0000] {subprocess.py:86} INFO - Output:
[2023-10-30T19:25:26.149+0000] {subprocess.py:93} INFO - Corrio !!!!
[2023-10-30T19:25:26.150+0000] {subprocess.py:97} INFO - Command exited with return code 0
[2023-10-30T19:25:26.191+0000] {taskinstance.py:1400} INFO - Marking task as SUCCESS. dag_id=asteroides-etl-dag, task_id=asteroides-etl-task, execution_date=20230705T000000, start_date=20231030T192525, end_date=20231030T192526
[2023-10-30T19:25:26.247+0000] {local_task_job_runner.py:228} INFO - Task exited with return code 0
[2023-10-30T19:25:26.274+0000] {taskinstance.py:2778} INFO - 0 downstream tasks scheduled from follow-on schedule check
[2023-10-30T19:26:06.065+0000] {taskinstance.py:1159} INFO - Dependencies all met for dep_context=non-requeueable deps ti=<TaskInstance: asteroides-etl-dag.asteroides-etl-task scheduled__2023-07-05T00:00:00+00:00 [queued]>
[2023-10-30T19:26:06.086+0000] {taskinstance.py:1159} INFO - Dependencies all met for dep_context=requeueable deps ti=<TaskInstance: asteroides-etl-dag.asteroides-etl-task scheduled__2023-07-05T00:00:00+00:00 [queued]>
[2023-10-30T19:26:06.086+0000] {taskinstance.py:1361} INFO - Starting attempt 1 of 5
[2023-10-30T19:26:06.110+0000] {taskinstance.py:1382} INFO - Executing <Task(BashOperator): asteroides-etl-task> on 2023-07-05 00:00:00+00:00
[2023-10-30T19:26:06.119+0000] {standard_task_runner.py:57} INFO - Started process 8556 to run task
[2023-10-30T19:26:06.125+0000] {standard_task_runner.py:84} INFO - Running: ['***', 'tasks', 'run', 'asteroides-etl-dag', 'asteroides-etl-task', 'scheduled__2023-07-05T00:00:00+00:00', '--job-id', '906', '--raw', '--subdir', 'DAGS_FOLDER/asteroides-etl_dag.py', '--cfg-path', '/tmp/tmpx5eg3gwe']
[2023-10-30T19:26:06.128+0000] {standard_task_runner.py:85} INFO - Job 906: Subtask asteroides-etl-task
[2023-10-30T19:26:06.213+0000] {task_command.py:416} INFO - Running <TaskInstance: asteroides-etl-dag.asteroides-etl-task scheduled__2023-07-05T00:00:00+00:00 [running]> on host d87e86d3d093
[2023-10-30T19:26:06.370+0000] {taskinstance.py:1662} INFO - Exporting env vars: AIRFLOW_CTX_DAG_OWNER='Norman Ruiz' AIRFLOW_CTX_DAG_ID='asteroides-etl-dag' AIRFLOW_CTX_TASK_ID='asteroides-etl-task' AIRFLOW_CTX_EXECUTION_DATE='2023-07-05T00:00:00+00:00' AIRFLOW_CTX_TRY_NUMBER='1' AIRFLOW_CTX_DAG_RUN_ID='scheduled__2023-07-05T00:00:00+00:00'
[2023-10-30T19:26:06.377+0000] {subprocess.py:63} INFO - Tmp dir root location: /tmp
[2023-10-30T19:26:06.378+0000] {subprocess.py:75} INFO - Running command: ['/bin/bash', '-c', 'echo "Corrio !!!!"']
[2023-10-30T19:26:06.405+0000] {subprocess.py:86} INFO - Output:
[2023-10-30T19:26:06.408+0000] {subprocess.py:93} INFO - Corrio !!!!
[2023-10-30T19:26:06.412+0000] {subprocess.py:97} INFO - Command exited with return code 0
[2023-10-30T19:26:06.471+0000] {taskinstance.py:1400} INFO - Marking task as SUCCESS. dag_id=asteroides-etl-dag, task_id=asteroides-etl-task, execution_date=20230705T000000, start_date=20231030T192606, end_date=20231030T192606
[2023-10-30T19:26:06.546+0000] {local_task_job_runner.py:228} INFO - Task exited with return code 0
[2023-10-30T19:26:06.636+0000] {taskinstance.py:2778} INFO - 0 downstream tasks scheduled from follow-on schedule check
