[2023-10-30T15:04:54.646+0000] {taskinstance.py:1159} INFO - Dependencies all met for dep_context=non-requeueable deps ti=<TaskInstance: asteroides-etl-dag.asteroides-etl-task scheduled__2023-06-03T00:00:00+00:00 [queued]>
[2023-10-30T15:04:54.665+0000] {taskinstance.py:1159} INFO - Dependencies all met for dep_context=requeueable deps ti=<TaskInstance: asteroides-etl-dag.asteroides-etl-task scheduled__2023-06-03T00:00:00+00:00 [queued]>
[2023-10-30T15:04:54.666+0000] {taskinstance.py:1361} INFO - Starting attempt 2 of 5
[2023-10-30T15:04:54.692+0000] {taskinstance.py:1382} INFO - Executing <Task(BashOperator): asteroides-etl-task> on 2023-06-03 00:00:00+00:00
[2023-10-30T15:04:54.700+0000] {standard_task_runner.py:57} INFO - Started process 304 to run task
[2023-10-30T15:04:54.709+0000] {standard_task_runner.py:84} INFO - Running: ['***', 'tasks', 'run', 'asteroides-etl-dag', 'asteroides-etl-task', 'scheduled__2023-06-03T00:00:00+00:00', '--job-id', '19', '--raw', '--subdir', 'DAGS_FOLDER/asteroides-etl_dag.py', '--cfg-path', '/tmp/tmpefwj7i10']
[2023-10-30T15:04:54.711+0000] {standard_task_runner.py:85} INFO - Job 19: Subtask asteroides-etl-task
[2023-10-30T15:04:54.799+0000] {task_command.py:416} INFO - Running <TaskInstance: asteroides-etl-dag.asteroides-etl-task scheduled__2023-06-03T00:00:00+00:00 [running]> on host d87e86d3d093
[2023-10-30T15:04:54.930+0000] {taskinstance.py:1662} INFO - Exporting env vars: AIRFLOW_CTX_DAG_OWNER='Norman Ruiz' AIRFLOW_CTX_DAG_ID='asteroides-etl-dag' AIRFLOW_CTX_TASK_ID='asteroides-etl-task' AIRFLOW_CTX_EXECUTION_DATE='2023-06-03T00:00:00+00:00' AIRFLOW_CTX_TRY_NUMBER='2' AIRFLOW_CTX_DAG_RUN_ID='scheduled__2023-06-03T00:00:00+00:00'
[2023-10-30T15:04:54.934+0000] {subprocess.py:63} INFO - Tmp dir root location: /tmp
[2023-10-30T15:04:54.938+0000] {subprocess.py:75} INFO - Running command: ['/bin/bash', '-c', 'docker run -it --name asteroides-etl asteroides-etl']
[2023-10-30T15:04:54.963+0000] {subprocess.py:86} INFO - Output:
[2023-10-30T15:04:55.012+0000] {subprocess.py:93} INFO - the input device is not a TTY
[2023-10-30T15:04:55.016+0000] {subprocess.py:97} INFO - Command exited with return code 1
[2023-10-30T15:04:55.046+0000] {taskinstance.py:1937} ERROR - Task failed with exception
Traceback (most recent call last):
  File "/home/airflow/.local/lib/python3.8/site-packages/airflow/operators/bash.py", line 210, in execute
    raise AirflowException(
airflow.exceptions.AirflowException: Bash command failed. The command returned a non-zero exit code 1.
[2023-10-30T15:04:55.064+0000] {taskinstance.py:1400} INFO - Marking task as UP_FOR_RETRY. dag_id=asteroides-etl-dag, task_id=asteroides-etl-task, execution_date=20230603T000000, start_date=20231030T150454, end_date=20231030T150455
[2023-10-30T15:04:55.113+0000] {standard_task_runner.py:104} ERROR - Failed to execute job 19 for task asteroides-etl-task (Bash command failed. The command returned a non-zero exit code 1.; 304)
[2023-10-30T15:04:55.165+0000] {local_task_job_runner.py:228} INFO - Task exited with return code 1
[2023-10-30T15:04:55.208+0000] {taskinstance.py:2778} INFO - 0 downstream tasks scheduled from follow-on schedule check
[2023-10-30T19:25:10.829+0000] {taskinstance.py:1159} INFO - Dependencies all met for dep_context=non-requeueable deps ti=<TaskInstance: asteroides-etl-dag.asteroides-etl-task scheduled__2023-06-03T00:00:00+00:00 [queued]>
[2023-10-30T19:25:10.854+0000] {taskinstance.py:1159} INFO - Dependencies all met for dep_context=requeueable deps ti=<TaskInstance: asteroides-etl-dag.asteroides-etl-task scheduled__2023-06-03T00:00:00+00:00 [queued]>
[2023-10-30T19:25:10.859+0000] {taskinstance.py:1361} INFO - Starting attempt 2 of 5
[2023-10-30T19:25:10.893+0000] {taskinstance.py:1382} INFO - Executing <Task(BashOperator): asteroides-etl-task> on 2023-06-03 00:00:00+00:00
[2023-10-30T19:25:10.906+0000] {standard_task_runner.py:57} INFO - Started process 8301 to run task
[2023-10-30T19:25:10.920+0000] {standard_task_runner.py:84} INFO - Running: ['***', 'tasks', 'run', 'asteroides-etl-dag', 'asteroides-etl-task', 'scheduled__2023-06-03T00:00:00+00:00', '--job-id', '824', '--raw', '--subdir', 'DAGS_FOLDER/asteroides-etl_dag.py', '--cfg-path', '/tmp/tmpkmegpkay']
[2023-10-30T19:25:10.925+0000] {standard_task_runner.py:85} INFO - Job 824: Subtask asteroides-etl-task
[2023-10-30T19:25:11.029+0000] {task_command.py:416} INFO - Running <TaskInstance: asteroides-etl-dag.asteroides-etl-task scheduled__2023-06-03T00:00:00+00:00 [running]> on host d87e86d3d093
[2023-10-30T19:25:11.189+0000] {taskinstance.py:1662} INFO - Exporting env vars: AIRFLOW_CTX_DAG_OWNER='Norman Ruiz' AIRFLOW_CTX_DAG_ID='asteroides-etl-dag' AIRFLOW_CTX_TASK_ID='asteroides-etl-task' AIRFLOW_CTX_EXECUTION_DATE='2023-06-03T00:00:00+00:00' AIRFLOW_CTX_TRY_NUMBER='2' AIRFLOW_CTX_DAG_RUN_ID='scheduled__2023-06-03T00:00:00+00:00'
[2023-10-30T19:25:11.192+0000] {subprocess.py:63} INFO - Tmp dir root location: /tmp
[2023-10-30T19:25:11.194+0000] {subprocess.py:75} INFO - Running command: ['/bin/bash', '-c', 'echo "Corrio !!!!"']
[2023-10-30T19:25:11.219+0000] {subprocess.py:86} INFO - Output:
[2023-10-30T19:25:11.224+0000] {subprocess.py:93} INFO - Corrio !!!!
[2023-10-30T19:25:11.225+0000] {subprocess.py:97} INFO - Command exited with return code 0
[2023-10-30T19:25:11.273+0000] {taskinstance.py:1400} INFO - Marking task as SUCCESS. dag_id=asteroides-etl-dag, task_id=asteroides-etl-task, execution_date=20230603T000000, start_date=20231030T192510, end_date=20231030T192511
[2023-10-30T19:25:11.339+0000] {local_task_job_runner.py:228} INFO - Task exited with return code 0
[2023-10-30T19:25:11.373+0000] {taskinstance.py:2778} INFO - 0 downstream tasks scheduled from follow-on schedule check
