[2023-10-30T01:02:09.958+0000] {taskinstance.py:1159} INFO - Dependencies all met for dep_context=non-requeueable deps ti=<TaskInstance: asteroides-etl-dag.asteroides-etl-task scheduled__2023-07-11T00:00:00+00:00 [queued]>
[2023-10-30T01:02:09.971+0000] {taskinstance.py:1159} INFO - Dependencies all met for dep_context=requeueable deps ti=<TaskInstance: asteroides-etl-dag.asteroides-etl-task scheduled__2023-07-11T00:00:00+00:00 [queued]>
[2023-10-30T01:02:09.972+0000] {taskinstance.py:1361} INFO - Starting attempt 1 of 5
[2023-10-30T01:02:09.993+0000] {taskinstance.py:1382} INFO - Executing <Task(BashOperator): asteroides-etl-task> on 2023-07-11 00:00:00+00:00
[2023-10-30T01:02:10.002+0000] {standard_task_runner.py:57} INFO - Started process 1499 to run task
[2023-10-30T01:02:10.007+0000] {standard_task_runner.py:84} INFO - Running: ['***', 'tasks', 'run', 'asteroides-etl-dag', 'asteroides-etl-task', 'scheduled__2023-07-11T00:00:00+00:00', '--job-id', '44', '--raw', '--subdir', 'DAGS_FOLDER/asteroides-etl_dag.py', '--cfg-path', '/tmp/tmpjz0_1qep']
[2023-10-30T01:02:10.008+0000] {standard_task_runner.py:85} INFO - Job 44: Subtask asteroides-etl-task
[2023-10-30T01:02:10.075+0000] {task_command.py:416} INFO - Running <TaskInstance: asteroides-etl-dag.asteroides-etl-task scheduled__2023-07-11T00:00:00+00:00 [running]> on host ac9f9bef16c9
[2023-10-30T01:02:10.187+0000] {taskinstance.py:1662} INFO - Exporting env vars: AIRFLOW_CTX_DAG_OWNER='Norman Ruiz' AIRFLOW_CTX_DAG_ID='asteroides-etl-dag' AIRFLOW_CTX_TASK_ID='asteroides-etl-task' AIRFLOW_CTX_EXECUTION_DATE='2023-07-11T00:00:00+00:00' AIRFLOW_CTX_TRY_NUMBER='1' AIRFLOW_CTX_DAG_RUN_ID='scheduled__2023-07-11T00:00:00+00:00'
[2023-10-30T01:02:10.189+0000] {subprocess.py:63} INFO - Tmp dir root location: /tmp
[2023-10-30T01:02:10.190+0000] {subprocess.py:75} INFO - Running command: ['/bin/bash', '-c', 'echo ya casi lo tengo!!!!']
[2023-10-30T01:02:10.209+0000] {subprocess.py:86} INFO - Output:
[2023-10-30T01:02:10.212+0000] {subprocess.py:93} INFO - ya casi lo tengo!!!!
[2023-10-30T01:02:10.213+0000] {subprocess.py:97} INFO - Command exited with return code 0
[2023-10-30T01:02:10.244+0000] {taskinstance.py:1400} INFO - Marking task as SUCCESS. dag_id=asteroides-etl-dag, task_id=asteroides-etl-task, execution_date=20230711T000000, start_date=20231030T010209, end_date=20231030T010210
[2023-10-30T01:02:10.300+0000] {local_task_job_runner.py:228} INFO - Task exited with return code 0
[2023-10-30T01:02:10.321+0000] {taskinstance.py:2778} INFO - 0 downstream tasks scheduled from follow-on schedule check
[2023-10-30T15:19:22.692+0000] {taskinstance.py:1159} INFO - Dependencies all met for dep_context=non-requeueable deps ti=<TaskInstance: asteroides-etl-dag.asteroides-etl-task scheduled__2023-07-11T00:00:00+00:00 [queued]>
[2023-10-30T15:19:22.715+0000] {taskinstance.py:1159} INFO - Dependencies all met for dep_context=requeueable deps ti=<TaskInstance: asteroides-etl-dag.asteroides-etl-task scheduled__2023-07-11T00:00:00+00:00 [queued]>
[2023-10-30T15:19:22.716+0000] {taskinstance.py:1361} INFO - Starting attempt 1 of 5
[2023-10-30T15:19:22.739+0000] {taskinstance.py:1382} INFO - Executing <Task(BashOperator): asteroides-etl-task> on 2023-07-11 00:00:00+00:00
[2023-10-30T15:19:22.747+0000] {standard_task_runner.py:57} INFO - Started process 2238 to run task
[2023-10-30T15:19:22.753+0000] {standard_task_runner.py:84} INFO - Running: ['***', 'tasks', 'run', 'asteroides-etl-dag', 'asteroides-etl-task', 'scheduled__2023-07-11T00:00:00+00:00', '--job-id', '173', '--raw', '--subdir', 'DAGS_FOLDER/asteroides-etl_dag.py', '--cfg-path', '/tmp/tmpx468z85q']
[2023-10-30T15:19:22.755+0000] {standard_task_runner.py:85} INFO - Job 173: Subtask asteroides-etl-task
[2023-10-30T15:19:22.833+0000] {task_command.py:416} INFO - Running <TaskInstance: asteroides-etl-dag.asteroides-etl-task scheduled__2023-07-11T00:00:00+00:00 [running]> on host d87e86d3d093
[2023-10-30T15:19:22.952+0000] {taskinstance.py:1662} INFO - Exporting env vars: AIRFLOW_CTX_DAG_OWNER='Norman Ruiz' AIRFLOW_CTX_DAG_ID='asteroides-etl-dag' AIRFLOW_CTX_TASK_ID='asteroides-etl-task' AIRFLOW_CTX_EXECUTION_DATE='2023-07-11T00:00:00+00:00' AIRFLOW_CTX_TRY_NUMBER='1' AIRFLOW_CTX_DAG_RUN_ID='scheduled__2023-07-11T00:00:00+00:00'
[2023-10-30T15:19:22.954+0000] {subprocess.py:63} INFO - Tmp dir root location: /tmp
[2023-10-30T15:19:22.955+0000] {subprocess.py:75} INFO - Running command: ['/bin/bash', '-c', 'docker run -i asteroides-etl']
[2023-10-30T15:19:22.977+0000] {subprocess.py:86} INFO - Output:
[2023-10-30T15:19:23.019+0000] {subprocess.py:93} INFO - docker: Cannot connect to the Docker daemon at unix:///var/run/docker.sock. Is the docker daemon running?.
[2023-10-30T15:19:23.019+0000] {subprocess.py:93} INFO - See 'docker run --help'.
[2023-10-30T15:19:23.023+0000] {subprocess.py:97} INFO - Command exited with return code 125
[2023-10-30T15:19:23.042+0000] {taskinstance.py:1937} ERROR - Task failed with exception
Traceback (most recent call last):
  File "/home/airflow/.local/lib/python3.8/site-packages/airflow/operators/bash.py", line 210, in execute
    raise AirflowException(
airflow.exceptions.AirflowException: Bash command failed. The command returned a non-zero exit code 125.
[2023-10-30T15:19:23.049+0000] {taskinstance.py:1400} INFO - Marking task as UP_FOR_RETRY. dag_id=asteroides-etl-dag, task_id=asteroides-etl-task, execution_date=20230711T000000, start_date=20231030T151922, end_date=20231030T151923
[2023-10-30T15:19:23.072+0000] {standard_task_runner.py:104} ERROR - Failed to execute job 173 for task asteroides-etl-task (Bash command failed. The command returned a non-zero exit code 125.; 2238)
[2023-10-30T15:19:23.126+0000] {local_task_job_runner.py:228} INFO - Task exited with return code 1
[2023-10-30T15:19:23.159+0000] {taskinstance.py:2778} INFO - 0 downstream tasks scheduled from follow-on schedule check
[2023-10-30T19:25:28.813+0000] {taskinstance.py:1159} INFO - Dependencies all met for dep_context=non-requeueable deps ti=<TaskInstance: asteroides-etl-dag.asteroides-etl-task scheduled__2023-07-11T00:00:00+00:00 [queued]>
[2023-10-30T19:25:28.833+0000] {taskinstance.py:1159} INFO - Dependencies all met for dep_context=requeueable deps ti=<TaskInstance: asteroides-etl-dag.asteroides-etl-task scheduled__2023-07-11T00:00:00+00:00 [queued]>
[2023-10-30T19:25:28.833+0000] {taskinstance.py:1361} INFO - Starting attempt 1 of 5
[2023-10-30T19:25:28.925+0000] {taskinstance.py:1382} INFO - Executing <Task(BashOperator): asteroides-etl-task> on 2023-07-11 00:00:00+00:00
[2023-10-30T19:25:28.941+0000] {standard_task_runner.py:57} INFO - Started process 8415 to run task
[2023-10-30T19:25:28.947+0000] {standard_task_runner.py:84} INFO - Running: ['***', 'tasks', 'run', 'asteroides-etl-dag', 'asteroides-etl-task', 'scheduled__2023-07-11T00:00:00+00:00', '--job-id', '862', '--raw', '--subdir', 'DAGS_FOLDER/asteroides-etl_dag.py', '--cfg-path', '/tmp/tmp6rnfihxg']
[2023-10-30T19:25:28.952+0000] {standard_task_runner.py:85} INFO - Job 862: Subtask asteroides-etl-task
[2023-10-30T19:25:29.053+0000] {task_command.py:416} INFO - Running <TaskInstance: asteroides-etl-dag.asteroides-etl-task scheduled__2023-07-11T00:00:00+00:00 [running]> on host d87e86d3d093
[2023-10-30T19:25:29.216+0000] {taskinstance.py:1662} INFO - Exporting env vars: AIRFLOW_CTX_DAG_OWNER='Norman Ruiz' AIRFLOW_CTX_DAG_ID='asteroides-etl-dag' AIRFLOW_CTX_TASK_ID='asteroides-etl-task' AIRFLOW_CTX_EXECUTION_DATE='2023-07-11T00:00:00+00:00' AIRFLOW_CTX_TRY_NUMBER='1' AIRFLOW_CTX_DAG_RUN_ID='scheduled__2023-07-11T00:00:00+00:00'
[2023-10-30T19:25:29.221+0000] {subprocess.py:63} INFO - Tmp dir root location: /tmp
[2023-10-30T19:25:29.224+0000] {subprocess.py:75} INFO - Running command: ['/bin/bash', '-c', 'echo "Corrio !!!!"']
[2023-10-30T19:25:29.244+0000] {subprocess.py:86} INFO - Output:
[2023-10-30T19:25:29.247+0000] {subprocess.py:93} INFO - Corrio !!!!
[2023-10-30T19:25:29.248+0000] {subprocess.py:97} INFO - Command exited with return code 0
[2023-10-30T19:25:29.282+0000] {taskinstance.py:1400} INFO - Marking task as SUCCESS. dag_id=asteroides-etl-dag, task_id=asteroides-etl-task, execution_date=20230711T000000, start_date=20231030T192528, end_date=20231030T192529
[2023-10-30T19:25:29.328+0000] {local_task_job_runner.py:228} INFO - Task exited with return code 0
[2023-10-30T19:25:29.355+0000] {taskinstance.py:2778} INFO - 0 downstream tasks scheduled from follow-on schedule check
[2023-10-30T19:26:09.509+0000] {taskinstance.py:1159} INFO - Dependencies all met for dep_context=non-requeueable deps ti=<TaskInstance: asteroides-etl-dag.asteroides-etl-task scheduled__2023-07-11T00:00:00+00:00 [queued]>
[2023-10-30T19:26:09.528+0000] {taskinstance.py:1159} INFO - Dependencies all met for dep_context=requeueable deps ti=<TaskInstance: asteroides-etl-dag.asteroides-etl-task scheduled__2023-07-11T00:00:00+00:00 [queued]>
[2023-10-30T19:26:09.529+0000] {taskinstance.py:1361} INFO - Starting attempt 1 of 5
[2023-10-30T19:26:09.554+0000] {taskinstance.py:1382} INFO - Executing <Task(BashOperator): asteroides-etl-task> on 2023-07-11 00:00:00+00:00
[2023-10-30T19:26:09.564+0000] {standard_task_runner.py:57} INFO - Started process 8575 to run task
[2023-10-30T19:26:09.568+0000] {standard_task_runner.py:84} INFO - Running: ['***', 'tasks', 'run', 'asteroides-etl-dag', 'asteroides-etl-task', 'scheduled__2023-07-11T00:00:00+00:00', '--job-id', '912', '--raw', '--subdir', 'DAGS_FOLDER/asteroides-etl_dag.py', '--cfg-path', '/tmp/tmpbcb42hmh']
[2023-10-30T19:26:09.570+0000] {standard_task_runner.py:85} INFO - Job 912: Subtask asteroides-etl-task
[2023-10-30T19:26:09.650+0000] {task_command.py:416} INFO - Running <TaskInstance: asteroides-etl-dag.asteroides-etl-task scheduled__2023-07-11T00:00:00+00:00 [running]> on host d87e86d3d093
[2023-10-30T19:26:09.819+0000] {taskinstance.py:1662} INFO - Exporting env vars: AIRFLOW_CTX_DAG_OWNER='Norman Ruiz' AIRFLOW_CTX_DAG_ID='asteroides-etl-dag' AIRFLOW_CTX_TASK_ID='asteroides-etl-task' AIRFLOW_CTX_EXECUTION_DATE='2023-07-11T00:00:00+00:00' AIRFLOW_CTX_TRY_NUMBER='1' AIRFLOW_CTX_DAG_RUN_ID='scheduled__2023-07-11T00:00:00+00:00'
[2023-10-30T19:26:09.822+0000] {subprocess.py:63} INFO - Tmp dir root location: /tmp
[2023-10-30T19:26:09.825+0000] {subprocess.py:75} INFO - Running command: ['/bin/bash', '-c', 'echo "Corrio !!!!"']
[2023-10-30T19:26:09.847+0000] {subprocess.py:86} INFO - Output:
[2023-10-30T19:26:09.850+0000] {subprocess.py:93} INFO - Corrio !!!!
[2023-10-30T19:26:09.851+0000] {subprocess.py:97} INFO - Command exited with return code 0
[2023-10-30T19:26:09.900+0000] {taskinstance.py:1400} INFO - Marking task as SUCCESS. dag_id=asteroides-etl-dag, task_id=asteroides-etl-task, execution_date=20230711T000000, start_date=20231030T192609, end_date=20231030T192609
[2023-10-30T19:26:09.947+0000] {local_task_job_runner.py:228} INFO - Task exited with return code 0
[2023-10-30T19:26:09.977+0000] {taskinstance.py:2778} INFO - 0 downstream tasks scheduled from follow-on schedule check
