[2023-10-30T01:02:13.872+0000] {taskinstance.py:1159} INFO - Dependencies all met for dep_context=non-requeueable deps ti=<TaskInstance: asteroides-etl-dag.asteroides-etl-task scheduled__2023-07-18T00:00:00+00:00 [queued]>
[2023-10-30T01:02:13.891+0000] {taskinstance.py:1159} INFO - Dependencies all met for dep_context=requeueable deps ti=<TaskInstance: asteroides-etl-dag.asteroides-etl-task scheduled__2023-07-18T00:00:00+00:00 [queued]>
[2023-10-30T01:02:13.892+0000] {taskinstance.py:1361} INFO - Starting attempt 1 of 5
[2023-10-30T01:02:13.918+0000] {taskinstance.py:1382} INFO - Executing <Task(BashOperator): asteroides-etl-task> on 2023-07-18 00:00:00+00:00
[2023-10-30T01:02:13.932+0000] {standard_task_runner.py:57} INFO - Started process 1520 to run task
[2023-10-30T01:02:13.938+0000] {standard_task_runner.py:84} INFO - Running: ['***', 'tasks', 'run', 'asteroides-etl-dag', 'asteroides-etl-task', 'scheduled__2023-07-18T00:00:00+00:00', '--job-id', '51', '--raw', '--subdir', 'DAGS_FOLDER/asteroides-etl_dag.py', '--cfg-path', '/tmp/tmpzvb3pyl3']
[2023-10-30T01:02:13.941+0000] {standard_task_runner.py:85} INFO - Job 51: Subtask asteroides-etl-task
[2023-10-30T01:02:14.038+0000] {task_command.py:416} INFO - Running <TaskInstance: asteroides-etl-dag.asteroides-etl-task scheduled__2023-07-18T00:00:00+00:00 [running]> on host ac9f9bef16c9
[2023-10-30T01:02:14.170+0000] {taskinstance.py:1662} INFO - Exporting env vars: AIRFLOW_CTX_DAG_OWNER='Norman Ruiz' AIRFLOW_CTX_DAG_ID='asteroides-etl-dag' AIRFLOW_CTX_TASK_ID='asteroides-etl-task' AIRFLOW_CTX_EXECUTION_DATE='2023-07-18T00:00:00+00:00' AIRFLOW_CTX_TRY_NUMBER='1' AIRFLOW_CTX_DAG_RUN_ID='scheduled__2023-07-18T00:00:00+00:00'
[2023-10-30T01:02:14.172+0000] {subprocess.py:63} INFO - Tmp dir root location: /tmp
[2023-10-30T01:02:14.174+0000] {subprocess.py:75} INFO - Running command: ['/bin/bash', '-c', 'echo ya casi lo tengo!!!!']
[2023-10-30T01:02:14.196+0000] {subprocess.py:86} INFO - Output:
[2023-10-30T01:02:14.200+0000] {subprocess.py:93} INFO - ya casi lo tengo!!!!
[2023-10-30T01:02:14.201+0000] {subprocess.py:97} INFO - Command exited with return code 0
[2023-10-30T01:02:14.235+0000] {taskinstance.py:1400} INFO - Marking task as SUCCESS. dag_id=asteroides-etl-dag, task_id=asteroides-etl-task, execution_date=20230718T000000, start_date=20231030T010213, end_date=20231030T010214
[2023-10-30T01:02:14.274+0000] {local_task_job_runner.py:228} INFO - Task exited with return code 0
[2023-10-30T01:02:14.295+0000] {taskinstance.py:2778} INFO - 0 downstream tasks scheduled from follow-on schedule check
[2023-10-30T15:27:31.936+0000] {taskinstance.py:1159} INFO - Dependencies all met for dep_context=non-requeueable deps ti=<TaskInstance: asteroides-etl-dag.asteroides-etl-task scheduled__2023-07-18T00:00:00+00:00 [queued]>
[2023-10-30T15:27:31.962+0000] {taskinstance.py:1159} INFO - Dependencies all met for dep_context=requeueable deps ti=<TaskInstance: asteroides-etl-dag.asteroides-etl-task scheduled__2023-07-18T00:00:00+00:00 [queued]>
[2023-10-30T15:27:31.963+0000] {taskinstance.py:1361} INFO - Starting attempt 1 of 5
[2023-10-30T15:27:31.993+0000] {taskinstance.py:1382} INFO - Executing <Task(BashOperator): asteroides-etl-task> on 2023-07-18 00:00:00+00:00
[2023-10-30T15:27:32.003+0000] {standard_task_runner.py:57} INFO - Started process 3162 to run task
[2023-10-30T15:27:32.009+0000] {standard_task_runner.py:84} INFO - Running: ['***', 'tasks', 'run', 'asteroides-etl-dag', 'asteroides-etl-task', 'scheduled__2023-07-18T00:00:00+00:00', '--job-id', '244', '--raw', '--subdir', 'DAGS_FOLDER/asteroides-etl_dag.py', '--cfg-path', '/tmp/tmpjp5gp6ys']
[2023-10-30T15:27:32.010+0000] {standard_task_runner.py:85} INFO - Job 244: Subtask asteroides-etl-task
[2023-10-30T15:27:32.090+0000] {task_command.py:416} INFO - Running <TaskInstance: asteroides-etl-dag.asteroides-etl-task scheduled__2023-07-18T00:00:00+00:00 [running]> on host d87e86d3d093
[2023-10-30T15:27:32.236+0000] {taskinstance.py:1662} INFO - Exporting env vars: AIRFLOW_CTX_DAG_OWNER='Norman Ruiz' AIRFLOW_CTX_DAG_ID='asteroides-etl-dag' AIRFLOW_CTX_TASK_ID='asteroides-etl-task' AIRFLOW_CTX_EXECUTION_DATE='2023-07-18T00:00:00+00:00' AIRFLOW_CTX_TRY_NUMBER='1' AIRFLOW_CTX_DAG_RUN_ID='scheduled__2023-07-18T00:00:00+00:00'
[2023-10-30T15:27:32.241+0000] {subprocess.py:63} INFO - Tmp dir root location: /tmp
[2023-10-30T15:27:32.242+0000] {subprocess.py:75} INFO - Running command: ['/bin/bash', '-c', 'docker run -i asteroides-etl']
[2023-10-30T15:27:32.271+0000] {subprocess.py:86} INFO - Output:
[2023-10-30T15:27:32.308+0000] {subprocess.py:93} INFO - docker: Cannot connect to the Docker daemon at unix:///var/run/docker.sock. Is the docker daemon running?.
[2023-10-30T15:27:32.309+0000] {subprocess.py:93} INFO - See 'docker run --help'.
[2023-10-30T15:27:32.311+0000] {subprocess.py:97} INFO - Command exited with return code 125
[2023-10-30T15:27:32.334+0000] {taskinstance.py:1937} ERROR - Task failed with exception
Traceback (most recent call last):
  File "/home/airflow/.local/lib/python3.8/site-packages/airflow/operators/bash.py", line 210, in execute
    raise AirflowException(
airflow.exceptions.AirflowException: Bash command failed. The command returned a non-zero exit code 125.
[2023-10-30T15:27:32.342+0000] {taskinstance.py:1400} INFO - Marking task as UP_FOR_RETRY. dag_id=asteroides-etl-dag, task_id=asteroides-etl-task, execution_date=20230718T000000, start_date=20231030T152731, end_date=20231030T152732
[2023-10-30T15:27:32.470+0000] {standard_task_runner.py:104} ERROR - Failed to execute job 244 for task asteroides-etl-task (Bash command failed. The command returned a non-zero exit code 125.; 3162)
[2023-10-30T15:27:32.548+0000] {local_task_job_runner.py:228} INFO - Task exited with return code 1
[2023-10-30T15:27:32.614+0000] {taskinstance.py:2778} INFO - 0 downstream tasks scheduled from follow-on schedule check
[2023-10-30T19:25:33.034+0000] {taskinstance.py:1159} INFO - Dependencies all met for dep_context=non-requeueable deps ti=<TaskInstance: asteroides-etl-dag.asteroides-etl-task scheduled__2023-07-18T00:00:00+00:00 [queued]>
[2023-10-30T19:25:33.060+0000] {taskinstance.py:1159} INFO - Dependencies all met for dep_context=requeueable deps ti=<TaskInstance: asteroides-etl-dag.asteroides-etl-task scheduled__2023-07-18T00:00:00+00:00 [queued]>
[2023-10-30T19:25:33.061+0000] {taskinstance.py:1361} INFO - Starting attempt 1 of 5
[2023-10-30T19:25:33.182+0000] {taskinstance.py:1382} INFO - Executing <Task(BashOperator): asteroides-etl-task> on 2023-07-18 00:00:00+00:00
[2023-10-30T19:25:33.195+0000] {standard_task_runner.py:57} INFO - Started process 8437 to run task
[2023-10-30T19:25:33.200+0000] {standard_task_runner.py:84} INFO - Running: ['***', 'tasks', 'run', 'asteroides-etl-dag', 'asteroides-etl-task', 'scheduled__2023-07-18T00:00:00+00:00', '--job-id', '869', '--raw', '--subdir', 'DAGS_FOLDER/asteroides-etl_dag.py', '--cfg-path', '/tmp/tmpqoxv9p2h']
[2023-10-30T19:25:33.202+0000] {standard_task_runner.py:85} INFO - Job 869: Subtask asteroides-etl-task
[2023-10-30T19:25:33.286+0000] {task_command.py:416} INFO - Running <TaskInstance: asteroides-etl-dag.asteroides-etl-task scheduled__2023-07-18T00:00:00+00:00 [running]> on host d87e86d3d093
[2023-10-30T19:25:33.425+0000] {taskinstance.py:1662} INFO - Exporting env vars: AIRFLOW_CTX_DAG_OWNER='Norman Ruiz' AIRFLOW_CTX_DAG_ID='asteroides-etl-dag' AIRFLOW_CTX_TASK_ID='asteroides-etl-task' AIRFLOW_CTX_EXECUTION_DATE='2023-07-18T00:00:00+00:00' AIRFLOW_CTX_TRY_NUMBER='1' AIRFLOW_CTX_DAG_RUN_ID='scheduled__2023-07-18T00:00:00+00:00'
[2023-10-30T19:25:33.427+0000] {subprocess.py:63} INFO - Tmp dir root location: /tmp
[2023-10-30T19:25:33.429+0000] {subprocess.py:75} INFO - Running command: ['/bin/bash', '-c', 'echo "Corrio !!!!"']
[2023-10-30T19:25:33.448+0000] {subprocess.py:86} INFO - Output:
[2023-10-30T19:25:33.452+0000] {subprocess.py:93} INFO - Corrio !!!!
[2023-10-30T19:25:33.453+0000] {subprocess.py:97} INFO - Command exited with return code 0
[2023-10-30T19:25:33.493+0000] {taskinstance.py:1400} INFO - Marking task as SUCCESS. dag_id=asteroides-etl-dag, task_id=asteroides-etl-task, execution_date=20230718T000000, start_date=20231030T192533, end_date=20231030T192533
[2023-10-30T19:25:33.546+0000] {local_task_job_runner.py:228} INFO - Task exited with return code 0
[2023-10-30T19:25:33.570+0000] {taskinstance.py:2778} INFO - 0 downstream tasks scheduled from follow-on schedule check
[2023-10-30T19:26:12.394+0000] {taskinstance.py:1159} INFO - Dependencies all met for dep_context=non-requeueable deps ti=<TaskInstance: asteroides-etl-dag.asteroides-etl-task scheduled__2023-07-18T00:00:00+00:00 [queued]>
[2023-10-30T19:26:12.411+0000] {taskinstance.py:1159} INFO - Dependencies all met for dep_context=requeueable deps ti=<TaskInstance: asteroides-etl-dag.asteroides-etl-task scheduled__2023-07-18T00:00:00+00:00 [queued]>
[2023-10-30T19:26:12.411+0000] {taskinstance.py:1361} INFO - Starting attempt 1 of 5
[2023-10-30T19:26:12.433+0000] {taskinstance.py:1382} INFO - Executing <Task(BashOperator): asteroides-etl-task> on 2023-07-18 00:00:00+00:00
[2023-10-30T19:26:12.441+0000] {standard_task_runner.py:57} INFO - Started process 8593 to run task
[2023-10-30T19:26:12.449+0000] {standard_task_runner.py:84} INFO - Running: ['***', 'tasks', 'run', 'asteroides-etl-dag', 'asteroides-etl-task', 'scheduled__2023-07-18T00:00:00+00:00', '--job-id', '919', '--raw', '--subdir', 'DAGS_FOLDER/asteroides-etl_dag.py', '--cfg-path', '/tmp/tmpn8zf7sdb']
[2023-10-30T19:26:12.452+0000] {standard_task_runner.py:85} INFO - Job 919: Subtask asteroides-etl-task
[2023-10-30T19:26:12.516+0000] {task_command.py:416} INFO - Running <TaskInstance: asteroides-etl-dag.asteroides-etl-task scheduled__2023-07-18T00:00:00+00:00 [running]> on host d87e86d3d093
[2023-10-30T19:26:12.646+0000] {taskinstance.py:1662} INFO - Exporting env vars: AIRFLOW_CTX_DAG_OWNER='Norman Ruiz' AIRFLOW_CTX_DAG_ID='asteroides-etl-dag' AIRFLOW_CTX_TASK_ID='asteroides-etl-task' AIRFLOW_CTX_EXECUTION_DATE='2023-07-18T00:00:00+00:00' AIRFLOW_CTX_TRY_NUMBER='1' AIRFLOW_CTX_DAG_RUN_ID='scheduled__2023-07-18T00:00:00+00:00'
[2023-10-30T19:26:12.648+0000] {subprocess.py:63} INFO - Tmp dir root location: /tmp
[2023-10-30T19:26:12.649+0000] {subprocess.py:75} INFO - Running command: ['/bin/bash', '-c', 'echo "Corrio !!!!"']
[2023-10-30T19:26:12.669+0000] {subprocess.py:86} INFO - Output:
[2023-10-30T19:26:12.672+0000] {subprocess.py:93} INFO - Corrio !!!!
[2023-10-30T19:26:12.673+0000] {subprocess.py:97} INFO - Command exited with return code 0
[2023-10-30T19:26:12.706+0000] {taskinstance.py:1400} INFO - Marking task as SUCCESS. dag_id=asteroides-etl-dag, task_id=asteroides-etl-task, execution_date=20230718T000000, start_date=20231030T192612, end_date=20231030T192612
[2023-10-30T19:26:12.738+0000] {local_task_job_runner.py:228} INFO - Task exited with return code 0
[2023-10-30T19:26:12.780+0000] {taskinstance.py:2778} INFO - 0 downstream tasks scheduled from follow-on schedule check
