[2023-10-30T01:02:19.900+0000] {taskinstance.py:1159} INFO - Dependencies all met for dep_context=non-requeueable deps ti=<TaskInstance: asteroides-etl-dag.asteroides-etl-task scheduled__2023-07-27T00:00:00+00:00 [queued]>
[2023-10-30T01:02:19.916+0000] {taskinstance.py:1159} INFO - Dependencies all met for dep_context=requeueable deps ti=<TaskInstance: asteroides-etl-dag.asteroides-etl-task scheduled__2023-07-27T00:00:00+00:00 [queued]>
[2023-10-30T01:02:19.917+0000] {taskinstance.py:1361} INFO - Starting attempt 1 of 5
[2023-10-30T01:02:19.940+0000] {taskinstance.py:1382} INFO - Executing <Task(BashOperator): asteroides-etl-task> on 2023-07-27 00:00:00+00:00
[2023-10-30T01:02:19.949+0000] {standard_task_runner.py:57} INFO - Started process 1549 to run task
[2023-10-30T01:02:19.954+0000] {standard_task_runner.py:84} INFO - Running: ['***', 'tasks', 'run', 'asteroides-etl-dag', 'asteroides-etl-task', 'scheduled__2023-07-27T00:00:00+00:00', '--job-id', '60', '--raw', '--subdir', 'DAGS_FOLDER/asteroides-etl_dag.py', '--cfg-path', '/tmp/tmp4s017nqh']
[2023-10-30T01:02:19.956+0000] {standard_task_runner.py:85} INFO - Job 60: Subtask asteroides-etl-task
[2023-10-30T01:02:20.032+0000] {task_command.py:416} INFO - Running <TaskInstance: asteroides-etl-dag.asteroides-etl-task scheduled__2023-07-27T00:00:00+00:00 [running]> on host ac9f9bef16c9
[2023-10-30T01:02:20.175+0000] {taskinstance.py:1662} INFO - Exporting env vars: AIRFLOW_CTX_DAG_OWNER='Norman Ruiz' AIRFLOW_CTX_DAG_ID='asteroides-etl-dag' AIRFLOW_CTX_TASK_ID='asteroides-etl-task' AIRFLOW_CTX_EXECUTION_DATE='2023-07-27T00:00:00+00:00' AIRFLOW_CTX_TRY_NUMBER='1' AIRFLOW_CTX_DAG_RUN_ID='scheduled__2023-07-27T00:00:00+00:00'
[2023-10-30T01:02:20.181+0000] {subprocess.py:63} INFO - Tmp dir root location: /tmp
[2023-10-30T01:02:20.183+0000] {subprocess.py:75} INFO - Running command: ['/bin/bash', '-c', 'echo ya casi lo tengo!!!!']
[2023-10-30T01:02:20.217+0000] {subprocess.py:86} INFO - Output:
[2023-10-30T01:02:20.220+0000] {subprocess.py:93} INFO - ya casi lo tengo!!!!
[2023-10-30T01:02:20.222+0000] {subprocess.py:97} INFO - Command exited with return code 0
[2023-10-30T01:02:20.269+0000] {taskinstance.py:1400} INFO - Marking task as SUCCESS. dag_id=asteroides-etl-dag, task_id=asteroides-etl-task, execution_date=20230727T000000, start_date=20231030T010219, end_date=20231030T010220
[2023-10-30T01:02:20.328+0000] {local_task_job_runner.py:228} INFO - Task exited with return code 0
[2023-10-30T01:02:20.406+0000] {taskinstance.py:2778} INFO - 0 downstream tasks scheduled from follow-on schedule check
[2023-10-30T15:27:34.408+0000] {taskinstance.py:1159} INFO - Dependencies all met for dep_context=non-requeueable deps ti=<TaskInstance: asteroides-etl-dag.asteroides-etl-task scheduled__2023-07-27T00:00:00+00:00 [queued]>
[2023-10-30T15:27:34.426+0000] {taskinstance.py:1159} INFO - Dependencies all met for dep_context=requeueable deps ti=<TaskInstance: asteroides-etl-dag.asteroides-etl-task scheduled__2023-07-27T00:00:00+00:00 [queued]>
[2023-10-30T15:27:34.426+0000] {taskinstance.py:1361} INFO - Starting attempt 1 of 5
[2023-10-30T15:27:34.451+0000] {taskinstance.py:1382} INFO - Executing <Task(BashOperator): asteroides-etl-task> on 2023-07-27 00:00:00+00:00
[2023-10-30T15:27:34.459+0000] {standard_task_runner.py:57} INFO - Started process 3257 to run task
[2023-10-30T15:27:34.464+0000] {standard_task_runner.py:84} INFO - Running: ['***', 'tasks', 'run', 'asteroides-etl-dag', 'asteroides-etl-task', 'scheduled__2023-07-27T00:00:00+00:00', '--job-id', '253', '--raw', '--subdir', 'DAGS_FOLDER/asteroides-etl_dag.py', '--cfg-path', '/tmp/tmp0o9ycrqi']
[2023-10-30T15:27:34.466+0000] {standard_task_runner.py:85} INFO - Job 253: Subtask asteroides-etl-task
[2023-10-30T15:27:34.556+0000] {task_command.py:416} INFO - Running <TaskInstance: asteroides-etl-dag.asteroides-etl-task scheduled__2023-07-27T00:00:00+00:00 [running]> on host d87e86d3d093
[2023-10-30T15:27:34.677+0000] {taskinstance.py:1662} INFO - Exporting env vars: AIRFLOW_CTX_DAG_OWNER='Norman Ruiz' AIRFLOW_CTX_DAG_ID='asteroides-etl-dag' AIRFLOW_CTX_TASK_ID='asteroides-etl-task' AIRFLOW_CTX_EXECUTION_DATE='2023-07-27T00:00:00+00:00' AIRFLOW_CTX_TRY_NUMBER='1' AIRFLOW_CTX_DAG_RUN_ID='scheduled__2023-07-27T00:00:00+00:00'
[2023-10-30T15:27:34.680+0000] {subprocess.py:63} INFO - Tmp dir root location: /tmp
[2023-10-30T15:27:34.681+0000] {subprocess.py:75} INFO - Running command: ['/bin/bash', '-c', 'docker run -i asteroides-etl']
[2023-10-30T15:27:34.701+0000] {subprocess.py:86} INFO - Output:
[2023-10-30T15:27:34.737+0000] {subprocess.py:93} INFO - docker: Cannot connect to the Docker daemon at unix:///var/run/docker.sock. Is the docker daemon running?.
[2023-10-30T15:27:34.738+0000] {subprocess.py:93} INFO - See 'docker run --help'.
[2023-10-30T15:27:34.744+0000] {subprocess.py:97} INFO - Command exited with return code 125
[2023-10-30T15:27:34.763+0000] {taskinstance.py:1937} ERROR - Task failed with exception
Traceback (most recent call last):
  File "/home/airflow/.local/lib/python3.8/site-packages/airflow/operators/bash.py", line 210, in execute
    raise AirflowException(
airflow.exceptions.AirflowException: Bash command failed. The command returned a non-zero exit code 125.
[2023-10-30T15:27:34.769+0000] {taskinstance.py:1400} INFO - Marking task as UP_FOR_RETRY. dag_id=asteroides-etl-dag, task_id=asteroides-etl-task, execution_date=20230727T000000, start_date=20231030T152734, end_date=20231030T152734
[2023-10-30T15:27:34.791+0000] {standard_task_runner.py:104} ERROR - Failed to execute job 253 for task asteroides-etl-task (Bash command failed. The command returned a non-zero exit code 125.; 3257)
[2023-10-30T15:27:34.838+0000] {local_task_job_runner.py:228} INFO - Task exited with return code 1
[2023-10-30T15:27:34.869+0000] {taskinstance.py:2778} INFO - 0 downstream tasks scheduled from follow-on schedule check
[2023-10-30T19:26:18.936+0000] {taskinstance.py:1159} INFO - Dependencies all met for dep_context=non-requeueable deps ti=<TaskInstance: asteroides-etl-dag.asteroides-etl-task scheduled__2023-07-27T00:00:00+00:00 [queued]>
[2023-10-30T19:26:18.951+0000] {taskinstance.py:1159} INFO - Dependencies all met for dep_context=requeueable deps ti=<TaskInstance: asteroides-etl-dag.asteroides-etl-task scheduled__2023-07-27T00:00:00+00:00 [queued]>
[2023-10-30T19:26:18.952+0000] {taskinstance.py:1361} INFO - Starting attempt 1 of 5
[2023-10-30T19:26:18.978+0000] {taskinstance.py:1382} INFO - Executing <Task(BashOperator): asteroides-etl-task> on 2023-07-27 00:00:00+00:00
[2023-10-30T19:26:18.998+0000] {standard_task_runner.py:57} INFO - Started process 8629 to run task
[2023-10-30T19:26:18.998+0000] {standard_task_runner.py:84} INFO - Running: ['***', 'tasks', 'run', 'asteroides-etl-dag', 'asteroides-etl-task', 'scheduled__2023-07-27T00:00:00+00:00', '--job-id', '928', '--raw', '--subdir', 'DAGS_FOLDER/asteroides-etl_dag.py', '--cfg-path', '/tmp/tmp647vsivv']
[2023-10-30T19:26:19.005+0000] {standard_task_runner.py:85} INFO - Job 928: Subtask asteroides-etl-task
[2023-10-30T19:26:19.101+0000] {task_command.py:416} INFO - Running <TaskInstance: asteroides-etl-dag.asteroides-etl-task scheduled__2023-07-27T00:00:00+00:00 [running]> on host d87e86d3d093
[2023-10-30T19:26:19.253+0000] {taskinstance.py:1662} INFO - Exporting env vars: AIRFLOW_CTX_DAG_OWNER='Norman Ruiz' AIRFLOW_CTX_DAG_ID='asteroides-etl-dag' AIRFLOW_CTX_TASK_ID='asteroides-etl-task' AIRFLOW_CTX_EXECUTION_DATE='2023-07-27T00:00:00+00:00' AIRFLOW_CTX_TRY_NUMBER='1' AIRFLOW_CTX_DAG_RUN_ID='scheduled__2023-07-27T00:00:00+00:00'
[2023-10-30T19:26:19.256+0000] {subprocess.py:63} INFO - Tmp dir root location: /tmp
[2023-10-30T19:26:19.257+0000] {subprocess.py:75} INFO - Running command: ['/bin/bash', '-c', 'echo "Corrio !!!!"']
[2023-10-30T19:26:19.281+0000] {subprocess.py:86} INFO - Output:
[2023-10-30T19:26:19.286+0000] {subprocess.py:93} INFO - Corrio !!!!
[2023-10-30T19:26:19.287+0000] {subprocess.py:97} INFO - Command exited with return code 0
[2023-10-30T19:26:19.326+0000] {taskinstance.py:1400} INFO - Marking task as SUCCESS. dag_id=asteroides-etl-dag, task_id=asteroides-etl-task, execution_date=20230727T000000, start_date=20231030T192618, end_date=20231030T192619
[2023-10-30T19:26:19.392+0000] {local_task_job_runner.py:228} INFO - Task exited with return code 0
[2023-10-30T19:26:19.417+0000] {taskinstance.py:2778} INFO - 0 downstream tasks scheduled from follow-on schedule check
