[2023-10-30T01:01:58.511+0000] {taskinstance.py:1159} INFO - Dependencies all met for dep_context=non-requeueable deps ti=<TaskInstance: asteroides-etl-dag.asteroides-etl-task scheduled__2023-06-22T00:00:00+00:00 [queued]>
[2023-10-30T01:01:58.531+0000] {taskinstance.py:1159} INFO - Dependencies all met for dep_context=requeueable deps ti=<TaskInstance: asteroides-etl-dag.asteroides-etl-task scheduled__2023-06-22T00:00:00+00:00 [queued]>
[2023-10-30T01:01:58.532+0000] {taskinstance.py:1361} INFO - Starting attempt 1 of 5
[2023-10-30T01:01:58.556+0000] {taskinstance.py:1382} INFO - Executing <Task(BashOperator): asteroides-etl-task> on 2023-06-22 00:00:00+00:00
[2023-10-30T01:01:58.565+0000] {standard_task_runner.py:57} INFO - Started process 1433 to run task
[2023-10-30T01:01:58.570+0000] {standard_task_runner.py:84} INFO - Running: ['***', 'tasks', 'run', 'asteroides-etl-dag', 'asteroides-etl-task', 'scheduled__2023-06-22T00:00:00+00:00', '--job-id', '25', '--raw', '--subdir', 'DAGS_FOLDER/asteroides-etl_dag.py', '--cfg-path', '/tmp/tmp_r62c8st']
[2023-10-30T01:01:58.572+0000] {standard_task_runner.py:85} INFO - Job 25: Subtask asteroides-etl-task
[2023-10-30T01:01:58.655+0000] {task_command.py:416} INFO - Running <TaskInstance: asteroides-etl-dag.asteroides-etl-task scheduled__2023-06-22T00:00:00+00:00 [running]> on host ac9f9bef16c9
[2023-10-30T01:01:58.772+0000] {taskinstance.py:1662} INFO - Exporting env vars: AIRFLOW_CTX_DAG_OWNER='Norman Ruiz' AIRFLOW_CTX_DAG_ID='asteroides-etl-dag' AIRFLOW_CTX_TASK_ID='asteroides-etl-task' AIRFLOW_CTX_EXECUTION_DATE='2023-06-22T00:00:00+00:00' AIRFLOW_CTX_TRY_NUMBER='1' AIRFLOW_CTX_DAG_RUN_ID='scheduled__2023-06-22T00:00:00+00:00'
[2023-10-30T01:01:58.774+0000] {subprocess.py:63} INFO - Tmp dir root location: /tmp
[2023-10-30T01:01:58.776+0000] {subprocess.py:75} INFO - Running command: ['/bin/bash', '-c', 'echo ya casi lo tengo!!!!']
[2023-10-30T01:01:58.793+0000] {subprocess.py:86} INFO - Output:
[2023-10-30T01:01:58.796+0000] {subprocess.py:93} INFO - ya casi lo tengo!!!!
[2023-10-30T01:01:58.797+0000] {subprocess.py:97} INFO - Command exited with return code 0
[2023-10-30T01:01:58.830+0000] {taskinstance.py:1400} INFO - Marking task as SUCCESS. dag_id=asteroides-etl-dag, task_id=asteroides-etl-task, execution_date=20230622T000000, start_date=20231030T010158, end_date=20231030T010158
[2023-10-30T01:01:58.866+0000] {local_task_job_runner.py:228} INFO - Task exited with return code 0
[2023-10-30T01:01:58.888+0000] {taskinstance.py:2778} INFO - 0 downstream tasks scheduled from follow-on schedule check
[2023-10-30T15:11:07.678+0000] {taskinstance.py:1159} INFO - Dependencies all met for dep_context=non-requeueable deps ti=<TaskInstance: asteroides-etl-dag.asteroides-etl-task scheduled__2023-06-22T00:00:00+00:00 [queued]>
[2023-10-30T15:11:07.699+0000] {taskinstance.py:1159} INFO - Dependencies all met for dep_context=requeueable deps ti=<TaskInstance: asteroides-etl-dag.asteroides-etl-task scheduled__2023-06-22T00:00:00+00:00 [queued]>
[2023-10-30T15:11:07.700+0000] {taskinstance.py:1361} INFO - Starting attempt 1 of 5
[2023-10-30T15:11:07.734+0000] {taskinstance.py:1382} INFO - Executing <Task(BashOperator): asteroides-etl-task> on 2023-06-22 00:00:00+00:00
[2023-10-30T15:11:07.749+0000] {standard_task_runner.py:57} INFO - Started process 1163 to run task
[2023-10-30T15:11:07.754+0000] {standard_task_runner.py:84} INFO - Running: ['***', 'tasks', 'run', 'asteroides-etl-dag', 'asteroides-etl-task', 'scheduled__2023-06-22T00:00:00+00:00', '--job-id', '89', '--raw', '--subdir', 'DAGS_FOLDER/asteroides-etl_dag.py', '--cfg-path', '/tmp/tmpsan1o52w']
[2023-10-30T15:11:07.759+0000] {standard_task_runner.py:85} INFO - Job 89: Subtask asteroides-etl-task
[2023-10-30T15:11:07.854+0000] {task_command.py:416} INFO - Running <TaskInstance: asteroides-etl-dag.asteroides-etl-task scheduled__2023-06-22T00:00:00+00:00 [running]> on host d87e86d3d093
[2023-10-30T15:11:07.980+0000] {taskinstance.py:1662} INFO - Exporting env vars: AIRFLOW_CTX_DAG_OWNER='Norman Ruiz' AIRFLOW_CTX_DAG_ID='asteroides-etl-dag' AIRFLOW_CTX_TASK_ID='asteroides-etl-task' AIRFLOW_CTX_EXECUTION_DATE='2023-06-22T00:00:00+00:00' AIRFLOW_CTX_TRY_NUMBER='1' AIRFLOW_CTX_DAG_RUN_ID='scheduled__2023-06-22T00:00:00+00:00'
[2023-10-30T15:11:07.983+0000] {subprocess.py:63} INFO - Tmp dir root location: /tmp
[2023-10-30T15:11:07.984+0000] {subprocess.py:75} INFO - Running command: ['/bin/bash', '-c', 'docker run -it asteroides-etl']
[2023-10-30T15:11:08.007+0000] {subprocess.py:86} INFO - Output:
[2023-10-30T15:11:08.048+0000] {subprocess.py:93} INFO - the input device is not a TTY
[2023-10-30T15:11:08.051+0000] {subprocess.py:97} INFO - Command exited with return code 1
[2023-10-30T15:11:08.075+0000] {taskinstance.py:1937} ERROR - Task failed with exception
Traceback (most recent call last):
  File "/home/airflow/.local/lib/python3.8/site-packages/airflow/operators/bash.py", line 210, in execute
    raise AirflowException(
airflow.exceptions.AirflowException: Bash command failed. The command returned a non-zero exit code 1.
[2023-10-30T15:11:08.083+0000] {taskinstance.py:1400} INFO - Marking task as UP_FOR_RETRY. dag_id=asteroides-etl-dag, task_id=asteroides-etl-task, execution_date=20230622T000000, start_date=20231030T151107, end_date=20231030T151108
[2023-10-30T15:11:08.116+0000] {standard_task_runner.py:104} ERROR - Failed to execute job 89 for task asteroides-etl-task (Bash command failed. The command returned a non-zero exit code 1.; 1163)
[2023-10-30T15:11:08.167+0000] {local_task_job_runner.py:228} INFO - Task exited with return code 1
[2023-10-30T15:11:08.310+0000] {taskinstance.py:2778} INFO - 0 downstream tasks scheduled from follow-on schedule check
[2023-10-30T19:25:18.129+0000] {taskinstance.py:1159} INFO - Dependencies all met for dep_context=non-requeueable deps ti=<TaskInstance: asteroides-etl-dag.asteroides-etl-task scheduled__2023-06-22T00:00:00+00:00 [queued]>
[2023-10-30T19:25:18.147+0000] {taskinstance.py:1159} INFO - Dependencies all met for dep_context=requeueable deps ti=<TaskInstance: asteroides-etl-dag.asteroides-etl-task scheduled__2023-06-22T00:00:00+00:00 [queued]>
[2023-10-30T19:25:18.148+0000] {taskinstance.py:1361} INFO - Starting attempt 1 of 5
[2023-10-30T19:25:18.234+0000] {taskinstance.py:1382} INFO - Executing <Task(BashOperator): asteroides-etl-task> on 2023-06-22 00:00:00+00:00
[2023-10-30T19:25:18.245+0000] {standard_task_runner.py:57} INFO - Started process 8358 to run task
[2023-10-30T19:25:18.251+0000] {standard_task_runner.py:84} INFO - Running: ['***', 'tasks', 'run', 'asteroides-etl-dag', 'asteroides-etl-task', 'scheduled__2023-06-22T00:00:00+00:00', '--job-id', '843', '--raw', '--subdir', 'DAGS_FOLDER/asteroides-etl_dag.py', '--cfg-path', '/tmp/tmp6p4b1kj5']
[2023-10-30T19:25:18.254+0000] {standard_task_runner.py:85} INFO - Job 843: Subtask asteroides-etl-task
[2023-10-30T19:25:18.325+0000] {task_command.py:416} INFO - Running <TaskInstance: asteroides-etl-dag.asteroides-etl-task scheduled__2023-06-22T00:00:00+00:00 [running]> on host d87e86d3d093
[2023-10-30T19:25:18.443+0000] {taskinstance.py:1662} INFO - Exporting env vars: AIRFLOW_CTX_DAG_OWNER='Norman Ruiz' AIRFLOW_CTX_DAG_ID='asteroides-etl-dag' AIRFLOW_CTX_TASK_ID='asteroides-etl-task' AIRFLOW_CTX_EXECUTION_DATE='2023-06-22T00:00:00+00:00' AIRFLOW_CTX_TRY_NUMBER='1' AIRFLOW_CTX_DAG_RUN_ID='scheduled__2023-06-22T00:00:00+00:00'
[2023-10-30T19:25:18.445+0000] {subprocess.py:63} INFO - Tmp dir root location: /tmp
[2023-10-30T19:25:18.447+0000] {subprocess.py:75} INFO - Running command: ['/bin/bash', '-c', 'echo "Corrio !!!!"']
[2023-10-30T19:25:18.463+0000] {subprocess.py:86} INFO - Output:
[2023-10-30T19:25:18.466+0000] {subprocess.py:93} INFO - Corrio !!!!
[2023-10-30T19:25:18.467+0000] {subprocess.py:97} INFO - Command exited with return code 0
[2023-10-30T19:25:18.498+0000] {taskinstance.py:1400} INFO - Marking task as SUCCESS. dag_id=asteroides-etl-dag, task_id=asteroides-etl-task, execution_date=20230622T000000, start_date=20231030T192518, end_date=20231030T192518
[2023-10-30T19:25:18.546+0000] {local_task_job_runner.py:228} INFO - Task exited with return code 0
[2023-10-30T19:25:18.571+0000] {taskinstance.py:2778} INFO - 0 downstream tasks scheduled from follow-on schedule check
[2023-10-30T19:25:58.468+0000] {taskinstance.py:1159} INFO - Dependencies all met for dep_context=non-requeueable deps ti=<TaskInstance: asteroides-etl-dag.asteroides-etl-task scheduled__2023-06-22T00:00:00+00:00 [queued]>
[2023-10-30T19:25:58.487+0000] {taskinstance.py:1159} INFO - Dependencies all met for dep_context=requeueable deps ti=<TaskInstance: asteroides-etl-dag.asteroides-etl-task scheduled__2023-06-22T00:00:00+00:00 [queued]>
[2023-10-30T19:25:58.488+0000] {taskinstance.py:1361} INFO - Starting attempt 1 of 5
[2023-10-30T19:25:58.519+0000] {taskinstance.py:1382} INFO - Executing <Task(BashOperator): asteroides-etl-task> on 2023-06-22 00:00:00+00:00
[2023-10-30T19:25:58.531+0000] {standard_task_runner.py:57} INFO - Started process 8517 to run task
[2023-10-30T19:25:58.537+0000] {standard_task_runner.py:84} INFO - Running: ['***', 'tasks', 'run', 'asteroides-etl-dag', 'asteroides-etl-task', 'scheduled__2023-06-22T00:00:00+00:00', '--job-id', '893', '--raw', '--subdir', 'DAGS_FOLDER/asteroides-etl_dag.py', '--cfg-path', '/tmp/tmpwfo1mvqa']
[2023-10-30T19:25:58.539+0000] {standard_task_runner.py:85} INFO - Job 893: Subtask asteroides-etl-task
[2023-10-30T19:25:58.634+0000] {task_command.py:416} INFO - Running <TaskInstance: asteroides-etl-dag.asteroides-etl-task scheduled__2023-06-22T00:00:00+00:00 [running]> on host d87e86d3d093
[2023-10-30T19:25:58.786+0000] {taskinstance.py:1662} INFO - Exporting env vars: AIRFLOW_CTX_DAG_OWNER='Norman Ruiz' AIRFLOW_CTX_DAG_ID='asteroides-etl-dag' AIRFLOW_CTX_TASK_ID='asteroides-etl-task' AIRFLOW_CTX_EXECUTION_DATE='2023-06-22T00:00:00+00:00' AIRFLOW_CTX_TRY_NUMBER='1' AIRFLOW_CTX_DAG_RUN_ID='scheduled__2023-06-22T00:00:00+00:00'
[2023-10-30T19:25:58.791+0000] {subprocess.py:63} INFO - Tmp dir root location: /tmp
[2023-10-30T19:25:58.793+0000] {subprocess.py:75} INFO - Running command: ['/bin/bash', '-c', 'echo "Corrio !!!!"']
[2023-10-30T19:25:58.816+0000] {subprocess.py:86} INFO - Output:
[2023-10-30T19:25:58.820+0000] {subprocess.py:93} INFO - Corrio !!!!
[2023-10-30T19:25:58.823+0000] {subprocess.py:97} INFO - Command exited with return code 0
[2023-10-30T19:25:58.872+0000] {taskinstance.py:1400} INFO - Marking task as SUCCESS. dag_id=asteroides-etl-dag, task_id=asteroides-etl-task, execution_date=20230622T000000, start_date=20231030T192558, end_date=20231030T192558
[2023-10-30T19:25:58.910+0000] {local_task_job_runner.py:228} INFO - Task exited with return code 0
[2023-10-30T19:25:59.005+0000] {taskinstance.py:2778} INFO - 0 downstream tasks scheduled from follow-on schedule check
