[2023-10-30T15:15:10.399+0000] {taskinstance.py:1159} INFO - Dependencies all met for dep_context=non-requeueable deps ti=<TaskInstance: asteroides-etl-dag.asteroides-etl-task scheduled__2023-06-22T00:00:00+00:00 [queued]>
[2023-10-30T15:15:10.416+0000] {taskinstance.py:1159} INFO - Dependencies all met for dep_context=requeueable deps ti=<TaskInstance: asteroides-etl-dag.asteroides-etl-task scheduled__2023-06-22T00:00:00+00:00 [queued]>
[2023-10-30T15:15:10.417+0000] {taskinstance.py:1361} INFO - Starting attempt 3 of 5
[2023-10-30T15:15:10.443+0000] {taskinstance.py:1382} INFO - Executing <Task(BashOperator): asteroides-etl-task> on 2023-06-22 00:00:00+00:00
[2023-10-30T15:15:10.460+0000] {standard_task_runner.py:57} INFO - Started process 1570 to run task
[2023-10-30T15:15:10.466+0000] {standard_task_runner.py:84} INFO - Running: ['***', 'tasks', 'run', 'asteroides-etl-dag', 'asteroides-etl-task', 'scheduled__2023-06-22T00:00:00+00:00', '--job-id', '119', '--raw', '--subdir', 'DAGS_FOLDER/asteroides-etl_dag.py', '--cfg-path', '/tmp/tmpb1ikz72v']
[2023-10-30T15:15:10.470+0000] {standard_task_runner.py:85} INFO - Job 119: Subtask asteroides-etl-task
[2023-10-30T15:15:10.619+0000] {task_command.py:416} INFO - Running <TaskInstance: asteroides-etl-dag.asteroides-etl-task scheduled__2023-06-22T00:00:00+00:00 [running]> on host d87e86d3d093
[2023-10-30T15:15:10.864+0000] {taskinstance.py:1662} INFO - Exporting env vars: AIRFLOW_CTX_DAG_OWNER='Norman Ruiz' AIRFLOW_CTX_DAG_ID='asteroides-etl-dag' AIRFLOW_CTX_TASK_ID='asteroides-etl-task' AIRFLOW_CTX_EXECUTION_DATE='2023-06-22T00:00:00+00:00' AIRFLOW_CTX_TRY_NUMBER='3' AIRFLOW_CTX_DAG_RUN_ID='scheduled__2023-06-22T00:00:00+00:00'
[2023-10-30T15:15:10.870+0000] {subprocess.py:63} INFO - Tmp dir root location: /tmp
[2023-10-30T15:15:10.872+0000] {subprocess.py:75} INFO - Running command: ['/bin/bash', '-c', 'docker run -it asteroides-etl']
[2023-10-30T15:15:10.925+0000] {subprocess.py:86} INFO - Output:
[2023-10-30T15:15:11.001+0000] {subprocess.py:93} INFO - the input device is not a TTY
[2023-10-30T15:15:11.004+0000] {subprocess.py:97} INFO - Command exited with return code 1
[2023-10-30T15:15:11.036+0000] {taskinstance.py:1937} ERROR - Task failed with exception
Traceback (most recent call last):
  File "/home/airflow/.local/lib/python3.8/site-packages/airflow/operators/bash.py", line 210, in execute
    raise AirflowException(
airflow.exceptions.AirflowException: Bash command failed. The command returned a non-zero exit code 1.
[2023-10-30T15:15:11.046+0000] {taskinstance.py:1400} INFO - Marking task as UP_FOR_RETRY. dag_id=asteroides-etl-dag, task_id=asteroides-etl-task, execution_date=20230622T000000, start_date=20231030T151510, end_date=20231030T151511
[2023-10-30T15:15:11.099+0000] {standard_task_runner.py:104} ERROR - Failed to execute job 119 for task asteroides-etl-task (Bash command failed. The command returned a non-zero exit code 1.; 1570)
[2023-10-30T15:15:11.147+0000] {local_task_job_runner.py:228} INFO - Task exited with return code 1
[2023-10-30T15:15:11.187+0000] {taskinstance.py:2778} INFO - 0 downstream tasks scheduled from follow-on schedule check
