[2023-10-30T01:01:57.512+0000] {taskinstance.py:1159} INFO - Dependencies all met for dep_context=non-requeueable deps ti=<TaskInstance: asteroides-etl-dag.asteroides-etl-task scheduled__2023-06-18T00:00:00+00:00 [queued]>
[2023-10-30T01:01:57.532+0000] {taskinstance.py:1159} INFO - Dependencies all met for dep_context=requeueable deps ti=<TaskInstance: asteroides-etl-dag.asteroides-etl-task scheduled__2023-06-18T00:00:00+00:00 [queued]>
[2023-10-30T01:01:57.534+0000] {taskinstance.py:1361} INFO - Starting attempt 1 of 5
[2023-10-30T01:01:57.571+0000] {taskinstance.py:1382} INFO - Executing <Task(BashOperator): asteroides-etl-task> on 2023-06-18 00:00:00+00:00
[2023-10-30T01:01:57.583+0000] {standard_task_runner.py:57} INFO - Started process 1423 to run task
[2023-10-30T01:01:57.591+0000] {standard_task_runner.py:84} INFO - Running: ['***', 'tasks', 'run', 'asteroides-etl-dag', 'asteroides-etl-task', 'scheduled__2023-06-18T00:00:00+00:00', '--job-id', '21', '--raw', '--subdir', 'DAGS_FOLDER/asteroides-etl_dag.py', '--cfg-path', '/tmp/tmp97sznrg0']
[2023-10-30T01:01:57.594+0000] {standard_task_runner.py:85} INFO - Job 21: Subtask asteroides-etl-task
[2023-10-30T01:01:57.714+0000] {task_command.py:416} INFO - Running <TaskInstance: asteroides-etl-dag.asteroides-etl-task scheduled__2023-06-18T00:00:00+00:00 [running]> on host ac9f9bef16c9
[2023-10-30T01:01:57.892+0000] {taskinstance.py:1662} INFO - Exporting env vars: AIRFLOW_CTX_DAG_OWNER='Norman Ruiz' AIRFLOW_CTX_DAG_ID='asteroides-etl-dag' AIRFLOW_CTX_TASK_ID='asteroides-etl-task' AIRFLOW_CTX_EXECUTION_DATE='2023-06-18T00:00:00+00:00' AIRFLOW_CTX_TRY_NUMBER='1' AIRFLOW_CTX_DAG_RUN_ID='scheduled__2023-06-18T00:00:00+00:00'
[2023-10-30T01:01:57.895+0000] {subprocess.py:63} INFO - Tmp dir root location: /tmp
[2023-10-30T01:01:57.899+0000] {subprocess.py:75} INFO - Running command: ['/bin/bash', '-c', 'echo ya casi lo tengo!!!!']
[2023-10-30T01:01:57.927+0000] {subprocess.py:86} INFO - Output:
[2023-10-30T01:01:57.932+0000] {subprocess.py:93} INFO - ya casi lo tengo!!!!
[2023-10-30T01:01:57.934+0000] {subprocess.py:97} INFO - Command exited with return code 0
[2023-10-30T01:01:57.993+0000] {taskinstance.py:1400} INFO - Marking task as SUCCESS. dag_id=asteroides-etl-dag, task_id=asteroides-etl-task, execution_date=20230618T000000, start_date=20231030T010157, end_date=20231030T010157
[2023-10-30T01:01:58.052+0000] {local_task_job_runner.py:228} INFO - Task exited with return code 0
[2023-10-30T01:01:58.151+0000] {taskinstance.py:2778} INFO - 0 downstream tasks scheduled from follow-on schedule check
[2023-10-30T15:11:06.406+0000] {taskinstance.py:1159} INFO - Dependencies all met for dep_context=non-requeueable deps ti=<TaskInstance: asteroides-etl-dag.asteroides-etl-task scheduled__2023-06-18T00:00:00+00:00 [queued]>
[2023-10-30T15:11:06.421+0000] {taskinstance.py:1159} INFO - Dependencies all met for dep_context=requeueable deps ti=<TaskInstance: asteroides-etl-dag.asteroides-etl-task scheduled__2023-06-18T00:00:00+00:00 [queued]>
[2023-10-30T15:11:06.422+0000] {taskinstance.py:1361} INFO - Starting attempt 1 of 5
[2023-10-30T15:11:06.490+0000] {taskinstance.py:1382} INFO - Executing <Task(BashOperator): asteroides-etl-task> on 2023-06-18 00:00:00+00:00
[2023-10-30T15:11:06.497+0000] {standard_task_runner.py:57} INFO - Started process 1129 to run task
[2023-10-30T15:11:06.502+0000] {standard_task_runner.py:84} INFO - Running: ['***', 'tasks', 'run', 'asteroides-etl-dag', 'asteroides-etl-task', 'scheduled__2023-06-18T00:00:00+00:00', '--job-id', '85', '--raw', '--subdir', 'DAGS_FOLDER/asteroides-etl_dag.py', '--cfg-path', '/tmp/tmpnej4q5hz']
[2023-10-30T15:11:06.504+0000] {standard_task_runner.py:85} INFO - Job 85: Subtask asteroides-etl-task
[2023-10-30T15:11:06.586+0000] {task_command.py:416} INFO - Running <TaskInstance: asteroides-etl-dag.asteroides-etl-task scheduled__2023-06-18T00:00:00+00:00 [running]> on host d87e86d3d093
[2023-10-30T15:11:06.719+0000] {taskinstance.py:1662} INFO - Exporting env vars: AIRFLOW_CTX_DAG_OWNER='Norman Ruiz' AIRFLOW_CTX_DAG_ID='asteroides-etl-dag' AIRFLOW_CTX_TASK_ID='asteroides-etl-task' AIRFLOW_CTX_EXECUTION_DATE='2023-06-18T00:00:00+00:00' AIRFLOW_CTX_TRY_NUMBER='1' AIRFLOW_CTX_DAG_RUN_ID='scheduled__2023-06-18T00:00:00+00:00'
[2023-10-30T15:11:06.722+0000] {subprocess.py:63} INFO - Tmp dir root location: /tmp
[2023-10-30T15:11:06.724+0000] {subprocess.py:75} INFO - Running command: ['/bin/bash', '-c', 'docker run -it asteroides-etl']
[2023-10-30T15:11:06.747+0000] {subprocess.py:86} INFO - Output:
[2023-10-30T15:11:06.793+0000] {subprocess.py:93} INFO - the input device is not a TTY
[2023-10-30T15:11:06.795+0000] {subprocess.py:97} INFO - Command exited with return code 1
[2023-10-30T15:11:06.818+0000] {taskinstance.py:1937} ERROR - Task failed with exception
Traceback (most recent call last):
  File "/home/airflow/.local/lib/python3.8/site-packages/airflow/operators/bash.py", line 210, in execute
    raise AirflowException(
airflow.exceptions.AirflowException: Bash command failed. The command returned a non-zero exit code 1.
[2023-10-30T15:11:06.827+0000] {taskinstance.py:1400} INFO - Marking task as UP_FOR_RETRY. dag_id=asteroides-etl-dag, task_id=asteroides-etl-task, execution_date=20230618T000000, start_date=20231030T151106, end_date=20231030T151106
[2023-10-30T15:11:06.853+0000] {standard_task_runner.py:104} ERROR - Failed to execute job 85 for task asteroides-etl-task (Bash command failed. The command returned a non-zero exit code 1.; 1129)
[2023-10-30T15:11:06.881+0000] {local_task_job_runner.py:228} INFO - Task exited with return code 1
[2023-10-30T15:11:06.998+0000] {taskinstance.py:2778} INFO - 0 downstream tasks scheduled from follow-on schedule check
[2023-10-30T19:25:17.283+0000] {taskinstance.py:1159} INFO - Dependencies all met for dep_context=non-requeueable deps ti=<TaskInstance: asteroides-etl-dag.asteroides-etl-task scheduled__2023-06-18T00:00:00+00:00 [queued]>
[2023-10-30T19:25:17.302+0000] {taskinstance.py:1159} INFO - Dependencies all met for dep_context=requeueable deps ti=<TaskInstance: asteroides-etl-dag.asteroides-etl-task scheduled__2023-06-18T00:00:00+00:00 [queued]>
[2023-10-30T19:25:17.303+0000] {taskinstance.py:1361} INFO - Starting attempt 1 of 5
[2023-10-30T19:25:17.332+0000] {taskinstance.py:1382} INFO - Executing <Task(BashOperator): asteroides-etl-task> on 2023-06-18 00:00:00+00:00
[2023-10-30T19:25:17.341+0000] {standard_task_runner.py:57} INFO - Started process 8348 to run task
[2023-10-30T19:25:17.347+0000] {standard_task_runner.py:84} INFO - Running: ['***', 'tasks', 'run', 'asteroides-etl-dag', 'asteroides-etl-task', 'scheduled__2023-06-18T00:00:00+00:00', '--job-id', '839', '--raw', '--subdir', 'DAGS_FOLDER/asteroides-etl_dag.py', '--cfg-path', '/tmp/tmpf2ay5wsq']
[2023-10-30T19:25:17.349+0000] {standard_task_runner.py:85} INFO - Job 839: Subtask asteroides-etl-task
[2023-10-30T19:25:17.423+0000] {task_command.py:416} INFO - Running <TaskInstance: asteroides-etl-dag.asteroides-etl-task scheduled__2023-06-18T00:00:00+00:00 [running]> on host d87e86d3d093
[2023-10-30T19:25:17.611+0000] {taskinstance.py:1662} INFO - Exporting env vars: AIRFLOW_CTX_DAG_OWNER='Norman Ruiz' AIRFLOW_CTX_DAG_ID='asteroides-etl-dag' AIRFLOW_CTX_TASK_ID='asteroides-etl-task' AIRFLOW_CTX_EXECUTION_DATE='2023-06-18T00:00:00+00:00' AIRFLOW_CTX_TRY_NUMBER='1' AIRFLOW_CTX_DAG_RUN_ID='scheduled__2023-06-18T00:00:00+00:00'
[2023-10-30T19:25:17.615+0000] {subprocess.py:63} INFO - Tmp dir root location: /tmp
[2023-10-30T19:25:17.616+0000] {subprocess.py:75} INFO - Running command: ['/bin/bash', '-c', 'echo "Corrio !!!!"']
[2023-10-30T19:25:17.644+0000] {subprocess.py:86} INFO - Output:
[2023-10-30T19:25:17.650+0000] {subprocess.py:93} INFO - Corrio !!!!
[2023-10-30T19:25:17.652+0000] {subprocess.py:97} INFO - Command exited with return code 0
[2023-10-30T19:25:17.700+0000] {taskinstance.py:1400} INFO - Marking task as SUCCESS. dag_id=asteroides-etl-dag, task_id=asteroides-etl-task, execution_date=20230618T000000, start_date=20231030T192517, end_date=20231030T192517
[2023-10-30T19:25:17.760+0000] {local_task_job_runner.py:228} INFO - Task exited with return code 0
[2023-10-30T19:25:17.796+0000] {taskinstance.py:2778} INFO - 0 downstream tasks scheduled from follow-on schedule check
[2023-10-30T19:25:55.361+0000] {taskinstance.py:1159} INFO - Dependencies all met for dep_context=non-requeueable deps ti=<TaskInstance: asteroides-etl-dag.asteroides-etl-task scheduled__2023-06-18T00:00:00+00:00 [queued]>
[2023-10-30T19:25:55.391+0000] {taskinstance.py:1159} INFO - Dependencies all met for dep_context=requeueable deps ti=<TaskInstance: asteroides-etl-dag.asteroides-etl-task scheduled__2023-06-18T00:00:00+00:00 [queued]>
[2023-10-30T19:25:55.392+0000] {taskinstance.py:1361} INFO - Starting attempt 1 of 5
[2023-10-30T19:25:55.448+0000] {taskinstance.py:1382} INFO - Executing <Task(BashOperator): asteroides-etl-task> on 2023-06-18 00:00:00+00:00
[2023-10-30T19:25:55.461+0000] {standard_task_runner.py:57} INFO - Started process 8504 to run task
[2023-10-30T19:25:55.477+0000] {standard_task_runner.py:84} INFO - Running: ['***', 'tasks', 'run', 'asteroides-etl-dag', 'asteroides-etl-task', 'scheduled__2023-06-18T00:00:00+00:00', '--job-id', '889', '--raw', '--subdir', 'DAGS_FOLDER/asteroides-etl_dag.py', '--cfg-path', '/tmp/tmpe17847ib']
[2023-10-30T19:25:55.480+0000] {standard_task_runner.py:85} INFO - Job 889: Subtask asteroides-etl-task
[2023-10-30T19:25:55.621+0000] {task_command.py:416} INFO - Running <TaskInstance: asteroides-etl-dag.asteroides-etl-task scheduled__2023-06-18T00:00:00+00:00 [running]> on host d87e86d3d093
[2023-10-30T19:25:55.812+0000] {taskinstance.py:1662} INFO - Exporting env vars: AIRFLOW_CTX_DAG_OWNER='Norman Ruiz' AIRFLOW_CTX_DAG_ID='asteroides-etl-dag' AIRFLOW_CTX_TASK_ID='asteroides-etl-task' AIRFLOW_CTX_EXECUTION_DATE='2023-06-18T00:00:00+00:00' AIRFLOW_CTX_TRY_NUMBER='1' AIRFLOW_CTX_DAG_RUN_ID='scheduled__2023-06-18T00:00:00+00:00'
[2023-10-30T19:25:55.815+0000] {subprocess.py:63} INFO - Tmp dir root location: /tmp
[2023-10-30T19:25:55.817+0000] {subprocess.py:75} INFO - Running command: ['/bin/bash', '-c', 'echo "Corrio !!!!"']
[2023-10-30T19:25:55.844+0000] {subprocess.py:86} INFO - Output:
[2023-10-30T19:25:55.850+0000] {subprocess.py:93} INFO - Corrio !!!!
[2023-10-30T19:25:55.851+0000] {subprocess.py:97} INFO - Command exited with return code 0
[2023-10-30T19:25:55.897+0000] {taskinstance.py:1400} INFO - Marking task as SUCCESS. dag_id=asteroides-etl-dag, task_id=asteroides-etl-task, execution_date=20230618T000000, start_date=20231030T192555, end_date=20231030T192555
[2023-10-30T19:25:55.943+0000] {local_task_job_runner.py:228} INFO - Task exited with return code 0
[2023-10-30T19:25:55.972+0000] {taskinstance.py:2778} INFO - 0 downstream tasks scheduled from follow-on schedule check
