[2023-10-30T15:04:54.653+0000] {taskinstance.py:1159} INFO - Dependencies all met for dep_context=non-requeueable deps ti=<TaskInstance: asteroides-etl-dag.asteroides-etl-task scheduled__2023-06-02T00:00:00+00:00 [queued]>
[2023-10-30T15:04:54.672+0000] {taskinstance.py:1159} INFO - Dependencies all met for dep_context=requeueable deps ti=<TaskInstance: asteroides-etl-dag.asteroides-etl-task scheduled__2023-06-02T00:00:00+00:00 [queued]>
[2023-10-30T15:04:54.673+0000] {taskinstance.py:1361} INFO - Starting attempt 2 of 5
[2023-10-30T15:04:54.703+0000] {taskinstance.py:1382} INFO - Executing <Task(BashOperator): asteroides-etl-task> on 2023-06-02 00:00:00+00:00
[2023-10-30T15:04:54.715+0000] {standard_task_runner.py:57} INFO - Started process 305 to run task
[2023-10-30T15:04:54.722+0000] {standard_task_runner.py:84} INFO - Running: ['***', 'tasks', 'run', 'asteroides-etl-dag', 'asteroides-etl-task', 'scheduled__2023-06-02T00:00:00+00:00', '--job-id', '20', '--raw', '--subdir', 'DAGS_FOLDER/asteroides-etl_dag.py', '--cfg-path', '/tmp/tmpig3vj3et']
[2023-10-30T15:04:54.724+0000] {standard_task_runner.py:85} INFO - Job 20: Subtask asteroides-etl-task
[2023-10-30T15:04:54.805+0000] {task_command.py:416} INFO - Running <TaskInstance: asteroides-etl-dag.asteroides-etl-task scheduled__2023-06-02T00:00:00+00:00 [running]> on host d87e86d3d093
[2023-10-30T15:04:54.927+0000] {taskinstance.py:1662} INFO - Exporting env vars: AIRFLOW_CTX_DAG_OWNER='Norman Ruiz' AIRFLOW_CTX_DAG_ID='asteroides-etl-dag' AIRFLOW_CTX_TASK_ID='asteroides-etl-task' AIRFLOW_CTX_EXECUTION_DATE='2023-06-02T00:00:00+00:00' AIRFLOW_CTX_TRY_NUMBER='2' AIRFLOW_CTX_DAG_RUN_ID='scheduled__2023-06-02T00:00:00+00:00'
[2023-10-30T15:04:54.929+0000] {subprocess.py:63} INFO - Tmp dir root location: /tmp
[2023-10-30T15:04:54.930+0000] {subprocess.py:75} INFO - Running command: ['/bin/bash', '-c', 'docker run -it --name asteroides-etl asteroides-etl']
[2023-10-30T15:04:54.956+0000] {subprocess.py:86} INFO - Output:
[2023-10-30T15:04:55.010+0000] {subprocess.py:93} INFO - the input device is not a TTY
[2023-10-30T15:04:55.014+0000] {subprocess.py:97} INFO - Command exited with return code 1
[2023-10-30T15:04:55.044+0000] {taskinstance.py:1937} ERROR - Task failed with exception
Traceback (most recent call last):
  File "/home/airflow/.local/lib/python3.8/site-packages/airflow/operators/bash.py", line 210, in execute
    raise AirflowException(
airflow.exceptions.AirflowException: Bash command failed. The command returned a non-zero exit code 1.
[2023-10-30T15:04:55.058+0000] {taskinstance.py:1400} INFO - Marking task as UP_FOR_RETRY. dag_id=asteroides-etl-dag, task_id=asteroides-etl-task, execution_date=20230602T000000, start_date=20231030T150454, end_date=20231030T150455
[2023-10-30T15:04:55.106+0000] {standard_task_runner.py:104} ERROR - Failed to execute job 20 for task asteroides-etl-task (Bash command failed. The command returned a non-zero exit code 1.; 305)
[2023-10-30T15:04:55.138+0000] {local_task_job_runner.py:228} INFO - Task exited with return code 1
[2023-10-30T15:04:55.176+0000] {taskinstance.py:2778} INFO - 0 downstream tasks scheduled from follow-on schedule check
[2023-10-30T19:25:10.822+0000] {taskinstance.py:1159} INFO - Dependencies all met for dep_context=non-requeueable deps ti=<TaskInstance: asteroides-etl-dag.asteroides-etl-task scheduled__2023-06-02T00:00:00+00:00 [queued]>
[2023-10-30T19:25:10.848+0000] {taskinstance.py:1159} INFO - Dependencies all met for dep_context=requeueable deps ti=<TaskInstance: asteroides-etl-dag.asteroides-etl-task scheduled__2023-06-02T00:00:00+00:00 [queued]>
[2023-10-30T19:25:10.849+0000] {taskinstance.py:1361} INFO - Starting attempt 2 of 5
[2023-10-30T19:25:10.891+0000] {taskinstance.py:1382} INFO - Executing <Task(BashOperator): asteroides-etl-task> on 2023-06-02 00:00:00+00:00
[2023-10-30T19:25:10.904+0000] {standard_task_runner.py:57} INFO - Started process 8300 to run task
[2023-10-30T19:25:10.915+0000] {standard_task_runner.py:84} INFO - Running: ['***', 'tasks', 'run', 'asteroides-etl-dag', 'asteroides-etl-task', 'scheduled__2023-06-02T00:00:00+00:00', '--job-id', '823', '--raw', '--subdir', 'DAGS_FOLDER/asteroides-etl_dag.py', '--cfg-path', '/tmp/tmp_t8up1qz']
[2023-10-30T19:25:10.917+0000] {standard_task_runner.py:85} INFO - Job 823: Subtask asteroides-etl-task
[2023-10-30T19:25:11.024+0000] {task_command.py:416} INFO - Running <TaskInstance: asteroides-etl-dag.asteroides-etl-task scheduled__2023-06-02T00:00:00+00:00 [running]> on host d87e86d3d093
[2023-10-30T19:25:11.200+0000] {taskinstance.py:1662} INFO - Exporting env vars: AIRFLOW_CTX_DAG_OWNER='Norman Ruiz' AIRFLOW_CTX_DAG_ID='asteroides-etl-dag' AIRFLOW_CTX_TASK_ID='asteroides-etl-task' AIRFLOW_CTX_EXECUTION_DATE='2023-06-02T00:00:00+00:00' AIRFLOW_CTX_TRY_NUMBER='2' AIRFLOW_CTX_DAG_RUN_ID='scheduled__2023-06-02T00:00:00+00:00'
[2023-10-30T19:25:11.207+0000] {subprocess.py:63} INFO - Tmp dir root location: /tmp
[2023-10-30T19:25:11.210+0000] {subprocess.py:75} INFO - Running command: ['/bin/bash', '-c', 'echo "Corrio !!!!"']
[2023-10-30T19:25:11.241+0000] {subprocess.py:86} INFO - Output:
[2023-10-30T19:25:11.245+0000] {subprocess.py:93} INFO - Corrio !!!!
[2023-10-30T19:25:11.246+0000] {subprocess.py:97} INFO - Command exited with return code 0
[2023-10-30T19:25:11.299+0000] {taskinstance.py:1400} INFO - Marking task as SUCCESS. dag_id=asteroides-etl-dag, task_id=asteroides-etl-task, execution_date=20230602T000000, start_date=20231030T192510, end_date=20231030T192511
[2023-10-30T19:25:11.368+0000] {local_task_job_runner.py:228} INFO - Task exited with return code 0
[2023-10-30T19:25:11.407+0000] {taskinstance.py:2778} INFO - 0 downstream tasks scheduled from follow-on schedule check
