[2023-10-30T01:02:09.561+0000] {taskinstance.py:1159} INFO - Dependencies all met for dep_context=non-requeueable deps ti=<TaskInstance: asteroides-etl-dag.asteroides-etl-task scheduled__2023-07-09T00:00:00+00:00 [queued]>
[2023-10-30T01:02:09.578+0000] {taskinstance.py:1159} INFO - Dependencies all met for dep_context=requeueable deps ti=<TaskInstance: asteroides-etl-dag.asteroides-etl-task scheduled__2023-07-09T00:00:00+00:00 [queued]>
[2023-10-30T01:02:09.579+0000] {taskinstance.py:1361} INFO - Starting attempt 1 of 5
[2023-10-30T01:02:09.620+0000] {taskinstance.py:1382} INFO - Executing <Task(BashOperator): asteroides-etl-task> on 2023-07-09 00:00:00+00:00
[2023-10-30T01:02:09.630+0000] {standard_task_runner.py:57} INFO - Started process 1494 to run task
[2023-10-30T01:02:09.635+0000] {standard_task_runner.py:84} INFO - Running: ['***', 'tasks', 'run', 'asteroides-etl-dag', 'asteroides-etl-task', 'scheduled__2023-07-09T00:00:00+00:00', '--job-id', '42', '--raw', '--subdir', 'DAGS_FOLDER/asteroides-etl_dag.py', '--cfg-path', '/tmp/tmp_5ixo4ln']
[2023-10-30T01:02:09.637+0000] {standard_task_runner.py:85} INFO - Job 42: Subtask asteroides-etl-task
[2023-10-30T01:02:09.724+0000] {task_command.py:416} INFO - Running <TaskInstance: asteroides-etl-dag.asteroides-etl-task scheduled__2023-07-09T00:00:00+00:00 [running]> on host ac9f9bef16c9
[2023-10-30T01:02:09.879+0000] {taskinstance.py:1662} INFO - Exporting env vars: AIRFLOW_CTX_DAG_OWNER='Norman Ruiz' AIRFLOW_CTX_DAG_ID='asteroides-etl-dag' AIRFLOW_CTX_TASK_ID='asteroides-etl-task' AIRFLOW_CTX_EXECUTION_DATE='2023-07-09T00:00:00+00:00' AIRFLOW_CTX_TRY_NUMBER='1' AIRFLOW_CTX_DAG_RUN_ID='scheduled__2023-07-09T00:00:00+00:00'
[2023-10-30T01:02:09.881+0000] {subprocess.py:63} INFO - Tmp dir root location: /tmp
[2023-10-30T01:02:09.884+0000] {subprocess.py:75} INFO - Running command: ['/bin/bash', '-c', 'echo ya casi lo tengo!!!!']
[2023-10-30T01:02:09.904+0000] {subprocess.py:86} INFO - Output:
[2023-10-30T01:02:09.907+0000] {subprocess.py:93} INFO - ya casi lo tengo!!!!
[2023-10-30T01:02:09.909+0000] {subprocess.py:97} INFO - Command exited with return code 0
[2023-10-30T01:02:09.942+0000] {taskinstance.py:1400} INFO - Marking task as SUCCESS. dag_id=asteroides-etl-dag, task_id=asteroides-etl-task, execution_date=20230709T000000, start_date=20231030T010209, end_date=20231030T010209
[2023-10-30T01:02:09.975+0000] {local_task_job_runner.py:228} INFO - Task exited with return code 0
[2023-10-30T01:02:10.000+0000] {taskinstance.py:2778} INFO - 0 downstream tasks scheduled from follow-on schedule check
[2023-10-30T15:19:22.045+0000] {taskinstance.py:1159} INFO - Dependencies all met for dep_context=non-requeueable deps ti=<TaskInstance: asteroides-etl-dag.asteroides-etl-task scheduled__2023-07-09T00:00:00+00:00 [queued]>
[2023-10-30T15:19:22.062+0000] {taskinstance.py:1159} INFO - Dependencies all met for dep_context=requeueable deps ti=<TaskInstance: asteroides-etl-dag.asteroides-etl-task scheduled__2023-07-09T00:00:00+00:00 [queued]>
[2023-10-30T15:19:22.063+0000] {taskinstance.py:1361} INFO - Starting attempt 1 of 5
[2023-10-30T15:19:22.092+0000] {taskinstance.py:1382} INFO - Executing <Task(BashOperator): asteroides-etl-task> on 2023-07-09 00:00:00+00:00
[2023-10-30T15:19:22.103+0000] {standard_task_runner.py:57} INFO - Started process 2207 to run task
[2023-10-30T15:19:22.108+0000] {standard_task_runner.py:84} INFO - Running: ['***', 'tasks', 'run', 'asteroides-etl-dag', 'asteroides-etl-task', 'scheduled__2023-07-09T00:00:00+00:00', '--job-id', '171', '--raw', '--subdir', 'DAGS_FOLDER/asteroides-etl_dag.py', '--cfg-path', '/tmp/tmpt451gcgu']
[2023-10-30T15:19:22.110+0000] {standard_task_runner.py:85} INFO - Job 171: Subtask asteroides-etl-task
[2023-10-30T15:19:22.203+0000] {task_command.py:416} INFO - Running <TaskInstance: asteroides-etl-dag.asteroides-etl-task scheduled__2023-07-09T00:00:00+00:00 [running]> on host d87e86d3d093
[2023-10-30T15:19:22.323+0000] {taskinstance.py:1662} INFO - Exporting env vars: AIRFLOW_CTX_DAG_OWNER='Norman Ruiz' AIRFLOW_CTX_DAG_ID='asteroides-etl-dag' AIRFLOW_CTX_TASK_ID='asteroides-etl-task' AIRFLOW_CTX_EXECUTION_DATE='2023-07-09T00:00:00+00:00' AIRFLOW_CTX_TRY_NUMBER='1' AIRFLOW_CTX_DAG_RUN_ID='scheduled__2023-07-09T00:00:00+00:00'
[2023-10-30T15:19:22.325+0000] {subprocess.py:63} INFO - Tmp dir root location: /tmp
[2023-10-30T15:19:22.326+0000] {subprocess.py:75} INFO - Running command: ['/bin/bash', '-c', 'docker run -i asteroides-etl']
[2023-10-30T15:19:22.346+0000] {subprocess.py:86} INFO - Output:
[2023-10-30T15:19:22.381+0000] {subprocess.py:93} INFO - docker: Cannot connect to the Docker daemon at unix:///var/run/docker.sock. Is the docker daemon running?.
[2023-10-30T15:19:22.383+0000] {subprocess.py:93} INFO - See 'docker run --help'.
[2023-10-30T15:19:22.386+0000] {subprocess.py:97} INFO - Command exited with return code 125
[2023-10-30T15:19:22.412+0000] {taskinstance.py:1937} ERROR - Task failed with exception
Traceback (most recent call last):
  File "/home/airflow/.local/lib/python3.8/site-packages/airflow/operators/bash.py", line 210, in execute
    raise AirflowException(
airflow.exceptions.AirflowException: Bash command failed. The command returned a non-zero exit code 125.
[2023-10-30T15:19:22.423+0000] {taskinstance.py:1400} INFO - Marking task as UP_FOR_RETRY. dag_id=asteroides-etl-dag, task_id=asteroides-etl-task, execution_date=20230709T000000, start_date=20231030T151922, end_date=20231030T151922
[2023-10-30T15:19:22.453+0000] {standard_task_runner.py:104} ERROR - Failed to execute job 171 for task asteroides-etl-task (Bash command failed. The command returned a non-zero exit code 125.; 2207)
[2023-10-30T15:19:22.487+0000] {local_task_job_runner.py:228} INFO - Task exited with return code 1
[2023-10-30T15:19:22.523+0000] {taskinstance.py:2778} INFO - 0 downstream tasks scheduled from follow-on schedule check
[2023-10-30T19:25:28.398+0000] {taskinstance.py:1159} INFO - Dependencies all met for dep_context=non-requeueable deps ti=<TaskInstance: asteroides-etl-dag.asteroides-etl-task scheduled__2023-07-09T00:00:00+00:00 [queued]>
[2023-10-30T19:25:28.416+0000] {taskinstance.py:1159} INFO - Dependencies all met for dep_context=requeueable deps ti=<TaskInstance: asteroides-etl-dag.asteroides-etl-task scheduled__2023-07-09T00:00:00+00:00 [queued]>
[2023-10-30T19:25:28.417+0000] {taskinstance.py:1361} INFO - Starting attempt 1 of 5
[2023-10-30T19:25:28.444+0000] {taskinstance.py:1382} INFO - Executing <Task(BashOperator): asteroides-etl-task> on 2023-07-09 00:00:00+00:00
[2023-10-30T19:25:28.454+0000] {standard_task_runner.py:57} INFO - Started process 8411 to run task
[2023-10-30T19:25:28.461+0000] {standard_task_runner.py:84} INFO - Running: ['***', 'tasks', 'run', 'asteroides-etl-dag', 'asteroides-etl-task', 'scheduled__2023-07-09T00:00:00+00:00', '--job-id', '860', '--raw', '--subdir', 'DAGS_FOLDER/asteroides-etl_dag.py', '--cfg-path', '/tmp/tmpwurgfmbs']
[2023-10-30T19:25:28.462+0000] {standard_task_runner.py:85} INFO - Job 860: Subtask asteroides-etl-task
[2023-10-30T19:25:28.538+0000] {task_command.py:416} INFO - Running <TaskInstance: asteroides-etl-dag.asteroides-etl-task scheduled__2023-07-09T00:00:00+00:00 [running]> on host d87e86d3d093
[2023-10-30T19:25:28.684+0000] {taskinstance.py:1662} INFO - Exporting env vars: AIRFLOW_CTX_DAG_OWNER='Norman Ruiz' AIRFLOW_CTX_DAG_ID='asteroides-etl-dag' AIRFLOW_CTX_TASK_ID='asteroides-etl-task' AIRFLOW_CTX_EXECUTION_DATE='2023-07-09T00:00:00+00:00' AIRFLOW_CTX_TRY_NUMBER='1' AIRFLOW_CTX_DAG_RUN_ID='scheduled__2023-07-09T00:00:00+00:00'
[2023-10-30T19:25:28.692+0000] {subprocess.py:63} INFO - Tmp dir root location: /tmp
[2023-10-30T19:25:28.694+0000] {subprocess.py:75} INFO - Running command: ['/bin/bash', '-c', 'echo "Corrio !!!!"']
[2023-10-30T19:25:28.723+0000] {subprocess.py:86} INFO - Output:
[2023-10-30T19:25:28.727+0000] {subprocess.py:93} INFO - Corrio !!!!
[2023-10-30T19:25:28.729+0000] {subprocess.py:97} INFO - Command exited with return code 0
[2023-10-30T19:25:28.778+0000] {taskinstance.py:1400} INFO - Marking task as SUCCESS. dag_id=asteroides-etl-dag, task_id=asteroides-etl-task, execution_date=20230709T000000, start_date=20231030T192528, end_date=20231030T192528
[2023-10-30T19:25:28.838+0000] {local_task_job_runner.py:228} INFO - Task exited with return code 0
[2023-10-30T19:25:28.930+0000] {taskinstance.py:2778} INFO - 0 downstream tasks scheduled from follow-on schedule check
[2023-10-30T19:26:07.036+0000] {taskinstance.py:1159} INFO - Dependencies all met for dep_context=non-requeueable deps ti=<TaskInstance: asteroides-etl-dag.asteroides-etl-task scheduled__2023-07-09T00:00:00+00:00 [queued]>
[2023-10-30T19:26:07.051+0000] {taskinstance.py:1159} INFO - Dependencies all met for dep_context=requeueable deps ti=<TaskInstance: asteroides-etl-dag.asteroides-etl-task scheduled__2023-07-09T00:00:00+00:00 [queued]>
[2023-10-30T19:26:07.052+0000] {taskinstance.py:1361} INFO - Starting attempt 1 of 5
[2023-10-30T19:26:07.076+0000] {taskinstance.py:1382} INFO - Executing <Task(BashOperator): asteroides-etl-task> on 2023-07-09 00:00:00+00:00
[2023-10-30T19:26:07.085+0000] {standard_task_runner.py:57} INFO - Started process 8566 to run task
[2023-10-30T19:26:07.090+0000] {standard_task_runner.py:84} INFO - Running: ['***', 'tasks', 'run', 'asteroides-etl-dag', 'asteroides-etl-task', 'scheduled__2023-07-09T00:00:00+00:00', '--job-id', '910', '--raw', '--subdir', 'DAGS_FOLDER/asteroides-etl_dag.py', '--cfg-path', '/tmp/tmp7iejfykt']
[2023-10-30T19:26:07.091+0000] {standard_task_runner.py:85} INFO - Job 910: Subtask asteroides-etl-task
[2023-10-30T19:26:07.168+0000] {task_command.py:416} INFO - Running <TaskInstance: asteroides-etl-dag.asteroides-etl-task scheduled__2023-07-09T00:00:00+00:00 [running]> on host d87e86d3d093
[2023-10-30T19:26:07.295+0000] {taskinstance.py:1662} INFO - Exporting env vars: AIRFLOW_CTX_DAG_OWNER='Norman Ruiz' AIRFLOW_CTX_DAG_ID='asteroides-etl-dag' AIRFLOW_CTX_TASK_ID='asteroides-etl-task' AIRFLOW_CTX_EXECUTION_DATE='2023-07-09T00:00:00+00:00' AIRFLOW_CTX_TRY_NUMBER='1' AIRFLOW_CTX_DAG_RUN_ID='scheduled__2023-07-09T00:00:00+00:00'
[2023-10-30T19:26:07.297+0000] {subprocess.py:63} INFO - Tmp dir root location: /tmp
[2023-10-30T19:26:07.298+0000] {subprocess.py:75} INFO - Running command: ['/bin/bash', '-c', 'echo "Corrio !!!!"']
[2023-10-30T19:26:07.317+0000] {subprocess.py:86} INFO - Output:
[2023-10-30T19:26:07.320+0000] {subprocess.py:93} INFO - Corrio !!!!
[2023-10-30T19:26:07.321+0000] {subprocess.py:97} INFO - Command exited with return code 0
[2023-10-30T19:26:07.357+0000] {taskinstance.py:1400} INFO - Marking task as SUCCESS. dag_id=asteroides-etl-dag, task_id=asteroides-etl-task, execution_date=20230709T000000, start_date=20231030T192607, end_date=20231030T192607
[2023-10-30T19:26:07.383+0000] {local_task_job_runner.py:228} INFO - Task exited with return code 0
[2023-10-30T19:26:07.406+0000] {taskinstance.py:2778} INFO - 0 downstream tasks scheduled from follow-on schedule check
