[2023-10-30T15:04:55.229+0000] {taskinstance.py:1159} INFO - Dependencies all met for dep_context=non-requeueable deps ti=<TaskInstance: asteroides-etl-dag.asteroides-etl-task scheduled__2023-06-04T00:00:00+00:00 [queued]>
[2023-10-30T15:04:55.255+0000] {taskinstance.py:1159} INFO - Dependencies all met for dep_context=requeueable deps ti=<TaskInstance: asteroides-etl-dag.asteroides-etl-task scheduled__2023-06-04T00:00:00+00:00 [queued]>
[2023-10-30T15:04:55.256+0000] {taskinstance.py:1361} INFO - Starting attempt 2 of 5
[2023-10-30T15:04:55.293+0000] {taskinstance.py:1382} INFO - Executing <Task(BashOperator): asteroides-etl-task> on 2023-06-04 00:00:00+00:00
[2023-10-30T15:04:55.304+0000] {standard_task_runner.py:57} INFO - Started process 326 to run task
[2023-10-30T15:04:55.311+0000] {standard_task_runner.py:84} INFO - Running: ['***', 'tasks', 'run', 'asteroides-etl-dag', 'asteroides-etl-task', 'scheduled__2023-06-04T00:00:00+00:00', '--job-id', '21', '--raw', '--subdir', 'DAGS_FOLDER/asteroides-etl_dag.py', '--cfg-path', '/tmp/tmpcowny5jh']
[2023-10-30T15:04:55.313+0000] {standard_task_runner.py:85} INFO - Job 21: Subtask asteroides-etl-task
[2023-10-30T15:04:55.413+0000] {task_command.py:416} INFO - Running <TaskInstance: asteroides-etl-dag.asteroides-etl-task scheduled__2023-06-04T00:00:00+00:00 [running]> on host d87e86d3d093
[2023-10-30T15:04:55.553+0000] {taskinstance.py:1662} INFO - Exporting env vars: AIRFLOW_CTX_DAG_OWNER='Norman Ruiz' AIRFLOW_CTX_DAG_ID='asteroides-etl-dag' AIRFLOW_CTX_TASK_ID='asteroides-etl-task' AIRFLOW_CTX_EXECUTION_DATE='2023-06-04T00:00:00+00:00' AIRFLOW_CTX_TRY_NUMBER='2' AIRFLOW_CTX_DAG_RUN_ID='scheduled__2023-06-04T00:00:00+00:00'
[2023-10-30T15:04:55.558+0000] {subprocess.py:63} INFO - Tmp dir root location: /tmp
[2023-10-30T15:04:55.560+0000] {subprocess.py:75} INFO - Running command: ['/bin/bash', '-c', 'docker run -it --name asteroides-etl asteroides-etl']
[2023-10-30T15:04:55.584+0000] {subprocess.py:86} INFO - Output:
[2023-10-30T15:04:55.637+0000] {subprocess.py:93} INFO - the input device is not a TTY
[2023-10-30T15:04:55.641+0000] {subprocess.py:97} INFO - Command exited with return code 1
[2023-10-30T15:04:55.666+0000] {taskinstance.py:1937} ERROR - Task failed with exception
Traceback (most recent call last):
  File "/home/airflow/.local/lib/python3.8/site-packages/airflow/operators/bash.py", line 210, in execute
    raise AirflowException(
airflow.exceptions.AirflowException: Bash command failed. The command returned a non-zero exit code 1.
[2023-10-30T15:04:55.673+0000] {taskinstance.py:1400} INFO - Marking task as UP_FOR_RETRY. dag_id=asteroides-etl-dag, task_id=asteroides-etl-task, execution_date=20230604T000000, start_date=20231030T150455, end_date=20231030T150455
[2023-10-30T15:04:55.709+0000] {standard_task_runner.py:104} ERROR - Failed to execute job 21 for task asteroides-etl-task (Bash command failed. The command returned a non-zero exit code 1.; 326)
[2023-10-30T15:04:55.766+0000] {local_task_job_runner.py:228} INFO - Task exited with return code 1
[2023-10-30T15:04:55.806+0000] {taskinstance.py:2778} INFO - 0 downstream tasks scheduled from follow-on schedule check
[2023-10-30T19:25:10.881+0000] {taskinstance.py:1159} INFO - Dependencies all met for dep_context=non-requeueable deps ti=<TaskInstance: asteroides-etl-dag.asteroides-etl-task scheduled__2023-06-04T00:00:00+00:00 [queued]>
[2023-10-30T19:25:10.901+0000] {taskinstance.py:1159} INFO - Dependencies all met for dep_context=requeueable deps ti=<TaskInstance: asteroides-etl-dag.asteroides-etl-task scheduled__2023-06-04T00:00:00+00:00 [queued]>
[2023-10-30T19:25:10.902+0000] {taskinstance.py:1361} INFO - Starting attempt 2 of 5
[2023-10-30T19:25:10.943+0000] {taskinstance.py:1382} INFO - Executing <Task(BashOperator): asteroides-etl-task> on 2023-06-04 00:00:00+00:00
[2023-10-30T19:25:10.954+0000] {standard_task_runner.py:57} INFO - Started process 8302 to run task
[2023-10-30T19:25:10.961+0000] {standard_task_runner.py:84} INFO - Running: ['***', 'tasks', 'run', 'asteroides-etl-dag', 'asteroides-etl-task', 'scheduled__2023-06-04T00:00:00+00:00', '--job-id', '825', '--raw', '--subdir', 'DAGS_FOLDER/asteroides-etl_dag.py', '--cfg-path', '/tmp/tmpdeju7v30']
[2023-10-30T19:25:10.965+0000] {standard_task_runner.py:85} INFO - Job 825: Subtask asteroides-etl-task
[2023-10-30T19:25:11.062+0000] {task_command.py:416} INFO - Running <TaskInstance: asteroides-etl-dag.asteroides-etl-task scheduled__2023-06-04T00:00:00+00:00 [running]> on host d87e86d3d093
[2023-10-30T19:25:11.206+0000] {taskinstance.py:1662} INFO - Exporting env vars: AIRFLOW_CTX_DAG_OWNER='Norman Ruiz' AIRFLOW_CTX_DAG_ID='asteroides-etl-dag' AIRFLOW_CTX_TASK_ID='asteroides-etl-task' AIRFLOW_CTX_EXECUTION_DATE='2023-06-04T00:00:00+00:00' AIRFLOW_CTX_TRY_NUMBER='2' AIRFLOW_CTX_DAG_RUN_ID='scheduled__2023-06-04T00:00:00+00:00'
[2023-10-30T19:25:11.209+0000] {subprocess.py:63} INFO - Tmp dir root location: /tmp
[2023-10-30T19:25:11.211+0000] {subprocess.py:75} INFO - Running command: ['/bin/bash', '-c', 'echo "Corrio !!!!"']
[2023-10-30T19:25:11.242+0000] {subprocess.py:86} INFO - Output:
[2023-10-30T19:25:11.251+0000] {subprocess.py:93} INFO - Corrio !!!!
[2023-10-30T19:25:11.253+0000] {subprocess.py:97} INFO - Command exited with return code 0
[2023-10-30T19:25:11.301+0000] {taskinstance.py:1400} INFO - Marking task as SUCCESS. dag_id=asteroides-etl-dag, task_id=asteroides-etl-task, execution_date=20230604T000000, start_date=20231030T192510, end_date=20231030T192511
[2023-10-30T19:25:11.386+0000] {local_task_job_runner.py:228} INFO - Task exited with return code 0
[2023-10-30T19:25:11.427+0000] {taskinstance.py:2778} INFO - 0 downstream tasks scheduled from follow-on schedule check
