[2023-10-30T01:02:20.090+0000] {taskinstance.py:1159} INFO - Dependencies all met for dep_context=non-requeueable deps ti=<TaskInstance: asteroides-etl-dag.asteroides-etl-task scheduled__2023-07-28T00:00:00+00:00 [queued]>
[2023-10-30T01:02:20.108+0000] {taskinstance.py:1159} INFO - Dependencies all met for dep_context=requeueable deps ti=<TaskInstance: asteroides-etl-dag.asteroides-etl-task scheduled__2023-07-28T00:00:00+00:00 [queued]>
[2023-10-30T01:02:20.110+0000] {taskinstance.py:1361} INFO - Starting attempt 1 of 5
[2023-10-30T01:02:20.137+0000] {taskinstance.py:1382} INFO - Executing <Task(BashOperator): asteroides-etl-task> on 2023-07-28 00:00:00+00:00
[2023-10-30T01:02:20.147+0000] {standard_task_runner.py:57} INFO - Started process 1551 to run task
[2023-10-30T01:02:20.154+0000] {standard_task_runner.py:84} INFO - Running: ['***', 'tasks', 'run', 'asteroides-etl-dag', 'asteroides-etl-task', 'scheduled__2023-07-28T00:00:00+00:00', '--job-id', '61', '--raw', '--subdir', 'DAGS_FOLDER/asteroides-etl_dag.py', '--cfg-path', '/tmp/tmp4b5trxca']
[2023-10-30T01:02:20.157+0000] {standard_task_runner.py:85} INFO - Job 61: Subtask asteroides-etl-task
[2023-10-30T01:02:20.254+0000] {task_command.py:416} INFO - Running <TaskInstance: asteroides-etl-dag.asteroides-etl-task scheduled__2023-07-28T00:00:00+00:00 [running]> on host ac9f9bef16c9
[2023-10-30T01:02:20.403+0000] {taskinstance.py:1662} INFO - Exporting env vars: AIRFLOW_CTX_DAG_OWNER='Norman Ruiz' AIRFLOW_CTX_DAG_ID='asteroides-etl-dag' AIRFLOW_CTX_TASK_ID='asteroides-etl-task' AIRFLOW_CTX_EXECUTION_DATE='2023-07-28T00:00:00+00:00' AIRFLOW_CTX_TRY_NUMBER='1' AIRFLOW_CTX_DAG_RUN_ID='scheduled__2023-07-28T00:00:00+00:00'
[2023-10-30T01:02:20.406+0000] {subprocess.py:63} INFO - Tmp dir root location: /tmp
[2023-10-30T01:02:20.407+0000] {subprocess.py:75} INFO - Running command: ['/bin/bash', '-c', 'echo ya casi lo tengo!!!!']
[2023-10-30T01:02:20.440+0000] {subprocess.py:86} INFO - Output:
[2023-10-30T01:02:20.443+0000] {subprocess.py:93} INFO - ya casi lo tengo!!!!
[2023-10-30T01:02:20.444+0000] {subprocess.py:97} INFO - Command exited with return code 0
[2023-10-30T01:02:20.499+0000] {taskinstance.py:1400} INFO - Marking task as SUCCESS. dag_id=asteroides-etl-dag, task_id=asteroides-etl-task, execution_date=20230728T000000, start_date=20231030T010220, end_date=20231030T010220
[2023-10-30T01:02:20.574+0000] {local_task_job_runner.py:228} INFO - Task exited with return code 0
[2023-10-30T01:02:20.660+0000] {taskinstance.py:2778} INFO - 0 downstream tasks scheduled from follow-on schedule check
[2023-10-30T15:27:34.669+0000] {taskinstance.py:1159} INFO - Dependencies all met for dep_context=non-requeueable deps ti=<TaskInstance: asteroides-etl-dag.asteroides-etl-task scheduled__2023-07-28T00:00:00+00:00 [queued]>
[2023-10-30T15:27:34.686+0000] {taskinstance.py:1159} INFO - Dependencies all met for dep_context=requeueable deps ti=<TaskInstance: asteroides-etl-dag.asteroides-etl-task scheduled__2023-07-28T00:00:00+00:00 [queued]>
[2023-10-30T15:27:34.687+0000] {taskinstance.py:1361} INFO - Starting attempt 1 of 5
[2023-10-30T15:27:34.711+0000] {taskinstance.py:1382} INFO - Executing <Task(BashOperator): asteroides-etl-task> on 2023-07-28 00:00:00+00:00
[2023-10-30T15:27:34.720+0000] {standard_task_runner.py:57} INFO - Started process 3266 to run task
[2023-10-30T15:27:34.725+0000] {standard_task_runner.py:84} INFO - Running: ['***', 'tasks', 'run', 'asteroides-etl-dag', 'asteroides-etl-task', 'scheduled__2023-07-28T00:00:00+00:00', '--job-id', '254', '--raw', '--subdir', 'DAGS_FOLDER/asteroides-etl_dag.py', '--cfg-path', '/tmp/tmpoxorkdek']
[2023-10-30T15:27:34.727+0000] {standard_task_runner.py:85} INFO - Job 254: Subtask asteroides-etl-task
[2023-10-30T15:27:34.814+0000] {task_command.py:416} INFO - Running <TaskInstance: asteroides-etl-dag.asteroides-etl-task scheduled__2023-07-28T00:00:00+00:00 [running]> on host d87e86d3d093
[2023-10-30T15:27:34.961+0000] {taskinstance.py:1662} INFO - Exporting env vars: AIRFLOW_CTX_DAG_OWNER='Norman Ruiz' AIRFLOW_CTX_DAG_ID='asteroides-etl-dag' AIRFLOW_CTX_TASK_ID='asteroides-etl-task' AIRFLOW_CTX_EXECUTION_DATE='2023-07-28T00:00:00+00:00' AIRFLOW_CTX_TRY_NUMBER='1' AIRFLOW_CTX_DAG_RUN_ID='scheduled__2023-07-28T00:00:00+00:00'
[2023-10-30T15:27:34.964+0000] {subprocess.py:63} INFO - Tmp dir root location: /tmp
[2023-10-30T15:27:34.965+0000] {subprocess.py:75} INFO - Running command: ['/bin/bash', '-c', 'docker run -i asteroides-etl']
[2023-10-30T15:27:34.986+0000] {subprocess.py:86} INFO - Output:
[2023-10-30T15:27:35.022+0000] {subprocess.py:93} INFO - docker: Cannot connect to the Docker daemon at unix:///var/run/docker.sock. Is the docker daemon running?.
[2023-10-30T15:27:35.023+0000] {subprocess.py:93} INFO - See 'docker run --help'.
[2023-10-30T15:27:35.025+0000] {subprocess.py:97} INFO - Command exited with return code 125
[2023-10-30T15:27:35.041+0000] {taskinstance.py:1937} ERROR - Task failed with exception
Traceback (most recent call last):
  File "/home/airflow/.local/lib/python3.8/site-packages/airflow/operators/bash.py", line 210, in execute
    raise AirflowException(
airflow.exceptions.AirflowException: Bash command failed. The command returned a non-zero exit code 125.
[2023-10-30T15:27:35.049+0000] {taskinstance.py:1400} INFO - Marking task as UP_FOR_RETRY. dag_id=asteroides-etl-dag, task_id=asteroides-etl-task, execution_date=20230728T000000, start_date=20231030T152734, end_date=20231030T152735
[2023-10-30T15:27:35.075+0000] {standard_task_runner.py:104} ERROR - Failed to execute job 254 for task asteroides-etl-task (Bash command failed. The command returned a non-zero exit code 125.; 3266)
[2023-10-30T15:27:35.099+0000] {local_task_job_runner.py:228} INFO - Task exited with return code 1
[2023-10-30T15:27:35.160+0000] {taskinstance.py:2778} INFO - 0 downstream tasks scheduled from follow-on schedule check
[2023-10-30T19:26:19.117+0000] {taskinstance.py:1159} INFO - Dependencies all met for dep_context=non-requeueable deps ti=<TaskInstance: asteroides-etl-dag.asteroides-etl-task scheduled__2023-07-28T00:00:00+00:00 [queued]>
[2023-10-30T19:26:19.139+0000] {taskinstance.py:1159} INFO - Dependencies all met for dep_context=requeueable deps ti=<TaskInstance: asteroides-etl-dag.asteroides-etl-task scheduled__2023-07-28T00:00:00+00:00 [queued]>
[2023-10-30T19:26:19.140+0000] {taskinstance.py:1361} INFO - Starting attempt 1 of 5
[2023-10-30T19:26:19.181+0000] {taskinstance.py:1382} INFO - Executing <Task(BashOperator): asteroides-etl-task> on 2023-07-28 00:00:00+00:00
[2023-10-30T19:26:19.192+0000] {standard_task_runner.py:57} INFO - Started process 8632 to run task
[2023-10-30T19:26:19.197+0000] {standard_task_runner.py:84} INFO - Running: ['***', 'tasks', 'run', 'asteroides-etl-dag', 'asteroides-etl-task', 'scheduled__2023-07-28T00:00:00+00:00', '--job-id', '929', '--raw', '--subdir', 'DAGS_FOLDER/asteroides-etl_dag.py', '--cfg-path', '/tmp/tmpgifjmj_1']
[2023-10-30T19:26:19.198+0000] {standard_task_runner.py:85} INFO - Job 929: Subtask asteroides-etl-task
[2023-10-30T19:26:19.272+0000] {task_command.py:416} INFO - Running <TaskInstance: asteroides-etl-dag.asteroides-etl-task scheduled__2023-07-28T00:00:00+00:00 [running]> on host d87e86d3d093
[2023-10-30T19:26:19.406+0000] {taskinstance.py:1662} INFO - Exporting env vars: AIRFLOW_CTX_DAG_OWNER='Norman Ruiz' AIRFLOW_CTX_DAG_ID='asteroides-etl-dag' AIRFLOW_CTX_TASK_ID='asteroides-etl-task' AIRFLOW_CTX_EXECUTION_DATE='2023-07-28T00:00:00+00:00' AIRFLOW_CTX_TRY_NUMBER='1' AIRFLOW_CTX_DAG_RUN_ID='scheduled__2023-07-28T00:00:00+00:00'
[2023-10-30T19:26:19.407+0000] {subprocess.py:63} INFO - Tmp dir root location: /tmp
[2023-10-30T19:26:19.409+0000] {subprocess.py:75} INFO - Running command: ['/bin/bash', '-c', 'echo "Corrio !!!!"']
[2023-10-30T19:26:19.432+0000] {subprocess.py:86} INFO - Output:
[2023-10-30T19:26:19.435+0000] {subprocess.py:93} INFO - Corrio !!!!
[2023-10-30T19:26:19.436+0000] {subprocess.py:97} INFO - Command exited with return code 0
[2023-10-30T19:26:19.473+0000] {taskinstance.py:1400} INFO - Marking task as SUCCESS. dag_id=asteroides-etl-dag, task_id=asteroides-etl-task, execution_date=20230728T000000, start_date=20231030T192619, end_date=20231030T192619
[2023-10-30T19:26:19.532+0000] {local_task_job_runner.py:228} INFO - Task exited with return code 0
[2023-10-30T19:26:19.558+0000] {taskinstance.py:2778} INFO - 0 downstream tasks scheduled from follow-on schedule check
