[2023-10-30T01:02:05.089+0000] {taskinstance.py:1159} INFO - Dependencies all met for dep_context=non-requeueable deps ti=<TaskInstance: asteroides-etl-dag.asteroides-etl-task scheduled__2023-06-30T00:00:00+00:00 [queued]>
[2023-10-30T01:02:05.112+0000] {taskinstance.py:1159} INFO - Dependencies all met for dep_context=requeueable deps ti=<TaskInstance: asteroides-etl-dag.asteroides-etl-task scheduled__2023-06-30T00:00:00+00:00 [queued]>
[2023-10-30T01:02:05.113+0000] {taskinstance.py:1361} INFO - Starting attempt 1 of 5
[2023-10-30T01:02:05.142+0000] {taskinstance.py:1382} INFO - Executing <Task(BashOperator): asteroides-etl-task> on 2023-06-30 00:00:00+00:00
[2023-10-30T01:02:05.158+0000] {standard_task_runner.py:57} INFO - Started process 1461 to run task
[2023-10-30T01:02:05.165+0000] {standard_task_runner.py:84} INFO - Running: ['***', 'tasks', 'run', 'asteroides-etl-dag', 'asteroides-etl-task', 'scheduled__2023-06-30T00:00:00+00:00', '--job-id', '33', '--raw', '--subdir', 'DAGS_FOLDER/asteroides-etl_dag.py', '--cfg-path', '/tmp/tmpg4li9i8g']
[2023-10-30T01:02:05.173+0000] {standard_task_runner.py:85} INFO - Job 33: Subtask asteroides-etl-task
[2023-10-30T01:02:05.290+0000] {task_command.py:416} INFO - Running <TaskInstance: asteroides-etl-dag.asteroides-etl-task scheduled__2023-06-30T00:00:00+00:00 [running]> on host ac9f9bef16c9
[2023-10-30T01:02:05.530+0000] {taskinstance.py:1662} INFO - Exporting env vars: AIRFLOW_CTX_DAG_OWNER='Norman Ruiz' AIRFLOW_CTX_DAG_ID='asteroides-etl-dag' AIRFLOW_CTX_TASK_ID='asteroides-etl-task' AIRFLOW_CTX_EXECUTION_DATE='2023-06-30T00:00:00+00:00' AIRFLOW_CTX_TRY_NUMBER='1' AIRFLOW_CTX_DAG_RUN_ID='scheduled__2023-06-30T00:00:00+00:00'
[2023-10-30T01:02:05.536+0000] {subprocess.py:63} INFO - Tmp dir root location: /tmp
[2023-10-30T01:02:05.540+0000] {subprocess.py:75} INFO - Running command: ['/bin/bash', '-c', 'echo ya casi lo tengo!!!!']
[2023-10-30T01:02:05.611+0000] {subprocess.py:86} INFO - Output:
[2023-10-30T01:02:05.615+0000] {subprocess.py:93} INFO - ya casi lo tengo!!!!
[2023-10-30T01:02:05.620+0000] {subprocess.py:97} INFO - Command exited with return code 0
[2023-10-30T01:02:05.700+0000] {taskinstance.py:1400} INFO - Marking task as SUCCESS. dag_id=asteroides-etl-dag, task_id=asteroides-etl-task, execution_date=20230630T000000, start_date=20231030T010205, end_date=20231030T010205
[2023-10-30T01:02:05.788+0000] {local_task_job_runner.py:228} INFO - Task exited with return code 0
[2023-10-30T01:02:05.843+0000] {taskinstance.py:2778} INFO - 0 downstream tasks scheduled from follow-on schedule check
[2023-10-30T15:11:10.180+0000] {taskinstance.py:1159} INFO - Dependencies all met for dep_context=non-requeueable deps ti=<TaskInstance: asteroides-etl-dag.asteroides-etl-task scheduled__2023-06-30T00:00:00+00:00 [queued]>
[2023-10-30T15:11:10.196+0000] {taskinstance.py:1159} INFO - Dependencies all met for dep_context=requeueable deps ti=<TaskInstance: asteroides-etl-dag.asteroides-etl-task scheduled__2023-06-30T00:00:00+00:00 [queued]>
[2023-10-30T15:11:10.196+0000] {taskinstance.py:1361} INFO - Starting attempt 1 of 5
[2023-10-30T15:11:10.358+0000] {taskinstance.py:1382} INFO - Executing <Task(BashOperator): asteroides-etl-task> on 2023-06-30 00:00:00+00:00
[2023-10-30T15:11:10.366+0000] {standard_task_runner.py:57} INFO - Started process 1266 to run task
[2023-10-30T15:11:10.371+0000] {standard_task_runner.py:84} INFO - Running: ['***', 'tasks', 'run', 'asteroides-etl-dag', 'asteroides-etl-task', 'scheduled__2023-06-30T00:00:00+00:00', '--job-id', '97', '--raw', '--subdir', 'DAGS_FOLDER/asteroides-etl_dag.py', '--cfg-path', '/tmp/tmpuzn4329f']
[2023-10-30T15:11:10.373+0000] {standard_task_runner.py:85} INFO - Job 97: Subtask asteroides-etl-task
[2023-10-30T15:11:10.434+0000] {task_command.py:416} INFO - Running <TaskInstance: asteroides-etl-dag.asteroides-etl-task scheduled__2023-06-30T00:00:00+00:00 [running]> on host d87e86d3d093
[2023-10-30T15:11:10.529+0000] {taskinstance.py:1662} INFO - Exporting env vars: AIRFLOW_CTX_DAG_OWNER='Norman Ruiz' AIRFLOW_CTX_DAG_ID='asteroides-etl-dag' AIRFLOW_CTX_TASK_ID='asteroides-etl-task' AIRFLOW_CTX_EXECUTION_DATE='2023-06-30T00:00:00+00:00' AIRFLOW_CTX_TRY_NUMBER='1' AIRFLOW_CTX_DAG_RUN_ID='scheduled__2023-06-30T00:00:00+00:00'
[2023-10-30T15:11:10.531+0000] {subprocess.py:63} INFO - Tmp dir root location: /tmp
[2023-10-30T15:11:10.532+0000] {subprocess.py:75} INFO - Running command: ['/bin/bash', '-c', 'docker run -it asteroides-etl']
[2023-10-30T15:11:10.549+0000] {subprocess.py:86} INFO - Output:
[2023-10-30T15:11:10.574+0000] {subprocess.py:93} INFO - the input device is not a TTY
[2023-10-30T15:11:10.576+0000] {subprocess.py:97} INFO - Command exited with return code 1
[2023-10-30T15:11:10.593+0000] {taskinstance.py:1937} ERROR - Task failed with exception
Traceback (most recent call last):
  File "/home/airflow/.local/lib/python3.8/site-packages/airflow/operators/bash.py", line 210, in execute
    raise AirflowException(
airflow.exceptions.AirflowException: Bash command failed. The command returned a non-zero exit code 1.
[2023-10-30T15:11:10.598+0000] {taskinstance.py:1400} INFO - Marking task as UP_FOR_RETRY. dag_id=asteroides-etl-dag, task_id=asteroides-etl-task, execution_date=20230630T000000, start_date=20231030T151110, end_date=20231030T151110
[2023-10-30T15:11:10.615+0000] {standard_task_runner.py:104} ERROR - Failed to execute job 97 for task asteroides-etl-task (Bash command failed. The command returned a non-zero exit code 1.; 1266)
[2023-10-30T15:11:10.663+0000] {local_task_job_runner.py:228} INFO - Task exited with return code 1
[2023-10-30T15:11:10.685+0000] {taskinstance.py:2778} INFO - 0 downstream tasks scheduled from follow-on schedule check
[2023-10-30T19:25:22.228+0000] {taskinstance.py:1159} INFO - Dependencies all met for dep_context=non-requeueable deps ti=<TaskInstance: asteroides-etl-dag.asteroides-etl-task scheduled__2023-06-30T00:00:00+00:00 [queued]>
[2023-10-30T19:25:22.246+0000] {taskinstance.py:1159} INFO - Dependencies all met for dep_context=requeueable deps ti=<TaskInstance: asteroides-etl-dag.asteroides-etl-task scheduled__2023-06-30T00:00:00+00:00 [queued]>
[2023-10-30T19:25:22.247+0000] {taskinstance.py:1361} INFO - Starting attempt 1 of 5
[2023-10-30T19:25:22.276+0000] {taskinstance.py:1382} INFO - Executing <Task(BashOperator): asteroides-etl-task> on 2023-06-30 00:00:00+00:00
[2023-10-30T19:25:22.287+0000] {standard_task_runner.py:57} INFO - Started process 8381 to run task
[2023-10-30T19:25:22.293+0000] {standard_task_runner.py:84} INFO - Running: ['***', 'tasks', 'run', 'asteroides-etl-dag', 'asteroides-etl-task', 'scheduled__2023-06-30T00:00:00+00:00', '--job-id', '851', '--raw', '--subdir', 'DAGS_FOLDER/asteroides-etl_dag.py', '--cfg-path', '/tmp/tmprsjs3273']
[2023-10-30T19:25:22.294+0000] {standard_task_runner.py:85} INFO - Job 851: Subtask asteroides-etl-task
[2023-10-30T19:25:22.367+0000] {task_command.py:416} INFO - Running <TaskInstance: asteroides-etl-dag.asteroides-etl-task scheduled__2023-06-30T00:00:00+00:00 [running]> on host d87e86d3d093
[2023-10-30T19:25:22.495+0000] {taskinstance.py:1662} INFO - Exporting env vars: AIRFLOW_CTX_DAG_OWNER='Norman Ruiz' AIRFLOW_CTX_DAG_ID='asteroides-etl-dag' AIRFLOW_CTX_TASK_ID='asteroides-etl-task' AIRFLOW_CTX_EXECUTION_DATE='2023-06-30T00:00:00+00:00' AIRFLOW_CTX_TRY_NUMBER='1' AIRFLOW_CTX_DAG_RUN_ID='scheduled__2023-06-30T00:00:00+00:00'
[2023-10-30T19:25:22.497+0000] {subprocess.py:63} INFO - Tmp dir root location: /tmp
[2023-10-30T19:25:22.498+0000] {subprocess.py:75} INFO - Running command: ['/bin/bash', '-c', 'echo "Corrio !!!!"']
[2023-10-30T19:25:22.516+0000] {subprocess.py:86} INFO - Output:
[2023-10-30T19:25:22.519+0000] {subprocess.py:93} INFO - Corrio !!!!
[2023-10-30T19:25:22.520+0000] {subprocess.py:97} INFO - Command exited with return code 0
[2023-10-30T19:25:22.557+0000] {taskinstance.py:1400} INFO - Marking task as SUCCESS. dag_id=asteroides-etl-dag, task_id=asteroides-etl-task, execution_date=20230630T000000, start_date=20231030T192522, end_date=20231030T192522
[2023-10-30T19:25:22.587+0000] {local_task_job_runner.py:228} INFO - Task exited with return code 0
[2023-10-30T19:25:22.611+0000] {taskinstance.py:2778} INFO - 0 downstream tasks scheduled from follow-on schedule check
[2023-10-30T19:26:02.539+0000] {taskinstance.py:1159} INFO - Dependencies all met for dep_context=non-requeueable deps ti=<TaskInstance: asteroides-etl-dag.asteroides-etl-task scheduled__2023-06-30T00:00:00+00:00 [queued]>
[2023-10-30T19:26:02.559+0000] {taskinstance.py:1159} INFO - Dependencies all met for dep_context=requeueable deps ti=<TaskInstance: asteroides-etl-dag.asteroides-etl-task scheduled__2023-06-30T00:00:00+00:00 [queued]>
[2023-10-30T19:26:02.560+0000] {taskinstance.py:1361} INFO - Starting attempt 1 of 5
[2023-10-30T19:26:02.648+0000] {taskinstance.py:1382} INFO - Executing <Task(BashOperator): asteroides-etl-task> on 2023-06-30 00:00:00+00:00
[2023-10-30T19:26:02.660+0000] {standard_task_runner.py:57} INFO - Started process 8540 to run task
[2023-10-30T19:26:02.666+0000] {standard_task_runner.py:84} INFO - Running: ['***', 'tasks', 'run', 'asteroides-etl-dag', 'asteroides-etl-task', 'scheduled__2023-06-30T00:00:00+00:00', '--job-id', '901', '--raw', '--subdir', 'DAGS_FOLDER/asteroides-etl_dag.py', '--cfg-path', '/tmp/tmpskhas361']
[2023-10-30T19:26:02.668+0000] {standard_task_runner.py:85} INFO - Job 901: Subtask asteroides-etl-task
[2023-10-30T19:26:02.773+0000] {task_command.py:416} INFO - Running <TaskInstance: asteroides-etl-dag.asteroides-etl-task scheduled__2023-06-30T00:00:00+00:00 [running]> on host d87e86d3d093
[2023-10-30T19:26:02.937+0000] {taskinstance.py:1662} INFO - Exporting env vars: AIRFLOW_CTX_DAG_OWNER='Norman Ruiz' AIRFLOW_CTX_DAG_ID='asteroides-etl-dag' AIRFLOW_CTX_TASK_ID='asteroides-etl-task' AIRFLOW_CTX_EXECUTION_DATE='2023-06-30T00:00:00+00:00' AIRFLOW_CTX_TRY_NUMBER='1' AIRFLOW_CTX_DAG_RUN_ID='scheduled__2023-06-30T00:00:00+00:00'
[2023-10-30T19:26:02.940+0000] {subprocess.py:63} INFO - Tmp dir root location: /tmp
[2023-10-30T19:26:02.941+0000] {subprocess.py:75} INFO - Running command: ['/bin/bash', '-c', 'echo "Corrio !!!!"']
[2023-10-30T19:26:02.972+0000] {subprocess.py:86} INFO - Output:
[2023-10-30T19:26:02.977+0000] {subprocess.py:93} INFO - Corrio !!!!
[2023-10-30T19:26:02.978+0000] {subprocess.py:97} INFO - Command exited with return code 0
[2023-10-30T19:26:03.033+0000] {taskinstance.py:1400} INFO - Marking task as SUCCESS. dag_id=asteroides-etl-dag, task_id=asteroides-etl-task, execution_date=20230630T000000, start_date=20231030T192602, end_date=20231030T192603
[2023-10-30T19:26:03.089+0000] {local_task_job_runner.py:228} INFO - Task exited with return code 0
[2023-10-30T19:26:03.126+0000] {taskinstance.py:2778} INFO - 0 downstream tasks scheduled from follow-on schedule check
