[2023-10-30T15:04:58.145+0000] {taskinstance.py:1159} INFO - Dependencies all met for dep_context=non-requeueable deps ti=<TaskInstance: asteroides-etl-dag.asteroides-etl-task scheduled__2023-06-14T00:00:00+00:00 [queued]>
[2023-10-30T15:04:58.164+0000] {taskinstance.py:1159} INFO - Dependencies all met for dep_context=requeueable deps ti=<TaskInstance: asteroides-etl-dag.asteroides-etl-task scheduled__2023-06-14T00:00:00+00:00 [queued]>
[2023-10-30T15:04:58.165+0000] {taskinstance.py:1361} INFO - Starting attempt 2 of 5
[2023-10-30T15:04:58.195+0000] {taskinstance.py:1382} INFO - Executing <Task(BashOperator): asteroides-etl-task> on 2023-06-14 00:00:00+00:00
[2023-10-30T15:04:58.204+0000] {standard_task_runner.py:57} INFO - Started process 435 to run task
[2023-10-30T15:04:58.214+0000] {standard_task_runner.py:84} INFO - Running: ['***', 'tasks', 'run', 'asteroides-etl-dag', 'asteroides-etl-task', 'scheduled__2023-06-14T00:00:00+00:00', '--job-id', '31', '--raw', '--subdir', 'DAGS_FOLDER/asteroides-etl_dag.py', '--cfg-path', '/tmp/tmp5bg4mja_']
[2023-10-30T15:04:58.216+0000] {standard_task_runner.py:85} INFO - Job 31: Subtask asteroides-etl-task
[2023-10-30T15:04:58.311+0000] {task_command.py:416} INFO - Running <TaskInstance: asteroides-etl-dag.asteroides-etl-task scheduled__2023-06-14T00:00:00+00:00 [running]> on host d87e86d3d093
[2023-10-30T15:04:58.445+0000] {taskinstance.py:1662} INFO - Exporting env vars: AIRFLOW_CTX_DAG_OWNER='Norman Ruiz' AIRFLOW_CTX_DAG_ID='asteroides-etl-dag' AIRFLOW_CTX_TASK_ID='asteroides-etl-task' AIRFLOW_CTX_EXECUTION_DATE='2023-06-14T00:00:00+00:00' AIRFLOW_CTX_TRY_NUMBER='2' AIRFLOW_CTX_DAG_RUN_ID='scheduled__2023-06-14T00:00:00+00:00'
[2023-10-30T15:04:58.447+0000] {subprocess.py:63} INFO - Tmp dir root location: /tmp
[2023-10-30T15:04:58.448+0000] {subprocess.py:75} INFO - Running command: ['/bin/bash', '-c', 'docker run -it --name asteroides-etl asteroides-etl']
[2023-10-30T15:04:58.476+0000] {subprocess.py:86} INFO - Output:
[2023-10-30T15:04:58.524+0000] {subprocess.py:93} INFO - the input device is not a TTY
[2023-10-30T15:04:58.529+0000] {subprocess.py:97} INFO - Command exited with return code 1
[2023-10-30T15:04:58.553+0000] {taskinstance.py:1937} ERROR - Task failed with exception
Traceback (most recent call last):
  File "/home/airflow/.local/lib/python3.8/site-packages/airflow/operators/bash.py", line 210, in execute
    raise AirflowException(
airflow.exceptions.AirflowException: Bash command failed. The command returned a non-zero exit code 1.
[2023-10-30T15:04:58.560+0000] {taskinstance.py:1400} INFO - Marking task as UP_FOR_RETRY. dag_id=asteroides-etl-dag, task_id=asteroides-etl-task, execution_date=20230614T000000, start_date=20231030T150458, end_date=20231030T150458
[2023-10-30T15:04:58.586+0000] {standard_task_runner.py:104} ERROR - Failed to execute job 31 for task asteroides-etl-task (Bash command failed. The command returned a non-zero exit code 1.; 435)
[2023-10-30T15:04:58.632+0000] {local_task_job_runner.py:228} INFO - Task exited with return code 1
[2023-10-30T15:04:58.658+0000] {taskinstance.py:2778} INFO - 0 downstream tasks scheduled from follow-on schedule check
[2023-10-30T19:25:13.833+0000] {taskinstance.py:1159} INFO - Dependencies all met for dep_context=non-requeueable deps ti=<TaskInstance: asteroides-etl-dag.asteroides-etl-task scheduled__2023-06-14T00:00:00+00:00 [queued]>
[2023-10-30T19:25:13.856+0000] {taskinstance.py:1159} INFO - Dependencies all met for dep_context=requeueable deps ti=<TaskInstance: asteroides-etl-dag.asteroides-etl-task scheduled__2023-06-14T00:00:00+00:00 [queued]>
[2023-10-30T19:25:13.857+0000] {taskinstance.py:1361} INFO - Starting attempt 2 of 5
[2023-10-30T19:25:13.886+0000] {taskinstance.py:1382} INFO - Executing <Task(BashOperator): asteroides-etl-task> on 2023-06-14 00:00:00+00:00
[2023-10-30T19:25:13.914+0000] {standard_task_runner.py:57} INFO - Started process 8334 to run task
[2023-10-30T19:25:13.916+0000] {standard_task_runner.py:84} INFO - Running: ['***', 'tasks', 'run', 'asteroides-etl-dag', 'asteroides-etl-task', 'scheduled__2023-06-14T00:00:00+00:00', '--job-id', '835', '--raw', '--subdir', 'DAGS_FOLDER/asteroides-etl_dag.py', '--cfg-path', '/tmp/tmpo74nromh']
[2023-10-30T19:25:13.923+0000] {standard_task_runner.py:85} INFO - Job 835: Subtask asteroides-etl-task
[2023-10-30T19:25:14.046+0000] {task_command.py:416} INFO - Running <TaskInstance: asteroides-etl-dag.asteroides-etl-task scheduled__2023-06-14T00:00:00+00:00 [running]> on host d87e86d3d093
[2023-10-30T19:25:14.235+0000] {taskinstance.py:1662} INFO - Exporting env vars: AIRFLOW_CTX_DAG_OWNER='Norman Ruiz' AIRFLOW_CTX_DAG_ID='asteroides-etl-dag' AIRFLOW_CTX_TASK_ID='asteroides-etl-task' AIRFLOW_CTX_EXECUTION_DATE='2023-06-14T00:00:00+00:00' AIRFLOW_CTX_TRY_NUMBER='2' AIRFLOW_CTX_DAG_RUN_ID='scheduled__2023-06-14T00:00:00+00:00'
[2023-10-30T19:25:14.242+0000] {subprocess.py:63} INFO - Tmp dir root location: /tmp
[2023-10-30T19:25:14.243+0000] {subprocess.py:75} INFO - Running command: ['/bin/bash', '-c', 'echo "Corrio !!!!"']
[2023-10-30T19:25:14.270+0000] {subprocess.py:86} INFO - Output:
[2023-10-30T19:25:14.275+0000] {subprocess.py:93} INFO - Corrio !!!!
[2023-10-30T19:25:14.280+0000] {subprocess.py:97} INFO - Command exited with return code 0
[2023-10-30T19:25:14.337+0000] {taskinstance.py:1400} INFO - Marking task as SUCCESS. dag_id=asteroides-etl-dag, task_id=asteroides-etl-task, execution_date=20230614T000000, start_date=20231030T192513, end_date=20231030T192514
[2023-10-30T19:25:14.426+0000] {local_task_job_runner.py:228} INFO - Task exited with return code 0
[2023-10-30T19:25:14.459+0000] {taskinstance.py:2778} INFO - 0 downstream tasks scheduled from follow-on schedule check
